controller/development/userInfo.ts(16,22): error TS7006: Parameter 'param' implicitly has an 'any' type.
controller/development/userInfo.ts(21,14): error TS7006: Parameter 'resData' implicitly has an 'any' type.
controller/development/userInfo.ts(24,15): error TS7006: Parameter 'err' implicitly has an 'any' type.
controller/development/userInfo.ts(32,14): error TS7006: Parameter 'resData' implicitly has an 'any' type.
controller/development/userInfo.ts(49,15): error TS7006: Parameter 'err' implicitly has an 'any' type.
controller/development/userInfo.ts(58,24): error TS7006: Parameter 'param' implicitly has an 'any' type.
controller/development/userInfo.ts(63,14): error TS7006: Parameter 'resData' implicitly has an 'any' type.
controller/development/userInfo.ts(66,15): error TS7006: Parameter 'err' implicitly has an 'any' type.
controller/development/userInfo.ts(72,24): error TS7006: Parameter 'param' implicitly has an 'any' type.
controller/development/userInfo.ts(72,30): error TS7006: Parameter 'where' implicitly has an 'any' type.
controller/development/userInfo.ts(77,14): error TS7006: Parameter 'resData' implicitly has an 'any' type.
controller/development/userInfo.ts(81,15): error TS7006: Parameter 'err' implicitly has an 'any' type.

controller/development/userInfo.ts(16,22): error TS7006: Parameter 'param' implicitly has an 'any' type.
controller/development/userInfo.ts(21,14): error TS7006: Parameter 'resData' implicitly has an 'any' type.
controller/development/userInfo.ts(24,15): error TS7006: Parameter 'err' implicitly has an 'any' type.
controller/development/userInfo.ts(32,14): error TS7006: Parameter 'resData' implicitly has an 'any' type.
controller/development/userInfo.ts(49,15): error TS7006: Parameter 'err' implicitly has an 'any' type.
controller/development/userInfo.ts(58,24): error TS7006: Parameter 'param' implicitly has an 'any' type.
controller/development/userInfo.ts(63,14): error TS7006: Parameter 'resData' implicitly has an 'any' type.
controller/development/userInfo.ts(66,15): error TS7006: Parameter 'err' implicitly has an 'any' type.
controller/development/userInfo.ts(72,24): error TS7006: Parameter 'param' implicitly has an 'any' type.
controller/development/userInfo.ts(72,30): error TS7006: Parameter 'where' implicitly has an 'any' type.
controller/development/userInfo.ts(77,14): error TS7006: Parameter 'resData' implicitly has an 'any' type.
controller/development/userInfo.ts(81,15): error TS7006: Parameter 'err' implicitly has an 'any' type.

controller/development/userInfo.ts(16,22): error TS7006: Parameter 'param' implicitly has an 'any' type.
controller/development/userInfo.ts(21,14): error TS7006: Parameter 'resData' implicitly has an 'any' type.
controller/development/userInfo.ts(24,15): error TS7006: Parameter 'err' implicitly has an 'any' type.
controller/development/userInfo.ts(32,14): error TS7006: Parameter 'resData' implicitly has an 'any' type.
controller/development/userInfo.ts(49,15): error TS7006: Parameter 'err' implicitly has an 'any' type.
controller/development/userInfo.ts(58,24): error TS7006: Parameter 'param' implicitly has an 'any' type.
controller/development/userInfo.ts(63,14): error TS7006: Parameter 'resData' implicitly has an 'any' type.
controller/development/userInfo.ts(66,15): error TS7006: Parameter 'err' implicitly has an 'any' type.
controller/development/userInfo.ts(72,24): error TS7006: Parameter 'param' implicitly has an 'any' type.
controller/development/userInfo.ts(72,30): error TS7006: Parameter 'where' implicitly has an 'any' type.
controller/development/userInfo.ts(77,14): error TS7006: Parameter 'resData' implicitly has an 'any' type.
controller/development/userInfo.ts(81,15): error TS7006: Parameter 'err' implicitly has an 'any' type.

controller/development/userInfo.ts(16,22): error TS7006: Parameter 'param' implicitly has an 'any' type.
controller/development/userInfo.ts(21,14): error TS7006: Parameter 'resData' implicitly has an 'any' type.
controller/development/userInfo.ts(24,15): error TS7006: Parameter 'err' implicitly has an 'any' type.
controller/development/userInfo.ts(32,14): error TS7006: Parameter 'resData' implicitly has an 'any' type.
controller/development/userInfo.ts(49,15): error TS7006: Parameter 'err' implicitly has an 'any' type.
controller/development/userInfo.ts(58,24): error TS7006: Parameter 'param' implicitly has an 'any' type.
controller/development/userInfo.ts(63,14): error TS7006: Parameter 'resData' implicitly has an 'any' type.
controller/development/userInfo.ts(66,15): error TS7006: Parameter 'err' implicitly has an 'any' type.
controller/development/userInfo.ts(72,24): error TS7006: Parameter 'param' implicitly has an 'any' type.
controller/development/userInfo.ts(72,30): error TS7006: Parameter 'where' implicitly has an 'any' type.
controller/development/userInfo.ts(77,14): error TS7006: Parameter 'resData' implicitly has an 'any' type.
controller/development/userInfo.ts(81,15): error TS7006: Parameter 'err' implicitly has an 'any' type.

controller/development/userInfo.ts(16,22): error TS7006: Parameter 'param' implicitly has an 'any' type.
controller/development/userInfo.ts(21,14): error TS7006: Parameter 'resData' implicitly has an 'any' type.
controller/development/userInfo.ts(24,15): error TS7006: Parameter 'err' implicitly has an 'any' type.
controller/development/userInfo.ts(32,14): error TS7006: Parameter 'resData' implicitly has an 'any' type.
controller/development/userInfo.ts(49,15): error TS7006: Parameter 'err' implicitly has an 'any' type.
controller/development/userInfo.ts(58,24): error TS7006: Parameter 'param' implicitly has an 'any' type.
controller/development/userInfo.ts(63,14): error TS7006: Parameter 'resData' implicitly has an 'any' type.
controller/development/userInfo.ts(66,15): error TS7006: Parameter 'err' implicitly has an 'any' type.
controller/development/userInfo.ts(72,24): error TS7006: Parameter 'param' implicitly has an 'any' type.
controller/development/userInfo.ts(72,30): error TS7006: Parameter 'where' implicitly has an 'any' type.
controller/development/userInfo.ts(77,14): error TS7006: Parameter 'resData' implicitly has an 'any' type.
controller/development/userInfo.ts(81,15): error TS7006: Parameter 'err' implicitly has an 'any' type.

controller/development/userInfo.ts(16,22): error TS7006: Parameter 'param' implicitly has an 'any' type.
controller/development/userInfo.ts(21,14): error TS7006: Parameter 'resData' implicitly has an 'any' type.
controller/development/userInfo.ts(24,15): error TS7006: Parameter 'err' implicitly has an 'any' type.
controller/development/userInfo.ts(32,14): error TS7006: Parameter 'resData' implicitly has an 'any' type.
controller/development/userInfo.ts(49,15): error TS7006: Parameter 'err' implicitly has an 'any' type.
controller/development/userInfo.ts(58,24): error TS7006: Parameter 'param' implicitly has an 'any' type.
controller/development/userInfo.ts(63,14): error TS7006: Parameter 'resData' implicitly has an 'any' type.
controller/development/userInfo.ts(66,15): error TS7006: Parameter 'err' implicitly has an 'any' type.
controller/development/userInfo.ts(72,24): error TS7006: Parameter 'param' implicitly has an 'any' type.
controller/development/userInfo.ts(72,30): error TS7006: Parameter 'where' implicitly has an 'any' type.
controller/development/userInfo.ts(77,14): error TS7006: Parameter 'resData' implicitly has an 'any' type.
controller/development/userInfo.ts(81,15): error TS7006: Parameter 'err' implicitly has an 'any' type.

controller/development/userInfo.ts(16,22): error TS7006: Parameter 'param' implicitly has an 'any' type.
controller/development/userInfo.ts(21,14): error TS7006: Parameter 'resData' implicitly has an 'any' type.
controller/development/userInfo.ts(24,15): error TS7006: Parameter 'err' implicitly has an 'any' type.
controller/development/userInfo.ts(32,14): error TS7006: Parameter 'resData' implicitly has an 'any' type.
controller/development/userInfo.ts(49,15): error TS7006: Parameter 'err' implicitly has an 'any' type.
controller/development/userInfo.ts(58,24): error TS7006: Parameter 'param' implicitly has an 'any' type.
controller/development/userInfo.ts(63,14): error TS7006: Parameter 'resData' implicitly has an 'any' type.
controller/development/userInfo.ts(66,15): error TS7006: Parameter 'err' implicitly has an 'any' type.
controller/development/userInfo.ts(72,24): error TS7006: Parameter 'param' implicitly has an 'any' type.
controller/development/userInfo.ts(72,30): error TS7006: Parameter 'where' implicitly has an 'any' type.
controller/development/userInfo.ts(77,14): error TS7006: Parameter 'resData' implicitly has an 'any' type.
controller/development/userInfo.ts(81,15): error TS7006: Parameter 'err' implicitly has an 'any' type.

controller/development/userInfo.ts(16,22): error TS7006: Parameter 'param' implicitly has an 'any' type.
controller/development/userInfo.ts(21,14): error TS7006: Parameter 'resData' implicitly has an 'any' type.
controller/development/userInfo.ts(24,15): error TS7006: Parameter 'err' implicitly has an 'any' type.
controller/development/userInfo.ts(32,14): error TS7006: Parameter 'resData' implicitly has an 'any' type.
controller/development/userInfo.ts(49,15): error TS7006: Parameter 'err' implicitly has an 'any' type.
controller/development/userInfo.ts(58,24): error TS7006: Parameter 'param' implicitly has an 'any' type.
controller/development/userInfo.ts(63,14): error TS7006: Parameter 'resData' implicitly has an 'any' type.
controller/development/userInfo.ts(66,15): error TS7006: Parameter 'err' implicitly has an 'any' type.
controller/development/userInfo.ts(72,24): error TS7006: Parameter 'param' implicitly has an 'any' type.
controller/development/userInfo.ts(72,30): error TS7006: Parameter 'where' implicitly has an 'any' type.
controller/development/userInfo.ts(77,14): error TS7006: Parameter 'resData' implicitly has an 'any' type.
controller/development/userInfo.ts(81,15): error TS7006: Parameter 'err' implicitly has an 'any' type.

controller/development/userInfo.ts(16,22): error TS7006: Parameter 'param' implicitly has an 'any' type.
controller/development/userInfo.ts(21,14): error TS7006: Parameter 'resData' implicitly has an 'any' type.
controller/development/userInfo.ts(24,15): error TS7006: Parameter 'err' implicitly has an 'any' type.
controller/development/userInfo.ts(32,14): error TS7006: Parameter 'resData' implicitly has an 'any' type.
controller/development/userInfo.ts(49,15): error TS7006: Parameter 'err' implicitly has an 'any' type.
controller/development/userInfo.ts(58,24): error TS7006: Parameter 'param' implicitly has an 'any' type.
controller/development/userInfo.ts(63,14): error TS7006: Parameter 'resData' implicitly has an 'any' type.
controller/development/userInfo.ts(66,15): error TS7006: Parameter 'err' implicitly has an 'any' type.
controller/development/userInfo.ts(72,24): error TS7006: Parameter 'param' implicitly has an 'any' type.
controller/development/userInfo.ts(72,30): error TS7006: Parameter 'where' implicitly has an 'any' type.
controller/development/userInfo.ts(77,14): error TS7006: Parameter 'resData' implicitly has an 'any' type.
controller/development/userInfo.ts(81,15): error TS7006: Parameter 'err' implicitly has an 'any' type.

controller/development/userInfo.ts(16,22): error TS7006: Parameter 'param' implicitly has an 'any' type.
controller/development/userInfo.ts(21,14): error TS7006: Parameter 'resData' implicitly has an 'any' type.
controller/development/userInfo.ts(24,15): error TS7006: Parameter 'err' implicitly has an 'any' type.
controller/development/userInfo.ts(32,14): error TS7006: Parameter 'resData' implicitly has an 'any' type.
controller/development/userInfo.ts(49,15): error TS7006: Parameter 'err' implicitly has an 'any' type.
controller/development/userInfo.ts(58,24): error TS7006: Parameter 'param' implicitly has an 'any' type.
controller/development/userInfo.ts(63,14): error TS7006: Parameter 'resData' implicitly has an 'any' type.
controller/development/userInfo.ts(66,15): error TS7006: Parameter 'err' implicitly has an 'any' type.
controller/development/userInfo.ts(72,24): error TS7006: Parameter 'param' implicitly has an 'any' type.
controller/development/userInfo.ts(72,30): error TS7006: Parameter 'where' implicitly has an 'any' type.
controller/development/userInfo.ts(77,14): error TS7006: Parameter 'resData' implicitly has an 'any' type.
controller/development/userInfo.ts(81,15): error TS7006: Parameter 'err' implicitly has an 'any' type.

controller/development/userInfo.ts(16,22): error TS7006: Parameter 'param' implicitly has an 'any' type.
controller/development/userInfo.ts(21,14): error TS7006: Parameter 'resData' implicitly has an 'any' type.
controller/development/userInfo.ts(24,15): error TS7006: Parameter 'err' implicitly has an 'any' type.
controller/development/userInfo.ts(32,14): error TS7006: Parameter 'resData' implicitly has an 'any' type.
controller/development/userInfo.ts(49,15): error TS7006: Parameter 'err' implicitly has an 'any' type.
controller/development/userInfo.ts(58,24): error TS7006: Parameter 'param' implicitly has an 'any' type.
controller/development/userInfo.ts(63,14): error TS7006: Parameter 'resData' implicitly has an 'any' type.
controller/development/userInfo.ts(66,15): error TS7006: Parameter 'err' implicitly has an 'any' type.
controller/development/userInfo.ts(72,24): error TS7006: Parameter 'param' implicitly has an 'any' type.
controller/development/userInfo.ts(72,30): error TS7006: Parameter 'where' implicitly has an 'any' type.
controller/development/userInfo.ts(77,14): error TS7006: Parameter 'resData' implicitly has an 'any' type.
controller/development/userInfo.ts(81,15): error TS7006: Parameter 'err' implicitly has an 'any' type.

controller/development/userInfo.ts(16,22): error TS7006: Parameter 'param' implicitly has an 'any' type.
controller/development/userInfo.ts(21,14): error TS7006: Parameter 'resData' implicitly has an 'any' type.
controller/development/userInfo.ts(24,15): error TS7006: Parameter 'err' implicitly has an 'any' type.
controller/development/userInfo.ts(32,14): error TS7006: Parameter 'resData' implicitly has an 'any' type.
controller/development/userInfo.ts(49,15): error TS7006: Parameter 'err' implicitly has an 'any' type.
controller/development/userInfo.ts(58,24): error TS7006: Parameter 'param' implicitly has an 'any' type.
controller/development/userInfo.ts(63,14): error TS7006: Parameter 'resData' implicitly has an 'any' type.
controller/development/userInfo.ts(66,15): error TS7006: Parameter 'err' implicitly has an 'any' type.
controller/development/userInfo.ts(72,24): error TS7006: Parameter 'param' implicitly has an 'any' type.
controller/development/userInfo.ts(72,30): error TS7006: Parameter 'where' implicitly has an 'any' type.
controller/development/userInfo.ts(77,14): error TS7006: Parameter 'resData' implicitly has an 'any' type.
controller/development/userInfo.ts(81,15): error TS7006: Parameter 'err' implicitly has an 'any' type.

controller/development/userInfo.ts(16,22): error TS7006: Parameter 'param' implicitly has an 'any' type.
controller/development/userInfo.ts(21,14): error TS7006: Parameter 'resData' implicitly has an 'any' type.
controller/development/userInfo.ts(24,15): error TS7006: Parameter 'err' implicitly has an 'any' type.
controller/development/userInfo.ts(32,14): error TS7006: Parameter 'resData' implicitly has an 'any' type.
controller/development/userInfo.ts(49,15): error TS7006: Parameter 'err' implicitly has an 'any' type.
controller/development/userInfo.ts(58,24): error TS7006: Parameter 'param' implicitly has an 'any' type.
controller/development/userInfo.ts(63,14): error TS7006: Parameter 'resData' implicitly has an 'any' type.
controller/development/userInfo.ts(66,15): error TS7006: Parameter 'err' implicitly has an 'any' type.
controller/development/userInfo.ts(72,24): error TS7006: Parameter 'param' implicitly has an 'any' type.
controller/development/userInfo.ts(72,30): error TS7006: Parameter 'where' implicitly has an 'any' type.
controller/development/userInfo.ts(77,14): error TS7006: Parameter 'resData' implicitly has an 'any' type.
controller/development/userInfo.ts(81,15): error TS7006: Parameter 'err' implicitly has an 'any' type.

controller/development/userInfo.ts(16,22): error TS7006: Parameter 'param' implicitly has an 'any' type.
controller/development/userInfo.ts(21,14): error TS7006: Parameter 'resData' implicitly has an 'any' type.
controller/development/userInfo.ts(24,15): error TS7006: Parameter 'err' implicitly has an 'any' type.
controller/development/userInfo.ts(32,14): error TS7006: Parameter 'resData' implicitly has an 'any' type.
controller/development/userInfo.ts(49,15): error TS7006: Parameter 'err' implicitly has an 'any' type.
controller/development/userInfo.ts(58,24): error TS7006: Parameter 'param' implicitly has an 'any' type.
controller/development/userInfo.ts(63,14): error TS7006: Parameter 'resData' implicitly has an 'any' type.
controller/development/userInfo.ts(66,15): error TS7006: Parameter 'err' implicitly has an 'any' type.
controller/development/userInfo.ts(72,24): error TS7006: Parameter 'param' implicitly has an 'any' type.
controller/development/userInfo.ts(72,30): error TS7006: Parameter 'where' implicitly has an 'any' type.
controller/development/userInfo.ts(77,14): error TS7006: Parameter 'resData' implicitly has an 'any' type.
controller/development/userInfo.ts(81,15): error TS7006: Parameter 'err' implicitly has an 'any' type.

controller/development/userInfo.ts(16,22): error TS7006: Parameter 'param' implicitly has an 'any' type.
controller/development/userInfo.ts(21,14): error TS7006: Parameter 'resData' implicitly has an 'any' type.
controller/development/userInfo.ts(24,15): error TS7006: Parameter 'err' implicitly has an 'any' type.
controller/development/userInfo.ts(32,14): error TS7006: Parameter 'resData' implicitly has an 'any' type.
controller/development/userInfo.ts(49,15): error TS7006: Parameter 'err' implicitly has an 'any' type.
controller/development/userInfo.ts(58,24): error TS7006: Parameter 'param' implicitly has an 'any' type.
controller/development/userInfo.ts(63,14): error TS7006: Parameter 'resData' implicitly has an 'any' type.
controller/development/userInfo.ts(66,15): error TS7006: Parameter 'err' implicitly has an 'any' type.
controller/development/userInfo.ts(72,24): error TS7006: Parameter 'param' implicitly has an 'any' type.
controller/development/userInfo.ts(72,30): error TS7006: Parameter 'where' implicitly has an 'any' type.
controller/development/userInfo.ts(77,14): error TS7006: Parameter 'resData' implicitly has an 'any' type.
controller/development/userInfo.ts(81,15): error TS7006: Parameter 'err' implicitly has an 'any' type.

controller/development/userInfo.ts(16,22): error TS7006: Parameter 'param' implicitly has an 'any' type.
controller/development/userInfo.ts(21,14): error TS7006: Parameter 'resData' implicitly has an 'any' type.
controller/development/userInfo.ts(24,15): error TS7006: Parameter 'err' implicitly has an 'any' type.
controller/development/userInfo.ts(32,14): error TS7006: Parameter 'resData' implicitly has an 'any' type.
controller/development/userInfo.ts(49,15): error TS7006: Parameter 'err' implicitly has an 'any' type.
controller/development/userInfo.ts(58,24): error TS7006: Parameter 'param' implicitly has an 'any' type.
controller/development/userInfo.ts(63,14): error TS7006: Parameter 'resData' implicitly has an 'any' type.
controller/development/userInfo.ts(66,15): error TS7006: Parameter 'err' implicitly has an 'any' type.
controller/development/userInfo.ts(72,24): error TS7006: Parameter 'param' implicitly has an 'any' type.
controller/development/userInfo.ts(72,30): error TS7006: Parameter 'where' implicitly has an 'any' type.
controller/development/userInfo.ts(77,14): error TS7006: Parameter 'resData' implicitly has an 'any' type.
controller/development/userInfo.ts(81,15): error TS7006: Parameter 'err' implicitly has an 'any' type.

controller/development/userInfo.ts(16,22): error TS7006: Parameter 'param' implicitly has an 'any' type.
controller/development/userInfo.ts(21,14): error TS7006: Parameter 'resData' implicitly has an 'any' type.
controller/development/userInfo.ts(24,15): error TS7006: Parameter 'err' implicitly has an 'any' type.
controller/development/userInfo.ts(32,14): error TS7006: Parameter 'resData' implicitly has an 'any' type.
controller/development/userInfo.ts(49,15): error TS7006: Parameter 'err' implicitly has an 'any' type.
controller/development/userInfo.ts(58,24): error TS7006: Parameter 'param' implicitly has an 'any' type.
controller/development/userInfo.ts(63,14): error TS7006: Parameter 'resData' implicitly has an 'any' type.
controller/development/userInfo.ts(66,15): error TS7006: Parameter 'err' implicitly has an 'any' type.
controller/development/userInfo.ts(72,24): error TS7006: Parameter 'param' implicitly has an 'any' type.
controller/development/userInfo.ts(72,30): error TS7006: Parameter 'where' implicitly has an 'any' type.
controller/development/userInfo.ts(77,14): error TS7006: Parameter 'resData' implicitly has an 'any' type.
controller/development/userInfo.ts(81,15): error TS7006: Parameter 'err' implicitly has an 'any' type.

controller/development/userInfo.ts(16,22): error TS7006: Parameter 'param' implicitly has an 'any' type.
controller/development/userInfo.ts(21,14): error TS7006: Parameter 'resData' implicitly has an 'any' type.
controller/development/userInfo.ts(24,15): error TS7006: Parameter 'err' implicitly has an 'any' type.
controller/development/userInfo.ts(32,14): error TS7006: Parameter 'resData' implicitly has an 'any' type.
controller/development/userInfo.ts(49,15): error TS7006: Parameter 'err' implicitly has an 'any' type.
controller/development/userInfo.ts(58,24): error TS7006: Parameter 'param' implicitly has an 'any' type.
controller/development/userInfo.ts(63,14): error TS7006: Parameter 'resData' implicitly has an 'any' type.
controller/development/userInfo.ts(66,15): error TS7006: Parameter 'err' implicitly has an 'any' type.
controller/development/userInfo.ts(72,24): error TS7006: Parameter 'param' implicitly has an 'any' type.
controller/development/userInfo.ts(72,30): error TS7006: Parameter 'where' implicitly has an 'any' type.
controller/development/userInfo.ts(77,14): error TS7006: Parameter 'resData' implicitly has an 'any' type.
controller/development/userInfo.ts(81,15): error TS7006: Parameter 'err' implicitly has an 'any' type.

controller/development/userInfo.ts(16,22): error TS7006: Parameter 'param' implicitly has an 'any' type.
controller/development/userInfo.ts(21,14): error TS7006: Parameter 'resData' implicitly has an 'any' type.
controller/development/userInfo.ts(24,15): error TS7006: Parameter 'err' implicitly has an 'any' type.
controller/development/userInfo.ts(32,14): error TS7006: Parameter 'resData' implicitly has an 'any' type.
controller/development/userInfo.ts(49,15): error TS7006: Parameter 'err' implicitly has an 'any' type.
controller/development/userInfo.ts(58,24): error TS7006: Parameter 'param' implicitly has an 'any' type.
controller/development/userInfo.ts(63,14): error TS7006: Parameter 'resData' implicitly has an 'any' type.
controller/development/userInfo.ts(66,15): error TS7006: Parameter 'err' implicitly has an 'any' type.
controller/development/userInfo.ts(72,24): error TS7006: Parameter 'param' implicitly has an 'any' type.
controller/development/userInfo.ts(72,30): error TS7006: Parameter 'where' implicitly has an 'any' type.
controller/development/userInfo.ts(77,14): error TS7006: Parameter 'resData' implicitly has an 'any' type.
controller/development/userInfo.ts(81,15): error TS7006: Parameter 'err' implicitly has an 'any' type.

controller/development/userInfo.ts(16,22): error TS7006: Parameter 'param' implicitly has an 'any' type.
controller/development/userInfo.ts(21,14): error TS7006: Parameter 'resData' implicitly has an 'any' type.
controller/development/userInfo.ts(24,15): error TS7006: Parameter 'err' implicitly has an 'any' type.
controller/development/userInfo.ts(32,14): error TS7006: Parameter 'resData' implicitly has an 'any' type.
controller/development/userInfo.ts(49,15): error TS7006: Parameter 'err' implicitly has an 'any' type.
controller/development/userInfo.ts(58,24): error TS7006: Parameter 'param' implicitly has an 'any' type.
controller/development/userInfo.ts(63,14): error TS7006: Parameter 'resData' implicitly has an 'any' type.
controller/development/userInfo.ts(66,15): error TS7006: Parameter 'err' implicitly has an 'any' type.
controller/development/userInfo.ts(72,24): error TS7006: Parameter 'param' implicitly has an 'any' type.
controller/development/userInfo.ts(72,30): error TS7006: Parameter 'where' implicitly has an 'any' type.
controller/development/userInfo.ts(77,14): error TS7006: Parameter 'resData' implicitly has an 'any' type.
controller/development/userInfo.ts(81,15): error TS7006: Parameter 'err' implicitly has an 'any' type.

controller/development/userInfo.ts(16,22): error TS7006: Parameter 'param' implicitly has an 'any' type.
controller/development/userInfo.ts(21,14): error TS7006: Parameter 'resData' implicitly has an 'any' type.
controller/development/userInfo.ts(24,15): error TS7006: Parameter 'err' implicitly has an 'any' type.
controller/development/userInfo.ts(32,14): error TS7006: Parameter 'resData' implicitly has an 'any' type.
controller/development/userInfo.ts(49,15): error TS7006: Parameter 'err' implicitly has an 'any' type.
controller/development/userInfo.ts(58,24): error TS7006: Parameter 'param' implicitly has an 'any' type.
controller/development/userInfo.ts(63,14): error TS7006: Parameter 'resData' implicitly has an 'any' type.
controller/development/userInfo.ts(66,15): error TS7006: Parameter 'err' implicitly has an 'any' type.
controller/development/userInfo.ts(72,24): error TS7006: Parameter 'param' implicitly has an 'any' type.
controller/development/userInfo.ts(72,30): error TS7006: Parameter 'where' implicitly has an 'any' type.
controller/development/userInfo.ts(77,14): error TS7006: Parameter 'resData' implicitly has an 'any' type.
controller/development/userInfo.ts(81,15): error TS7006: Parameter 'err' implicitly has an 'any' type.

controller/development/userInfo.ts(16,22): error TS7006: Parameter 'param' implicitly has an 'any' type.
controller/development/userInfo.ts(21,14): error TS7006: Parameter 'resData' implicitly has an 'any' type.
controller/development/userInfo.ts(24,15): error TS7006: Parameter 'err' implicitly has an 'any' type.
controller/development/userInfo.ts(32,14): error TS7006: Parameter 'resData' implicitly has an 'any' type.
controller/development/userInfo.ts(49,15): error TS7006: Parameter 'err' implicitly has an 'any' type.
controller/development/userInfo.ts(58,24): error TS7006: Parameter 'param' implicitly has an 'any' type.
controller/development/userInfo.ts(63,14): error TS7006: Parameter 'resData' implicitly has an 'any' type.
controller/development/userInfo.ts(66,15): error TS7006: Parameter 'err' implicitly has an 'any' type.
controller/development/userInfo.ts(72,24): error TS7006: Parameter 'param' implicitly has an 'any' type.
controller/development/userInfo.ts(72,30): error TS7006: Parameter 'where' implicitly has an 'any' type.
controller/development/userInfo.ts(77,14): error TS7006: Parameter 'resData' implicitly has an 'any' type.
controller/development/userInfo.ts(81,15): error TS7006: Parameter 'err' implicitly has an 'any' type.

controller/development/userInfo.ts(16,22): error TS7006: Parameter 'param' implicitly has an 'any' type.
controller/development/userInfo.ts(21,14): error TS7006: Parameter 'resData' implicitly has an 'any' type.
controller/development/userInfo.ts(24,15): error TS7006: Parameter 'err' implicitly has an 'any' type.
controller/development/userInfo.ts(32,14): error TS7006: Parameter 'resData' implicitly has an 'any' type.
controller/development/userInfo.ts(49,15): error TS7006: Parameter 'err' implicitly has an 'any' type.
controller/development/userInfo.ts(58,24): error TS7006: Parameter 'param' implicitly has an 'any' type.
controller/development/userInfo.ts(63,14): error TS7006: Parameter 'resData' implicitly has an 'any' type.
controller/development/userInfo.ts(66,15): error TS7006: Parameter 'err' implicitly has an 'any' type.
controller/development/userInfo.ts(72,24): error TS7006: Parameter 'param' implicitly has an 'any' type.
controller/development/userInfo.ts(72,30): error TS7006: Parameter 'where' implicitly has an 'any' type.
controller/development/userInfo.ts(77,14): error TS7006: Parameter 'resData' implicitly has an 'any' type.
controller/development/userInfo.ts(81,15): error TS7006: Parameter 'err' implicitly has an 'any' type.

controller/development/userInfo.ts(16,22): error TS7006: Parameter 'param' implicitly has an 'any' type.
controller/development/userInfo.ts(21,14): error TS7006: Parameter 'resData' implicitly has an 'any' type.
controller/development/userInfo.ts(24,15): error TS7006: Parameter 'err' implicitly has an 'any' type.
controller/development/userInfo.ts(32,14): error TS7006: Parameter 'resData' implicitly has an 'any' type.
controller/development/userInfo.ts(49,15): error TS7006: Parameter 'err' implicitly has an 'any' type.
controller/development/userInfo.ts(58,24): error TS7006: Parameter 'param' implicitly has an 'any' type.
controller/development/userInfo.ts(63,14): error TS7006: Parameter 'resData' implicitly has an 'any' type.
controller/development/userInfo.ts(66,15): error TS7006: Parameter 'err' implicitly has an 'any' type.
controller/development/userInfo.ts(72,24): error TS7006: Parameter 'param' implicitly has an 'any' type.
controller/development/userInfo.ts(72,30): error TS7006: Parameter 'where' implicitly has an 'any' type.
controller/development/userInfo.ts(77,14): error TS7006: Parameter 'resData' implicitly has an 'any' type.
controller/development/userInfo.ts(81,15): error TS7006: Parameter 'err' implicitly has an 'any' type.

controller/development/userInfo.ts(16,22): error TS7006: Parameter 'param' implicitly has an 'any' type.
controller/development/userInfo.ts(21,14): error TS7006: Parameter 'resData' implicitly has an 'any' type.
controller/development/userInfo.ts(24,15): error TS7006: Parameter 'err' implicitly has an 'any' type.
controller/development/userInfo.ts(32,14): error TS7006: Parameter 'resData' implicitly has an 'any' type.
controller/development/userInfo.ts(49,15): error TS7006: Parameter 'err' implicitly has an 'any' type.
controller/development/userInfo.ts(58,24): error TS7006: Parameter 'param' implicitly has an 'any' type.
controller/development/userInfo.ts(63,14): error TS7006: Parameter 'resData' implicitly has an 'any' type.
controller/development/userInfo.ts(66,15): error TS7006: Parameter 'err' implicitly has an 'any' type.
controller/development/userInfo.ts(72,24): error TS7006: Parameter 'param' implicitly has an 'any' type.
controller/development/userInfo.ts(72,30): error TS7006: Parameter 'where' implicitly has an 'any' type.
controller/development/userInfo.ts(77,14): error TS7006: Parameter 'resData' implicitly has an 'any' type.
controller/development/userInfo.ts(81,15): error TS7006: Parameter 'err' implicitly has an 'any' type.

controller/development/userInfo.ts(16,22): error TS7006: Parameter 'param' implicitly has an 'any' type.
controller/development/userInfo.ts(21,14): error TS7006: Parameter 'resData' implicitly has an 'any' type.
controller/development/userInfo.ts(24,15): error TS7006: Parameter 'err' implicitly has an 'any' type.
controller/development/userInfo.ts(32,14): error TS7006: Parameter 'resData' implicitly has an 'any' type.
controller/development/userInfo.ts(49,15): error TS7006: Parameter 'err' implicitly has an 'any' type.
controller/development/userInfo.ts(58,24): error TS7006: Parameter 'param' implicitly has an 'any' type.
controller/development/userInfo.ts(63,14): error TS7006: Parameter 'resData' implicitly has an 'any' type.
controller/development/userInfo.ts(66,15): error TS7006: Parameter 'err' implicitly has an 'any' type.
controller/development/userInfo.ts(72,24): error TS7006: Parameter 'param' implicitly has an 'any' type.
controller/development/userInfo.ts(72,30): error TS7006: Parameter 'where' implicitly has an 'any' type.
controller/development/userInfo.ts(77,14): error TS7006: Parameter 'resData' implicitly has an 'any' type.
controller/development/userInfo.ts(81,15): error TS7006: Parameter 'err' implicitly has an 'any' type.

controller/development/userInfo.ts(16,22): error TS7006: Parameter 'param' implicitly has an 'any' type.
controller/development/userInfo.ts(21,14): error TS7006: Parameter 'resData' implicitly has an 'any' type.
controller/development/userInfo.ts(24,15): error TS7006: Parameter 'err' implicitly has an 'any' type.
controller/development/userInfo.ts(32,14): error TS7006: Parameter 'resData' implicitly has an 'any' type.
controller/development/userInfo.ts(49,15): error TS7006: Parameter 'err' implicitly has an 'any' type.
controller/development/userInfo.ts(58,24): error TS7006: Parameter 'param' implicitly has an 'any' type.
controller/development/userInfo.ts(63,14): error TS7006: Parameter 'resData' implicitly has an 'any' type.
controller/development/userInfo.ts(66,15): error TS7006: Parameter 'err' implicitly has an 'any' type.
controller/development/userInfo.ts(72,24): error TS7006: Parameter 'param' implicitly has an 'any' type.
controller/development/userInfo.ts(72,30): error TS7006: Parameter 'where' implicitly has an 'any' type.
controller/development/userInfo.ts(77,14): error TS7006: Parameter 'resData' implicitly has an 'any' type.
controller/development/userInfo.ts(81,15): error TS7006: Parameter 'err' implicitly has an 'any' type.

controller/development/userInfo.ts(16,22): error TS7006: Parameter 'param' implicitly has an 'any' type.
controller/development/userInfo.ts(21,14): error TS7006: Parameter 'resData' implicitly has an 'any' type.
controller/development/userInfo.ts(24,15): error TS7006: Parameter 'err' implicitly has an 'any' type.
controller/development/userInfo.ts(32,14): error TS7006: Parameter 'resData' implicitly has an 'any' type.
controller/development/userInfo.ts(49,15): error TS7006: Parameter 'err' implicitly has an 'any' type.
controller/development/userInfo.ts(58,24): error TS7006: Parameter 'param' implicitly has an 'any' type.
controller/development/userInfo.ts(63,14): error TS7006: Parameter 'resData' implicitly has an 'any' type.
controller/development/userInfo.ts(66,15): error TS7006: Parameter 'err' implicitly has an 'any' type.
controller/development/userInfo.ts(72,24): error TS7006: Parameter 'param' implicitly has an 'any' type.
controller/development/userInfo.ts(72,30): error TS7006: Parameter 'where' implicitly has an 'any' type.
controller/development/userInfo.ts(77,14): error TS7006: Parameter 'resData' implicitly has an 'any' type.
controller/development/userInfo.ts(81,15): error TS7006: Parameter 'err' implicitly has an 'any' type.

controller/development/userInfo.ts(16,22): error TS7006: Parameter 'param' implicitly has an 'any' type.
controller/development/userInfo.ts(21,14): error TS7006: Parameter 'resData' implicitly has an 'any' type.
controller/development/userInfo.ts(24,15): error TS7006: Parameter 'err' implicitly has an 'any' type.
controller/development/userInfo.ts(32,14): error TS7006: Parameter 'resData' implicitly has an 'any' type.
controller/development/userInfo.ts(49,15): error TS7006: Parameter 'err' implicitly has an 'any' type.
controller/development/userInfo.ts(58,24): error TS7006: Parameter 'param' implicitly has an 'any' type.
controller/development/userInfo.ts(63,14): error TS7006: Parameter 'resData' implicitly has an 'any' type.
controller/development/userInfo.ts(66,15): error TS7006: Parameter 'err' implicitly has an 'any' type.
controller/development/userInfo.ts(72,24): error TS7006: Parameter 'param' implicitly has an 'any' type.
controller/development/userInfo.ts(72,30): error TS7006: Parameter 'where' implicitly has an 'any' type.
controller/development/userInfo.ts(77,14): error TS7006: Parameter 'resData' implicitly has an 'any' type.
controller/development/userInfo.ts(81,15): error TS7006: Parameter 'err' implicitly has an 'any' type.

controller/development/userInfo.ts(16,22): error TS7006: Parameter 'param' implicitly has an 'any' type.
controller/development/userInfo.ts(21,14): error TS7006: Parameter 'resData' implicitly has an 'any' type.
controller/development/userInfo.ts(24,15): error TS7006: Parameter 'err' implicitly has an 'any' type.
controller/development/userInfo.ts(32,14): error TS7006: Parameter 'resData' implicitly has an 'any' type.
controller/development/userInfo.ts(49,15): error TS7006: Parameter 'err' implicitly has an 'any' type.
controller/development/userInfo.ts(58,24): error TS7006: Parameter 'param' implicitly has an 'any' type.
controller/development/userInfo.ts(63,14): error TS7006: Parameter 'resData' implicitly has an 'any' type.
controller/development/userInfo.ts(66,15): error TS7006: Parameter 'err' implicitly has an 'any' type.
controller/development/userInfo.ts(72,24): error TS7006: Parameter 'param' implicitly has an 'any' type.
controller/development/userInfo.ts(72,30): error TS7006: Parameter 'where' implicitly has an 'any' type.
controller/development/userInfo.ts(77,14): error TS7006: Parameter 'resData' implicitly has an 'any' type.
controller/development/userInfo.ts(81,15): error TS7006: Parameter 'err' implicitly has an 'any' type.

controller/development/userInfo.ts(16,22): error TS7006: Parameter 'param' implicitly has an 'any' type.
controller/development/userInfo.ts(21,14): error TS7006: Parameter 'resData' implicitly has an 'any' type.
controller/development/userInfo.ts(24,15): error TS7006: Parameter 'err' implicitly has an 'any' type.
controller/development/userInfo.ts(32,14): error TS7006: Parameter 'resData' implicitly has an 'any' type.
controller/development/userInfo.ts(49,15): error TS7006: Parameter 'err' implicitly has an 'any' type.
controller/development/userInfo.ts(58,24): error TS7006: Parameter 'param' implicitly has an 'any' type.
controller/development/userInfo.ts(63,14): error TS7006: Parameter 'resData' implicitly has an 'any' type.
controller/development/userInfo.ts(66,15): error TS7006: Parameter 'err' implicitly has an 'any' type.
controller/development/userInfo.ts(72,24): error TS7006: Parameter 'param' implicitly has an 'any' type.
controller/development/userInfo.ts(72,30): error TS7006: Parameter 'where' implicitly has an 'any' type.
controller/development/userInfo.ts(77,14): error TS7006: Parameter 'resData' implicitly has an 'any' type.
controller/development/userInfo.ts(81,15): error TS7006: Parameter 'err' implicitly has an 'any' type.

controller/development/userInfo.ts(16,22): error TS7006: Parameter 'param' implicitly has an 'any' type.
controller/development/userInfo.ts(21,14): error TS7006: Parameter 'resData' implicitly has an 'any' type.
controller/development/userInfo.ts(24,15): error TS7006: Parameter 'err' implicitly has an 'any' type.
controller/development/userInfo.ts(32,14): error TS7006: Parameter 'resData' implicitly has an 'any' type.
controller/development/userInfo.ts(49,15): error TS7006: Parameter 'err' implicitly has an 'any' type.
controller/development/userInfo.ts(58,24): error TS7006: Parameter 'param' implicitly has an 'any' type.
controller/development/userInfo.ts(63,14): error TS7006: Parameter 'resData' implicitly has an 'any' type.
controller/development/userInfo.ts(66,15): error TS7006: Parameter 'err' implicitly has an 'any' type.
controller/development/userInfo.ts(72,24): error TS7006: Parameter 'param' implicitly has an 'any' type.
controller/development/userInfo.ts(72,30): error TS7006: Parameter 'where' implicitly has an 'any' type.
controller/development/userInfo.ts(77,14): error TS7006: Parameter 'resData' implicitly has an 'any' type.
controller/development/userInfo.ts(81,15): error TS7006: Parameter 'err' implicitly has an 'any' type.

controller/development/userInfo.ts(16,22): error TS7006: Parameter 'param' implicitly has an 'any' type.
controller/development/userInfo.ts(21,14): error TS7006: Parameter 'resData' implicitly has an 'any' type.
controller/development/userInfo.ts(24,15): error TS7006: Parameter 'err' implicitly has an 'any' type.
controller/development/userInfo.ts(32,14): error TS7006: Parameter 'resData' implicitly has an 'any' type.
controller/development/userInfo.ts(49,15): error TS7006: Parameter 'err' implicitly has an 'any' type.
controller/development/userInfo.ts(58,24): error TS7006: Parameter 'param' implicitly has an 'any' type.
controller/development/userInfo.ts(63,14): error TS7006: Parameter 'resData' implicitly has an 'any' type.
controller/development/userInfo.ts(66,15): error TS7006: Parameter 'err' implicitly has an 'any' type.
controller/development/userInfo.ts(72,24): error TS7006: Parameter 'param' implicitly has an 'any' type.
controller/development/userInfo.ts(72,30): error TS7006: Parameter 'where' implicitly has an 'any' type.
controller/development/userInfo.ts(77,14): error TS7006: Parameter 'resData' implicitly has an 'any' type.
controller/development/userInfo.ts(81,15): error TS7006: Parameter 'err' implicitly has an 'any' type.

controller/development/userInfo.ts(16,22): error TS7006: Parameter 'param' implicitly has an 'any' type.
controller/development/userInfo.ts(21,14): error TS7006: Parameter 'resData' implicitly has an 'any' type.
controller/development/userInfo.ts(24,15): error TS7006: Parameter 'err' implicitly has an 'any' type.
controller/development/userInfo.ts(32,14): error TS7006: Parameter 'resData' implicitly has an 'any' type.
controller/development/userInfo.ts(49,15): error TS7006: Parameter 'err' implicitly has an 'any' type.
controller/development/userInfo.ts(58,24): error TS7006: Parameter 'param' implicitly has an 'any' type.
controller/development/userInfo.ts(63,14): error TS7006: Parameter 'resData' implicitly has an 'any' type.
controller/development/userInfo.ts(66,15): error TS7006: Parameter 'err' implicitly has an 'any' type.
controller/development/userInfo.ts(72,24): error TS7006: Parameter 'param' implicitly has an 'any' type.
controller/development/userInfo.ts(72,30): error TS7006: Parameter 'where' implicitly has an 'any' type.
controller/development/userInfo.ts(77,14): error TS7006: Parameter 'resData' implicitly has an 'any' type.
controller/development/userInfo.ts(81,15): error TS7006: Parameter 'err' implicitly has an 'any' type.

controller/development/userInfo.ts(16,22): error TS7006: Parameter 'param' implicitly has an 'any' type.
controller/development/userInfo.ts(21,14): error TS7006: Parameter 'resData' implicitly has an 'any' type.
controller/development/userInfo.ts(24,15): error TS7006: Parameter 'err' implicitly has an 'any' type.
controller/development/userInfo.ts(32,14): error TS7006: Parameter 'resData' implicitly has an 'any' type.
controller/development/userInfo.ts(49,15): error TS7006: Parameter 'err' implicitly has an 'any' type.
controller/development/userInfo.ts(58,24): error TS7006: Parameter 'param' implicitly has an 'any' type.
controller/development/userInfo.ts(63,14): error TS7006: Parameter 'resData' implicitly has an 'any' type.
controller/development/userInfo.ts(66,15): error TS7006: Parameter 'err' implicitly has an 'any' type.
controller/development/userInfo.ts(72,24): error TS7006: Parameter 'param' implicitly has an 'any' type.
controller/development/userInfo.ts(72,30): error TS7006: Parameter 'where' implicitly has an 'any' type.
controller/development/userInfo.ts(77,14): error TS7006: Parameter 'resData' implicitly has an 'any' type.
controller/development/userInfo.ts(81,15): error TS7006: Parameter 'err' implicitly has an 'any' type.

controller/development/userInfo.ts(16,22): error TS7006: Parameter 'param' implicitly has an 'any' type.
controller/development/userInfo.ts(21,14): error TS7006: Parameter 'resData' implicitly has an 'any' type.
controller/development/userInfo.ts(24,15): error TS7006: Parameter 'err' implicitly has an 'any' type.
controller/development/userInfo.ts(32,14): error TS7006: Parameter 'resData' implicitly has an 'any' type.
controller/development/userInfo.ts(49,15): error TS7006: Parameter 'err' implicitly has an 'any' type.
controller/development/userInfo.ts(58,24): error TS7006: Parameter 'param' implicitly has an 'any' type.
controller/development/userInfo.ts(63,14): error TS7006: Parameter 'resData' implicitly has an 'any' type.
controller/development/userInfo.ts(66,15): error TS7006: Parameter 'err' implicitly has an 'any' type.
controller/development/userInfo.ts(72,24): error TS7006: Parameter 'param' implicitly has an 'any' type.
controller/development/userInfo.ts(72,30): error TS7006: Parameter 'where' implicitly has an 'any' type.
controller/development/userInfo.ts(77,14): error TS7006: Parameter 'resData' implicitly has an 'any' type.
controller/development/userInfo.ts(81,15): error TS7006: Parameter 'err' implicitly has an 'any' type.

controller/development/userInfo.ts(16,22): error TS7006: Parameter 'param' implicitly has an 'any' type.
controller/development/userInfo.ts(21,14): error TS7006: Parameter 'resData' implicitly has an 'any' type.
controller/development/userInfo.ts(24,15): error TS7006: Parameter 'err' implicitly has an 'any' type.
controller/development/userInfo.ts(32,14): error TS7006: Parameter 'resData' implicitly has an 'any' type.
controller/development/userInfo.ts(49,15): error TS7006: Parameter 'err' implicitly has an 'any' type.
controller/development/userInfo.ts(58,24): error TS7006: Parameter 'param' implicitly has an 'any' type.
controller/development/userInfo.ts(63,14): error TS7006: Parameter 'resData' implicitly has an 'any' type.
controller/development/userInfo.ts(66,15): error TS7006: Parameter 'err' implicitly has an 'any' type.
controller/development/userInfo.ts(72,24): error TS7006: Parameter 'param' implicitly has an 'any' type.
controller/development/userInfo.ts(72,30): error TS7006: Parameter 'where' implicitly has an 'any' type.
controller/development/userInfo.ts(77,14): error TS7006: Parameter 'resData' implicitly has an 'any' type.
controller/development/userInfo.ts(81,15): error TS7006: Parameter 'err' implicitly has an 'any' type.

controller/development/userInfo.ts(16,22): error TS7006: Parameter 'param' implicitly has an 'any' type.
controller/development/userInfo.ts(21,14): error TS7006: Parameter 'resData' implicitly has an 'any' type.
controller/development/userInfo.ts(24,15): error TS7006: Parameter 'err' implicitly has an 'any' type.
controller/development/userInfo.ts(32,14): error TS7006: Parameter 'resData' implicitly has an 'any' type.
controller/development/userInfo.ts(49,15): error TS7006: Parameter 'err' implicitly has an 'any' type.
controller/development/userInfo.ts(58,24): error TS7006: Parameter 'param' implicitly has an 'any' type.
controller/development/userInfo.ts(63,14): error TS7006: Parameter 'resData' implicitly has an 'any' type.
controller/development/userInfo.ts(66,15): error TS7006: Parameter 'err' implicitly has an 'any' type.
controller/development/userInfo.ts(72,24): error TS7006: Parameter 'param' implicitly has an 'any' type.
controller/development/userInfo.ts(72,30): error TS7006: Parameter 'where' implicitly has an 'any' type.
controller/development/userInfo.ts(77,14): error TS7006: Parameter 'resData' implicitly has an 'any' type.
controller/development/userInfo.ts(81,15): error TS7006: Parameter 'err' implicitly has an 'any' type.

controller/development/userInfo.ts(16,22): error TS7006: Parameter 'param' implicitly has an 'any' type.
controller/development/userInfo.ts(21,14): error TS7006: Parameter 'resData' implicitly has an 'any' type.
controller/development/userInfo.ts(24,15): error TS7006: Parameter 'err' implicitly has an 'any' type.
controller/development/userInfo.ts(32,14): error TS7006: Parameter 'resData' implicitly has an 'any' type.
controller/development/userInfo.ts(49,15): error TS7006: Parameter 'err' implicitly has an 'any' type.
controller/development/userInfo.ts(58,24): error TS7006: Parameter 'param' implicitly has an 'any' type.
controller/development/userInfo.ts(63,14): error TS7006: Parameter 'resData' implicitly has an 'any' type.
controller/development/userInfo.ts(66,15): error TS7006: Parameter 'err' implicitly has an 'any' type.
controller/development/userInfo.ts(72,24): error TS7006: Parameter 'param' implicitly has an 'any' type.
controller/development/userInfo.ts(72,30): error TS7006: Parameter 'where' implicitly has an 'any' type.
controller/development/userInfo.ts(77,14): error TS7006: Parameter 'resData' implicitly has an 'any' type.
controller/development/userInfo.ts(81,15): error TS7006: Parameter 'err' implicitly has an 'any' type.

controller/development/userInfo.ts(16,22): error TS7006: Parameter 'param' implicitly has an 'any' type.
controller/development/userInfo.ts(21,14): error TS7006: Parameter 'resData' implicitly has an 'any' type.
controller/development/userInfo.ts(24,15): error TS7006: Parameter 'err' implicitly has an 'any' type.
controller/development/userInfo.ts(32,14): error TS7006: Parameter 'resData' implicitly has an 'any' type.
controller/development/userInfo.ts(49,15): error TS7006: Parameter 'err' implicitly has an 'any' type.
controller/development/userInfo.ts(58,24): error TS7006: Parameter 'param' implicitly has an 'any' type.
controller/development/userInfo.ts(63,14): error TS7006: Parameter 'resData' implicitly has an 'any' type.
controller/development/userInfo.ts(66,15): error TS7006: Parameter 'err' implicitly has an 'any' type.
controller/development/userInfo.ts(72,24): error TS7006: Parameter 'param' implicitly has an 'any' type.
controller/development/userInfo.ts(72,30): error TS7006: Parameter 'where' implicitly has an 'any' type.
controller/development/userInfo.ts(77,14): error TS7006: Parameter 'resData' implicitly has an 'any' type.
controller/development/userInfo.ts(81,15): error TS7006: Parameter 'err' implicitly has an 'any' type.

controller/development/userInfo.ts(16,22): error TS7006: Parameter 'param' implicitly has an 'any' type.
controller/development/userInfo.ts(21,14): error TS7006: Parameter 'resData' implicitly has an 'any' type.
controller/development/userInfo.ts(24,15): error TS7006: Parameter 'err' implicitly has an 'any' type.
controller/development/userInfo.ts(32,14): error TS7006: Parameter 'resData' implicitly has an 'any' type.
controller/development/userInfo.ts(49,15): error TS7006: Parameter 'err' implicitly has an 'any' type.
controller/development/userInfo.ts(58,24): error TS7006: Parameter 'param' implicitly has an 'any' type.
controller/development/userInfo.ts(63,14): error TS7006: Parameter 'resData' implicitly has an 'any' type.
controller/development/userInfo.ts(66,15): error TS7006: Parameter 'err' implicitly has an 'any' type.
controller/development/userInfo.ts(72,24): error TS7006: Parameter 'param' implicitly has an 'any' type.
controller/development/userInfo.ts(72,30): error TS7006: Parameter 'where' implicitly has an 'any' type.
controller/development/userInfo.ts(77,14): error TS7006: Parameter 'resData' implicitly has an 'any' type.
controller/development/userInfo.ts(81,15): error TS7006: Parameter 'err' implicitly has an 'any' type.

controller/development/userInfo.ts(16,22): error TS7006: Parameter 'param' implicitly has an 'any' type.
controller/development/userInfo.ts(21,14): error TS7006: Parameter 'resData' implicitly has an 'any' type.
controller/development/userInfo.ts(24,15): error TS7006: Parameter 'err' implicitly has an 'any' type.
controller/development/userInfo.ts(32,14): error TS7006: Parameter 'resData' implicitly has an 'any' type.
controller/development/userInfo.ts(49,15): error TS7006: Parameter 'err' implicitly has an 'any' type.
controller/development/userInfo.ts(58,24): error TS7006: Parameter 'param' implicitly has an 'any' type.
controller/development/userInfo.ts(63,14): error TS7006: Parameter 'resData' implicitly has an 'any' type.
controller/development/userInfo.ts(66,15): error TS7006: Parameter 'err' implicitly has an 'any' type.
controller/development/userInfo.ts(72,24): error TS7006: Parameter 'param' implicitly has an 'any' type.
controller/development/userInfo.ts(72,30): error TS7006: Parameter 'where' implicitly has an 'any' type.
controller/development/userInfo.ts(77,14): error TS7006: Parameter 'resData' implicitly has an 'any' type.
controller/development/userInfo.ts(81,15): error TS7006: Parameter 'err' implicitly has an 'any' type.

controller/development/userInfo.ts(16,22): error TS7006: Parameter 'param' implicitly has an 'any' type.
controller/development/userInfo.ts(21,14): error TS7006: Parameter 'resData' implicitly has an 'any' type.
controller/development/userInfo.ts(24,15): error TS7006: Parameter 'err' implicitly has an 'any' type.
controller/development/userInfo.ts(32,14): error TS7006: Parameter 'resData' implicitly has an 'any' type.
controller/development/userInfo.ts(49,15): error TS7006: Parameter 'err' implicitly has an 'any' type.
controller/development/userInfo.ts(58,24): error TS7006: Parameter 'param' implicitly has an 'any' type.
controller/development/userInfo.ts(63,14): error TS7006: Parameter 'resData' implicitly has an 'any' type.
controller/development/userInfo.ts(66,15): error TS7006: Parameter 'err' implicitly has an 'any' type.
controller/development/userInfo.ts(72,24): error TS7006: Parameter 'param' implicitly has an 'any' type.
controller/development/userInfo.ts(72,30): error TS7006: Parameter 'where' implicitly has an 'any' type.
controller/development/userInfo.ts(77,14): error TS7006: Parameter 'resData' implicitly has an 'any' type.
controller/development/userInfo.ts(81,15): error TS7006: Parameter 'err' implicitly has an 'any' type.

controller/development/userInfo.ts(16,22): error TS7006: Parameter 'param' implicitly has an 'any' type.
controller/development/userInfo.ts(21,14): error TS7006: Parameter 'resData' implicitly has an 'any' type.
controller/development/userInfo.ts(24,15): error TS7006: Parameter 'err' implicitly has an 'any' type.
controller/development/userInfo.ts(32,14): error TS7006: Parameter 'resData' implicitly has an 'any' type.
controller/development/userInfo.ts(49,15): error TS7006: Parameter 'err' implicitly has an 'any' type.
controller/development/userInfo.ts(58,24): error TS7006: Parameter 'param' implicitly has an 'any' type.
controller/development/userInfo.ts(63,14): error TS7006: Parameter 'resData' implicitly has an 'any' type.
controller/development/userInfo.ts(66,15): error TS7006: Parameter 'err' implicitly has an 'any' type.
controller/development/userInfo.ts(72,24): error TS7006: Parameter 'param' implicitly has an 'any' type.
controller/development/userInfo.ts(72,30): error TS7006: Parameter 'where' implicitly has an 'any' type.
controller/development/userInfo.ts(77,14): error TS7006: Parameter 'resData' implicitly has an 'any' type.
controller/development/userInfo.ts(81,15): error TS7006: Parameter 'err' implicitly has an 'any' type.

controller/development/userInfo.ts(16,22): error TS7006: Parameter 'param' implicitly has an 'any' type.
controller/development/userInfo.ts(21,14): error TS7006: Parameter 'resData' implicitly has an 'any' type.
controller/development/userInfo.ts(24,15): error TS7006: Parameter 'err' implicitly has an 'any' type.
controller/development/userInfo.ts(32,14): error TS7006: Parameter 'resData' implicitly has an 'any' type.
controller/development/userInfo.ts(49,15): error TS7006: Parameter 'err' implicitly has an 'any' type.
controller/development/userInfo.ts(58,24): error TS7006: Parameter 'param' implicitly has an 'any' type.
controller/development/userInfo.ts(63,14): error TS7006: Parameter 'resData' implicitly has an 'any' type.
controller/development/userInfo.ts(66,15): error TS7006: Parameter 'err' implicitly has an 'any' type.
controller/development/userInfo.ts(72,24): error TS7006: Parameter 'param' implicitly has an 'any' type.
controller/development/userInfo.ts(72,30): error TS7006: Parameter 'where' implicitly has an 'any' type.
controller/development/userInfo.ts(77,14): error TS7006: Parameter 'resData' implicitly has an 'any' type.
controller/development/userInfo.ts(81,15): error TS7006: Parameter 'err' implicitly has an 'any' type.

controller/development/userInfo.ts(16,22): error TS7006: Parameter 'param' implicitly has an 'any' type.
controller/development/userInfo.ts(21,14): error TS7006: Parameter 'resData' implicitly has an 'any' type.
controller/development/userInfo.ts(24,15): error TS7006: Parameter 'err' implicitly has an 'any' type.
controller/development/userInfo.ts(32,14): error TS7006: Parameter 'resData' implicitly has an 'any' type.
controller/development/userInfo.ts(49,15): error TS7006: Parameter 'err' implicitly has an 'any' type.
controller/development/userInfo.ts(58,24): error TS7006: Parameter 'param' implicitly has an 'any' type.
controller/development/userInfo.ts(63,14): error TS7006: Parameter 'resData' implicitly has an 'any' type.
controller/development/userInfo.ts(66,15): error TS7006: Parameter 'err' implicitly has an 'any' type.
controller/development/userInfo.ts(72,24): error TS7006: Parameter 'param' implicitly has an 'any' type.
controller/development/userInfo.ts(72,30): error TS7006: Parameter 'where' implicitly has an 'any' type.
controller/development/userInfo.ts(77,14): error TS7006: Parameter 'resData' implicitly has an 'any' type.
controller/development/userInfo.ts(81,15): error TS7006: Parameter 'err' implicitly has an 'any' type.

controller/development/userInfo.ts(16,22): error TS7006: Parameter 'param' implicitly has an 'any' type.
controller/development/userInfo.ts(21,14): error TS7006: Parameter 'resData' implicitly has an 'any' type.
controller/development/userInfo.ts(24,15): error TS7006: Parameter 'err' implicitly has an 'any' type.
controller/development/userInfo.ts(32,14): error TS7006: Parameter 'resData' implicitly has an 'any' type.
controller/development/userInfo.ts(49,15): error TS7006: Parameter 'err' implicitly has an 'any' type.
controller/development/userInfo.ts(58,24): error TS7006: Parameter 'param' implicitly has an 'any' type.
controller/development/userInfo.ts(63,14): error TS7006: Parameter 'resData' implicitly has an 'any' type.
controller/development/userInfo.ts(66,15): error TS7006: Parameter 'err' implicitly has an 'any' type.
controller/development/userInfo.ts(72,24): error TS7006: Parameter 'param' implicitly has an 'any' type.
controller/development/userInfo.ts(72,30): error TS7006: Parameter 'where' implicitly has an 'any' type.
controller/development/userInfo.ts(77,14): error TS7006: Parameter 'resData' implicitly has an 'any' type.
controller/development/userInfo.ts(81,15): error TS7006: Parameter 'err' implicitly has an 'any' type.

controller/development/userInfo.ts(16,22): error TS7006: Parameter 'param' implicitly has an 'any' type.
controller/development/userInfo.ts(21,14): error TS7006: Parameter 'resData' implicitly has an 'any' type.
controller/development/userInfo.ts(24,15): error TS7006: Parameter 'err' implicitly has an 'any' type.
controller/development/userInfo.ts(32,14): error TS7006: Parameter 'resData' implicitly has an 'any' type.
controller/development/userInfo.ts(49,15): error TS7006: Parameter 'err' implicitly has an 'any' type.
controller/development/userInfo.ts(58,24): error TS7006: Parameter 'param' implicitly has an 'any' type.
controller/development/userInfo.ts(63,14): error TS7006: Parameter 'resData' implicitly has an 'any' type.
controller/development/userInfo.ts(66,15): error TS7006: Parameter 'err' implicitly has an 'any' type.
controller/development/userInfo.ts(72,24): error TS7006: Parameter 'param' implicitly has an 'any' type.
controller/development/userInfo.ts(72,30): error TS7006: Parameter 'where' implicitly has an 'any' type.
controller/development/userInfo.ts(77,14): error TS7006: Parameter 'resData' implicitly has an 'any' type.
controller/development/userInfo.ts(81,15): error TS7006: Parameter 'err' implicitly has an 'any' type.

controller/development/userInfo.ts(16,22): error TS7006: Parameter 'param' implicitly has an 'any' type.
controller/development/userInfo.ts(21,14): error TS7006: Parameter 'resData' implicitly has an 'any' type.
controller/development/userInfo.ts(24,15): error TS7006: Parameter 'err' implicitly has an 'any' type.
controller/development/userInfo.ts(32,14): error TS7006: Parameter 'resData' implicitly has an 'any' type.
controller/development/userInfo.ts(49,15): error TS7006: Parameter 'err' implicitly has an 'any' type.
controller/development/userInfo.ts(58,24): error TS7006: Parameter 'param' implicitly has an 'any' type.
controller/development/userInfo.ts(63,14): error TS7006: Parameter 'resData' implicitly has an 'any' type.
controller/development/userInfo.ts(66,15): error TS7006: Parameter 'err' implicitly has an 'any' type.
controller/development/userInfo.ts(72,24): error TS7006: Parameter 'param' implicitly has an 'any' type.
controller/development/userInfo.ts(72,30): error TS7006: Parameter 'where' implicitly has an 'any' type.
controller/development/userInfo.ts(77,14): error TS7006: Parameter 'resData' implicitly has an 'any' type.
controller/development/userInfo.ts(81,15): error TS7006: Parameter 'err' implicitly has an 'any' type.

controller/development/userInfo.ts(16,22): error TS7006: Parameter 'param' implicitly has an 'any' type.
controller/development/userInfo.ts(21,14): error TS7006: Parameter 'resData' implicitly has an 'any' type.
controller/development/userInfo.ts(24,15): error TS7006: Parameter 'err' implicitly has an 'any' type.
controller/development/userInfo.ts(32,14): error TS7006: Parameter 'resData' implicitly has an 'any' type.
controller/development/userInfo.ts(49,15): error TS7006: Parameter 'err' implicitly has an 'any' type.
controller/development/userInfo.ts(58,24): error TS7006: Parameter 'param' implicitly has an 'any' type.
controller/development/userInfo.ts(63,14): error TS7006: Parameter 'resData' implicitly has an 'any' type.
controller/development/userInfo.ts(66,15): error TS7006: Parameter 'err' implicitly has an 'any' type.
controller/development/userInfo.ts(72,24): error TS7006: Parameter 'param' implicitly has an 'any' type.
controller/development/userInfo.ts(72,30): error TS7006: Parameter 'where' implicitly has an 'any' type.
controller/development/userInfo.ts(77,14): error TS7006: Parameter 'resData' implicitly has an 'any' type.
controller/development/userInfo.ts(81,15): error TS7006: Parameter 'err' implicitly has an 'any' type.

controller/development/userInfo.ts(16,22): error TS7006: Parameter 'param' implicitly has an 'any' type.
controller/development/userInfo.ts(21,14): error TS7006: Parameter 'resData' implicitly has an 'any' type.
controller/development/userInfo.ts(24,15): error TS7006: Parameter 'err' implicitly has an 'any' type.
controller/development/userInfo.ts(32,14): error TS7006: Parameter 'resData' implicitly has an 'any' type.
controller/development/userInfo.ts(49,15): error TS7006: Parameter 'err' implicitly has an 'any' type.
controller/development/userInfo.ts(58,24): error TS7006: Parameter 'param' implicitly has an 'any' type.
controller/development/userInfo.ts(63,14): error TS7006: Parameter 'resData' implicitly has an 'any' type.
controller/development/userInfo.ts(66,15): error TS7006: Parameter 'err' implicitly has an 'any' type.
controller/development/userInfo.ts(72,24): error TS7006: Parameter 'param' implicitly has an 'any' type.
controller/development/userInfo.ts(72,30): error TS7006: Parameter 'where' implicitly has an 'any' type.
controller/development/userInfo.ts(77,14): error TS7006: Parameter 'resData' implicitly has an 'any' type.
controller/development/userInfo.ts(81,15): error TS7006: Parameter 'err' implicitly has an 'any' type.

controller/development/userInfo.ts(14,1): error TS2304: Cannot find name 'i'.
controller/development/userInfo.ts(17,22): error TS7006: Parameter 'param' implicitly has an 'any' type.
controller/development/userInfo.ts(22,14): error TS7006: Parameter 'resData' implicitly has an 'any' type.
controller/development/userInfo.ts(25,15): error TS7006: Parameter 'err' implicitly has an 'any' type.
controller/development/userInfo.ts(33,14): error TS7006: Parameter 'resData' implicitly has an 'any' type.
controller/development/userInfo.ts(50,15): error TS7006: Parameter 'err' implicitly has an 'any' type.
controller/development/userInfo.ts(59,24): error TS7006: Parameter 'param' implicitly has an 'any' type.
controller/development/userInfo.ts(64,14): error TS7006: Parameter 'resData' implicitly has an 'any' type.
controller/development/userInfo.ts(67,15): error TS7006: Parameter 'err' implicitly has an 'any' type.
controller/development/userInfo.ts(73,24): error TS7006: Parameter 'param' implicitly has an 'any' type.
controller/development/userInfo.ts(73,30): error TS7006: Parameter 'where' implicitly has an 'any' type.
controller/development/userInfo.ts(78,14): error TS7006: Parameter 'resData' implicitly has an 'any' type.
controller/development/userInfo.ts(82,15): error TS7006: Parameter 'err' implicitly has an 'any' type.

controller/development/userInfo.ts(14,1): error TS1214: Identifier expected. 'interface' is a reserved word in strict mode. Modules are automatically in strict mode.
controller/development/userInfo.ts(14,1): error TS2304: Cannot find name 'interface'.
controller/development/userInfo.ts(17,22): error TS7006: Parameter 'param' implicitly has an 'any' type.
controller/development/userInfo.ts(22,14): error TS7006: Parameter 'resData' implicitly has an 'any' type.
controller/development/userInfo.ts(25,15): error TS7006: Parameter 'err' implicitly has an 'any' type.
controller/development/userInfo.ts(33,14): error TS7006: Parameter 'resData' implicitly has an 'any' type.
controller/development/userInfo.ts(50,15): error TS7006: Parameter 'err' implicitly has an 'any' type.
controller/development/userInfo.ts(59,24): error TS7006: Parameter 'param' implicitly has an 'any' type.
controller/development/userInfo.ts(64,14): error TS7006: Parameter 'resData' implicitly has an 'any' type.
controller/development/userInfo.ts(67,15): error TS7006: Parameter 'err' implicitly has an 'any' type.
controller/development/userInfo.ts(73,24): error TS7006: Parameter 'param' implicitly has an 'any' type.
controller/development/userInfo.ts(73,30): error TS7006: Parameter 'where' implicitly has an 'any' type.
controller/development/userInfo.ts(78,14): error TS7006: Parameter 'resData' implicitly has an 'any' type.
controller/development/userInfo.ts(82,15): error TS7006: Parameter 'err' implicitly has an 'any' type.

controller/development/userInfo.ts(14,1): error TS1214: Identifier expected. 'interface' is a reserved word in strict mode. Modules are automatically in strict mode.
controller/development/userInfo.ts(14,1): error TS2304: Cannot find name 'interface'.
controller/development/userInfo.ts(17,22): error TS7006: Parameter 'param' implicitly has an 'any' type.
controller/development/userInfo.ts(22,14): error TS7006: Parameter 'resData' implicitly has an 'any' type.
controller/development/userInfo.ts(25,15): error TS7006: Parameter 'err' implicitly has an 'any' type.
controller/development/userInfo.ts(33,14): error TS7006: Parameter 'resData' implicitly has an 'any' type.
controller/development/userInfo.ts(50,15): error TS7006: Parameter 'err' implicitly has an 'any' type.
controller/development/userInfo.ts(59,24): error TS7006: Parameter 'param' implicitly has an 'any' type.
controller/development/userInfo.ts(64,14): error TS7006: Parameter 'resData' implicitly has an 'any' type.
controller/development/userInfo.ts(67,15): error TS7006: Parameter 'err' implicitly has an 'any' type.
controller/development/userInfo.ts(73,24): error TS7006: Parameter 'param' implicitly has an 'any' type.
controller/development/userInfo.ts(73,30): error TS7006: Parameter 'where' implicitly has an 'any' type.
controller/development/userInfo.ts(78,14): error TS7006: Parameter 'resData' implicitly has an 'any' type.
controller/development/userInfo.ts(82,15): error TS7006: Parameter 'err' implicitly has an 'any' type.

controller/development/userInfo.ts(15,2): error TS2304: Cannot find name 'x'.
controller/development/userInfo.ts(15,4): error TS2693: 'any' only refers to a type, but is being used as a value here.
controller/development/userInfo.ts(19,22): error TS7006: Parameter 'param' implicitly has an 'any' type.
controller/development/userInfo.ts(24,14): error TS7006: Parameter 'resData' implicitly has an 'any' type.
controller/development/userInfo.ts(27,15): error TS7006: Parameter 'err' implicitly has an 'any' type.
controller/development/userInfo.ts(35,14): error TS7006: Parameter 'resData' implicitly has an 'any' type.
controller/development/userInfo.ts(52,15): error TS7006: Parameter 'err' implicitly has an 'any' type.
controller/development/userInfo.ts(61,24): error TS7006: Parameter 'param' implicitly has an 'any' type.
controller/development/userInfo.ts(66,14): error TS7006: Parameter 'resData' implicitly has an 'any' type.
controller/development/userInfo.ts(69,15): error TS7006: Parameter 'err' implicitly has an 'any' type.
controller/development/userInfo.ts(75,24): error TS7006: Parameter 'param' implicitly has an 'any' type.
controller/development/userInfo.ts(75,30): error TS7006: Parameter 'where' implicitly has an 'any' type.
controller/development/userInfo.ts(80,14): error TS7006: Parameter 'resData' implicitly has an 'any' type.
controller/development/userInfo.ts(84,15): error TS7006: Parameter 'err' implicitly has an 'any' type.
controller/development/userInfo.ts(14,16): error TS1005: '{' expected.
controller/development/userInfo.ts(15,3): error TS1005: ',' expected.

controller/development/userInfo.ts(15,2): error TS2304: Cannot find name 'x'.
controller/development/userInfo.ts(15,4): error TS2693: 'any' only refers to a type, but is being used as a value here.
controller/development/userInfo.ts(15,9): error TS2693: 'any' only refers to a type, but is being used as a value here.
controller/development/userInfo.ts(19,22): error TS7006: Parameter 'param' implicitly has an 'any' type.
controller/development/userInfo.ts(24,14): error TS7006: Parameter 'resData' implicitly has an 'any' type.
controller/development/userInfo.ts(27,15): error TS7006: Parameter 'err' implicitly has an 'any' type.
controller/development/userInfo.ts(35,14): error TS7006: Parameter 'resData' implicitly has an 'any' type.
controller/development/userInfo.ts(52,15): error TS7006: Parameter 'err' implicitly has an 'any' type.
controller/development/userInfo.ts(61,24): error TS7006: Parameter 'param' implicitly has an 'any' type.
controller/development/userInfo.ts(66,14): error TS7006: Parameter 'resData' implicitly has an 'any' type.
controller/development/userInfo.ts(69,15): error TS7006: Parameter 'err' implicitly has an 'any' type.
controller/development/userInfo.ts(75,24): error TS7006: Parameter 'param' implicitly has an 'any' type.
controller/development/userInfo.ts(75,30): error TS7006: Parameter 'where' implicitly has an 'any' type.
controller/development/userInfo.ts(80,14): error TS7006: Parameter 'resData' implicitly has an 'any' type.
controller/development/userInfo.ts(84,15): error TS7006: Parameter 'err' implicitly has an 'any' type.
controller/development/userInfo.ts(14,16): error TS1005: '{' expected.
controller/development/userInfo.ts(15,3): error TS1005: ',' expected.
controller/development/userInfo.ts(15,8): error TS1005: ';' expected.

controller/development/userInfo.ts(15,2): error TS1268: An index signature parameter type must be 'string', 'number', 'symbol', or a template literal type.
controller/development/userInfo.ts(19,22): error TS7006: Parameter 'param' implicitly has an 'any' type.
controller/development/userInfo.ts(24,14): error TS7006: Parameter 'resData' implicitly has an 'any' type.
controller/development/userInfo.ts(27,15): error TS7006: Parameter 'err' implicitly has an 'any' type.
controller/development/userInfo.ts(35,14): error TS7006: Parameter 'resData' implicitly has an 'any' type.
controller/development/userInfo.ts(52,15): error TS7006: Parameter 'err' implicitly has an 'any' type.
controller/development/userInfo.ts(61,24): error TS7006: Parameter 'param' implicitly has an 'any' type.
controller/development/userInfo.ts(66,14): error TS7006: Parameter 'resData' implicitly has an 'any' type.
controller/development/userInfo.ts(69,15): error TS7006: Parameter 'err' implicitly has an 'any' type.
controller/development/userInfo.ts(75,24): error TS7006: Parameter 'param' implicitly has an 'any' type.
controller/development/userInfo.ts(75,30): error TS7006: Parameter 'where' implicitly has an 'any' type.
controller/development/userInfo.ts(80,14): error TS7006: Parameter 'resData' implicitly has an 'any' type.
controller/development/userInfo.ts(84,15): error TS7006: Parameter 'err' implicitly has an 'any' type.

controller/development/userInfo.ts(15,2): error TS1268: An index signature parameter type must be 'string', 'number', 'symbol', or a template literal type.
controller/development/userInfo.ts(19,22): error TS7006: Parameter 'param' implicitly has an 'any' type.
controller/development/userInfo.ts(24,14): error TS7006: Parameter 'resData' implicitly has an 'any' type.
controller/development/userInfo.ts(27,15): error TS7006: Parameter 'err' implicitly has an 'any' type.
controller/development/userInfo.ts(35,14): error TS7006: Parameter 'resData' implicitly has an 'any' type.
controller/development/userInfo.ts(52,15): error TS7006: Parameter 'err' implicitly has an 'any' type.
controller/development/userInfo.ts(61,24): error TS7006: Parameter 'param' implicitly has an 'any' type.
controller/development/userInfo.ts(66,14): error TS7006: Parameter 'resData' implicitly has an 'any' type.
controller/development/userInfo.ts(69,15): error TS7006: Parameter 'err' implicitly has an 'any' type.
controller/development/userInfo.ts(75,24): error TS7006: Parameter 'param' implicitly has an 'any' type.
controller/development/userInfo.ts(75,30): error TS7006: Parameter 'where' implicitly has an 'any' type.
controller/development/userInfo.ts(80,14): error TS7006: Parameter 'resData' implicitly has an 'any' type.
controller/development/userInfo.ts(84,15): error TS7006: Parameter 'err' implicitly has an 'any' type.

controller/development/userInfo.ts(15,2): error TS1268: An index signature parameter type must be 'string', 'number', 'symbol', or a template literal type.
controller/development/userInfo.ts(19,22): error TS7006: Parameter 'param' implicitly has an 'any' type.
controller/development/userInfo.ts(24,14): error TS7006: Parameter 'resData' implicitly has an 'any' type.
controller/development/userInfo.ts(27,15): error TS7006: Parameter 'err' implicitly has an 'any' type.
controller/development/userInfo.ts(35,14): error TS7006: Parameter 'resData' implicitly has an 'any' type.
controller/development/userInfo.ts(52,15): error TS7006: Parameter 'err' implicitly has an 'any' type.
controller/development/userInfo.ts(61,24): error TS7006: Parameter 'param' implicitly has an 'any' type.
controller/development/userInfo.ts(66,14): error TS7006: Parameter 'resData' implicitly has an 'any' type.
controller/development/userInfo.ts(69,15): error TS7006: Parameter 'err' implicitly has an 'any' type.
controller/development/userInfo.ts(75,24): error TS7006: Parameter 'param' implicitly has an 'any' type.
controller/development/userInfo.ts(75,30): error TS7006: Parameter 'where' implicitly has an 'any' type.
controller/development/userInfo.ts(80,14): error TS7006: Parameter 'resData' implicitly has an 'any' type.
controller/development/userInfo.ts(84,15): error TS7006: Parameter 'err' implicitly has an 'any' type.

controller/development/userInfo.ts(15,2): error TS1268: An index signature parameter type must be 'string', 'number', 'symbol', or a template literal type.
controller/development/userInfo.ts(19,22): error TS7006: Parameter 'param' implicitly has an 'any' type.
controller/development/userInfo.ts(24,14): error TS7006: Parameter 'resData' implicitly has an 'any' type.
controller/development/userInfo.ts(27,15): error TS7006: Parameter 'err' implicitly has an 'any' type.
controller/development/userInfo.ts(35,14): error TS7006: Parameter 'resData' implicitly has an 'any' type.
controller/development/userInfo.ts(52,15): error TS7006: Parameter 'err' implicitly has an 'any' type.
controller/development/userInfo.ts(61,24): error TS7006: Parameter 'param' implicitly has an 'any' type.
controller/development/userInfo.ts(66,14): error TS7006: Parameter 'resData' implicitly has an 'any' type.
controller/development/userInfo.ts(69,15): error TS7006: Parameter 'err' implicitly has an 'any' type.
controller/development/userInfo.ts(75,24): error TS7006: Parameter 'param' implicitly has an 'any' type.
controller/development/userInfo.ts(75,30): error TS7006: Parameter 'where' implicitly has an 'any' type.
controller/development/userInfo.ts(80,14): error TS7006: Parameter 'resData' implicitly has an 'any' type.
controller/development/userInfo.ts(84,15): error TS7006: Parameter 'err' implicitly has an 'any' type.

controller/development/userInfo.ts(15,2): error TS1337: An index signature parameter type cannot be a literal type or generic type. Consider using a mapped object type instead.
controller/development/userInfo.ts(19,22): error TS7006: Parameter 'param' implicitly has an 'any' type.
controller/development/userInfo.ts(24,14): error TS7006: Parameter 'resData' implicitly has an 'any' type.
controller/development/userInfo.ts(27,15): error TS7006: Parameter 'err' implicitly has an 'any' type.
controller/development/userInfo.ts(35,14): error TS7006: Parameter 'resData' implicitly has an 'any' type.
controller/development/userInfo.ts(52,15): error TS7006: Parameter 'err' implicitly has an 'any' type.
controller/development/userInfo.ts(61,24): error TS7006: Parameter 'param' implicitly has an 'any' type.
controller/development/userInfo.ts(66,14): error TS7006: Parameter 'resData' implicitly has an 'any' type.
controller/development/userInfo.ts(69,15): error TS7006: Parameter 'err' implicitly has an 'any' type.
controller/development/userInfo.ts(75,24): error TS7006: Parameter 'param' implicitly has an 'any' type.
controller/development/userInfo.ts(75,30): error TS7006: Parameter 'where' implicitly has an 'any' type.
controller/development/userInfo.ts(80,14): error TS7006: Parameter 'resData' implicitly has an 'any' type.
controller/development/userInfo.ts(84,15): error TS7006: Parameter 'err' implicitly has an 'any' type.

controller/development/userInfo.ts(15,2): error TS1337: An index signature parameter type cannot be a literal type or generic type. Consider using a mapped object type instead.
controller/development/userInfo.ts(19,22): error TS7006: Parameter 'param' implicitly has an 'any' type.
controller/development/userInfo.ts(24,14): error TS7006: Parameter 'resData' implicitly has an 'any' type.
controller/development/userInfo.ts(27,15): error TS7006: Parameter 'err' implicitly has an 'any' type.
controller/development/userInfo.ts(35,14): error TS7006: Parameter 'resData' implicitly has an 'any' type.
controller/development/userInfo.ts(52,15): error TS7006: Parameter 'err' implicitly has an 'any' type.
controller/development/userInfo.ts(61,24): error TS7006: Parameter 'param' implicitly has an 'any' type.
controller/development/userInfo.ts(66,14): error TS7006: Parameter 'resData' implicitly has an 'any' type.
controller/development/userInfo.ts(69,15): error TS7006: Parameter 'err' implicitly has an 'any' type.
controller/development/userInfo.ts(75,24): error TS7006: Parameter 'param' implicitly has an 'any' type.
controller/development/userInfo.ts(75,30): error TS7006: Parameter 'where' implicitly has an 'any' type.
controller/development/userInfo.ts(80,14): error TS7006: Parameter 'resData' implicitly has an 'any' type.
controller/development/userInfo.ts(84,15): error TS7006: Parameter 'err' implicitly has an 'any' type.

controller/development/userInfo.ts(15,2): error TS1337: An index signature parameter type cannot be a literal type or generic type. Consider using a mapped object type instead.
controller/development/userInfo.ts(19,22): error TS7006: Parameter 'param' implicitly has an 'any' type.
controller/development/userInfo.ts(24,14): error TS7006: Parameter 'resData' implicitly has an 'any' type.
controller/development/userInfo.ts(27,15): error TS7006: Parameter 'err' implicitly has an 'any' type.
controller/development/userInfo.ts(35,14): error TS7006: Parameter 'resData' implicitly has an 'any' type.
controller/development/userInfo.ts(52,15): error TS7006: Parameter 'err' implicitly has an 'any' type.
controller/development/userInfo.ts(61,24): error TS7006: Parameter 'param' implicitly has an 'any' type.
controller/development/userInfo.ts(66,14): error TS7006: Parameter 'resData' implicitly has an 'any' type.
controller/development/userInfo.ts(69,15): error TS7006: Parameter 'err' implicitly has an 'any' type.
controller/development/userInfo.ts(75,24): error TS7006: Parameter 'param' implicitly has an 'any' type.
controller/development/userInfo.ts(75,30): error TS7006: Parameter 'where' implicitly has an 'any' type.
controller/development/userInfo.ts(80,14): error TS7006: Parameter 'resData' implicitly has an 'any' type.
controller/development/userInfo.ts(84,15): error TS7006: Parameter 'err' implicitly has an 'any' type.

controller/development/userInfo.ts(15,2): error TS1337: An index signature parameter type cannot be a literal type or generic type. Consider using a mapped object type instead.
controller/development/userInfo.ts(19,22): error TS7006: Parameter 'param' implicitly has an 'any' type.
controller/development/userInfo.ts(24,14): error TS7006: Parameter 'resData' implicitly has an 'any' type.
controller/development/userInfo.ts(27,15): error TS7006: Parameter 'err' implicitly has an 'any' type.
controller/development/userInfo.ts(35,14): error TS7006: Parameter 'resData' implicitly has an 'any' type.
controller/development/userInfo.ts(52,15): error TS7006: Parameter 'err' implicitly has an 'any' type.
controller/development/userInfo.ts(61,24): error TS7006: Parameter 'param' implicitly has an 'any' type.
controller/development/userInfo.ts(66,14): error TS7006: Parameter 'resData' implicitly has an 'any' type.
controller/development/userInfo.ts(69,15): error TS7006: Parameter 'err' implicitly has an 'any' type.
controller/development/userInfo.ts(75,24): error TS7006: Parameter 'param' implicitly has an 'any' type.
controller/development/userInfo.ts(75,30): error TS7006: Parameter 'where' implicitly has an 'any' type.
controller/development/userInfo.ts(80,14): error TS7006: Parameter 'resData' implicitly has an 'any' type.
controller/development/userInfo.ts(84,15): error TS7006: Parameter 'err' implicitly has an 'any' type.

controller/development/userInfo.ts(15,2): error TS1337: An index signature parameter type cannot be a literal type or generic type. Consider using a mapped object type instead.
controller/development/userInfo.ts(19,22): error TS7006: Parameter 'param' implicitly has an 'any' type.
controller/development/userInfo.ts(24,14): error TS7006: Parameter 'resData' implicitly has an 'any' type.
controller/development/userInfo.ts(27,15): error TS7006: Parameter 'err' implicitly has an 'any' type.
controller/development/userInfo.ts(35,14): error TS7006: Parameter 'resData' implicitly has an 'any' type.
controller/development/userInfo.ts(52,15): error TS7006: Parameter 'err' implicitly has an 'any' type.
controller/development/userInfo.ts(61,24): error TS7006: Parameter 'param' implicitly has an 'any' type.
controller/development/userInfo.ts(66,14): error TS7006: Parameter 'resData' implicitly has an 'any' type.
controller/development/userInfo.ts(69,15): error TS7006: Parameter 'err' implicitly has an 'any' type.
controller/development/userInfo.ts(75,24): error TS7006: Parameter 'param' implicitly has an 'any' type.
controller/development/userInfo.ts(75,30): error TS7006: Parameter 'where' implicitly has an 'any' type.
controller/development/userInfo.ts(80,14): error TS7006: Parameter 'resData' implicitly has an 'any' type.
controller/development/userInfo.ts(84,15): error TS7006: Parameter 'err' implicitly has an 'any' type.

controller/development/userInfo.ts(15,2): error TS1337: An index signature parameter type cannot be a literal type or generic type. Consider using a mapped object type instead.
controller/development/userInfo.ts(19,22): error TS7006: Parameter 'param' implicitly has an 'any' type.
controller/development/userInfo.ts(24,14): error TS7006: Parameter 'resData' implicitly has an 'any' type.
controller/development/userInfo.ts(27,15): error TS7006: Parameter 'err' implicitly has an 'any' type.
controller/development/userInfo.ts(35,14): error TS7006: Parameter 'resData' implicitly has an 'any' type.
controller/development/userInfo.ts(52,15): error TS7006: Parameter 'err' implicitly has an 'any' type.
controller/development/userInfo.ts(61,24): error TS7006: Parameter 'param' implicitly has an 'any' type.
controller/development/userInfo.ts(66,14): error TS7006: Parameter 'resData' implicitly has an 'any' type.
controller/development/userInfo.ts(69,15): error TS7006: Parameter 'err' implicitly has an 'any' type.
controller/development/userInfo.ts(75,24): error TS7006: Parameter 'param' implicitly has an 'any' type.
controller/development/userInfo.ts(75,30): error TS7006: Parameter 'where' implicitly has an 'any' type.
controller/development/userInfo.ts(80,14): error TS7006: Parameter 'resData' implicitly has an 'any' type.
controller/development/userInfo.ts(84,15): error TS7006: Parameter 'err' implicitly has an 'any' type.

controller/development/userInfo.ts(15,2): error TS1337: An index signature parameter type cannot be a literal type or generic type. Consider using a mapped object type instead.
controller/development/userInfo.ts(19,22): error TS7006: Parameter 'param' implicitly has an 'any' type.
controller/development/userInfo.ts(24,14): error TS7006: Parameter 'resData' implicitly has an 'any' type.
controller/development/userInfo.ts(27,15): error TS7006: Parameter 'err' implicitly has an 'any' type.
controller/development/userInfo.ts(35,14): error TS7006: Parameter 'resData' implicitly has an 'any' type.
controller/development/userInfo.ts(52,15): error TS7006: Parameter 'err' implicitly has an 'any' type.
controller/development/userInfo.ts(61,24): error TS7006: Parameter 'param' implicitly has an 'any' type.
controller/development/userInfo.ts(66,14): error TS7006: Parameter 'resData' implicitly has an 'any' type.
controller/development/userInfo.ts(69,15): error TS7006: Parameter 'err' implicitly has an 'any' type.
controller/development/userInfo.ts(75,24): error TS7006: Parameter 'param' implicitly has an 'any' type.
controller/development/userInfo.ts(75,30): error TS7006: Parameter 'where' implicitly has an 'any' type.
controller/development/userInfo.ts(80,14): error TS7006: Parameter 'resData' implicitly has an 'any' type.
controller/development/userInfo.ts(84,15): error TS7006: Parameter 'err' implicitly has an 'any' type.

controller/development/userInfo.ts(15,2): error TS1337: An index signature parameter type cannot be a literal type or generic type. Consider using a mapped object type instead.
controller/development/userInfo.ts(19,22): error TS7006: Parameter 'param' implicitly has an 'any' type.
controller/development/userInfo.ts(24,14): error TS7006: Parameter 'resData' implicitly has an 'any' type.
controller/development/userInfo.ts(27,15): error TS7006: Parameter 'err' implicitly has an 'any' type.
controller/development/userInfo.ts(35,14): error TS7006: Parameter 'resData' implicitly has an 'any' type.
controller/development/userInfo.ts(52,15): error TS7006: Parameter 'err' implicitly has an 'any' type.
controller/development/userInfo.ts(61,24): error TS7006: Parameter 'param' implicitly has an 'any' type.
controller/development/userInfo.ts(66,14): error TS7006: Parameter 'resData' implicitly has an 'any' type.
controller/development/userInfo.ts(69,15): error TS7006: Parameter 'err' implicitly has an 'any' type.
controller/development/userInfo.ts(75,24): error TS7006: Parameter 'param' implicitly has an 'any' type.
controller/development/userInfo.ts(75,30): error TS7006: Parameter 'where' implicitly has an 'any' type.
controller/development/userInfo.ts(80,14): error TS7006: Parameter 'resData' implicitly has an 'any' type.
controller/development/userInfo.ts(84,15): error TS7006: Parameter 'err' implicitly has an 'any' type.

controller/development/userInfo.ts(15,2): error TS1337: An index signature parameter type cannot be a literal type or generic type. Consider using a mapped object type instead.
controller/development/userInfo.ts(19,22): error TS7006: Parameter 'param' implicitly has an 'any' type.
controller/development/userInfo.ts(24,14): error TS7006: Parameter 'resData' implicitly has an 'any' type.
controller/development/userInfo.ts(27,15): error TS7006: Parameter 'err' implicitly has an 'any' type.
controller/development/userInfo.ts(35,14): error TS7006: Parameter 'resData' implicitly has an 'any' type.
controller/development/userInfo.ts(52,15): error TS7006: Parameter 'err' implicitly has an 'any' type.
controller/development/userInfo.ts(61,24): error TS7006: Parameter 'param' implicitly has an 'any' type.
controller/development/userInfo.ts(66,14): error TS7006: Parameter 'resData' implicitly has an 'any' type.
controller/development/userInfo.ts(69,15): error TS7006: Parameter 'err' implicitly has an 'any' type.
controller/development/userInfo.ts(75,24): error TS7006: Parameter 'param' implicitly has an 'any' type.
controller/development/userInfo.ts(75,30): error TS7006: Parameter 'where' implicitly has an 'any' type.
controller/development/userInfo.ts(80,14): error TS7006: Parameter 'resData' implicitly has an 'any' type.
controller/development/userInfo.ts(84,15): error TS7006: Parameter 'err' implicitly has an 'any' type.

controller/development/userInfo.ts(15,2): error TS1337: An index signature parameter type cannot be a literal type or generic type. Consider using a mapped object type instead.
controller/development/userInfo.ts(19,22): error TS7006: Parameter 'param' implicitly has an 'any' type.
controller/development/userInfo.ts(24,14): error TS7006: Parameter 'resData' implicitly has an 'any' type.
controller/development/userInfo.ts(27,15): error TS7006: Parameter 'err' implicitly has an 'any' type.
controller/development/userInfo.ts(35,14): error TS7006: Parameter 'resData' implicitly has an 'any' type.
controller/development/userInfo.ts(52,15): error TS7006: Parameter 'err' implicitly has an 'any' type.
controller/development/userInfo.ts(61,24): error TS7006: Parameter 'param' implicitly has an 'any' type.
controller/development/userInfo.ts(66,14): error TS7006: Parameter 'resData' implicitly has an 'any' type.
controller/development/userInfo.ts(69,15): error TS7006: Parameter 'err' implicitly has an 'any' type.
controller/development/userInfo.ts(75,24): error TS7006: Parameter 'param' implicitly has an 'any' type.
controller/development/userInfo.ts(75,30): error TS7006: Parameter 'where' implicitly has an 'any' type.
controller/development/userInfo.ts(80,14): error TS7006: Parameter 'resData' implicitly has an 'any' type.
controller/development/userInfo.ts(84,15): error TS7006: Parameter 'err' implicitly has an 'any' type.

controller/development/userInfo.ts(15,2): error TS1337: An index signature parameter type cannot be a literal type or generic type. Consider using a mapped object type instead.
controller/development/userInfo.ts(19,22): error TS7006: Parameter 'param' implicitly has an 'any' type.
controller/development/userInfo.ts(24,14): error TS7006: Parameter 'resData' implicitly has an 'any' type.
controller/development/userInfo.ts(27,15): error TS7006: Parameter 'err' implicitly has an 'any' type.
controller/development/userInfo.ts(35,14): error TS7006: Parameter 'resData' implicitly has an 'any' type.
controller/development/userInfo.ts(52,15): error TS7006: Parameter 'err' implicitly has an 'any' type.
controller/development/userInfo.ts(61,24): error TS7006: Parameter 'param' implicitly has an 'any' type.
controller/development/userInfo.ts(66,14): error TS7006: Parameter 'resData' implicitly has an 'any' type.
controller/development/userInfo.ts(69,15): error TS7006: Parameter 'err' implicitly has an 'any' type.
controller/development/userInfo.ts(75,24): error TS7006: Parameter 'param' implicitly has an 'any' type.
controller/development/userInfo.ts(75,30): error TS7006: Parameter 'where' implicitly has an 'any' type.
controller/development/userInfo.ts(80,14): error TS7006: Parameter 'resData' implicitly has an 'any' type.
controller/development/userInfo.ts(84,15): error TS7006: Parameter 'err' implicitly has an 'any' type.

controller/development/userInfo.ts(15,2): error TS1337: An index signature parameter type cannot be a literal type or generic type. Consider using a mapped object type instead.
controller/development/userInfo.ts(19,22): error TS7006: Parameter 'param' implicitly has an 'any' type.
controller/development/userInfo.ts(24,14): error TS7006: Parameter 'resData' implicitly has an 'any' type.
controller/development/userInfo.ts(27,15): error TS7006: Parameter 'err' implicitly has an 'any' type.
controller/development/userInfo.ts(35,14): error TS7006: Parameter 'resData' implicitly has an 'any' type.
controller/development/userInfo.ts(52,15): error TS7006: Parameter 'err' implicitly has an 'any' type.
controller/development/userInfo.ts(61,24): error TS7006: Parameter 'param' implicitly has an 'any' type.
controller/development/userInfo.ts(66,14): error TS7006: Parameter 'resData' implicitly has an 'any' type.
controller/development/userInfo.ts(69,15): error TS7006: Parameter 'err' implicitly has an 'any' type.
controller/development/userInfo.ts(75,24): error TS7006: Parameter 'param' implicitly has an 'any' type.
controller/development/userInfo.ts(75,30): error TS7006: Parameter 'where' implicitly has an 'any' type.
controller/development/userInfo.ts(80,14): error TS7006: Parameter 'resData' implicitly has an 'any' type.
controller/development/userInfo.ts(84,15): error TS7006: Parameter 'err' implicitly has an 'any' type.

controller/development/userInfo.ts(15,2): error TS1337: An index signature parameter type cannot be a literal type or generic type. Consider using a mapped object type instead.
controller/development/userInfo.ts(19,22): error TS7006: Parameter 'param' implicitly has an 'any' type.
controller/development/userInfo.ts(24,14): error TS7006: Parameter 'resData' implicitly has an 'any' type.
controller/development/userInfo.ts(27,15): error TS7006: Parameter 'err' implicitly has an 'any' type.
controller/development/userInfo.ts(35,14): error TS7006: Parameter 'resData' implicitly has an 'any' type.
controller/development/userInfo.ts(52,15): error TS7006: Parameter 'err' implicitly has an 'any' type.
controller/development/userInfo.ts(61,24): error TS7006: Parameter 'param' implicitly has an 'any' type.
controller/development/userInfo.ts(66,14): error TS7006: Parameter 'resData' implicitly has an 'any' type.
controller/development/userInfo.ts(69,15): error TS7006: Parameter 'err' implicitly has an 'any' type.
controller/development/userInfo.ts(75,24): error TS7006: Parameter 'param' implicitly has an 'any' type.
controller/development/userInfo.ts(75,30): error TS7006: Parameter 'where' implicitly has an 'any' type.
controller/development/userInfo.ts(80,14): error TS7006: Parameter 'resData' implicitly has an 'any' type.
controller/development/userInfo.ts(84,15): error TS7006: Parameter 'err' implicitly has an 'any' type.

controller/development/userInfo.ts(19,22): error TS7006: Parameter 'param' implicitly has an 'any' type.
controller/development/userInfo.ts(24,14): error TS7006: Parameter 'resData' implicitly has an 'any' type.
controller/development/userInfo.ts(27,15): error TS7006: Parameter 'err' implicitly has an 'any' type.
controller/development/userInfo.ts(35,14): error TS7006: Parameter 'resData' implicitly has an 'any' type.
controller/development/userInfo.ts(52,15): error TS7006: Parameter 'err' implicitly has an 'any' type.
controller/development/userInfo.ts(61,24): error TS7006: Parameter 'param' implicitly has an 'any' type.
controller/development/userInfo.ts(66,14): error TS7006: Parameter 'resData' implicitly has an 'any' type.
controller/development/userInfo.ts(69,15): error TS7006: Parameter 'err' implicitly has an 'any' type.
controller/development/userInfo.ts(75,24): error TS7006: Parameter 'param' implicitly has an 'any' type.
controller/development/userInfo.ts(75,30): error TS7006: Parameter 'where' implicitly has an 'any' type.
controller/development/userInfo.ts(80,14): error TS7006: Parameter 'resData' implicitly has an 'any' type.
controller/development/userInfo.ts(84,15): error TS7006: Parameter 'err' implicitly has an 'any' type.

controller/development/userInfo.ts(19,22): error TS7006: Parameter 'param' implicitly has an 'any' type.
controller/development/userInfo.ts(24,14): error TS7006: Parameter 'resData' implicitly has an 'any' type.
controller/development/userInfo.ts(27,15): error TS7006: Parameter 'err' implicitly has an 'any' type.
controller/development/userInfo.ts(35,14): error TS7006: Parameter 'resData' implicitly has an 'any' type.
controller/development/userInfo.ts(52,15): error TS7006: Parameter 'err' implicitly has an 'any' type.
controller/development/userInfo.ts(61,24): error TS7006: Parameter 'param' implicitly has an 'any' type.
controller/development/userInfo.ts(66,14): error TS7006: Parameter 'resData' implicitly has an 'any' type.
controller/development/userInfo.ts(69,15): error TS7006: Parameter 'err' implicitly has an 'any' type.
controller/development/userInfo.ts(75,24): error TS7006: Parameter 'param' implicitly has an 'any' type.
controller/development/userInfo.ts(75,30): error TS7006: Parameter 'where' implicitly has an 'any' type.
controller/development/userInfo.ts(80,14): error TS7006: Parameter 'resData' implicitly has an 'any' type.
controller/development/userInfo.ts(84,15): error TS7006: Parameter 'err' implicitly has an 'any' type.

controller/development/userInfo.ts(19,22): error TS7006: Parameter 'param' implicitly has an 'any' type.
controller/development/userInfo.ts(24,14): error TS7006: Parameter 'resData' implicitly has an 'any' type.
controller/development/userInfo.ts(27,15): error TS7006: Parameter 'err' implicitly has an 'any' type.
controller/development/userInfo.ts(35,14): error TS7006: Parameter 'resData' implicitly has an 'any' type.
controller/development/userInfo.ts(52,15): error TS7006: Parameter 'err' implicitly has an 'any' type.
controller/development/userInfo.ts(61,24): error TS7006: Parameter 'param' implicitly has an 'any' type.
controller/development/userInfo.ts(66,14): error TS7006: Parameter 'resData' implicitly has an 'any' type.
controller/development/userInfo.ts(69,15): error TS7006: Parameter 'err' implicitly has an 'any' type.
controller/development/userInfo.ts(75,24): error TS7006: Parameter 'param' implicitly has an 'any' type.
controller/development/userInfo.ts(75,30): error TS7006: Parameter 'where' implicitly has an 'any' type.
controller/development/userInfo.ts(80,14): error TS7006: Parameter 'resData' implicitly has an 'any' type.
controller/development/userInfo.ts(84,15): error TS7006: Parameter 'err' implicitly has an 'any' type.

controller/development/userInfo.ts(19,22): error TS7006: Parameter 'param' implicitly has an 'any' type.
controller/development/userInfo.ts(24,14): error TS7006: Parameter 'resData' implicitly has an 'any' type.
controller/development/userInfo.ts(27,15): error TS7006: Parameter 'err' implicitly has an 'any' type.
controller/development/userInfo.ts(35,14): error TS7006: Parameter 'resData' implicitly has an 'any' type.
controller/development/userInfo.ts(52,15): error TS7006: Parameter 'err' implicitly has an 'any' type.
controller/development/userInfo.ts(61,24): error TS7006: Parameter 'param' implicitly has an 'any' type.
controller/development/userInfo.ts(66,14): error TS7006: Parameter 'resData' implicitly has an 'any' type.
controller/development/userInfo.ts(69,15): error TS7006: Parameter 'err' implicitly has an 'any' type.
controller/development/userInfo.ts(75,24): error TS7006: Parameter 'param' implicitly has an 'any' type.
controller/development/userInfo.ts(75,30): error TS7006: Parameter 'where' implicitly has an 'any' type.
controller/development/userInfo.ts(80,14): error TS7006: Parameter 'resData' implicitly has an 'any' type.
controller/development/userInfo.ts(84,15): error TS7006: Parameter 'err' implicitly has an 'any' type.

controller/development/userInfo.ts(19,22): error TS7006: Parameter 'param' implicitly has an 'any' type.
controller/development/userInfo.ts(24,14): error TS7006: Parameter 'resData' implicitly has an 'any' type.
controller/development/userInfo.ts(27,15): error TS7006: Parameter 'err' implicitly has an 'any' type.
controller/development/userInfo.ts(35,14): error TS7006: Parameter 'resData' implicitly has an 'any' type.
controller/development/userInfo.ts(52,15): error TS7006: Parameter 'err' implicitly has an 'any' type.
controller/development/userInfo.ts(61,24): error TS7006: Parameter 'param' implicitly has an 'any' type.
controller/development/userInfo.ts(66,14): error TS7006: Parameter 'resData' implicitly has an 'any' type.
controller/development/userInfo.ts(69,15): error TS7006: Parameter 'err' implicitly has an 'any' type.
controller/development/userInfo.ts(75,24): error TS7006: Parameter 'param' implicitly has an 'any' type.
controller/development/userInfo.ts(75,30): error TS7006: Parameter 'where' implicitly has an 'any' type.
controller/development/userInfo.ts(80,14): error TS7006: Parameter 'resData' implicitly has an 'any' type.
controller/development/userInfo.ts(84,15): error TS7006: Parameter 'err' implicitly has an 'any' type.

controller/development/userInfo.ts(19,22): error TS7006: Parameter 'param' implicitly has an 'any' type.
controller/development/userInfo.ts(24,14): error TS7006: Parameter 'resData' implicitly has an 'any' type.
controller/development/userInfo.ts(27,15): error TS7006: Parameter 'err' implicitly has an 'any' type.
controller/development/userInfo.ts(35,14): error TS7006: Parameter 'resData' implicitly has an 'any' type.
controller/development/userInfo.ts(52,15): error TS7006: Parameter 'err' implicitly has an 'any' type.
controller/development/userInfo.ts(61,24): error TS7006: Parameter 'param' implicitly has an 'any' type.
controller/development/userInfo.ts(66,14): error TS7006: Parameter 'resData' implicitly has an 'any' type.
controller/development/userInfo.ts(69,15): error TS7006: Parameter 'err' implicitly has an 'any' type.
controller/development/userInfo.ts(75,24): error TS7006: Parameter 'param' implicitly has an 'any' type.
controller/development/userInfo.ts(75,30): error TS7006: Parameter 'where' implicitly has an 'any' type.
controller/development/userInfo.ts(80,14): error TS7006: Parameter 'resData' implicitly has an 'any' type.
controller/development/userInfo.ts(84,15): error TS7006: Parameter 'err' implicitly has an 'any' type.

controller/development/userInfo.ts(19,22): error TS7006: Parameter 'param' implicitly has an 'any' type.
controller/development/userInfo.ts(24,14): error TS7006: Parameter 'resData' implicitly has an 'any' type.
controller/development/userInfo.ts(27,15): error TS7006: Parameter 'err' implicitly has an 'any' type.
controller/development/userInfo.ts(35,14): error TS7006: Parameter 'resData' implicitly has an 'any' type.
controller/development/userInfo.ts(52,15): error TS7006: Parameter 'err' implicitly has an 'any' type.
controller/development/userInfo.ts(61,24): error TS7006: Parameter 'param' implicitly has an 'any' type.
controller/development/userInfo.ts(66,14): error TS7006: Parameter 'resData' implicitly has an 'any' type.
controller/development/userInfo.ts(69,15): error TS7006: Parameter 'err' implicitly has an 'any' type.
controller/development/userInfo.ts(75,24): error TS7006: Parameter 'param' implicitly has an 'any' type.
controller/development/userInfo.ts(75,30): error TS7006: Parameter 'where' implicitly has an 'any' type.
controller/development/userInfo.ts(80,14): error TS7006: Parameter 'resData' implicitly has an 'any' type.
controller/development/userInfo.ts(84,15): error TS7006: Parameter 'err' implicitly has an 'any' type.

controller/development/userInfo.ts(19,22): error TS7006: Parameter 'param' implicitly has an 'any' type.
controller/development/userInfo.ts(24,14): error TS7006: Parameter 'resData' implicitly has an 'any' type.
controller/development/userInfo.ts(27,15): error TS7006: Parameter 'err' implicitly has an 'any' type.
controller/development/userInfo.ts(35,14): error TS7006: Parameter 'resData' implicitly has an 'any' type.
controller/development/userInfo.ts(52,15): error TS7006: Parameter 'err' implicitly has an 'any' type.
controller/development/userInfo.ts(61,24): error TS7006: Parameter 'param' implicitly has an 'any' type.
controller/development/userInfo.ts(66,14): error TS7006: Parameter 'resData' implicitly has an 'any' type.
controller/development/userInfo.ts(69,15): error TS7006: Parameter 'err' implicitly has an 'any' type.
controller/development/userInfo.ts(75,24): error TS7006: Parameter 'param' implicitly has an 'any' type.
controller/development/userInfo.ts(75,30): error TS7006: Parameter 'where' implicitly has an 'any' type.
controller/development/userInfo.ts(80,14): error TS7006: Parameter 'resData' implicitly has an 'any' type.
controller/development/userInfo.ts(84,15): error TS7006: Parameter 'err' implicitly has an 'any' type.

controller/development/userInfo.ts(19,22): error TS7006: Parameter 'param' implicitly has an 'any' type.
controller/development/userInfo.ts(24,14): error TS7006: Parameter 'resData' implicitly has an 'any' type.
controller/development/userInfo.ts(27,15): error TS7006: Parameter 'err' implicitly has an 'any' type.
controller/development/userInfo.ts(35,14): error TS7006: Parameter 'resData' implicitly has an 'any' type.
controller/development/userInfo.ts(52,15): error TS7006: Parameter 'err' implicitly has an 'any' type.
controller/development/userInfo.ts(61,24): error TS7006: Parameter 'param' implicitly has an 'any' type.
controller/development/userInfo.ts(66,14): error TS7006: Parameter 'resData' implicitly has an 'any' type.
controller/development/userInfo.ts(69,15): error TS7006: Parameter 'err' implicitly has an 'any' type.
controller/development/userInfo.ts(75,24): error TS7006: Parameter 'param' implicitly has an 'any' type.
controller/development/userInfo.ts(75,30): error TS7006: Parameter 'where' implicitly has an 'any' type.
controller/development/userInfo.ts(80,14): error TS7006: Parameter 'resData' implicitly has an 'any' type.
controller/development/userInfo.ts(84,15): error TS7006: Parameter 'err' implicitly has an 'any' type.

controller/development/userInfo.ts(19,22): error TS7006: Parameter 'param' implicitly has an 'any' type.
controller/development/userInfo.ts(24,14): error TS7006: Parameter 'resData' implicitly has an 'any' type.
controller/development/userInfo.ts(27,15): error TS7006: Parameter 'err' implicitly has an 'any' type.
controller/development/userInfo.ts(35,14): error TS7006: Parameter 'resData' implicitly has an 'any' type.
controller/development/userInfo.ts(52,15): error TS7006: Parameter 'err' implicitly has an 'any' type.
controller/development/userInfo.ts(61,24): error TS7006: Parameter 'param' implicitly has an 'any' type.
controller/development/userInfo.ts(66,14): error TS7006: Parameter 'resData' implicitly has an 'any' type.
controller/development/userInfo.ts(69,15): error TS7006: Parameter 'err' implicitly has an 'any' type.
controller/development/userInfo.ts(75,24): error TS7006: Parameter 'param' implicitly has an 'any' type.
controller/development/userInfo.ts(75,30): error TS7006: Parameter 'where' implicitly has an 'any' type.
controller/development/userInfo.ts(80,14): error TS7006: Parameter 'resData' implicitly has an 'any' type.
controller/development/userInfo.ts(84,15): error TS7006: Parameter 'err' implicitly has an 'any' type.

controller/development/userInfo.ts(19,22): error TS7006: Parameter 'param' implicitly has an 'any' type.
controller/development/userInfo.ts(24,14): error TS7006: Parameter 'resData' implicitly has an 'any' type.
controller/development/userInfo.ts(27,15): error TS7006: Parameter 'err' implicitly has an 'any' type.
controller/development/userInfo.ts(35,14): error TS7006: Parameter 'resData' implicitly has an 'any' type.
controller/development/userInfo.ts(52,15): error TS7006: Parameter 'err' implicitly has an 'any' type.
controller/development/userInfo.ts(61,24): error TS7006: Parameter 'param' implicitly has an 'any' type.
controller/development/userInfo.ts(66,14): error TS7006: Parameter 'resData' implicitly has an 'any' type.
controller/development/userInfo.ts(69,15): error TS7006: Parameter 'err' implicitly has an 'any' type.
controller/development/userInfo.ts(75,24): error TS7006: Parameter 'param' implicitly has an 'any' type.
controller/development/userInfo.ts(75,30): error TS7006: Parameter 'where' implicitly has an 'any' type.
controller/development/userInfo.ts(80,14): error TS7006: Parameter 'resData' implicitly has an 'any' type.
controller/development/userInfo.ts(84,15): error TS7006: Parameter 'err' implicitly has an 'any' type.

controller/development/userInfo.ts(20,15): error TS2339: Property 'id' does not exist on type 'props'.
controller/development/userInfo.ts(24,14): error TS7006: Parameter 'resData' implicitly has an 'any' type.
controller/development/userInfo.ts(27,15): error TS7006: Parameter 'err' implicitly has an 'any' type.
controller/development/userInfo.ts(33,37): error TS2339: Property 'accountNumber' does not exist on type 'props'.
controller/development/userInfo.ts(35,14): error TS7006: Parameter 'resData' implicitly has an 'any' type.
controller/development/userInfo.ts(40,94): error TS2339: Property 'password' does not exist on type 'props'.
controller/development/userInfo.ts(52,15): error TS7006: Parameter 'err' implicitly has an 'any' type.
controller/development/userInfo.ts(61,24): error TS7006: Parameter 'param' implicitly has an 'any' type.
controller/development/userInfo.ts(66,14): error TS7006: Parameter 'resData' implicitly has an 'any' type.
controller/development/userInfo.ts(69,15): error TS7006: Parameter 'err' implicitly has an 'any' type.
controller/development/userInfo.ts(75,24): error TS7006: Parameter 'param' implicitly has an 'any' type.
controller/development/userInfo.ts(75,30): error TS7006: Parameter 'where' implicitly has an 'any' type.
controller/development/userInfo.ts(80,14): error TS7006: Parameter 'resData' implicitly has an 'any' type.
controller/development/userInfo.ts(84,15): error TS7006: Parameter 'err' implicitly has an 'any' type.

controller/development/userInfo.ts(20,15): error TS2339: Property 'id' does not exist on type 'props'.
controller/development/userInfo.ts(24,14): error TS7006: Parameter 'resData' implicitly has an 'any' type.
controller/development/userInfo.ts(27,15): error TS7006: Parameter 'err' implicitly has an 'any' type.
controller/development/userInfo.ts(33,37): error TS2339: Property 'accountNumber' does not exist on type 'props'.
controller/development/userInfo.ts(35,14): error TS7006: Parameter 'resData' implicitly has an 'any' type.
controller/development/userInfo.ts(40,94): error TS2339: Property 'password' does not exist on type 'props'.
controller/development/userInfo.ts(52,15): error TS7006: Parameter 'err' implicitly has an 'any' type.
controller/development/userInfo.ts(61,24): error TS7006: Parameter 'param' implicitly has an 'any' type.
controller/development/userInfo.ts(66,14): error TS7006: Parameter 'resData' implicitly has an 'any' type.
controller/development/userInfo.ts(69,15): error TS7006: Parameter 'err' implicitly has an 'any' type.
controller/development/userInfo.ts(75,24): error TS7006: Parameter 'param' implicitly has an 'any' type.
controller/development/userInfo.ts(75,30): error TS7006: Parameter 'where' implicitly has an 'any' type.
controller/development/userInfo.ts(80,14): error TS7006: Parameter 'resData' implicitly has an 'any' type.
controller/development/userInfo.ts(84,15): error TS7006: Parameter 'err' implicitly has an 'any' type.

controller/development/userInfo.ts(20,15): error TS2339: Property 'id' does not exist on type 'props'.
controller/development/userInfo.ts(24,14): error TS7006: Parameter 'resData' implicitly has an 'any' type.
controller/development/userInfo.ts(27,15): error TS7006: Parameter 'err' implicitly has an 'any' type.
controller/development/userInfo.ts(33,37): error TS2339: Property 'accountNumber' does not exist on type 'props'.
controller/development/userInfo.ts(35,14): error TS7006: Parameter 'resData' implicitly has an 'any' type.
controller/development/userInfo.ts(40,94): error TS2339: Property 'password' does not exist on type 'props'.
controller/development/userInfo.ts(52,15): error TS7006: Parameter 'err' implicitly has an 'any' type.
controller/development/userInfo.ts(61,24): error TS7006: Parameter 'param' implicitly has an 'any' type.
controller/development/userInfo.ts(66,14): error TS7006: Parameter 'resData' implicitly has an 'any' type.
controller/development/userInfo.ts(69,15): error TS7006: Parameter 'err' implicitly has an 'any' type.
controller/development/userInfo.ts(75,24): error TS7006: Parameter 'param' implicitly has an 'any' type.
controller/development/userInfo.ts(75,30): error TS7006: Parameter 'where' implicitly has an 'any' type.
controller/development/userInfo.ts(80,14): error TS7006: Parameter 'resData' implicitly has an 'any' type.
controller/development/userInfo.ts(84,15): error TS7006: Parameter 'err' implicitly has an 'any' type.

controller/development/userInfo.ts(20,15): error TS2339: Property 'id' does not exist on type 'props'.
controller/development/userInfo.ts(24,14): error TS7006: Parameter 'resData' implicitly has an 'any' type.
controller/development/userInfo.ts(27,15): error TS7006: Parameter 'err' implicitly has an 'any' type.
controller/development/userInfo.ts(33,37): error TS2339: Property 'accountNumber' does not exist on type 'props'.
controller/development/userInfo.ts(35,14): error TS7006: Parameter 'resData' implicitly has an 'any' type.
controller/development/userInfo.ts(40,94): error TS2339: Property 'password' does not exist on type 'props'.
controller/development/userInfo.ts(52,15): error TS7006: Parameter 'err' implicitly has an 'any' type.
controller/development/userInfo.ts(61,24): error TS7006: Parameter 'param' implicitly has an 'any' type.
controller/development/userInfo.ts(66,14): error TS7006: Parameter 'resData' implicitly has an 'any' type.
controller/development/userInfo.ts(69,15): error TS7006: Parameter 'err' implicitly has an 'any' type.
controller/development/userInfo.ts(75,24): error TS7006: Parameter 'param' implicitly has an 'any' type.
controller/development/userInfo.ts(75,30): error TS7006: Parameter 'where' implicitly has an 'any' type.
controller/development/userInfo.ts(80,14): error TS7006: Parameter 'resData' implicitly has an 'any' type.
controller/development/userInfo.ts(84,15): error TS7006: Parameter 'err' implicitly has an 'any' type.

controller/development/userInfo.ts(20,15): error TS2339: Property 'id' does not exist on type 'props'.
controller/development/userInfo.ts(24,14): error TS7006: Parameter 'resData' implicitly has an 'any' type.
controller/development/userInfo.ts(27,15): error TS7006: Parameter 'err' implicitly has an 'any' type.
controller/development/userInfo.ts(33,37): error TS2339: Property 'accountNumber' does not exist on type 'props'.
controller/development/userInfo.ts(35,14): error TS7006: Parameter 'resData' implicitly has an 'any' type.
controller/development/userInfo.ts(40,94): error TS2339: Property 'password' does not exist on type 'props'.
controller/development/userInfo.ts(52,15): error TS7006: Parameter 'err' implicitly has an 'any' type.
controller/development/userInfo.ts(61,24): error TS7006: Parameter 'param' implicitly has an 'any' type.
controller/development/userInfo.ts(66,14): error TS7006: Parameter 'resData' implicitly has an 'any' type.
controller/development/userInfo.ts(69,15): error TS7006: Parameter 'err' implicitly has an 'any' type.
controller/development/userInfo.ts(75,24): error TS7006: Parameter 'param' implicitly has an 'any' type.
controller/development/userInfo.ts(75,30): error TS7006: Parameter 'where' implicitly has an 'any' type.
controller/development/userInfo.ts(80,14): error TS7006: Parameter 'resData' implicitly has an 'any' type.
controller/development/userInfo.ts(84,15): error TS7006: Parameter 'err' implicitly has an 'any' type.

controller/development/userInfo.ts(20,15): error TS2339: Property 'id' does not exist on type 'props'.
controller/development/userInfo.ts(24,14): error TS7006: Parameter 'resData' implicitly has an 'any' type.
controller/development/userInfo.ts(27,15): error TS7006: Parameter 'err' implicitly has an 'any' type.
controller/development/userInfo.ts(33,37): error TS2339: Property 'accountNumber' does not exist on type 'props'.
controller/development/userInfo.ts(35,14): error TS7006: Parameter 'resData' implicitly has an 'any' type.
controller/development/userInfo.ts(40,94): error TS2339: Property 'password' does not exist on type 'props'.
controller/development/userInfo.ts(52,15): error TS7006: Parameter 'err' implicitly has an 'any' type.
controller/development/userInfo.ts(61,24): error TS7006: Parameter 'param' implicitly has an 'any' type.
controller/development/userInfo.ts(66,14): error TS7006: Parameter 'resData' implicitly has an 'any' type.
controller/development/userInfo.ts(69,15): error TS7006: Parameter 'err' implicitly has an 'any' type.
controller/development/userInfo.ts(75,24): error TS7006: Parameter 'param' implicitly has an 'any' type.
controller/development/userInfo.ts(75,30): error TS7006: Parameter 'where' implicitly has an 'any' type.
controller/development/userInfo.ts(80,14): error TS7006: Parameter 'resData' implicitly has an 'any' type.
controller/development/userInfo.ts(84,15): error TS7006: Parameter 'err' implicitly has an 'any' type.

controller/development/userInfo.ts(20,15): error TS2339: Property 'id' does not exist on type 'props'.
controller/development/userInfo.ts(24,14): error TS7006: Parameter 'resData' implicitly has an 'any' type.
controller/development/userInfo.ts(27,15): error TS7006: Parameter 'err' implicitly has an 'any' type.
controller/development/userInfo.ts(33,37): error TS2339: Property 'accountNumber' does not exist on type 'props'.
controller/development/userInfo.ts(35,14): error TS7006: Parameter 'resData' implicitly has an 'any' type.
controller/development/userInfo.ts(40,94): error TS2339: Property 'password' does not exist on type 'props'.
controller/development/userInfo.ts(52,15): error TS7006: Parameter 'err' implicitly has an 'any' type.
controller/development/userInfo.ts(61,24): error TS7006: Parameter 'param' implicitly has an 'any' type.
controller/development/userInfo.ts(66,14): error TS7006: Parameter 'resData' implicitly has an 'any' type.
controller/development/userInfo.ts(69,15): error TS7006: Parameter 'err' implicitly has an 'any' type.
controller/development/userInfo.ts(75,24): error TS7006: Parameter 'param' implicitly has an 'any' type.
controller/development/userInfo.ts(75,30): error TS7006: Parameter 'where' implicitly has an 'any' type.
controller/development/userInfo.ts(80,14): error TS7006: Parameter 'resData' implicitly has an 'any' type.
controller/development/userInfo.ts(84,15): error TS7006: Parameter 'err' implicitly has an 'any' type.

controller/development/userInfo.ts(20,15): error TS2339: Property 'id' does not exist on type 'props'.
controller/development/userInfo.ts(24,14): error TS7006: Parameter 'resData' implicitly has an 'any' type.
controller/development/userInfo.ts(27,15): error TS7006: Parameter 'err' implicitly has an 'any' type.
controller/development/userInfo.ts(33,37): error TS2339: Property 'accountNumber' does not exist on type 'props'.
controller/development/userInfo.ts(35,14): error TS7006: Parameter 'resData' implicitly has an 'any' type.
controller/development/userInfo.ts(40,94): error TS2339: Property 'password' does not exist on type 'props'.
controller/development/userInfo.ts(52,15): error TS7006: Parameter 'err' implicitly has an 'any' type.
controller/development/userInfo.ts(61,24): error TS7006: Parameter 'param' implicitly has an 'any' type.
controller/development/userInfo.ts(66,14): error TS7006: Parameter 'resData' implicitly has an 'any' type.
controller/development/userInfo.ts(69,15): error TS7006: Parameter 'err' implicitly has an 'any' type.
controller/development/userInfo.ts(75,24): error TS7006: Parameter 'param' implicitly has an 'any' type.
controller/development/userInfo.ts(75,30): error TS7006: Parameter 'where' implicitly has an 'any' type.
controller/development/userInfo.ts(80,14): error TS7006: Parameter 'resData' implicitly has an 'any' type.
controller/development/userInfo.ts(84,15): error TS7006: Parameter 'err' implicitly has an 'any' type.

controller/development/userInfo.ts(20,15): error TS2339: Property 'id' does not exist on type 'props'.
controller/development/userInfo.ts(24,14): error TS7006: Parameter 'resData' implicitly has an 'any' type.
controller/development/userInfo.ts(27,15): error TS7006: Parameter 'err' implicitly has an 'any' type.
controller/development/userInfo.ts(33,37): error TS2339: Property 'accountNumber' does not exist on type 'props'.
controller/development/userInfo.ts(35,14): error TS7006: Parameter 'resData' implicitly has an 'any' type.
controller/development/userInfo.ts(40,94): error TS2339: Property 'password' does not exist on type 'props'.
controller/development/userInfo.ts(52,15): error TS7006: Parameter 'err' implicitly has an 'any' type.
controller/development/userInfo.ts(61,24): error TS7006: Parameter 'param' implicitly has an 'any' type.
controller/development/userInfo.ts(66,14): error TS7006: Parameter 'resData' implicitly has an 'any' type.
controller/development/userInfo.ts(69,15): error TS7006: Parameter 'err' implicitly has an 'any' type.
controller/development/userInfo.ts(75,24): error TS7006: Parameter 'param' implicitly has an 'any' type.
controller/development/userInfo.ts(75,30): error TS7006: Parameter 'where' implicitly has an 'any' type.
controller/development/userInfo.ts(80,14): error TS7006: Parameter 'resData' implicitly has an 'any' type.
controller/development/userInfo.ts(84,15): error TS7006: Parameter 'err' implicitly has an 'any' type.

controller/development/userInfo.ts(20,15): error TS2339: Property 'id' does not exist on type 'props'.
controller/development/userInfo.ts(24,14): error TS7006: Parameter 'resData' implicitly has an 'any' type.
controller/development/userInfo.ts(27,15): error TS7006: Parameter 'err' implicitly has an 'any' type.
controller/development/userInfo.ts(33,37): error TS2339: Property 'accountNumber' does not exist on type 'props'.
controller/development/userInfo.ts(35,14): error TS7006: Parameter 'resData' implicitly has an 'any' type.
controller/development/userInfo.ts(40,94): error TS2339: Property 'password' does not exist on type 'props'.
controller/development/userInfo.ts(52,15): error TS7006: Parameter 'err' implicitly has an 'any' type.
controller/development/userInfo.ts(61,24): error TS7006: Parameter 'param' implicitly has an 'any' type.
controller/development/userInfo.ts(66,14): error TS7006: Parameter 'resData' implicitly has an 'any' type.
controller/development/userInfo.ts(69,15): error TS7006: Parameter 'err' implicitly has an 'any' type.
controller/development/userInfo.ts(75,24): error TS7006: Parameter 'param' implicitly has an 'any' type.
controller/development/userInfo.ts(75,30): error TS7006: Parameter 'where' implicitly has an 'any' type.
controller/development/userInfo.ts(80,14): error TS7006: Parameter 'resData' implicitly has an 'any' type.
controller/development/userInfo.ts(84,15): error TS7006: Parameter 'err' implicitly has an 'any' type.

controller/development/userInfo.ts(20,15): error TS2339: Property 'id' does not exist on type 'props'.
controller/development/userInfo.ts(24,14): error TS7006: Parameter 'resData' implicitly has an 'any' type.
controller/development/userInfo.ts(27,15): error TS7006: Parameter 'err' implicitly has an 'any' type.
controller/development/userInfo.ts(33,37): error TS2339: Property 'accountNumber' does not exist on type 'props'.
controller/development/userInfo.ts(35,14): error TS7006: Parameter 'resData' implicitly has an 'any' type.
controller/development/userInfo.ts(40,94): error TS2339: Property 'password' does not exist on type 'props'.
controller/development/userInfo.ts(52,15): error TS7006: Parameter 'err' implicitly has an 'any' type.
controller/development/userInfo.ts(61,24): error TS7006: Parameter 'param' implicitly has an 'any' type.
controller/development/userInfo.ts(66,14): error TS7006: Parameter 'resData' implicitly has an 'any' type.
controller/development/userInfo.ts(69,15): error TS7006: Parameter 'err' implicitly has an 'any' type.
controller/development/userInfo.ts(75,24): error TS7006: Parameter 'param' implicitly has an 'any' type.
controller/development/userInfo.ts(75,30): error TS7006: Parameter 'where' implicitly has an 'any' type.
controller/development/userInfo.ts(80,14): error TS7006: Parameter 'resData' implicitly has an 'any' type.
controller/development/userInfo.ts(84,15): error TS7006: Parameter 'err' implicitly has an 'any' type.

controller/development/userInfo.ts(20,15): error TS2339: Property 'id' does not exist on type 'props'.
controller/development/userInfo.ts(24,14): error TS7006: Parameter 'resData' implicitly has an 'any' type.
controller/development/userInfo.ts(27,15): error TS7006: Parameter 'err' implicitly has an 'any' type.
controller/development/userInfo.ts(33,37): error TS2339: Property 'accountNumber' does not exist on type 'props'.
controller/development/userInfo.ts(35,14): error TS7006: Parameter 'resData' implicitly has an 'any' type.
controller/development/userInfo.ts(40,94): error TS2339: Property 'password' does not exist on type 'props'.
controller/development/userInfo.ts(52,15): error TS7006: Parameter 'err' implicitly has an 'any' type.
controller/development/userInfo.ts(61,24): error TS7006: Parameter 'param' implicitly has an 'any' type.
controller/development/userInfo.ts(66,14): error TS7006: Parameter 'resData' implicitly has an 'any' type.
controller/development/userInfo.ts(69,15): error TS7006: Parameter 'err' implicitly has an 'any' type.
controller/development/userInfo.ts(75,24): error TS7006: Parameter 'param' implicitly has an 'any' type.
controller/development/userInfo.ts(75,30): error TS7006: Parameter 'where' implicitly has an 'any' type.
controller/development/userInfo.ts(80,14): error TS7006: Parameter 'resData' implicitly has an 'any' type.
controller/development/userInfo.ts(84,15): error TS7006: Parameter 'err' implicitly has an 'any' type.

controller/development/userInfo.ts(20,15): error TS2339: Property 'id' does not exist on type 'props'.
controller/development/userInfo.ts(24,14): error TS7006: Parameter 'resData' implicitly has an 'any' type.
controller/development/userInfo.ts(27,15): error TS7006: Parameter 'err' implicitly has an 'any' type.
controller/development/userInfo.ts(33,37): error TS2339: Property 'accountNumber' does not exist on type 'props'.
controller/development/userInfo.ts(35,14): error TS7006: Parameter 'resData' implicitly has an 'any' type.
controller/development/userInfo.ts(40,94): error TS2339: Property 'password' does not exist on type 'props'.
controller/development/userInfo.ts(52,15): error TS7006: Parameter 'err' implicitly has an 'any' type.
controller/development/userInfo.ts(61,24): error TS7006: Parameter 'param' implicitly has an 'any' type.
controller/development/userInfo.ts(66,14): error TS7006: Parameter 'resData' implicitly has an 'any' type.
controller/development/userInfo.ts(69,15): error TS7006: Parameter 'err' implicitly has an 'any' type.
controller/development/userInfo.ts(75,24): error TS7006: Parameter 'param' implicitly has an 'any' type.
controller/development/userInfo.ts(75,30): error TS7006: Parameter 'where' implicitly has an 'any' type.
controller/development/userInfo.ts(80,14): error TS7006: Parameter 'resData' implicitly has an 'any' type.
controller/development/userInfo.ts(84,15): error TS7006: Parameter 'err' implicitly has an 'any' type.

controller/development/userInfo.ts(20,15): error TS2339: Property 'id' does not exist on type 'props'.
controller/development/userInfo.ts(24,14): error TS7006: Parameter 'resData' implicitly has an 'any' type.
controller/development/userInfo.ts(27,15): error TS7006: Parameter 'err' implicitly has an 'any' type.
controller/development/userInfo.ts(33,37): error TS2339: Property 'accountNumber' does not exist on type 'props'.
controller/development/userInfo.ts(35,14): error TS7006: Parameter 'resData' implicitly has an 'any' type.
controller/development/userInfo.ts(40,94): error TS2339: Property 'password' does not exist on type 'props'.
controller/development/userInfo.ts(52,15): error TS7006: Parameter 'err' implicitly has an 'any' type.
controller/development/userInfo.ts(61,24): error TS7006: Parameter 'param' implicitly has an 'any' type.
controller/development/userInfo.ts(66,14): error TS7006: Parameter 'resData' implicitly has an 'any' type.
controller/development/userInfo.ts(69,15): error TS7006: Parameter 'err' implicitly has an 'any' type.
controller/development/userInfo.ts(75,24): error TS7006: Parameter 'param' implicitly has an 'any' type.
controller/development/userInfo.ts(75,30): error TS7006: Parameter 'where' implicitly has an 'any' type.
controller/development/userInfo.ts(80,14): error TS7006: Parameter 'resData' implicitly has an 'any' type.
controller/development/userInfo.ts(84,15): error TS7006: Parameter 'err' implicitly has an 'any' type.

controller/development/userInfo.ts(20,15): error TS2339: Property 'id' does not exist on type 'props'.
controller/development/userInfo.ts(24,14): error TS7006: Parameter 'resData' implicitly has an 'any' type.
controller/development/userInfo.ts(27,15): error TS7006: Parameter 'err' implicitly has an 'any' type.
controller/development/userInfo.ts(33,37): error TS2339: Property 'accountNumber' does not exist on type 'props'.
controller/development/userInfo.ts(35,14): error TS7006: Parameter 'resData' implicitly has an 'any' type.
controller/development/userInfo.ts(40,94): error TS2339: Property 'password' does not exist on type 'props'.
controller/development/userInfo.ts(52,15): error TS7006: Parameter 'err' implicitly has an 'any' type.
controller/development/userInfo.ts(61,24): error TS7006: Parameter 'param' implicitly has an 'any' type.
controller/development/userInfo.ts(66,14): error TS7006: Parameter 'resData' implicitly has an 'any' type.
controller/development/userInfo.ts(69,15): error TS7006: Parameter 'err' implicitly has an 'any' type.
controller/development/userInfo.ts(75,24): error TS7006: Parameter 'param' implicitly has an 'any' type.
controller/development/userInfo.ts(75,30): error TS7006: Parameter 'where' implicitly has an 'any' type.
controller/development/userInfo.ts(80,14): error TS7006: Parameter 'resData' implicitly has an 'any' type.
controller/development/userInfo.ts(84,15): error TS7006: Parameter 'err' implicitly has an 'any' type.

controller/development/userInfo.ts(20,15): error TS2339: Property 'id' does not exist on type 'props'.
controller/development/userInfo.ts(24,14): error TS7006: Parameter 'resData' implicitly has an 'any' type.
controller/development/userInfo.ts(27,15): error TS7006: Parameter 'err' implicitly has an 'any' type.
controller/development/userInfo.ts(33,37): error TS2339: Property 'accountNumber' does not exist on type 'props'.
controller/development/userInfo.ts(35,14): error TS7006: Parameter 'resData' implicitly has an 'any' type.
controller/development/userInfo.ts(40,94): error TS2339: Property 'password' does not exist on type 'props'.
controller/development/userInfo.ts(52,15): error TS7006: Parameter 'err' implicitly has an 'any' type.
controller/development/userInfo.ts(61,24): error TS7006: Parameter 'param' implicitly has an 'any' type.
controller/development/userInfo.ts(66,14): error TS7006: Parameter 'resData' implicitly has an 'any' type.
controller/development/userInfo.ts(69,15): error TS7006: Parameter 'err' implicitly has an 'any' type.
controller/development/userInfo.ts(75,24): error TS7006: Parameter 'param' implicitly has an 'any' type.
controller/development/userInfo.ts(75,30): error TS7006: Parameter 'where' implicitly has an 'any' type.
controller/development/userInfo.ts(80,14): error TS7006: Parameter 'resData' implicitly has an 'any' type.
controller/development/userInfo.ts(84,15): error TS7006: Parameter 'err' implicitly has an 'any' type.

controller/development/userInfo.ts(20,15): error TS2339: Property 'id' does not exist on type 'props'.
controller/development/userInfo.ts(24,14): error TS7006: Parameter 'resData' implicitly has an 'any' type.
controller/development/userInfo.ts(27,15): error TS7006: Parameter 'err' implicitly has an 'any' type.
controller/development/userInfo.ts(33,37): error TS2339: Property 'accountNumber' does not exist on type 'props'.
controller/development/userInfo.ts(35,14): error TS7006: Parameter 'resData' implicitly has an 'any' type.
controller/development/userInfo.ts(40,94): error TS2339: Property 'password' does not exist on type 'props'.
controller/development/userInfo.ts(52,15): error TS7006: Parameter 'err' implicitly has an 'any' type.
controller/development/userInfo.ts(61,24): error TS7006: Parameter 'param' implicitly has an 'any' type.
controller/development/userInfo.ts(66,14): error TS7006: Parameter 'resData' implicitly has an 'any' type.
controller/development/userInfo.ts(69,15): error TS7006: Parameter 'err' implicitly has an 'any' type.
controller/development/userInfo.ts(75,24): error TS7006: Parameter 'param' implicitly has an 'any' type.
controller/development/userInfo.ts(75,30): error TS7006: Parameter 'where' implicitly has an 'any' type.
controller/development/userInfo.ts(80,14): error TS7006: Parameter 'resData' implicitly has an 'any' type.
controller/development/userInfo.ts(84,15): error TS7006: Parameter 'err' implicitly has an 'any' type.

controller/development/userInfo.ts(20,15): error TS2339: Property 'id' does not exist on type 'props'.
controller/development/userInfo.ts(24,14): error TS7006: Parameter 'resData' implicitly has an 'any' type.
controller/development/userInfo.ts(27,15): error TS7006: Parameter 'err' implicitly has an 'any' type.
controller/development/userInfo.ts(33,37): error TS2339: Property 'accountNumber' does not exist on type 'props'.
controller/development/userInfo.ts(35,14): error TS7006: Parameter 'resData' implicitly has an 'any' type.
controller/development/userInfo.ts(40,94): error TS2339: Property 'password' does not exist on type 'props'.
controller/development/userInfo.ts(52,15): error TS7006: Parameter 'err' implicitly has an 'any' type.
controller/development/userInfo.ts(61,24): error TS7006: Parameter 'param' implicitly has an 'any' type.
controller/development/userInfo.ts(66,14): error TS7006: Parameter 'resData' implicitly has an 'any' type.
controller/development/userInfo.ts(69,15): error TS7006: Parameter 'err' implicitly has an 'any' type.
controller/development/userInfo.ts(75,24): error TS7006: Parameter 'param' implicitly has an 'any' type.
controller/development/userInfo.ts(75,30): error TS7006: Parameter 'where' implicitly has an 'any' type.
controller/development/userInfo.ts(80,14): error TS7006: Parameter 'resData' implicitly has an 'any' type.
controller/development/userInfo.ts(84,15): error TS7006: Parameter 'err' implicitly has an 'any' type.

controller/development/userInfo.ts(20,15): error TS2339: Property 'id' does not exist on type 'props'.
controller/development/userInfo.ts(24,14): error TS7006: Parameter 'resData' implicitly has an 'any' type.
controller/development/userInfo.ts(27,15): error TS7006: Parameter 'err' implicitly has an 'any' type.
controller/development/userInfo.ts(33,37): error TS2339: Property 'accountNumber' does not exist on type 'props'.
controller/development/userInfo.ts(35,14): error TS7006: Parameter 'resData' implicitly has an 'any' type.
controller/development/userInfo.ts(40,94): error TS2339: Property 'password' does not exist on type 'props'.
controller/development/userInfo.ts(52,15): error TS7006: Parameter 'err' implicitly has an 'any' type.
controller/development/userInfo.ts(61,24): error TS7006: Parameter 'param' implicitly has an 'any' type.
controller/development/userInfo.ts(66,14): error TS7006: Parameter 'resData' implicitly has an 'any' type.
controller/development/userInfo.ts(69,15): error TS7006: Parameter 'err' implicitly has an 'any' type.
controller/development/userInfo.ts(75,24): error TS7006: Parameter 'param' implicitly has an 'any' type.
controller/development/userInfo.ts(75,30): error TS7006: Parameter 'where' implicitly has an 'any' type.
controller/development/userInfo.ts(80,14): error TS7006: Parameter 'resData' implicitly has an 'any' type.
controller/development/userInfo.ts(84,15): error TS7006: Parameter 'err' implicitly has an 'any' type.

controller/development/userInfo.ts(20,15): error TS2339: Property 'id' does not exist on type 'props'.
controller/development/userInfo.ts(24,14): error TS7006: Parameter 'resData' implicitly has an 'any' type.
controller/development/userInfo.ts(27,15): error TS7006: Parameter 'err' implicitly has an 'any' type.
controller/development/userInfo.ts(33,37): error TS2339: Property 'accountNumber' does not exist on type 'props'.
controller/development/userInfo.ts(35,14): error TS7006: Parameter 'resData' implicitly has an 'any' type.
controller/development/userInfo.ts(40,94): error TS2339: Property 'password' does not exist on type 'props'.
controller/development/userInfo.ts(52,15): error TS7006: Parameter 'err' implicitly has an 'any' type.
controller/development/userInfo.ts(61,24): error TS7006: Parameter 'param' implicitly has an 'any' type.
controller/development/userInfo.ts(66,14): error TS7006: Parameter 'resData' implicitly has an 'any' type.
controller/development/userInfo.ts(69,15): error TS7006: Parameter 'err' implicitly has an 'any' type.
controller/development/userInfo.ts(75,24): error TS7006: Parameter 'param' implicitly has an 'any' type.
controller/development/userInfo.ts(75,30): error TS7006: Parameter 'where' implicitly has an 'any' type.
controller/development/userInfo.ts(80,14): error TS7006: Parameter 'resData' implicitly has an 'any' type.
controller/development/userInfo.ts(84,15): error TS7006: Parameter 'err' implicitly has an 'any' type.

controller/development/userInfo.ts(20,15): error TS2339: Property 'id' does not exist on type 'props'.
controller/development/userInfo.ts(24,14): error TS7006: Parameter 'resData' implicitly has an 'any' type.
controller/development/userInfo.ts(27,15): error TS7006: Parameter 'err' implicitly has an 'any' type.
controller/development/userInfo.ts(33,37): error TS2339: Property 'accountNumber' does not exist on type 'props'.
controller/development/userInfo.ts(35,14): error TS7006: Parameter 'resData' implicitly has an 'any' type.
controller/development/userInfo.ts(40,94): error TS2339: Property 'password' does not exist on type 'props'.
controller/development/userInfo.ts(52,15): error TS7006: Parameter 'err' implicitly has an 'any' type.
controller/development/userInfo.ts(61,24): error TS7006: Parameter 'param' implicitly has an 'any' type.
controller/development/userInfo.ts(66,14): error TS7006: Parameter 'resData' implicitly has an 'any' type.
controller/development/userInfo.ts(69,15): error TS7006: Parameter 'err' implicitly has an 'any' type.
controller/development/userInfo.ts(75,24): error TS7006: Parameter 'param' implicitly has an 'any' type.
controller/development/userInfo.ts(75,30): error TS7006: Parameter 'where' implicitly has an 'any' type.
controller/development/userInfo.ts(80,14): error TS7006: Parameter 'resData' implicitly has an 'any' type.
controller/development/userInfo.ts(84,15): error TS7006: Parameter 'err' implicitly has an 'any' type.

controller/development/userInfo.ts(20,15): error TS2339: Property 'id' does not exist on type 'props'.
controller/development/userInfo.ts(24,14): error TS7006: Parameter 'resData' implicitly has an 'any' type.
controller/development/userInfo.ts(27,15): error TS7006: Parameter 'err' implicitly has an 'any' type.
controller/development/userInfo.ts(33,37): error TS2339: Property 'accountNumber' does not exist on type 'props'.
controller/development/userInfo.ts(35,14): error TS7006: Parameter 'resData' implicitly has an 'any' type.
controller/development/userInfo.ts(40,94): error TS2339: Property 'password' does not exist on type 'props'.
controller/development/userInfo.ts(52,15): error TS7006: Parameter 'err' implicitly has an 'any' type.
controller/development/userInfo.ts(61,24): error TS7006: Parameter 'param' implicitly has an 'any' type.
controller/development/userInfo.ts(66,14): error TS7006: Parameter 'resData' implicitly has an 'any' type.
controller/development/userInfo.ts(69,15): error TS7006: Parameter 'err' implicitly has an 'any' type.
controller/development/userInfo.ts(75,24): error TS7006: Parameter 'param' implicitly has an 'any' type.
controller/development/userInfo.ts(75,30): error TS7006: Parameter 'where' implicitly has an 'any' type.
controller/development/userInfo.ts(80,14): error TS7006: Parameter 'resData' implicitly has an 'any' type.
controller/development/userInfo.ts(84,15): error TS7006: Parameter 'err' implicitly has an 'any' type.

controller/development/userInfo.ts(20,15): error TS2339: Property 'id' does not exist on type 'props'.
controller/development/userInfo.ts(24,14): error TS7006: Parameter 'resData' implicitly has an 'any' type.
controller/development/userInfo.ts(27,15): error TS7006: Parameter 'err' implicitly has an 'any' type.
controller/development/userInfo.ts(33,37): error TS2339: Property 'accountNumber' does not exist on type 'props'.
controller/development/userInfo.ts(35,14): error TS7006: Parameter 'resData' implicitly has an 'any' type.
controller/development/userInfo.ts(40,94): error TS2339: Property 'password' does not exist on type 'props'.
controller/development/userInfo.ts(52,15): error TS7006: Parameter 'err' implicitly has an 'any' type.
controller/development/userInfo.ts(61,24): error TS7006: Parameter 'param' implicitly has an 'any' type.
controller/development/userInfo.ts(66,14): error TS7006: Parameter 'resData' implicitly has an 'any' type.
controller/development/userInfo.ts(69,15): error TS7006: Parameter 'err' implicitly has an 'any' type.
controller/development/userInfo.ts(75,24): error TS7006: Parameter 'param' implicitly has an 'any' type.
controller/development/userInfo.ts(75,30): error TS7006: Parameter 'where' implicitly has an 'any' type.
controller/development/userInfo.ts(80,14): error TS7006: Parameter 'resData' implicitly has an 'any' type.
controller/development/userInfo.ts(84,15): error TS7006: Parameter 'err' implicitly has an 'any' type.

controller/development/userInfo.ts(20,15): error TS2339: Property 'id' does not exist on type 'props'.
controller/development/userInfo.ts(24,14): error TS7006: Parameter 'resData' implicitly has an 'any' type.
controller/development/userInfo.ts(27,15): error TS7006: Parameter 'err' implicitly has an 'any' type.
controller/development/userInfo.ts(33,37): error TS2339: Property 'accountNumber' does not exist on type 'props'.
controller/development/userInfo.ts(35,14): error TS7006: Parameter 'resData' implicitly has an 'any' type.
controller/development/userInfo.ts(40,94): error TS2339: Property 'password' does not exist on type 'props'.
controller/development/userInfo.ts(52,15): error TS7006: Parameter 'err' implicitly has an 'any' type.
controller/development/userInfo.ts(61,24): error TS7006: Parameter 'param' implicitly has an 'any' type.
controller/development/userInfo.ts(66,14): error TS7006: Parameter 'resData' implicitly has an 'any' type.
controller/development/userInfo.ts(69,15): error TS7006: Parameter 'err' implicitly has an 'any' type.
controller/development/userInfo.ts(75,24): error TS7006: Parameter 'param' implicitly has an 'any' type.
controller/development/userInfo.ts(75,30): error TS7006: Parameter 'where' implicitly has an 'any' type.
controller/development/userInfo.ts(80,14): error TS7006: Parameter 'resData' implicitly has an 'any' type.
controller/development/userInfo.ts(84,15): error TS7006: Parameter 'err' implicitly has an 'any' type.

controller/development/userInfo.ts(20,15): error TS2339: Property 'id' does not exist on type 'props'.
controller/development/userInfo.ts(24,14): error TS7006: Parameter 'resData' implicitly has an 'any' type.
controller/development/userInfo.ts(27,15): error TS7006: Parameter 'err' implicitly has an 'any' type.
controller/development/userInfo.ts(33,37): error TS2339: Property 'accountNumber' does not exist on type 'props'.
controller/development/userInfo.ts(35,14): error TS7006: Parameter 'resData' implicitly has an 'any' type.
controller/development/userInfo.ts(40,94): error TS2339: Property 'password' does not exist on type 'props'.
controller/development/userInfo.ts(52,15): error TS7006: Parameter 'err' implicitly has an 'any' type.
controller/development/userInfo.ts(61,24): error TS7006: Parameter 'param' implicitly has an 'any' type.
controller/development/userInfo.ts(66,14): error TS7006: Parameter 'resData' implicitly has an 'any' type.
controller/development/userInfo.ts(69,15): error TS7006: Parameter 'err' implicitly has an 'any' type.
controller/development/userInfo.ts(75,24): error TS7006: Parameter 'param' implicitly has an 'any' type.
controller/development/userInfo.ts(75,30): error TS7006: Parameter 'where' implicitly has an 'any' type.
controller/development/userInfo.ts(80,14): error TS7006: Parameter 'resData' implicitly has an 'any' type.
controller/development/userInfo.ts(84,15): error TS7006: Parameter 'err' implicitly has an 'any' type.

controller/development/userInfo.ts(20,15): error TS2339: Property 'id' does not exist on type 'props'.
controller/development/userInfo.ts(24,14): error TS7006: Parameter 'resData' implicitly has an 'any' type.
controller/development/userInfo.ts(27,15): error TS7006: Parameter 'err' implicitly has an 'any' type.
controller/development/userInfo.ts(33,37): error TS2339: Property 'accountNumber' does not exist on type 'props'.
controller/development/userInfo.ts(35,14): error TS7006: Parameter 'resData' implicitly has an 'any' type.
controller/development/userInfo.ts(40,94): error TS2339: Property 'password' does not exist on type 'props'.
controller/development/userInfo.ts(52,15): error TS7006: Parameter 'err' implicitly has an 'any' type.
controller/development/userInfo.ts(61,24): error TS7006: Parameter 'param' implicitly has an 'any' type.
controller/development/userInfo.ts(66,14): error TS7006: Parameter 'resData' implicitly has an 'any' type.
controller/development/userInfo.ts(69,15): error TS7006: Parameter 'err' implicitly has an 'any' type.
controller/development/userInfo.ts(75,24): error TS7006: Parameter 'param' implicitly has an 'any' type.
controller/development/userInfo.ts(75,30): error TS7006: Parameter 'where' implicitly has an 'any' type.
controller/development/userInfo.ts(80,14): error TS7006: Parameter 'resData' implicitly has an 'any' type.
controller/development/userInfo.ts(84,15): error TS7006: Parameter 'err' implicitly has an 'any' type.

controller/development/userInfo.ts(20,15): error TS2339: Property 'id' does not exist on type 'props'.
controller/development/userInfo.ts(24,14): error TS7006: Parameter 'resData' implicitly has an 'any' type.
controller/development/userInfo.ts(27,15): error TS7006: Parameter 'err' implicitly has an 'any' type.
controller/development/userInfo.ts(33,37): error TS2339: Property 'accountNumber' does not exist on type 'props'.
controller/development/userInfo.ts(35,14): error TS7006: Parameter 'resData' implicitly has an 'any' type.
controller/development/userInfo.ts(40,94): error TS2339: Property 'password' does not exist on type 'props'.
controller/development/userInfo.ts(52,15): error TS7006: Parameter 'err' implicitly has an 'any' type.
controller/development/userInfo.ts(61,24): error TS7006: Parameter 'param' implicitly has an 'any' type.
controller/development/userInfo.ts(66,14): error TS7006: Parameter 'resData' implicitly has an 'any' type.
controller/development/userInfo.ts(69,15): error TS7006: Parameter 'err' implicitly has an 'any' type.
controller/development/userInfo.ts(75,24): error TS7006: Parameter 'param' implicitly has an 'any' type.
controller/development/userInfo.ts(75,30): error TS7006: Parameter 'where' implicitly has an 'any' type.
controller/development/userInfo.ts(80,14): error TS7006: Parameter 'resData' implicitly has an 'any' type.
controller/development/userInfo.ts(84,15): error TS7006: Parameter 'err' implicitly has an 'any' type.

controller/development/userInfo.ts(20,15): error TS2339: Property 'id' does not exist on type 'props'.
controller/development/userInfo.ts(24,14): error TS7006: Parameter 'resData' implicitly has an 'any' type.
controller/development/userInfo.ts(27,15): error TS7006: Parameter 'err' implicitly has an 'any' type.
controller/development/userInfo.ts(33,37): error TS2339: Property 'accountNumber' does not exist on type 'props'.
controller/development/userInfo.ts(35,14): error TS7006: Parameter 'resData' implicitly has an 'any' type.
controller/development/userInfo.ts(40,94): error TS2339: Property 'password' does not exist on type 'props'.
controller/development/userInfo.ts(52,15): error TS7006: Parameter 'err' implicitly has an 'any' type.
controller/development/userInfo.ts(61,24): error TS7006: Parameter 'param' implicitly has an 'any' type.
controller/development/userInfo.ts(66,14): error TS7006: Parameter 'resData' implicitly has an 'any' type.
controller/development/userInfo.ts(69,15): error TS7006: Parameter 'err' implicitly has an 'any' type.
controller/development/userInfo.ts(75,24): error TS7006: Parameter 'param' implicitly has an 'any' type.
controller/development/userInfo.ts(75,30): error TS7006: Parameter 'where' implicitly has an 'any' type.
controller/development/userInfo.ts(80,14): error TS7006: Parameter 'resData' implicitly has an 'any' type.
controller/development/userInfo.ts(84,15): error TS7006: Parameter 'err' implicitly has an 'any' type.

controller/development/userInfo.ts(20,15): error TS2339: Property 'id' does not exist on type 'props'.
controller/development/userInfo.ts(24,14): error TS7006: Parameter 'resData' implicitly has an 'any' type.
controller/development/userInfo.ts(27,15): error TS7006: Parameter 'err' implicitly has an 'any' type.
controller/development/userInfo.ts(33,37): error TS2339: Property 'accountNumber' does not exist on type 'props'.
controller/development/userInfo.ts(35,14): error TS7006: Parameter 'resData' implicitly has an 'any' type.
controller/development/userInfo.ts(40,94): error TS2339: Property 'password' does not exist on type 'props'.
controller/development/userInfo.ts(52,15): error TS7006: Parameter 'err' implicitly has an 'any' type.
controller/development/userInfo.ts(61,24): error TS7006: Parameter 'param' implicitly has an 'any' type.
controller/development/userInfo.ts(66,14): error TS7006: Parameter 'resData' implicitly has an 'any' type.
controller/development/userInfo.ts(69,15): error TS7006: Parameter 'err' implicitly has an 'any' type.
controller/development/userInfo.ts(75,24): error TS7006: Parameter 'param' implicitly has an 'any' type.
controller/development/userInfo.ts(75,30): error TS7006: Parameter 'where' implicitly has an 'any' type.
controller/development/userInfo.ts(80,14): error TS7006: Parameter 'resData' implicitly has an 'any' type.
controller/development/userInfo.ts(84,15): error TS7006: Parameter 'err' implicitly has an 'any' type.

controller/development/userInfo.ts(20,15): error TS2339: Property 'id' does not exist on type 'props'.
controller/development/userInfo.ts(24,14): error TS7006: Parameter 'resData' implicitly has an 'any' type.
controller/development/userInfo.ts(27,15): error TS7006: Parameter 'err' implicitly has an 'any' type.
controller/development/userInfo.ts(33,37): error TS2339: Property 'accountNumber' does not exist on type 'props'.
controller/development/userInfo.ts(35,14): error TS7006: Parameter 'resData' implicitly has an 'any' type.
controller/development/userInfo.ts(40,94): error TS2339: Property 'password' does not exist on type 'props'.
controller/development/userInfo.ts(52,15): error TS7006: Parameter 'err' implicitly has an 'any' type.
controller/development/userInfo.ts(61,24): error TS7006: Parameter 'param' implicitly has an 'any' type.
controller/development/userInfo.ts(66,14): error TS7006: Parameter 'resData' implicitly has an 'any' type.
controller/development/userInfo.ts(69,15): error TS7006: Parameter 'err' implicitly has an 'any' type.
controller/development/userInfo.ts(75,24): error TS7006: Parameter 'param' implicitly has an 'any' type.
controller/development/userInfo.ts(75,30): error TS7006: Parameter 'where' implicitly has an 'any' type.
controller/development/userInfo.ts(80,14): error TS7006: Parameter 'resData' implicitly has an 'any' type.
controller/development/userInfo.ts(84,15): error TS7006: Parameter 'err' implicitly has an 'any' type.

controller/development/userInfo.ts(20,15): error TS2339: Property 'id' does not exist on type 'props'.
controller/development/userInfo.ts(24,14): error TS7006: Parameter 'resData' implicitly has an 'any' type.
controller/development/userInfo.ts(27,15): error TS7006: Parameter 'err' implicitly has an 'any' type.
controller/development/userInfo.ts(33,37): error TS2339: Property 'accountNumber' does not exist on type 'props'.
controller/development/userInfo.ts(35,14): error TS7006: Parameter 'resData' implicitly has an 'any' type.
controller/development/userInfo.ts(40,94): error TS2339: Property 'password' does not exist on type 'props'.
controller/development/userInfo.ts(52,15): error TS7006: Parameter 'err' implicitly has an 'any' type.
controller/development/userInfo.ts(61,24): error TS7006: Parameter 'param' implicitly has an 'any' type.
controller/development/userInfo.ts(66,14): error TS7006: Parameter 'resData' implicitly has an 'any' type.
controller/development/userInfo.ts(69,15): error TS7006: Parameter 'err' implicitly has an 'any' type.
controller/development/userInfo.ts(75,24): error TS7006: Parameter 'param' implicitly has an 'any' type.
controller/development/userInfo.ts(75,30): error TS7006: Parameter 'where' implicitly has an 'any' type.
controller/development/userInfo.ts(80,14): error TS7006: Parameter 'resData' implicitly has an 'any' type.
controller/development/userInfo.ts(84,15): error TS7006: Parameter 'err' implicitly has an 'any' type.

controller/development/userInfo.ts(20,15): error TS2339: Property 'id' does not exist on type 'props'.
controller/development/userInfo.ts(24,14): error TS7006: Parameter 'resData' implicitly has an 'any' type.
controller/development/userInfo.ts(27,15): error TS7006: Parameter 'err' implicitly has an 'any' type.
controller/development/userInfo.ts(33,37): error TS2339: Property 'accountNumber' does not exist on type 'props'.
controller/development/userInfo.ts(35,14): error TS7006: Parameter 'resData' implicitly has an 'any' type.
controller/development/userInfo.ts(40,94): error TS2339: Property 'password' does not exist on type 'props'.
controller/development/userInfo.ts(52,15): error TS7006: Parameter 'err' implicitly has an 'any' type.
controller/development/userInfo.ts(61,24): error TS7006: Parameter 'param' implicitly has an 'any' type.
controller/development/userInfo.ts(66,14): error TS7006: Parameter 'resData' implicitly has an 'any' type.
controller/development/userInfo.ts(69,15): error TS7006: Parameter 'err' implicitly has an 'any' type.
controller/development/userInfo.ts(75,24): error TS7006: Parameter 'param' implicitly has an 'any' type.
controller/development/userInfo.ts(75,30): error TS7006: Parameter 'where' implicitly has an 'any' type.
controller/development/userInfo.ts(80,14): error TS7006: Parameter 'resData' implicitly has an 'any' type.
controller/development/userInfo.ts(84,15): error TS7006: Parameter 'err' implicitly has an 'any' type.

controller/development/userInfo.ts(20,15): error TS2339: Property 'id' does not exist on type 'props'.
controller/development/userInfo.ts(24,14): error TS7006: Parameter 'resData' implicitly has an 'any' type.
controller/development/userInfo.ts(27,15): error TS7006: Parameter 'err' implicitly has an 'any' type.
controller/development/userInfo.ts(33,37): error TS2339: Property 'accountNumber' does not exist on type 'props'.
controller/development/userInfo.ts(35,14): error TS7006: Parameter 'resData' implicitly has an 'any' type.
controller/development/userInfo.ts(40,94): error TS2339: Property 'password' does not exist on type 'props'.
controller/development/userInfo.ts(52,15): error TS7006: Parameter 'err' implicitly has an 'any' type.
controller/development/userInfo.ts(61,24): error TS7006: Parameter 'param' implicitly has an 'any' type.
controller/development/userInfo.ts(66,14): error TS7006: Parameter 'resData' implicitly has an 'any' type.
controller/development/userInfo.ts(69,15): error TS7006: Parameter 'err' implicitly has an 'any' type.
controller/development/userInfo.ts(75,24): error TS7006: Parameter 'param' implicitly has an 'any' type.
controller/development/userInfo.ts(75,30): error TS7006: Parameter 'where' implicitly has an 'any' type.
controller/development/userInfo.ts(80,14): error TS7006: Parameter 'resData' implicitly has an 'any' type.
controller/development/userInfo.ts(84,15): error TS7006: Parameter 'err' implicitly has an 'any' type.

controller/development/userInfo.ts(20,15): error TS2339: Property 'id' does not exist on type 'props'.
controller/development/userInfo.ts(24,14): error TS7006: Parameter 'resData' implicitly has an 'any' type.
controller/development/userInfo.ts(27,15): error TS7006: Parameter 'err' implicitly has an 'any' type.
controller/development/userInfo.ts(33,37): error TS2339: Property 'accountNumber' does not exist on type 'props'.
controller/development/userInfo.ts(35,14): error TS7006: Parameter 'resData' implicitly has an 'any' type.
controller/development/userInfo.ts(40,94): error TS2339: Property 'password' does not exist on type 'props'.
controller/development/userInfo.ts(52,15): error TS7006: Parameter 'err' implicitly has an 'any' type.
controller/development/userInfo.ts(61,24): error TS7006: Parameter 'param' implicitly has an 'any' type.
controller/development/userInfo.ts(66,14): error TS7006: Parameter 'resData' implicitly has an 'any' type.
controller/development/userInfo.ts(69,15): error TS7006: Parameter 'err' implicitly has an 'any' type.
controller/development/userInfo.ts(75,24): error TS7006: Parameter 'param' implicitly has an 'any' type.
controller/development/userInfo.ts(75,30): error TS7006: Parameter 'where' implicitly has an 'any' type.
controller/development/userInfo.ts(80,14): error TS7006: Parameter 'resData' implicitly has an 'any' type.
controller/development/userInfo.ts(84,15): error TS7006: Parameter 'err' implicitly has an 'any' type.

controller/development/userInfo.ts(20,15): error TS2339: Property 'id' does not exist on type 'props'.
controller/development/userInfo.ts(24,14): error TS7006: Parameter 'resData' implicitly has an 'any' type.
controller/development/userInfo.ts(27,15): error TS7006: Parameter 'err' implicitly has an 'any' type.
controller/development/userInfo.ts(33,37): error TS2339: Property 'accountNumber' does not exist on type 'props'.
controller/development/userInfo.ts(35,14): error TS7006: Parameter 'resData' implicitly has an 'any' type.
controller/development/userInfo.ts(40,94): error TS2339: Property 'password' does not exist on type 'props'.
controller/development/userInfo.ts(52,15): error TS7006: Parameter 'err' implicitly has an 'any' type.
controller/development/userInfo.ts(61,24): error TS7006: Parameter 'param' implicitly has an 'any' type.
controller/development/userInfo.ts(66,14): error TS7006: Parameter 'resData' implicitly has an 'any' type.
controller/development/userInfo.ts(69,15): error TS7006: Parameter 'err' implicitly has an 'any' type.
controller/development/userInfo.ts(75,24): error TS7006: Parameter 'param' implicitly has an 'any' type.
controller/development/userInfo.ts(75,30): error TS7006: Parameter 'where' implicitly has an 'any' type.
controller/development/userInfo.ts(80,14): error TS7006: Parameter 'resData' implicitly has an 'any' type.
controller/development/userInfo.ts(84,15): error TS7006: Parameter 'err' implicitly has an 'any' type.

controller/development/userInfo.ts(20,15): error TS2339: Property 'id' does not exist on type 'props'.
controller/development/userInfo.ts(24,14): error TS7006: Parameter 'resData' implicitly has an 'any' type.
controller/development/userInfo.ts(27,15): error TS7006: Parameter 'err' implicitly has an 'any' type.
controller/development/userInfo.ts(33,37): error TS2339: Property 'accountNumber' does not exist on type 'props'.
controller/development/userInfo.ts(35,14): error TS7006: Parameter 'resData' implicitly has an 'any' type.
controller/development/userInfo.ts(40,94): error TS2339: Property 'password' does not exist on type 'props'.
controller/development/userInfo.ts(52,15): error TS7006: Parameter 'err' implicitly has an 'any' type.
controller/development/userInfo.ts(61,24): error TS7006: Parameter 'param' implicitly has an 'any' type.
controller/development/userInfo.ts(66,14): error TS7006: Parameter 'resData' implicitly has an 'any' type.
controller/development/userInfo.ts(69,15): error TS7006: Parameter 'err' implicitly has an 'any' type.
controller/development/userInfo.ts(75,24): error TS7006: Parameter 'param' implicitly has an 'any' type.
controller/development/userInfo.ts(75,30): error TS7006: Parameter 'where' implicitly has an 'any' type.
controller/development/userInfo.ts(80,14): error TS7006: Parameter 'resData' implicitly has an 'any' type.
controller/development/userInfo.ts(84,15): error TS7006: Parameter 'err' implicitly has an 'any' type.

controller/development/userInfo.ts(20,15): error TS2339: Property 'id' does not exist on type 'props'.
controller/development/userInfo.ts(24,14): error TS7006: Parameter 'resData' implicitly has an 'any' type.
controller/development/userInfo.ts(27,15): error TS7006: Parameter 'err' implicitly has an 'any' type.
controller/development/userInfo.ts(33,37): error TS2339: Property 'accountNumber' does not exist on type 'props'.
controller/development/userInfo.ts(35,14): error TS7006: Parameter 'resData' implicitly has an 'any' type.
controller/development/userInfo.ts(40,94): error TS2339: Property 'password' does not exist on type 'props'.
controller/development/userInfo.ts(52,15): error TS7006: Parameter 'err' implicitly has an 'any' type.
controller/development/userInfo.ts(61,24): error TS7006: Parameter 'param' implicitly has an 'any' type.
controller/development/userInfo.ts(66,14): error TS7006: Parameter 'resData' implicitly has an 'any' type.
controller/development/userInfo.ts(69,15): error TS7006: Parameter 'err' implicitly has an 'any' type.
controller/development/userInfo.ts(75,24): error TS7006: Parameter 'param' implicitly has an 'any' type.
controller/development/userInfo.ts(75,30): error TS7006: Parameter 'where' implicitly has an 'any' type.
controller/development/userInfo.ts(80,14): error TS7006: Parameter 'resData' implicitly has an 'any' type.
controller/development/userInfo.ts(84,15): error TS7006: Parameter 'err' implicitly has an 'any' type.

controller/development/userInfo.ts(20,15): error TS2339: Property 'id' does not exist on type 'props'.
controller/development/userInfo.ts(24,14): error TS7006: Parameter 'resData' implicitly has an 'any' type.
controller/development/userInfo.ts(27,15): error TS7006: Parameter 'err' implicitly has an 'any' type.
controller/development/userInfo.ts(33,37): error TS2339: Property 'accountNumber' does not exist on type 'props'.
controller/development/userInfo.ts(35,14): error TS7006: Parameter 'resData' implicitly has an 'any' type.
controller/development/userInfo.ts(40,94): error TS2339: Property 'password' does not exist on type 'props'.
controller/development/userInfo.ts(52,15): error TS7006: Parameter 'err' implicitly has an 'any' type.
controller/development/userInfo.ts(61,24): error TS7006: Parameter 'param' implicitly has an 'any' type.
controller/development/userInfo.ts(66,14): error TS7006: Parameter 'resData' implicitly has an 'any' type.
controller/development/userInfo.ts(69,15): error TS7006: Parameter 'err' implicitly has an 'any' type.
controller/development/userInfo.ts(75,24): error TS7006: Parameter 'param' implicitly has an 'any' type.
controller/development/userInfo.ts(75,30): error TS7006: Parameter 'where' implicitly has an 'any' type.
controller/development/userInfo.ts(80,14): error TS7006: Parameter 'resData' implicitly has an 'any' type.
controller/development/userInfo.ts(84,15): error TS7006: Parameter 'err' implicitly has an 'any' type.

controller/development/userInfo.ts(20,15): error TS2339: Property 'id' does not exist on type 'props'.
controller/development/userInfo.ts(24,14): error TS7006: Parameter 'resData' implicitly has an 'any' type.
controller/development/userInfo.ts(27,15): error TS7006: Parameter 'err' implicitly has an 'any' type.
controller/development/userInfo.ts(33,37): error TS2339: Property 'accountNumber' does not exist on type 'props'.
controller/development/userInfo.ts(35,14): error TS7006: Parameter 'resData' implicitly has an 'any' type.
controller/development/userInfo.ts(40,94): error TS2339: Property 'password' does not exist on type 'props'.
controller/development/userInfo.ts(52,15): error TS7006: Parameter 'err' implicitly has an 'any' type.
controller/development/userInfo.ts(61,24): error TS7006: Parameter 'param' implicitly has an 'any' type.
controller/development/userInfo.ts(66,14): error TS7006: Parameter 'resData' implicitly has an 'any' type.
controller/development/userInfo.ts(69,15): error TS7006: Parameter 'err' implicitly has an 'any' type.
controller/development/userInfo.ts(75,24): error TS7006: Parameter 'param' implicitly has an 'any' type.
controller/development/userInfo.ts(75,30): error TS7006: Parameter 'where' implicitly has an 'any' type.
controller/development/userInfo.ts(80,14): error TS7006: Parameter 'resData' implicitly has an 'any' type.
controller/development/userInfo.ts(84,15): error TS7006: Parameter 'err' implicitly has an 'any' type.

controller/development/userInfo.ts(20,15): error TS2339: Property 'id' does not exist on type 'props'.
controller/development/userInfo.ts(24,14): error TS7006: Parameter 'resData' implicitly has an 'any' type.
controller/development/userInfo.ts(27,15): error TS7006: Parameter 'err' implicitly has an 'any' type.
controller/development/userInfo.ts(33,37): error TS2339: Property 'accountNumber' does not exist on type 'props'.
controller/development/userInfo.ts(35,14): error TS7006: Parameter 'resData' implicitly has an 'any' type.
controller/development/userInfo.ts(40,94): error TS2339: Property 'password' does not exist on type 'props'.
controller/development/userInfo.ts(52,15): error TS7006: Parameter 'err' implicitly has an 'any' type.
controller/development/userInfo.ts(61,24): error TS7006: Parameter 'param' implicitly has an 'any' type.
controller/development/userInfo.ts(66,14): error TS7006: Parameter 'resData' implicitly has an 'any' type.
controller/development/userInfo.ts(69,15): error TS7006: Parameter 'err' implicitly has an 'any' type.
controller/development/userInfo.ts(75,24): error TS7006: Parameter 'param' implicitly has an 'any' type.
controller/development/userInfo.ts(75,30): error TS7006: Parameter 'where' implicitly has an 'any' type.
controller/development/userInfo.ts(80,14): error TS7006: Parameter 'resData' implicitly has an 'any' type.
controller/development/userInfo.ts(84,15): error TS7006: Parameter 'err' implicitly has an 'any' type.

controller/development/userInfo.ts(20,15): error TS2339: Property 'id' does not exist on type 'props'.
controller/development/userInfo.ts(24,14): error TS7006: Parameter 'resData' implicitly has an 'any' type.
controller/development/userInfo.ts(27,15): error TS7006: Parameter 'err' implicitly has an 'any' type.
controller/development/userInfo.ts(33,37): error TS2339: Property 'accountNumber' does not exist on type 'props'.
controller/development/userInfo.ts(35,14): error TS7006: Parameter 'resData' implicitly has an 'any' type.
controller/development/userInfo.ts(40,94): error TS2339: Property 'password' does not exist on type 'props'.
controller/development/userInfo.ts(52,15): error TS7006: Parameter 'err' implicitly has an 'any' type.
controller/development/userInfo.ts(61,24): error TS7006: Parameter 'param' implicitly has an 'any' type.
controller/development/userInfo.ts(66,14): error TS7006: Parameter 'resData' implicitly has an 'any' type.
controller/development/userInfo.ts(69,15): error TS7006: Parameter 'err' implicitly has an 'any' type.
controller/development/userInfo.ts(75,24): error TS7006: Parameter 'param' implicitly has an 'any' type.
controller/development/userInfo.ts(75,30): error TS7006: Parameter 'where' implicitly has an 'any' type.
controller/development/userInfo.ts(80,14): error TS7006: Parameter 'resData' implicitly has an 'any' type.
controller/development/userInfo.ts(84,15): error TS7006: Parameter 'err' implicitly has an 'any' type.

controller/development/userInfo.ts(20,15): error TS2339: Property 'id' does not exist on type 'props'.
controller/development/userInfo.ts(24,14): error TS7006: Parameter 'resData' implicitly has an 'any' type.
controller/development/userInfo.ts(27,15): error TS7006: Parameter 'err' implicitly has an 'any' type.
controller/development/userInfo.ts(33,37): error TS2339: Property 'accountNumber' does not exist on type 'props'.
controller/development/userInfo.ts(35,14): error TS7006: Parameter 'resData' implicitly has an 'any' type.
controller/development/userInfo.ts(40,94): error TS2339: Property 'password' does not exist on type 'props'.
controller/development/userInfo.ts(52,15): error TS7006: Parameter 'err' implicitly has an 'any' type.
controller/development/userInfo.ts(61,24): error TS7006: Parameter 'param' implicitly has an 'any' type.
controller/development/userInfo.ts(66,14): error TS7006: Parameter 'resData' implicitly has an 'any' type.
controller/development/userInfo.ts(69,15): error TS7006: Parameter 'err' implicitly has an 'any' type.
controller/development/userInfo.ts(75,24): error TS7006: Parameter 'param' implicitly has an 'any' type.
controller/development/userInfo.ts(75,30): error TS7006: Parameter 'where' implicitly has an 'any' type.
controller/development/userInfo.ts(80,14): error TS7006: Parameter 'resData' implicitly has an 'any' type.
controller/development/userInfo.ts(84,15): error TS7006: Parameter 'err' implicitly has an 'any' type.

controller/development/userInfo.ts(20,15): error TS2339: Property 'id' does not exist on type 'props'.
controller/development/userInfo.ts(24,14): error TS7006: Parameter 'resData' implicitly has an 'any' type.
controller/development/userInfo.ts(27,15): error TS7006: Parameter 'err' implicitly has an 'any' type.
controller/development/userInfo.ts(33,37): error TS2339: Property 'accountNumber' does not exist on type 'props'.
controller/development/userInfo.ts(35,14): error TS7006: Parameter 'resData' implicitly has an 'any' type.
controller/development/userInfo.ts(40,94): error TS2339: Property 'password' does not exist on type 'props'.
controller/development/userInfo.ts(52,15): error TS7006: Parameter 'err' implicitly has an 'any' type.
controller/development/userInfo.ts(61,24): error TS7006: Parameter 'param' implicitly has an 'any' type.
controller/development/userInfo.ts(66,14): error TS7006: Parameter 'resData' implicitly has an 'any' type.
controller/development/userInfo.ts(69,15): error TS7006: Parameter 'err' implicitly has an 'any' type.
controller/development/userInfo.ts(75,24): error TS7006: Parameter 'param' implicitly has an 'any' type.
controller/development/userInfo.ts(75,30): error TS7006: Parameter 'where' implicitly has an 'any' type.
controller/development/userInfo.ts(80,14): error TS7006: Parameter 'resData' implicitly has an 'any' type.
controller/development/userInfo.ts(84,15): error TS7006: Parameter 'err' implicitly has an 'any' type.

controller/development/userInfo.ts(20,15): error TS2339: Property 'id' does not exist on type 'props'.
controller/development/userInfo.ts(24,14): error TS7006: Parameter 'resData' implicitly has an 'any' type.
controller/development/userInfo.ts(27,15): error TS7006: Parameter 'err' implicitly has an 'any' type.
controller/development/userInfo.ts(33,37): error TS2339: Property 'accountNumber' does not exist on type 'props'.
controller/development/userInfo.ts(35,14): error TS7006: Parameter 'resData' implicitly has an 'any' type.
controller/development/userInfo.ts(40,94): error TS2339: Property 'password' does not exist on type 'props'.
controller/development/userInfo.ts(52,15): error TS7006: Parameter 'err' implicitly has an 'any' type.
controller/development/userInfo.ts(61,24): error TS7006: Parameter 'param' implicitly has an 'any' type.
controller/development/userInfo.ts(66,14): error TS7006: Parameter 'resData' implicitly has an 'any' type.
controller/development/userInfo.ts(69,15): error TS7006: Parameter 'err' implicitly has an 'any' type.
controller/development/userInfo.ts(75,24): error TS7006: Parameter 'param' implicitly has an 'any' type.
controller/development/userInfo.ts(75,30): error TS7006: Parameter 'where' implicitly has an 'any' type.
controller/development/userInfo.ts(80,14): error TS7006: Parameter 'resData' implicitly has an 'any' type.
controller/development/userInfo.ts(84,15): error TS7006: Parameter 'err' implicitly has an 'any' type.

controller/development/userInfo.ts(20,15): error TS2339: Property 'id' does not exist on type 'props'.
controller/development/userInfo.ts(24,14): error TS7006: Parameter 'resData' implicitly has an 'any' type.
controller/development/userInfo.ts(27,15): error TS7006: Parameter 'err' implicitly has an 'any' type.
controller/development/userInfo.ts(33,37): error TS2339: Property 'accountNumber' does not exist on type 'props'.
controller/development/userInfo.ts(35,14): error TS7006: Parameter 'resData' implicitly has an 'any' type.
controller/development/userInfo.ts(40,94): error TS2339: Property 'password' does not exist on type 'props'.
controller/development/userInfo.ts(52,15): error TS7006: Parameter 'err' implicitly has an 'any' type.
controller/development/userInfo.ts(61,24): error TS7006: Parameter 'param' implicitly has an 'any' type.
controller/development/userInfo.ts(66,14): error TS7006: Parameter 'resData' implicitly has an 'any' type.
controller/development/userInfo.ts(69,15): error TS7006: Parameter 'err' implicitly has an 'any' type.
controller/development/userInfo.ts(75,24): error TS7006: Parameter 'param' implicitly has an 'any' type.
controller/development/userInfo.ts(75,30): error TS7006: Parameter 'where' implicitly has an 'any' type.
controller/development/userInfo.ts(80,14): error TS7006: Parameter 'resData' implicitly has an 'any' type.
controller/development/userInfo.ts(84,15): error TS7006: Parameter 'err' implicitly has an 'any' type.

controller/development/userInfo.ts(20,15): error TS2339: Property 'id' does not exist on type 'props'.
controller/development/userInfo.ts(24,14): error TS7006: Parameter 'resData' implicitly has an 'any' type.
controller/development/userInfo.ts(27,15): error TS7006: Parameter 'err' implicitly has an 'any' type.
controller/development/userInfo.ts(33,37): error TS2339: Property 'accountNumber' does not exist on type 'props'.
controller/development/userInfo.ts(35,14): error TS7006: Parameter 'resData' implicitly has an 'any' type.
controller/development/userInfo.ts(40,94): error TS2339: Property 'password' does not exist on type 'props'.
controller/development/userInfo.ts(52,15): error TS7006: Parameter 'err' implicitly has an 'any' type.
controller/development/userInfo.ts(61,24): error TS7006: Parameter 'param' implicitly has an 'any' type.
controller/development/userInfo.ts(66,14): error TS7006: Parameter 'resData' implicitly has an 'any' type.
controller/development/userInfo.ts(69,15): error TS7006: Parameter 'err' implicitly has an 'any' type.
controller/development/userInfo.ts(75,24): error TS7006: Parameter 'param' implicitly has an 'any' type.
controller/development/userInfo.ts(75,30): error TS7006: Parameter 'where' implicitly has an 'any' type.
controller/development/userInfo.ts(80,14): error TS7006: Parameter 'resData' implicitly has an 'any' type.
controller/development/userInfo.ts(84,15): error TS7006: Parameter 'err' implicitly has an 'any' type.

controller/development/userInfo.ts(20,15): error TS2339: Property 'id' does not exist on type 'props'.
controller/development/userInfo.ts(24,14): error TS7006: Parameter 'resData' implicitly has an 'any' type.
controller/development/userInfo.ts(27,15): error TS7006: Parameter 'err' implicitly has an 'any' type.
controller/development/userInfo.ts(33,37): error TS2339: Property 'accountNumber' does not exist on type 'props'.
controller/development/userInfo.ts(35,14): error TS7006: Parameter 'resData' implicitly has an 'any' type.
controller/development/userInfo.ts(40,94): error TS2339: Property 'password' does not exist on type 'props'.
controller/development/userInfo.ts(52,15): error TS7006: Parameter 'err' implicitly has an 'any' type.
controller/development/userInfo.ts(61,24): error TS7006: Parameter 'param' implicitly has an 'any' type.
controller/development/userInfo.ts(66,14): error TS7006: Parameter 'resData' implicitly has an 'any' type.
controller/development/userInfo.ts(69,15): error TS7006: Parameter 'err' implicitly has an 'any' type.
controller/development/userInfo.ts(75,24): error TS7006: Parameter 'param' implicitly has an 'any' type.
controller/development/userInfo.ts(75,30): error TS7006: Parameter 'where' implicitly has an 'any' type.
controller/development/userInfo.ts(80,14): error TS7006: Parameter 'resData' implicitly has an 'any' type.
controller/development/userInfo.ts(84,15): error TS7006: Parameter 'err' implicitly has an 'any' type.

controller/development/userInfo.ts(20,15): error TS2339: Property 'id' does not exist on type 'props'.
controller/development/userInfo.ts(24,14): error TS7006: Parameter 'resData' implicitly has an 'any' type.
controller/development/userInfo.ts(27,15): error TS7006: Parameter 'err' implicitly has an 'any' type.
controller/development/userInfo.ts(33,37): error TS2339: Property 'accountNumber' does not exist on type 'props'.
controller/development/userInfo.ts(35,14): error TS7006: Parameter 'resData' implicitly has an 'any' type.
controller/development/userInfo.ts(40,94): error TS2339: Property 'password' does not exist on type 'props'.
controller/development/userInfo.ts(52,15): error TS7006: Parameter 'err' implicitly has an 'any' type.
controller/development/userInfo.ts(61,24): error TS7006: Parameter 'param' implicitly has an 'any' type.
controller/development/userInfo.ts(66,14): error TS7006: Parameter 'resData' implicitly has an 'any' type.
controller/development/userInfo.ts(69,15): error TS7006: Parameter 'err' implicitly has an 'any' type.
controller/development/userInfo.ts(75,24): error TS7006: Parameter 'param' implicitly has an 'any' type.
controller/development/userInfo.ts(75,30): error TS7006: Parameter 'where' implicitly has an 'any' type.
controller/development/userInfo.ts(80,14): error TS7006: Parameter 'resData' implicitly has an 'any' type.
controller/development/userInfo.ts(84,15): error TS7006: Parameter 'err' implicitly has an 'any' type.

controller/development/userInfo.ts(20,15): error TS2339: Property 'id' does not exist on type 'props'.
controller/development/userInfo.ts(24,14): error TS7006: Parameter 'resData' implicitly has an 'any' type.
controller/development/userInfo.ts(27,15): error TS7006: Parameter 'err' implicitly has an 'any' type.
controller/development/userInfo.ts(33,37): error TS2339: Property 'accountNumber' does not exist on type 'props'.
controller/development/userInfo.ts(35,14): error TS7006: Parameter 'resData' implicitly has an 'any' type.
controller/development/userInfo.ts(40,94): error TS2339: Property 'password' does not exist on type 'props'.
controller/development/userInfo.ts(52,15): error TS7006: Parameter 'err' implicitly has an 'any' type.
controller/development/userInfo.ts(61,24): error TS7006: Parameter 'param' implicitly has an 'any' type.
controller/development/userInfo.ts(66,14): error TS7006: Parameter 'resData' implicitly has an 'any' type.
controller/development/userInfo.ts(69,15): error TS7006: Parameter 'err' implicitly has an 'any' type.
controller/development/userInfo.ts(75,24): error TS7006: Parameter 'param' implicitly has an 'any' type.
controller/development/userInfo.ts(75,30): error TS7006: Parameter 'where' implicitly has an 'any' type.
controller/development/userInfo.ts(80,14): error TS7006: Parameter 'resData' implicitly has an 'any' type.
controller/development/userInfo.ts(84,15): error TS7006: Parameter 'err' implicitly has an 'any' type.

controller/development/userInfo.ts(20,15): error TS2339: Property 'id' does not exist on type 'props'.
controller/development/userInfo.ts(24,14): error TS7006: Parameter 'resData' implicitly has an 'any' type.
controller/development/userInfo.ts(27,15): error TS7006: Parameter 'err' implicitly has an 'any' type.
controller/development/userInfo.ts(33,37): error TS2339: Property 'accountNumber' does not exist on type 'props'.
controller/development/userInfo.ts(35,14): error TS7006: Parameter 'resData' implicitly has an 'any' type.
controller/development/userInfo.ts(40,94): error TS2339: Property 'password' does not exist on type 'props'.
controller/development/userInfo.ts(52,15): error TS7006: Parameter 'err' implicitly has an 'any' type.
controller/development/userInfo.ts(61,24): error TS7006: Parameter 'param' implicitly has an 'any' type.
controller/development/userInfo.ts(66,14): error TS7006: Parameter 'resData' implicitly has an 'any' type.
controller/development/userInfo.ts(69,15): error TS7006: Parameter 'err' implicitly has an 'any' type.
controller/development/userInfo.ts(75,24): error TS7006: Parameter 'param' implicitly has an 'any' type.
controller/development/userInfo.ts(75,30): error TS7006: Parameter 'where' implicitly has an 'any' type.
controller/development/userInfo.ts(80,14): error TS7006: Parameter 'resData' implicitly has an 'any' type.
controller/development/userInfo.ts(84,15): error TS7006: Parameter 'err' implicitly has an 'any' type.

controller/development/userInfo.ts(20,15): error TS2339: Property 'id' does not exist on type 'props'.
controller/development/userInfo.ts(24,14): error TS7006: Parameter 'resData' implicitly has an 'any' type.
controller/development/userInfo.ts(27,15): error TS7006: Parameter 'err' implicitly has an 'any' type.
controller/development/userInfo.ts(33,37): error TS2339: Property 'accountNumber' does not exist on type 'props'.
controller/development/userInfo.ts(35,14): error TS7006: Parameter 'resData' implicitly has an 'any' type.
controller/development/userInfo.ts(40,94): error TS2339: Property 'password' does not exist on type 'props'.
controller/development/userInfo.ts(52,15): error TS7006: Parameter 'err' implicitly has an 'any' type.
controller/development/userInfo.ts(61,24): error TS7006: Parameter 'param' implicitly has an 'any' type.
controller/development/userInfo.ts(66,14): error TS7006: Parameter 'resData' implicitly has an 'any' type.
controller/development/userInfo.ts(69,15): error TS7006: Parameter 'err' implicitly has an 'any' type.
controller/development/userInfo.ts(75,24): error TS7006: Parameter 'param' implicitly has an 'any' type.
controller/development/userInfo.ts(75,30): error TS7006: Parameter 'where' implicitly has an 'any' type.
controller/development/userInfo.ts(80,14): error TS7006: Parameter 'resData' implicitly has an 'any' type.
controller/development/userInfo.ts(84,15): error TS7006: Parameter 'err' implicitly has an 'any' type.

controller/development/userInfo.ts(20,15): error TS2339: Property 'id' does not exist on type 'props'.
controller/development/userInfo.ts(24,14): error TS7006: Parameter 'resData' implicitly has an 'any' type.
controller/development/userInfo.ts(27,15): error TS7006: Parameter 'err' implicitly has an 'any' type.
controller/development/userInfo.ts(33,37): error TS2339: Property 'accountNumber' does not exist on type 'props'.
controller/development/userInfo.ts(35,14): error TS7006: Parameter 'resData' implicitly has an 'any' type.
controller/development/userInfo.ts(40,94): error TS2339: Property 'password' does not exist on type 'props'.
controller/development/userInfo.ts(52,15): error TS7006: Parameter 'err' implicitly has an 'any' type.
controller/development/userInfo.ts(61,24): error TS7006: Parameter 'param' implicitly has an 'any' type.
controller/development/userInfo.ts(66,14): error TS7006: Parameter 'resData' implicitly has an 'any' type.
controller/development/userInfo.ts(69,15): error TS7006: Parameter 'err' implicitly has an 'any' type.
controller/development/userInfo.ts(75,24): error TS7006: Parameter 'param' implicitly has an 'any' type.
controller/development/userInfo.ts(75,30): error TS7006: Parameter 'where' implicitly has an 'any' type.
controller/development/userInfo.ts(80,14): error TS7006: Parameter 'resData' implicitly has an 'any' type.
controller/development/userInfo.ts(84,15): error TS7006: Parameter 'err' implicitly has an 'any' type.

controller/development/userInfo.ts(20,15): error TS2339: Property 'id' does not exist on type 'props'.
controller/development/userInfo.ts(24,14): error TS7006: Parameter 'resData' implicitly has an 'any' type.
controller/development/userInfo.ts(27,15): error TS7006: Parameter 'err' implicitly has an 'any' type.
controller/development/userInfo.ts(33,37): error TS2339: Property 'accountNumber' does not exist on type 'props'.
controller/development/userInfo.ts(35,14): error TS7006: Parameter 'resData' implicitly has an 'any' type.
controller/development/userInfo.ts(40,94): error TS2339: Property 'password' does not exist on type 'props'.
controller/development/userInfo.ts(52,15): error TS7006: Parameter 'err' implicitly has an 'any' type.
controller/development/userInfo.ts(61,24): error TS7006: Parameter 'param' implicitly has an 'any' type.
controller/development/userInfo.ts(66,14): error TS7006: Parameter 'resData' implicitly has an 'any' type.
controller/development/userInfo.ts(69,15): error TS7006: Parameter 'err' implicitly has an 'any' type.
controller/development/userInfo.ts(75,24): error TS7006: Parameter 'param' implicitly has an 'any' type.
controller/development/userInfo.ts(75,30): error TS7006: Parameter 'where' implicitly has an 'any' type.
controller/development/userInfo.ts(80,14): error TS7006: Parameter 'resData' implicitly has an 'any' type.
controller/development/userInfo.ts(84,15): error TS7006: Parameter 'err' implicitly has an 'any' type.

controller/development/userInfo.ts(20,15): error TS2339: Property 'id' does not exist on type 'props'.
controller/development/userInfo.ts(24,14): error TS7006: Parameter 'resData' implicitly has an 'any' type.
controller/development/userInfo.ts(27,15): error TS7006: Parameter 'err' implicitly has an 'any' type.
controller/development/userInfo.ts(33,37): error TS2339: Property 'accountNumber' does not exist on type 'props'.
controller/development/userInfo.ts(35,14): error TS7006: Parameter 'resData' implicitly has an 'any' type.
controller/development/userInfo.ts(40,94): error TS2339: Property 'password' does not exist on type 'props'.
controller/development/userInfo.ts(52,15): error TS7006: Parameter 'err' implicitly has an 'any' type.
controller/development/userInfo.ts(61,24): error TS7006: Parameter 'param' implicitly has an 'any' type.
controller/development/userInfo.ts(66,14): error TS7006: Parameter 'resData' implicitly has an 'any' type.
controller/development/userInfo.ts(69,15): error TS7006: Parameter 'err' implicitly has an 'any' type.
controller/development/userInfo.ts(75,24): error TS7006: Parameter 'param' implicitly has an 'any' type.
controller/development/userInfo.ts(75,30): error TS7006: Parameter 'where' implicitly has an 'any' type.
controller/development/userInfo.ts(80,14): error TS7006: Parameter 'resData' implicitly has an 'any' type.
controller/development/userInfo.ts(84,15): error TS7006: Parameter 'err' implicitly has an 'any' type.

controller/development/userInfo.ts(20,15): error TS2339: Property 'id' does not exist on type 'props'.
controller/development/userInfo.ts(24,14): error TS7006: Parameter 'resData' implicitly has an 'any' type.
controller/development/userInfo.ts(27,15): error TS7006: Parameter 'err' implicitly has an 'any' type.
controller/development/userInfo.ts(33,37): error TS2339: Property 'accountNumber' does not exist on type 'props'.
controller/development/userInfo.ts(35,14): error TS7006: Parameter 'resData' implicitly has an 'any' type.
controller/development/userInfo.ts(40,94): error TS2339: Property 'password' does not exist on type 'props'.
controller/development/userInfo.ts(52,15): error TS7006: Parameter 'err' implicitly has an 'any' type.
controller/development/userInfo.ts(61,24): error TS7006: Parameter 'param' implicitly has an 'any' type.
controller/development/userInfo.ts(66,14): error TS7006: Parameter 'resData' implicitly has an 'any' type.
controller/development/userInfo.ts(69,15): error TS7006: Parameter 'err' implicitly has an 'any' type.
controller/development/userInfo.ts(75,24): error TS7006: Parameter 'param' implicitly has an 'any' type.
controller/development/userInfo.ts(75,30): error TS7006: Parameter 'where' implicitly has an 'any' type.
controller/development/userInfo.ts(80,14): error TS7006: Parameter 'resData' implicitly has an 'any' type.
controller/development/userInfo.ts(84,15): error TS7006: Parameter 'err' implicitly has an 'any' type.

controller/development/userInfo.ts(20,15): error TS2339: Property 'id' does not exist on type 'props'.
controller/development/userInfo.ts(24,14): error TS7006: Parameter 'resData' implicitly has an 'any' type.
controller/development/userInfo.ts(27,15): error TS7006: Parameter 'err' implicitly has an 'any' type.
controller/development/userInfo.ts(33,37): error TS2339: Property 'accountNumber' does not exist on type 'props'.
controller/development/userInfo.ts(35,14): error TS7006: Parameter 'resData' implicitly has an 'any' type.
controller/development/userInfo.ts(40,94): error TS2339: Property 'password' does not exist on type 'props'.
controller/development/userInfo.ts(52,15): error TS7006: Parameter 'err' implicitly has an 'any' type.
controller/development/userInfo.ts(61,24): error TS7006: Parameter 'param' implicitly has an 'any' type.
controller/development/userInfo.ts(66,14): error TS7006: Parameter 'resData' implicitly has an 'any' type.
controller/development/userInfo.ts(69,15): error TS7006: Parameter 'err' implicitly has an 'any' type.
controller/development/userInfo.ts(75,24): error TS7006: Parameter 'param' implicitly has an 'any' type.
controller/development/userInfo.ts(75,30): error TS7006: Parameter 'where' implicitly has an 'any' type.
controller/development/userInfo.ts(80,14): error TS7006: Parameter 'resData' implicitly has an 'any' type.
controller/development/userInfo.ts(84,15): error TS7006: Parameter 'err' implicitly has an 'any' type.

controller/development/userInfo.ts(20,15): error TS2339: Property 'id' does not exist on type 'props'.
controller/development/userInfo.ts(24,14): error TS7006: Parameter 'resData' implicitly has an 'any' type.
controller/development/userInfo.ts(27,15): error TS7006: Parameter 'err' implicitly has an 'any' type.
controller/development/userInfo.ts(33,37): error TS2339: Property 'accountNumber' does not exist on type 'props'.
controller/development/userInfo.ts(35,14): error TS7006: Parameter 'resData' implicitly has an 'any' type.
controller/development/userInfo.ts(40,94): error TS2339: Property 'password' does not exist on type 'props'.
controller/development/userInfo.ts(52,15): error TS7006: Parameter 'err' implicitly has an 'any' type.
controller/development/userInfo.ts(61,24): error TS7006: Parameter 'param' implicitly has an 'any' type.
controller/development/userInfo.ts(66,14): error TS7006: Parameter 'resData' implicitly has an 'any' type.
controller/development/userInfo.ts(69,15): error TS7006: Parameter 'err' implicitly has an 'any' type.
controller/development/userInfo.ts(75,24): error TS7006: Parameter 'param' implicitly has an 'any' type.
controller/development/userInfo.ts(75,30): error TS7006: Parameter 'where' implicitly has an 'any' type.
controller/development/userInfo.ts(80,14): error TS7006: Parameter 'resData' implicitly has an 'any' type.
controller/development/userInfo.ts(84,15): error TS7006: Parameter 'err' implicitly has an 'any' type.

controller/development/userInfo.ts(20,15): error TS2339: Property 'id' does not exist on type 'props'.
controller/development/userInfo.ts(24,14): error TS7006: Parameter 'resData' implicitly has an 'any' type.
controller/development/userInfo.ts(27,15): error TS7006: Parameter 'err' implicitly has an 'any' type.
controller/development/userInfo.ts(33,37): error TS2339: Property 'accountNumber' does not exist on type 'props'.
controller/development/userInfo.ts(35,14): error TS7006: Parameter 'resData' implicitly has an 'any' type.
controller/development/userInfo.ts(40,94): error TS2339: Property 'password' does not exist on type 'props'.
controller/development/userInfo.ts(52,15): error TS7006: Parameter 'err' implicitly has an 'any' type.
controller/development/userInfo.ts(61,24): error TS7006: Parameter 'param' implicitly has an 'any' type.
controller/development/userInfo.ts(66,14): error TS7006: Parameter 'resData' implicitly has an 'any' type.
controller/development/userInfo.ts(69,15): error TS7006: Parameter 'err' implicitly has an 'any' type.
controller/development/userInfo.ts(75,24): error TS7006: Parameter 'param' implicitly has an 'any' type.
controller/development/userInfo.ts(75,30): error TS7006: Parameter 'where' implicitly has an 'any' type.
controller/development/userInfo.ts(80,14): error TS7006: Parameter 'resData' implicitly has an 'any' type.
controller/development/userInfo.ts(84,15): error TS7006: Parameter 'err' implicitly has an 'any' type.

controller/development/userInfo.ts(20,15): error TS2339: Property 'id' does not exist on type 'props'.
controller/development/userInfo.ts(24,14): error TS7006: Parameter 'resData' implicitly has an 'any' type.
controller/development/userInfo.ts(27,15): error TS7006: Parameter 'err' implicitly has an 'any' type.
controller/development/userInfo.ts(33,37): error TS2339: Property 'accountNumber' does not exist on type 'props'.
controller/development/userInfo.ts(35,14): error TS7006: Parameter 'resData' implicitly has an 'any' type.
controller/development/userInfo.ts(40,94): error TS2339: Property 'password' does not exist on type 'props'.
controller/development/userInfo.ts(52,15): error TS7006: Parameter 'err' implicitly has an 'any' type.
controller/development/userInfo.ts(61,24): error TS7006: Parameter 'param' implicitly has an 'any' type.
controller/development/userInfo.ts(66,14): error TS7006: Parameter 'resData' implicitly has an 'any' type.
controller/development/userInfo.ts(69,15): error TS7006: Parameter 'err' implicitly has an 'any' type.
controller/development/userInfo.ts(75,24): error TS7006: Parameter 'param' implicitly has an 'any' type.
controller/development/userInfo.ts(75,30): error TS7006: Parameter 'where' implicitly has an 'any' type.
controller/development/userInfo.ts(80,14): error TS7006: Parameter 'resData' implicitly has an 'any' type.
controller/development/userInfo.ts(84,15): error TS7006: Parameter 'err' implicitly has an 'any' type.

controller/development/userInfo.ts(20,15): error TS2339: Property 'id' does not exist on type 'props'.
controller/development/userInfo.ts(24,14): error TS7006: Parameter 'resData' implicitly has an 'any' type.
controller/development/userInfo.ts(27,15): error TS7006: Parameter 'err' implicitly has an 'any' type.
controller/development/userInfo.ts(33,37): error TS2339: Property 'accountNumber' does not exist on type 'props'.
controller/development/userInfo.ts(35,14): error TS7006: Parameter 'resData' implicitly has an 'any' type.
controller/development/userInfo.ts(40,94): error TS2339: Property 'password' does not exist on type 'props'.
controller/development/userInfo.ts(52,15): error TS7006: Parameter 'err' implicitly has an 'any' type.
controller/development/userInfo.ts(61,24): error TS7006: Parameter 'param' implicitly has an 'any' type.
controller/development/userInfo.ts(66,14): error TS7006: Parameter 'resData' implicitly has an 'any' type.
controller/development/userInfo.ts(69,15): error TS7006: Parameter 'err' implicitly has an 'any' type.
controller/development/userInfo.ts(75,24): error TS7006: Parameter 'param' implicitly has an 'any' type.
controller/development/userInfo.ts(75,30): error TS7006: Parameter 'where' implicitly has an 'any' type.
controller/development/userInfo.ts(80,14): error TS7006: Parameter 'resData' implicitly has an 'any' type.
controller/development/userInfo.ts(84,15): error TS7006: Parameter 'err' implicitly has an 'any' type.

controller/development/userInfo.ts(19,22): error TS7006: Parameter 'param' implicitly has an 'any' type.
controller/development/userInfo.ts(24,14): error TS7006: Parameter 'resData' implicitly has an 'any' type.
controller/development/userInfo.ts(27,15): error TS7006: Parameter 'err' implicitly has an 'any' type.
controller/development/userInfo.ts(35,14): error TS7006: Parameter 'resData' implicitly has an 'any' type.
controller/development/userInfo.ts(52,15): error TS7006: Parameter 'err' implicitly has an 'any' type.
controller/development/userInfo.ts(61,24): error TS7006: Parameter 'param' implicitly has an 'any' type.
controller/development/userInfo.ts(66,14): error TS7006: Parameter 'resData' implicitly has an 'any' type.
controller/development/userInfo.ts(69,15): error TS7006: Parameter 'err' implicitly has an 'any' type.
controller/development/userInfo.ts(75,24): error TS7006: Parameter 'param' implicitly has an 'any' type.
controller/development/userInfo.ts(75,30): error TS7006: Parameter 'where' implicitly has an 'any' type.
controller/development/userInfo.ts(80,14): error TS7006: Parameter 'resData' implicitly has an 'any' type.
controller/development/userInfo.ts(84,15): error TS7006: Parameter 'err' implicitly has an 'any' type.

controller/development/userInfo.ts(19,22): error TS7006: Parameter 'param' implicitly has an 'any' type.
controller/development/userInfo.ts(24,14): error TS7006: Parameter 'resData' implicitly has an 'any' type.
controller/development/userInfo.ts(27,15): error TS7006: Parameter 'err' implicitly has an 'any' type.
controller/development/userInfo.ts(35,14): error TS7006: Parameter 'resData' implicitly has an 'any' type.
controller/development/userInfo.ts(52,15): error TS7006: Parameter 'err' implicitly has an 'any' type.
controller/development/userInfo.ts(61,24): error TS7006: Parameter 'param' implicitly has an 'any' type.
controller/development/userInfo.ts(66,14): error TS7006: Parameter 'resData' implicitly has an 'any' type.
controller/development/userInfo.ts(69,15): error TS7006: Parameter 'err' implicitly has an 'any' type.
controller/development/userInfo.ts(75,24): error TS7006: Parameter 'param' implicitly has an 'any' type.
controller/development/userInfo.ts(75,30): error TS7006: Parameter 'where' implicitly has an 'any' type.
controller/development/userInfo.ts(80,14): error TS7006: Parameter 'resData' implicitly has an 'any' type.
controller/development/userInfo.ts(84,15): error TS7006: Parameter 'err' implicitly has an 'any' type.

controller/development/userInfo.ts(19,22): error TS7006: Parameter 'param' implicitly has an 'any' type.
controller/development/userInfo.ts(24,14): error TS7006: Parameter 'resData' implicitly has an 'any' type.
controller/development/userInfo.ts(27,15): error TS7006: Parameter 'err' implicitly has an 'any' type.
controller/development/userInfo.ts(35,14): error TS7006: Parameter 'resData' implicitly has an 'any' type.
controller/development/userInfo.ts(52,15): error TS7006: Parameter 'err' implicitly has an 'any' type.
controller/development/userInfo.ts(61,24): error TS7006: Parameter 'param' implicitly has an 'any' type.
controller/development/userInfo.ts(66,14): error TS7006: Parameter 'resData' implicitly has an 'any' type.
controller/development/userInfo.ts(69,15): error TS7006: Parameter 'err' implicitly has an 'any' type.
controller/development/userInfo.ts(75,24): error TS7006: Parameter 'param' implicitly has an 'any' type.
controller/development/userInfo.ts(75,30): error TS7006: Parameter 'where' implicitly has an 'any' type.
controller/development/userInfo.ts(80,14): error TS7006: Parameter 'resData' implicitly has an 'any' type.
controller/development/userInfo.ts(84,15): error TS7006: Parameter 'err' implicitly has an 'any' type.

controller/development/userInfo.ts(19,22): error TS7006: Parameter 'param' implicitly has an 'any' type.
controller/development/userInfo.ts(24,14): error TS7006: Parameter 'resData' implicitly has an 'any' type.
controller/development/userInfo.ts(27,15): error TS7006: Parameter 'err' implicitly has an 'any' type.
controller/development/userInfo.ts(35,14): error TS7006: Parameter 'resData' implicitly has an 'any' type.
controller/development/userInfo.ts(52,15): error TS7006: Parameter 'err' implicitly has an 'any' type.
controller/development/userInfo.ts(61,24): error TS7006: Parameter 'param' implicitly has an 'any' type.
controller/development/userInfo.ts(66,14): error TS7006: Parameter 'resData' implicitly has an 'any' type.
controller/development/userInfo.ts(69,15): error TS7006: Parameter 'err' implicitly has an 'any' type.
controller/development/userInfo.ts(75,24): error TS7006: Parameter 'param' implicitly has an 'any' type.
controller/development/userInfo.ts(75,30): error TS7006: Parameter 'where' implicitly has an 'any' type.
controller/development/userInfo.ts(80,14): error TS7006: Parameter 'resData' implicitly has an 'any' type.
controller/development/userInfo.ts(84,15): error TS7006: Parameter 'err' implicitly has an 'any' type.

controller/development/userInfo.ts(19,22): error TS7006: Parameter 'param' implicitly has an 'any' type.
controller/development/userInfo.ts(24,14): error TS7006: Parameter 'resData' implicitly has an 'any' type.
controller/development/userInfo.ts(27,15): error TS7006: Parameter 'err' implicitly has an 'any' type.
controller/development/userInfo.ts(35,14): error TS7006: Parameter 'resData' implicitly has an 'any' type.
controller/development/userInfo.ts(52,15): error TS7006: Parameter 'err' implicitly has an 'any' type.
controller/development/userInfo.ts(61,24): error TS7006: Parameter 'param' implicitly has an 'any' type.
controller/development/userInfo.ts(66,14): error TS7006: Parameter 'resData' implicitly has an 'any' type.
controller/development/userInfo.ts(69,15): error TS7006: Parameter 'err' implicitly has an 'any' type.
controller/development/userInfo.ts(75,24): error TS7006: Parameter 'param' implicitly has an 'any' type.
controller/development/userInfo.ts(75,30): error TS7006: Parameter 'where' implicitly has an 'any' type.
controller/development/userInfo.ts(80,14): error TS7006: Parameter 'resData' implicitly has an 'any' type.
controller/development/userInfo.ts(84,15): error TS7006: Parameter 'err' implicitly has an 'any' type.

controller/development/userInfo.ts(19,22): error TS7006: Parameter 'param' implicitly has an 'any' type.
controller/development/userInfo.ts(24,14): error TS7006: Parameter 'resData' implicitly has an 'any' type.
controller/development/userInfo.ts(27,15): error TS7006: Parameter 'err' implicitly has an 'any' type.
controller/development/userInfo.ts(35,14): error TS7006: Parameter 'resData' implicitly has an 'any' type.
controller/development/userInfo.ts(52,15): error TS7006: Parameter 'err' implicitly has an 'any' type.
controller/development/userInfo.ts(61,24): error TS7006: Parameter 'param' implicitly has an 'any' type.
controller/development/userInfo.ts(66,14): error TS7006: Parameter 'resData' implicitly has an 'any' type.
controller/development/userInfo.ts(69,15): error TS7006: Parameter 'err' implicitly has an 'any' type.
controller/development/userInfo.ts(75,24): error TS7006: Parameter 'param' implicitly has an 'any' type.
controller/development/userInfo.ts(75,30): error TS7006: Parameter 'where' implicitly has an 'any' type.
controller/development/userInfo.ts(80,14): error TS7006: Parameter 'resData' implicitly has an 'any' type.
controller/development/userInfo.ts(84,15): error TS7006: Parameter 'err' implicitly has an 'any' type.

controller/development/userInfo.ts(19,22): error TS7006: Parameter 'param' implicitly has an 'any' type.
controller/development/userInfo.ts(24,14): error TS7006: Parameter 'resData' implicitly has an 'any' type.
controller/development/userInfo.ts(27,15): error TS7006: Parameter 'err' implicitly has an 'any' type.
controller/development/userInfo.ts(35,14): error TS7006: Parameter 'resData' implicitly has an 'any' type.
controller/development/userInfo.ts(52,15): error TS7006: Parameter 'err' implicitly has an 'any' type.
controller/development/userInfo.ts(61,24): error TS7006: Parameter 'param' implicitly has an 'any' type.
controller/development/userInfo.ts(66,14): error TS7006: Parameter 'resData' implicitly has an 'any' type.
controller/development/userInfo.ts(69,15): error TS7006: Parameter 'err' implicitly has an 'any' type.
controller/development/userInfo.ts(75,24): error TS7006: Parameter 'param' implicitly has an 'any' type.
controller/development/userInfo.ts(75,30): error TS7006: Parameter 'where' implicitly has an 'any' type.
controller/development/userInfo.ts(80,14): error TS7006: Parameter 'resData' implicitly has an 'any' type.
controller/development/userInfo.ts(84,15): error TS7006: Parameter 'err' implicitly has an 'any' type.

controller/development/userInfo.ts(19,22): error TS7006: Parameter 'param' implicitly has an 'any' type.
controller/development/userInfo.ts(24,14): error TS7006: Parameter 'resData' implicitly has an 'any' type.
controller/development/userInfo.ts(27,15): error TS7006: Parameter 'err' implicitly has an 'any' type.
controller/development/userInfo.ts(35,14): error TS7006: Parameter 'resData' implicitly has an 'any' type.
controller/development/userInfo.ts(52,15): error TS7006: Parameter 'err' implicitly has an 'any' type.
controller/development/userInfo.ts(61,24): error TS7006: Parameter 'param' implicitly has an 'any' type.
controller/development/userInfo.ts(66,14): error TS7006: Parameter 'resData' implicitly has an 'any' type.
controller/development/userInfo.ts(69,15): error TS7006: Parameter 'err' implicitly has an 'any' type.
controller/development/userInfo.ts(75,24): error TS7006: Parameter 'param' implicitly has an 'any' type.
controller/development/userInfo.ts(75,30): error TS7006: Parameter 'where' implicitly has an 'any' type.
controller/development/userInfo.ts(80,14): error TS7006: Parameter 'resData' implicitly has an 'any' type.
controller/development/userInfo.ts(84,15): error TS7006: Parameter 'err' implicitly has an 'any' type.

controller/development/userInfo.ts(19,22): error TS7006: Parameter 'param' implicitly has an 'any' type.
controller/development/userInfo.ts(24,14): error TS7006: Parameter 'resData' implicitly has an 'any' type.
controller/development/userInfo.ts(27,15): error TS7006: Parameter 'err' implicitly has an 'any' type.
controller/development/userInfo.ts(35,14): error TS7006: Parameter 'resData' implicitly has an 'any' type.
controller/development/userInfo.ts(52,15): error TS7006: Parameter 'err' implicitly has an 'any' type.
controller/development/userInfo.ts(61,24): error TS7006: Parameter 'param' implicitly has an 'any' type.
controller/development/userInfo.ts(66,14): error TS7006: Parameter 'resData' implicitly has an 'any' type.
controller/development/userInfo.ts(69,15): error TS7006: Parameter 'err' implicitly has an 'any' type.
controller/development/userInfo.ts(75,24): error TS7006: Parameter 'param' implicitly has an 'any' type.
controller/development/userInfo.ts(75,30): error TS7006: Parameter 'where' implicitly has an 'any' type.
controller/development/userInfo.ts(80,14): error TS7006: Parameter 'resData' implicitly has an 'any' type.
controller/development/userInfo.ts(84,15): error TS7006: Parameter 'err' implicitly has an 'any' type.

controller/development/userInfo.ts(19,22): error TS7006: Parameter 'param' implicitly has an 'any' type.
controller/development/userInfo.ts(24,14): error TS7006: Parameter 'resData' implicitly has an 'any' type.
controller/development/userInfo.ts(27,15): error TS7006: Parameter 'err' implicitly has an 'any' type.
controller/development/userInfo.ts(35,14): error TS7006: Parameter 'resData' implicitly has an 'any' type.
controller/development/userInfo.ts(52,15): error TS7006: Parameter 'err' implicitly has an 'any' type.
controller/development/userInfo.ts(61,24): error TS7006: Parameter 'param' implicitly has an 'any' type.
controller/development/userInfo.ts(66,14): error TS7006: Parameter 'resData' implicitly has an 'any' type.
controller/development/userInfo.ts(69,15): error TS7006: Parameter 'err' implicitly has an 'any' type.
controller/development/userInfo.ts(75,24): error TS7006: Parameter 'param' implicitly has an 'any' type.
controller/development/userInfo.ts(75,30): error TS7006: Parameter 'where' implicitly has an 'any' type.
controller/development/userInfo.ts(80,14): error TS7006: Parameter 'resData' implicitly has an 'any' type.
controller/development/userInfo.ts(84,15): error TS7006: Parameter 'err' implicitly has an 'any' type.

controller/development/userInfo.ts(19,22): error TS7006: Parameter 'param' implicitly has an 'any' type.
controller/development/userInfo.ts(24,14): error TS7006: Parameter 'resData' implicitly has an 'any' type.
controller/development/userInfo.ts(27,15): error TS7006: Parameter 'err' implicitly has an 'any' type.
controller/development/userInfo.ts(35,14): error TS7006: Parameter 'resData' implicitly has an 'any' type.
controller/development/userInfo.ts(52,15): error TS7006: Parameter 'err' implicitly has an 'any' type.
controller/development/userInfo.ts(61,24): error TS7006: Parameter 'param' implicitly has an 'any' type.
controller/development/userInfo.ts(66,14): error TS7006: Parameter 'resData' implicitly has an 'any' type.
controller/development/userInfo.ts(69,15): error TS7006: Parameter 'err' implicitly has an 'any' type.
controller/development/userInfo.ts(75,24): error TS7006: Parameter 'param' implicitly has an 'any' type.
controller/development/userInfo.ts(75,30): error TS7006: Parameter 'where' implicitly has an 'any' type.
controller/development/userInfo.ts(80,14): error TS7006: Parameter 'resData' implicitly has an 'any' type.
controller/development/userInfo.ts(84,15): error TS7006: Parameter 'err' implicitly has an 'any' type.

controller/development/userInfo.ts(19,22): error TS7006: Parameter 'param' implicitly has an 'any' type.
controller/development/userInfo.ts(24,14): error TS7006: Parameter 'resData' implicitly has an 'any' type.
controller/development/userInfo.ts(27,15): error TS7006: Parameter 'err' implicitly has an 'any' type.
controller/development/userInfo.ts(35,14): error TS7006: Parameter 'resData' implicitly has an 'any' type.
controller/development/userInfo.ts(52,15): error TS7006: Parameter 'err' implicitly has an 'any' type.
controller/development/userInfo.ts(61,24): error TS7006: Parameter 'param' implicitly has an 'any' type.
controller/development/userInfo.ts(66,14): error TS7006: Parameter 'resData' implicitly has an 'any' type.
controller/development/userInfo.ts(69,15): error TS7006: Parameter 'err' implicitly has an 'any' type.
controller/development/userInfo.ts(75,24): error TS7006: Parameter 'param' implicitly has an 'any' type.
controller/development/userInfo.ts(75,30): error TS7006: Parameter 'where' implicitly has an 'any' type.
controller/development/userInfo.ts(80,14): error TS7006: Parameter 'resData' implicitly has an 'any' type.
controller/development/userInfo.ts(84,15): error TS7006: Parameter 'err' implicitly has an 'any' type.

controller/development/userInfo.ts(19,22): error TS7006: Parameter 'param' implicitly has an 'any' type.
controller/development/userInfo.ts(24,14): error TS7006: Parameter 'resData' implicitly has an 'any' type.
controller/development/userInfo.ts(27,15): error TS7006: Parameter 'err' implicitly has an 'any' type.
controller/development/userInfo.ts(35,14): error TS7006: Parameter 'resData' implicitly has an 'any' type.
controller/development/userInfo.ts(52,15): error TS7006: Parameter 'err' implicitly has an 'any' type.
controller/development/userInfo.ts(61,24): error TS7006: Parameter 'param' implicitly has an 'any' type.
controller/development/userInfo.ts(66,14): error TS7006: Parameter 'resData' implicitly has an 'any' type.
controller/development/userInfo.ts(69,15): error TS7006: Parameter 'err' implicitly has an 'any' type.
controller/development/userInfo.ts(75,24): error TS7006: Parameter 'param' implicitly has an 'any' type.
controller/development/userInfo.ts(75,30): error TS7006: Parameter 'where' implicitly has an 'any' type.
controller/development/userInfo.ts(80,14): error TS7006: Parameter 'resData' implicitly has an 'any' type.
controller/development/userInfo.ts(84,15): error TS7006: Parameter 'err' implicitly has an 'any' type.

controller/development/userInfo.ts(14,4): error TS2304: Cannot find name 'props'.
controller/development/userInfo.ts(15,4): error TS2304: Cannot find name 'key'.
controller/development/userInfo.ts(15,11): error TS2322: Type 'string' is not assignable to type 'object'.
controller/development/userInfo.ts(15,19): error TS2693: 'any' only refers to a type, but is being used as a value here.
controller/development/userInfo.ts(19,22): error TS7006: Parameter 'param' implicitly has an 'any' type.
controller/development/userInfo.ts(24,14): error TS7006: Parameter 'resData' implicitly has an 'any' type.
controller/development/userInfo.ts(27,15): error TS7006: Parameter 'err' implicitly has an 'any' type.
controller/development/userInfo.ts(35,14): error TS7006: Parameter 'resData' implicitly has an 'any' type.
controller/development/userInfo.ts(52,15): error TS7006: Parameter 'err' implicitly has an 'any' type.
controller/development/userInfo.ts(61,24): error TS7006: Parameter 'param' implicitly has an 'any' type.
controller/development/userInfo.ts(66,14): error TS7006: Parameter 'resData' implicitly has an 'any' type.
controller/development/userInfo.ts(69,15): error TS7006: Parameter 'err' implicitly has an 'any' type.
controller/development/userInfo.ts(75,24): error TS7006: Parameter 'param' implicitly has an 'any' type.
controller/development/userInfo.ts(75,30): error TS7006: Parameter 'where' implicitly has an 'any' type.
controller/development/userInfo.ts(80,14): error TS7006: Parameter 'resData' implicitly has an 'any' type.
controller/development/userInfo.ts(84,15): error TS7006: Parameter 'err' implicitly has an 'any' type.
controller/development/userInfo.ts(14,1): error TS1109: Expression expected.
controller/development/userInfo.ts(14,10): error TS1005: ';' expected.
controller/development/userInfo.ts(15,17): error TS1005: ';' expected.

controller/development/userInfo.ts(15,4): error TS2304: Cannot find name 'key'.
controller/development/userInfo.ts(15,11): error TS2322: Type 'string' is not assignable to type 'object'.
controller/development/userInfo.ts(15,19): error TS2693: 'any' only refers to a type, but is being used as a value here.
controller/development/userInfo.ts(19,22): error TS7006: Parameter 'param' implicitly has an 'any' type.
controller/development/userInfo.ts(24,14): error TS7006: Parameter 'resData' implicitly has an 'any' type.
controller/development/userInfo.ts(27,15): error TS7006: Parameter 'err' implicitly has an 'any' type.
controller/development/userInfo.ts(35,14): error TS7006: Parameter 'resData' implicitly has an 'any' type.
controller/development/userInfo.ts(52,15): error TS7006: Parameter 'err' implicitly has an 'any' type.
controller/development/userInfo.ts(61,24): error TS7006: Parameter 'param' implicitly has an 'any' type.
controller/development/userInfo.ts(66,14): error TS7006: Parameter 'resData' implicitly has an 'any' type.
controller/development/userInfo.ts(69,15): error TS7006: Parameter 'err' implicitly has an 'any' type.
controller/development/userInfo.ts(75,24): error TS7006: Parameter 'param' implicitly has an 'any' type.
controller/development/userInfo.ts(75,30): error TS7006: Parameter 'where' implicitly has an 'any' type.
controller/development/userInfo.ts(80,14): error TS7006: Parameter 'resData' implicitly has an 'any' type.
controller/development/userInfo.ts(84,15): error TS7006: Parameter 'err' implicitly has an 'any' type.
controller/development/userInfo.ts(14,17): error TS1005: '{' expected.
controller/development/userInfo.ts(15,17): error TS1005: ';' expected.

controller/development/userInfo.ts(15,3): error TS7061: A mapped type may not declare properties or methods.
controller/development/userInfo.ts(19,22): error TS7006: Parameter 'param' implicitly has an 'any' type.
controller/development/userInfo.ts(24,14): error TS7006: Parameter 'resData' implicitly has an 'any' type.
controller/development/userInfo.ts(27,15): error TS7006: Parameter 'err' implicitly has an 'any' type.
controller/development/userInfo.ts(35,14): error TS7006: Parameter 'resData' implicitly has an 'any' type.
controller/development/userInfo.ts(52,15): error TS7006: Parameter 'err' implicitly has an 'any' type.
controller/development/userInfo.ts(61,24): error TS7006: Parameter 'param' implicitly has an 'any' type.
controller/development/userInfo.ts(66,14): error TS7006: Parameter 'resData' implicitly has an 'any' type.
controller/development/userInfo.ts(69,15): error TS7006: Parameter 'err' implicitly has an 'any' type.
controller/development/userInfo.ts(75,24): error TS7006: Parameter 'param' implicitly has an 'any' type.
controller/development/userInfo.ts(75,30): error TS7006: Parameter 'where' implicitly has an 'any' type.
controller/development/userInfo.ts(80,14): error TS7006: Parameter 'resData' implicitly has an 'any' type.
controller/development/userInfo.ts(84,15): error TS7006: Parameter 'err' implicitly has an 'any' type.

controller/development/userInfo.ts(15,3): error TS7061: A mapped type may not declare properties or methods.
controller/development/userInfo.ts(19,22): error TS7006: Parameter 'param' implicitly has an 'any' type.
controller/development/userInfo.ts(24,14): error TS7006: Parameter 'resData' implicitly has an 'any' type.
controller/development/userInfo.ts(27,15): error TS7006: Parameter 'err' implicitly has an 'any' type.
controller/development/userInfo.ts(35,14): error TS7006: Parameter 'resData' implicitly has an 'any' type.
controller/development/userInfo.ts(52,15): error TS7006: Parameter 'err' implicitly has an 'any' type.
controller/development/userInfo.ts(61,24): error TS7006: Parameter 'param' implicitly has an 'any' type.
controller/development/userInfo.ts(66,14): error TS7006: Parameter 'resData' implicitly has an 'any' type.
controller/development/userInfo.ts(69,15): error TS7006: Parameter 'err' implicitly has an 'any' type.
controller/development/userInfo.ts(75,24): error TS7006: Parameter 'param' implicitly has an 'any' type.
controller/development/userInfo.ts(75,30): error TS7006: Parameter 'where' implicitly has an 'any' type.
controller/development/userInfo.ts(80,14): error TS7006: Parameter 'resData' implicitly has an 'any' type.
controller/development/userInfo.ts(84,15): error TS7006: Parameter 'err' implicitly has an 'any' type.

controller/development/userInfo.ts(17,22): error TS7006: Parameter 'param' implicitly has an 'any' type.
controller/development/userInfo.ts(22,14): error TS7006: Parameter 'resData' implicitly has an 'any' type.
controller/development/userInfo.ts(25,15): error TS7006: Parameter 'err' implicitly has an 'any' type.
controller/development/userInfo.ts(33,14): error TS7006: Parameter 'resData' implicitly has an 'any' type.
controller/development/userInfo.ts(50,15): error TS7006: Parameter 'err' implicitly has an 'any' type.
controller/development/userInfo.ts(59,24): error TS7006: Parameter 'param' implicitly has an 'any' type.
controller/development/userInfo.ts(64,14): error TS7006: Parameter 'resData' implicitly has an 'any' type.
controller/development/userInfo.ts(67,15): error TS7006: Parameter 'err' implicitly has an 'any' type.
controller/development/userInfo.ts(73,24): error TS7006: Parameter 'param' implicitly has an 'any' type.
controller/development/userInfo.ts(73,30): error TS7006: Parameter 'where' implicitly has an 'any' type.
controller/development/userInfo.ts(78,14): error TS7006: Parameter 'resData' implicitly has an 'any' type.
controller/development/userInfo.ts(82,15): error TS7006: Parameter 'err' implicitly has an 'any' type.

controller/development/userInfo.ts(17,22): error TS7006: Parameter 'param' implicitly has an 'any' type.
controller/development/userInfo.ts(22,14): error TS7006: Parameter 'resData' implicitly has an 'any' type.
controller/development/userInfo.ts(25,15): error TS7006: Parameter 'err' implicitly has an 'any' type.
controller/development/userInfo.ts(33,14): error TS7006: Parameter 'resData' implicitly has an 'any' type.
controller/development/userInfo.ts(50,15): error TS7006: Parameter 'err' implicitly has an 'any' type.
controller/development/userInfo.ts(59,24): error TS7006: Parameter 'param' implicitly has an 'any' type.
controller/development/userInfo.ts(64,14): error TS7006: Parameter 'resData' implicitly has an 'any' type.
controller/development/userInfo.ts(67,15): error TS7006: Parameter 'err' implicitly has an 'any' type.
controller/development/userInfo.ts(73,24): error TS7006: Parameter 'param' implicitly has an 'any' type.
controller/development/userInfo.ts(73,30): error TS7006: Parameter 'where' implicitly has an 'any' type.
controller/development/userInfo.ts(78,14): error TS7006: Parameter 'resData' implicitly has an 'any' type.
controller/development/userInfo.ts(82,15): error TS7006: Parameter 'err' implicitly has an 'any' type.

controller/development/userInfo.ts(17,22): error TS7006: Parameter 'param' implicitly has an 'any' type.
controller/development/userInfo.ts(22,14): error TS7006: Parameter 'resData' implicitly has an 'any' type.
controller/development/userInfo.ts(25,15): error TS7006: Parameter 'err' implicitly has an 'any' type.
controller/development/userInfo.ts(33,14): error TS7006: Parameter 'resData' implicitly has an 'any' type.
controller/development/userInfo.ts(50,15): error TS7006: Parameter 'err' implicitly has an 'any' type.
controller/development/userInfo.ts(59,24): error TS7006: Parameter 'param' implicitly has an 'any' type.
controller/development/userInfo.ts(64,14): error TS7006: Parameter 'resData' implicitly has an 'any' type.
controller/development/userInfo.ts(67,15): error TS7006: Parameter 'err' implicitly has an 'any' type.
controller/development/userInfo.ts(73,24): error TS7006: Parameter 'param' implicitly has an 'any' type.
controller/development/userInfo.ts(73,30): error TS7006: Parameter 'where' implicitly has an 'any' type.
controller/development/userInfo.ts(78,14): error TS7006: Parameter 'resData' implicitly has an 'any' type.
controller/development/userInfo.ts(82,15): error TS7006: Parameter 'err' implicitly has an 'any' type.

controller/development/userInfo.ts(17,22): error TS7006: Parameter 'param' implicitly has an 'any' type.
controller/development/userInfo.ts(22,14): error TS7006: Parameter 'resData' implicitly has an 'any' type.
controller/development/userInfo.ts(25,15): error TS7006: Parameter 'err' implicitly has an 'any' type.
controller/development/userInfo.ts(33,14): error TS7006: Parameter 'resData' implicitly has an 'any' type.
controller/development/userInfo.ts(50,15): error TS7006: Parameter 'err' implicitly has an 'any' type.
controller/development/userInfo.ts(59,24): error TS7006: Parameter 'param' implicitly has an 'any' type.
controller/development/userInfo.ts(64,14): error TS7006: Parameter 'resData' implicitly has an 'any' type.
controller/development/userInfo.ts(67,15): error TS7006: Parameter 'err' implicitly has an 'any' type.
controller/development/userInfo.ts(73,24): error TS7006: Parameter 'param' implicitly has an 'any' type.
controller/development/userInfo.ts(73,30): error TS7006: Parameter 'where' implicitly has an 'any' type.
controller/development/userInfo.ts(78,14): error TS7006: Parameter 'resData' implicitly has an 'any' type.
controller/development/userInfo.ts(82,15): error TS7006: Parameter 'err' implicitly has an 'any' type.

controller/development/userInfo.ts(17,22): error TS7006: Parameter 'param' implicitly has an 'any' type.
controller/development/userInfo.ts(22,14): error TS7006: Parameter 'resData' implicitly has an 'any' type.
controller/development/userInfo.ts(25,15): error TS7006: Parameter 'err' implicitly has an 'any' type.
controller/development/userInfo.ts(33,14): error TS7006: Parameter 'resData' implicitly has an 'any' type.
controller/development/userInfo.ts(50,15): error TS7006: Parameter 'err' implicitly has an 'any' type.
controller/development/userInfo.ts(59,24): error TS7006: Parameter 'param' implicitly has an 'any' type.
controller/development/userInfo.ts(64,14): error TS7006: Parameter 'resData' implicitly has an 'any' type.
controller/development/userInfo.ts(67,15): error TS7006: Parameter 'err' implicitly has an 'any' type.
controller/development/userInfo.ts(73,24): error TS7006: Parameter 'param' implicitly has an 'any' type.
controller/development/userInfo.ts(73,30): error TS7006: Parameter 'where' implicitly has an 'any' type.
controller/development/userInfo.ts(78,14): error TS7006: Parameter 'resData' implicitly has an 'any' type.
controller/development/userInfo.ts(82,15): error TS7006: Parameter 'err' implicitly has an 'any' type.

controller/development/userInfo.ts(17,22): error TS7006: Parameter 'param' implicitly has an 'any' type.
controller/development/userInfo.ts(22,14): error TS7006: Parameter 'resData' implicitly has an 'any' type.
controller/development/userInfo.ts(25,15): error TS7006: Parameter 'err' implicitly has an 'any' type.
controller/development/userInfo.ts(33,14): error TS7006: Parameter 'resData' implicitly has an 'any' type.
controller/development/userInfo.ts(50,15): error TS7006: Parameter 'err' implicitly has an 'any' type.
controller/development/userInfo.ts(59,24): error TS7006: Parameter 'param' implicitly has an 'any' type.
controller/development/userInfo.ts(64,14): error TS7006: Parameter 'resData' implicitly has an 'any' type.
controller/development/userInfo.ts(67,15): error TS7006: Parameter 'err' implicitly has an 'any' type.
controller/development/userInfo.ts(73,24): error TS7006: Parameter 'param' implicitly has an 'any' type.
controller/development/userInfo.ts(73,30): error TS7006: Parameter 'where' implicitly has an 'any' type.
controller/development/userInfo.ts(78,14): error TS7006: Parameter 'resData' implicitly has an 'any' type.
controller/development/userInfo.ts(82,15): error TS7006: Parameter 'err' implicitly has an 'any' type.

