{"message":"src/controller/development/userInfo.ts(16,22): error TS7006: Parameter 'param' implicitly has an 'any' type.\nsrc/controller/development/userInfo.ts(21,14): error TS7006: Parameter 'resData' implicitly has an 'any' type.\nsrc/controller/development/userInfo.ts(24,15): error TS7006: Parameter 'err' implicitly has an 'any' type.\nsrc/controller/development/userInfo.ts(32,14): error TS7006: Parameter 'resData' implicitly has an 'any' type.\nsrc/controller/development/userInfo.ts(49,15): error TS7006: Parameter 'err' implicitly has an 'any' type.\nsrc/controller/development/userInfo.ts(58,24): error TS7006: Parameter 'param' implicitly has an 'any' type.\nsrc/controller/development/userInfo.ts(63,14): error TS7006: Parameter 'resData' implicitly has an 'any' type.\nsrc/controller/development/userInfo.ts(66,15): error TS7006: Parameter 'err' implicitly has an 'any' type.\nsrc/controller/development/userInfo.ts(72,24): error TS7006: Parameter 'param' implicitly has an 'any' type.\nsrc/controller/development/userInfo.ts(72,30): error TS7006: Parameter 'where' implicitly has an 'any' type.\nsrc/controller/development/userInfo.ts(77,14): error TS7006: Parameter 'resData' implicitly has an 'any' type.\nsrc/controller/development/userInfo.ts(81,15): error TS7006: Parameter 'err' implicitly has an 'any' type.\n\n","timestamp":"2024-01-11 16:37 +08:00","type":"err","process_id":0,"app_name":"我的后台"}
{"message":"src/controller/development/userInfo.ts(16,22): error TS7006: Parameter 'param' implicitly has an 'any' type.\nsrc/controller/development/userInfo.ts(21,14): error TS7006: Parameter 'resData' implicitly has an 'any' type.\nsrc/controller/development/userInfo.ts(24,15): error TS7006: Parameter 'err' implicitly has an 'any' type.\nsrc/controller/development/userInfo.ts(32,14): error TS7006: Parameter 'resData' implicitly has an 'any' type.\nsrc/controller/development/userInfo.ts(49,15): error TS7006: Parameter 'err' implicitly has an 'any' type.\nsrc/controller/development/userInfo.ts(58,24): error TS7006: Parameter 'param' implicitly has an 'any' type.\nsrc/controller/development/userInfo.ts(63,14): error TS7006: Parameter 'resData' implicitly has an 'any' type.\nsrc/controller/development/userInfo.ts(66,15): error TS7006: Parameter 'err' implicitly has an 'any' type.\nsrc/controller/development/userInfo.ts(72,24): error TS7006: Parameter 'param' implicitly has an 'any' type.\nsrc/controller/development/userInfo.ts(72,30): error TS7006: Parameter 'where' implicitly has an 'any' type.\nsrc/controller/development/userInfo.ts(77,14): error TS7006: Parameter 'resData' implicitly has an 'any' type.\nsrc/controller/development/userInfo.ts(81,15): error TS7006: Parameter 'err' implicitly has an 'any' type.\n\n","timestamp":"2024-01-11 16:37 +08:00","type":"err","process_id":0,"app_name":"我的后台"}
{"message":"src/controller/development/userInfo.ts(16,22): error TS7006: Parameter 'param' implicitly has an 'any' type.\nsrc/controller/development/userInfo.ts(21,14): error TS7006: Parameter 'resData' implicitly has an 'any' type.\nsrc/controller/development/userInfo.ts(24,15): error TS7006: Parameter 'err' implicitly has an 'any' type.\nsrc/controller/development/userInfo.ts(32,14): error TS7006: Parameter 'resData' implicitly has an 'any' type.\nsrc/controller/development/userInfo.ts(49,15): error TS7006: Parameter 'err' implicitly has an 'any' type.\nsrc/controller/development/userInfo.ts(58,24): error TS7006: Parameter 'param' implicitly has an 'any' type.\nsrc/controller/development/userInfo.ts(63,14): error TS7006: Parameter 'resData' implicitly has an 'any' type.\nsrc/controller/development/userInfo.ts(66,15): error TS7006: Parameter 'err' implicitly has an 'any' type.\nsrc/controller/development/userInfo.ts(72,24): error TS7006: Parameter 'param' implicitly has an 'any' type.\nsrc/controller/development/userInfo.ts(72,30): error TS7006: Parameter 'where' implicitly has an 'any' type.\nsrc/controller/development/userInfo.ts(77,14): error TS7006: Parameter 'resData' implicitly has an 'any' type.\nsrc/controller/development/userInfo.ts(81,15): error TS7006: Parameter 'err' implicitly has an 'any' type.\n\n","timestamp":"2024-01-11 16:37 +08:00","type":"err","process_id":0,"app_name":"我的后台"}
{"message":"src/controller/development/userInfo.ts(16,22): error TS7006: Parameter 'param' implicitly has an 'any' type.\nsrc/controller/development/userInfo.ts(21,14): error TS7006: Parameter 'resData' implicitly has an 'any' type.\nsrc/controller/development/userInfo.ts(24,15): error TS7006: Parameter 'err' implicitly has an 'any' type.\nsrc/controller/development/userInfo.ts(32,14): error TS7006: Parameter 'resData' implicitly has an 'any' type.\nsrc/controller/development/userInfo.ts(49,15): error TS7006: Parameter 'err' implicitly has an 'any' type.\nsrc/controller/development/userInfo.ts(58,24): error TS7006: Parameter 'param' implicitly has an 'any' type.\nsrc/controller/development/userInfo.ts(63,14): error TS7006: Parameter 'resData' implicitly has an 'any' type.\nsrc/controller/development/userInfo.ts(66,15): error TS7006: Parameter 'err' implicitly has an 'any' type.\nsrc/controller/development/userInfo.ts(72,24): error TS7006: Parameter 'param' implicitly has an 'any' type.\nsrc/controller/development/userInfo.ts(72,30): error TS7006: Parameter 'where' implicitly has an 'any' type.\nsrc/controller/development/userInfo.ts(77,14): error TS7006: Parameter 'resData' implicitly has an 'any' type.\nsrc/controller/development/userInfo.ts(81,15): error TS7006: Parameter 'err' implicitly has an 'any' type.\n\n","timestamp":"2024-01-11 16:37 +08:00","type":"err","process_id":0,"app_name":"我的后台"}
{"message":"src/controller/development/userInfo.ts(16,22): error TS7006: Parameter 'param' implicitly has an 'any' type.\nsrc/controller/development/userInfo.ts(21,14): error TS7006: Parameter 'resData' implicitly has an 'any' type.\nsrc/controller/development/userInfo.ts(24,15): error TS7006: Parameter 'err' implicitly has an 'any' type.\nsrc/controller/development/userInfo.ts(32,14): error TS7006: Parameter 'resData' implicitly has an 'any' type.\nsrc/controller/development/userInfo.ts(49,15): error TS7006: Parameter 'err' implicitly has an 'any' type.\nsrc/controller/development/userInfo.ts(58,24): error TS7006: Parameter 'param' implicitly has an 'any' type.\nsrc/controller/development/userInfo.ts(63,14): error TS7006: Parameter 'resData' implicitly has an 'any' type.\nsrc/controller/development/userInfo.ts(66,15): error TS7006: Parameter 'err' implicitly has an 'any' type.\nsrc/controller/development/userInfo.ts(72,24): error TS7006: Parameter 'param' implicitly has an 'any' type.\nsrc/controller/development/userInfo.ts(72,30): error TS7006: Parameter 'where' implicitly has an 'any' type.\nsrc/controller/development/userInfo.ts(77,14): error TS7006: Parameter 'resData' implicitly has an 'any' type.\nsrc/controller/development/userInfo.ts(81,15): error TS7006: Parameter 'err' implicitly has an 'any' type.\n\n","timestamp":"2024-01-11 16:37 +08:00","type":"err","process_id":0,"app_name":"我的后台"}
{"message":"src/controller/development/userInfo.ts(16,22): error TS7006: Parameter 'param' implicitly has an 'any' type.\nsrc/controller/development/userInfo.ts(21,14): error TS7006: Parameter 'resData' implicitly has an 'any' type.\nsrc/controller/development/userInfo.ts(24,15): error TS7006: Parameter 'err' implicitly has an 'any' type.\nsrc/controller/development/userInfo.ts(32,14): error TS7006: Parameter 'resData' implicitly has an 'any' type.\nsrc/controller/development/userInfo.ts(49,15): error TS7006: Parameter 'err' implicitly has an 'any' type.\nsrc/controller/development/userInfo.ts(58,24): error TS7006: Parameter 'param' implicitly has an 'any' type.\nsrc/controller/development/userInfo.ts(63,14): error TS7006: Parameter 'resData' implicitly has an 'any' type.\nsrc/controller/development/userInfo.ts(66,15): error TS7006: Parameter 'err' implicitly has an 'any' type.\nsrc/controller/development/userInfo.ts(72,24): error TS7006: Parameter 'param' implicitly has an 'any' type.\nsrc/controller/development/userInfo.ts(72,30): error TS7006: Parameter 'where' implicitly has an 'any' type.\nsrc/controller/development/userInfo.ts(77,14): error TS7006: Parameter 'resData' implicitly has an 'any' type.\nsrc/controller/development/userInfo.ts(81,15): error TS7006: Parameter 'err' implicitly has an 'any' type.\n\n","timestamp":"2024-01-11 16:37 +08:00","type":"err","process_id":0,"app_name":"我的后台"}
{"message":"src/controller/development/userInfo.ts(16,22): error TS7006: Parameter 'param' implicitly has an 'any' type.\nsrc/controller/development/userInfo.ts(21,14): error TS7006: Parameter 'resData' implicitly has an 'any' type.\nsrc/controller/development/userInfo.ts(24,15): error TS7006: Parameter 'err' implicitly has an 'any' type.\nsrc/controller/development/userInfo.ts(32,14): error TS7006: Parameter 'resData' implicitly has an 'any' type.\nsrc/controller/development/userInfo.ts(49,15): error TS7006: Parameter 'err' implicitly has an 'any' type.\nsrc/controller/development/userInfo.ts(58,24): error TS7006: Parameter 'param' implicitly has an 'any' type.\nsrc/controller/development/userInfo.ts(63,14): error TS7006: Parameter 'resData' implicitly has an 'any' type.\nsrc/controller/development/userInfo.ts(66,15): error TS7006: Parameter 'err' implicitly has an 'any' type.\nsrc/controller/development/userInfo.ts(72,24): error TS7006: Parameter 'param' implicitly has an 'any' type.\nsrc/controller/development/userInfo.ts(72,30): error TS7006: Parameter 'where' implicitly has an 'any' type.\nsrc/controller/development/userInfo.ts(77,14): error TS7006: Parameter 'resData' implicitly has an 'any' type.\nsrc/controller/development/userInfo.ts(81,15): error TS7006: Parameter 'err' implicitly has an 'any' type.\n\n","timestamp":"2024-01-11 16:37 +08:00","type":"err","process_id":0,"app_name":"我的后台"}
{"message":"src/controller/development/userInfo.ts(16,22): error TS7006: Parameter 'param' implicitly has an 'any' type.\nsrc/controller/development/userInfo.ts(21,14): error TS7006: Parameter 'resData' implicitly has an 'any' type.\nsrc/controller/development/userInfo.ts(24,15): error TS7006: Parameter 'err' implicitly has an 'any' type.\nsrc/controller/development/userInfo.ts(32,14): error TS7006: Parameter 'resData' implicitly has an 'any' type.\nsrc/controller/development/userInfo.ts(49,15): error TS7006: Parameter 'err' implicitly has an 'any' type.\nsrc/controller/development/userInfo.ts(58,24): error TS7006: Parameter 'param' implicitly has an 'any' type.\nsrc/controller/development/userInfo.ts(63,14): error TS7006: Parameter 'resData' implicitly has an 'any' type.\nsrc/controller/development/userInfo.ts(66,15): error TS7006: Parameter 'err' implicitly has an 'any' type.\nsrc/controller/development/userInfo.ts(72,24): error TS7006: Parameter 'param' implicitly has an 'any' type.\nsrc/controller/development/userInfo.ts(72,30): error TS7006: Parameter 'where' implicitly has an 'any' type.\nsrc/controller/development/userInfo.ts(77,14): error TS7006: Parameter 'resData' implicitly has an 'any' type.\nsrc/controller/development/userInfo.ts(81,15): error TS7006: Parameter 'err' implicitly has an 'any' type.\n\n","timestamp":"2024-01-11 16:37 +08:00","type":"err","process_id":0,"app_name":"我的后台"}
{"message":"src/controller/development/userInfo.ts(16,22): error TS7006: Parameter 'param' implicitly has an 'any' type.\nsrc/controller/development/userInfo.ts(21,14): error TS7006: Parameter 'resData' implicitly has an 'any' type.\nsrc/controller/development/userInfo.ts(24,15): error TS7006: Parameter 'err' implicitly has an 'any' type.\nsrc/controller/development/userInfo.ts(32,14): error TS7006: Parameter 'resData' implicitly has an 'any' type.\nsrc/controller/development/userInfo.ts(49,15): error TS7006: Parameter 'err' implicitly has an 'any' type.\nsrc/controller/development/userInfo.ts(58,24): error TS7006: Parameter 'param' implicitly has an 'any' type.\nsrc/controller/development/userInfo.ts(63,14): error TS7006: Parameter 'resData' implicitly has an 'any' type.\nsrc/controller/development/userInfo.ts(66,15): error TS7006: Parameter 'err' implicitly has an 'any' type.\nsrc/controller/development/userInfo.ts(72,24): error TS7006: Parameter 'param' implicitly has an 'any' type.\nsrc/controller/development/userInfo.ts(72,30): error TS7006: Parameter 'where' implicitly has an 'any' type.\nsrc/controller/development/userInfo.ts(77,14): error TS7006: Parameter 'resData' implicitly has an 'any' type.\nsrc/controller/development/userInfo.ts(81,15): error TS7006: Parameter 'err' implicitly has an 'any' type.\n\n","timestamp":"2024-01-11 16:37 +08:00","type":"err","process_id":0,"app_name":"我的后台"}
{"message":"src/controller/development/userInfo.ts(16,22): error TS7006: Parameter 'param' implicitly has an 'any' type.\nsrc/controller/development/userInfo.ts(21,14): error TS7006: Parameter 'resData' implicitly has an 'any' type.\nsrc/controller/development/userInfo.ts(24,15): error TS7006: Parameter 'err' implicitly has an 'any' type.\nsrc/controller/development/userInfo.ts(32,14): error TS7006: Parameter 'resData' implicitly has an 'any' type.\nsrc/controller/development/userInfo.ts(49,15): error TS7006: Parameter 'err' implicitly has an 'any' type.\nsrc/controller/development/userInfo.ts(58,24): error TS7006: Parameter 'param' implicitly has an 'any' type.\nsrc/controller/development/userInfo.ts(63,14): error TS7006: Parameter 'resData' implicitly has an 'any' type.\nsrc/controller/development/userInfo.ts(66,15): error TS7006: Parameter 'err' implicitly has an 'any' type.\nsrc/controller/development/userInfo.ts(72,24): error TS7006: Parameter 'param' implicitly has an 'any' type.\nsrc/controller/development/userInfo.ts(72,30): error TS7006: Parameter 'where' implicitly has an 'any' type.\nsrc/controller/development/userInfo.ts(77,14): error TS7006: Parameter 'resData' implicitly has an 'any' type.\nsrc/controller/development/userInfo.ts(81,15): error TS7006: Parameter 'err' implicitly has an 'any' type.\n\n","timestamp":"2024-01-11 16:37 +08:00","type":"err","process_id":0,"app_name":"我的后台"}
{"message":"src/controller/development/userInfo.ts(16,22): error TS7006: Parameter 'param' implicitly has an 'any' type.\nsrc/controller/development/userInfo.ts(21,14): error TS7006: Parameter 'resData' implicitly has an 'any' type.\nsrc/controller/development/userInfo.ts(24,15): error TS7006: Parameter 'err' implicitly has an 'any' type.\nsrc/controller/development/userInfo.ts(32,14): error TS7006: Parameter 'resData' implicitly has an 'any' type.\nsrc/controller/development/userInfo.ts(49,15): error TS7006: Parameter 'err' implicitly has an 'any' type.\nsrc/controller/development/userInfo.ts(58,24): error TS7006: Parameter 'param' implicitly has an 'any' type.\nsrc/controller/development/userInfo.ts(63,14): error TS7006: Parameter 'resData' implicitly has an 'any' type.\nsrc/controller/development/userInfo.ts(66,15): error TS7006: Parameter 'err' implicitly has an 'any' type.\nsrc/controller/development/userInfo.ts(72,24): error TS7006: Parameter 'param' implicitly has an 'any' type.\nsrc/controller/development/userInfo.ts(72,30): error TS7006: Parameter 'where' implicitly has an 'any' type.\nsrc/controller/development/userInfo.ts(77,14): error TS7006: Parameter 'resData' implicitly has an 'any' type.\nsrc/controller/development/userInfo.ts(81,15): error TS7006: Parameter 'err' implicitly has an 'any' type.\n\n","timestamp":"2024-01-11 16:37 +08:00","type":"err","process_id":0,"app_name":"我的后台"}
{"message":"src/controller/development/userInfo.ts(16,22): error TS7006: Parameter 'param' implicitly has an 'any' type.\nsrc/controller/development/userInfo.ts(21,14): error TS7006: Parameter 'resData' implicitly has an 'any' type.\nsrc/controller/development/userInfo.ts(24,15): error TS7006: Parameter 'err' implicitly has an 'any' type.\nsrc/controller/development/userInfo.ts(32,14): error TS7006: Parameter 'resData' implicitly has an 'any' type.\nsrc/controller/development/userInfo.ts(49,15): error TS7006: Parameter 'err' implicitly has an 'any' type.\nsrc/controller/development/userInfo.ts(58,24): error TS7006: Parameter 'param' implicitly has an 'any' type.\nsrc/controller/development/userInfo.ts(63,14): error TS7006: Parameter 'resData' implicitly has an 'any' type.\nsrc/controller/development/userInfo.ts(66,15): error TS7006: Parameter 'err' implicitly has an 'any' type.\nsrc/controller/development/userInfo.ts(72,24): error TS7006: Parameter 'param' implicitly has an 'any' type.\nsrc/controller/development/userInfo.ts(72,30): error TS7006: Parameter 'where' implicitly has an 'any' type.\nsrc/controller/development/userInfo.ts(77,14): error TS7006: Parameter 'resData' implicitly has an 'any' type.\nsrc/controller/development/userInfo.ts(81,15): error TS7006: Parameter 'err' implicitly has an 'any' type.\n\n","timestamp":"2024-01-11 16:37 +08:00","type":"err","process_id":0,"app_name":"我的后台"}
{"message":"src/controller/development/userInfo.ts(16,22): error TS7006: Parameter 'param' implicitly has an 'any' type.\nsrc/controller/development/userInfo.ts(21,14): error TS7006: Parameter 'resData' implicitly has an 'any' type.\nsrc/controller/development/userInfo.ts(24,15): error TS7006: Parameter 'err' implicitly has an 'any' type.\nsrc/controller/development/userInfo.ts(32,14): error TS7006: Parameter 'resData' implicitly has an 'any' type.\nsrc/controller/development/userInfo.ts(49,15): error TS7006: Parameter 'err' implicitly has an 'any' type.\nsrc/controller/development/userInfo.ts(58,24): error TS7006: Parameter 'param' implicitly has an 'any' type.\nsrc/controller/development/userInfo.ts(63,14): error TS7006: Parameter 'resData' implicitly has an 'any' type.\nsrc/controller/development/userInfo.ts(66,15): error TS7006: Parameter 'err' implicitly has an 'any' type.\nsrc/controller/development/userInfo.ts(72,24): error TS7006: Parameter 'param' implicitly has an 'any' type.\nsrc/controller/development/userInfo.ts(72,30): error TS7006: Parameter 'where' implicitly has an 'any' type.\nsrc/controller/development/userInfo.ts(77,14): error TS7006: Parameter 'resData' implicitly has an 'any' type.\nsrc/controller/development/userInfo.ts(81,15): error TS7006: Parameter 'err' implicitly has an 'any' type.\n\n","timestamp":"2024-01-11 16:37 +08:00","type":"err","process_id":0,"app_name":"我的后台"}
{"message":"src/controller/development/userInfo.ts(16,22): error TS7006: Parameter 'param' implicitly has an 'any' type.\nsrc/controller/development/userInfo.ts(21,14): error TS7006: Parameter 'resData' implicitly has an 'any' type.\nsrc/controller/development/userInfo.ts(24,15): error TS7006: Parameter 'err' implicitly has an 'any' type.\nsrc/controller/development/userInfo.ts(32,14): error TS7006: Parameter 'resData' implicitly has an 'any' type.\nsrc/controller/development/userInfo.ts(49,15): error TS7006: Parameter 'err' implicitly has an 'any' type.\nsrc/controller/development/userInfo.ts(58,24): error TS7006: Parameter 'param' implicitly has an 'any' type.\nsrc/controller/development/userInfo.ts(63,14): error TS7006: Parameter 'resData' implicitly has an 'any' type.\nsrc/controller/development/userInfo.ts(66,15): error TS7006: Parameter 'err' implicitly has an 'any' type.\nsrc/controller/development/userInfo.ts(72,24): error TS7006: Parameter 'param' implicitly has an 'any' type.\nsrc/controller/development/userInfo.ts(72,30): error TS7006: Parameter 'where' implicitly has an 'any' type.\nsrc/controller/development/userInfo.ts(77,14): error TS7006: Parameter 'resData' implicitly has an 'any' type.\nsrc/controller/development/userInfo.ts(81,15): error TS7006: Parameter 'err' implicitly has an 'any' type.\n\n","timestamp":"2024-01-11 16:37 +08:00","type":"err","process_id":0,"app_name":"我的后台"}
{"message":"src/controller/development/userInfo.ts(16,22): error TS7006: Parameter 'param' implicitly has an 'any' type.\nsrc/controller/development/userInfo.ts(21,14): error TS7006: Parameter 'resData' implicitly has an 'any' type.\nsrc/controller/development/userInfo.ts(24,15): error TS7006: Parameter 'err' implicitly has an 'any' type.\nsrc/controller/development/userInfo.ts(32,14): error TS7006: Parameter 'resData' implicitly has an 'any' type.\nsrc/controller/development/userInfo.ts(49,15): error TS7006: Parameter 'err' implicitly has an 'any' type.\nsrc/controller/development/userInfo.ts(58,24): error TS7006: Parameter 'param' implicitly has an 'any' type.\nsrc/controller/development/userInfo.ts(63,14): error TS7006: Parameter 'resData' implicitly has an 'any' type.\nsrc/controller/development/userInfo.ts(66,15): error TS7006: Parameter 'err' implicitly has an 'any' type.\nsrc/controller/development/userInfo.ts(72,24): error TS7006: Parameter 'param' implicitly has an 'any' type.\nsrc/controller/development/userInfo.ts(72,30): error TS7006: Parameter 'where' implicitly has an 'any' type.\nsrc/controller/development/userInfo.ts(77,14): error TS7006: Parameter 'resData' implicitly has an 'any' type.\nsrc/controller/development/userInfo.ts(81,15): error TS7006: Parameter 'err' implicitly has an 'any' type.\n\n","timestamp":"2024-01-11 16:37 +08:00","type":"err","process_id":0,"app_name":"我的后台"}
{"message":"src/controller/development/userInfo.ts(16,22): error TS7006: Parameter 'param' implicitly has an 'any' type.\nsrc/controller/development/userInfo.ts(21,14): error TS7006: Parameter 'resData' implicitly has an 'any' type.\nsrc/controller/development/userInfo.ts(24,15): error TS7006: Parameter 'err' implicitly has an 'any' type.\nsrc/controller/development/userInfo.ts(32,14): error TS7006: Parameter 'resData' implicitly has an 'any' type.\nsrc/controller/development/userInfo.ts(49,15): error TS7006: Parameter 'err' implicitly has an 'any' type.\nsrc/controller/development/userInfo.ts(58,24): error TS7006: Parameter 'param' implicitly has an 'any' type.\nsrc/controller/development/userInfo.ts(63,14): error TS7006: Parameter 'resData' implicitly has an 'any' type.\nsrc/controller/development/userInfo.ts(66,15): error TS7006: Parameter 'err' implicitly has an 'any' type.\nsrc/controller/development/userInfo.ts(72,24): error TS7006: Parameter 'param' implicitly has an 'any' type.\nsrc/controller/development/userInfo.ts(72,30): error TS7006: Parameter 'where' implicitly has an 'any' type.\nsrc/controller/development/userInfo.ts(77,14): error TS7006: Parameter 'resData' implicitly has an 'any' type.\nsrc/controller/development/userInfo.ts(81,15): error TS7006: Parameter 'err' implicitly has an 'any' type.\n\n","timestamp":"2024-01-11 16:37 +08:00","type":"err","process_id":0,"app_name":"我的后台"}
{"message":"src/controller/development/userInfo.ts(16,22): error TS7006: Parameter 'param' implicitly has an 'any' type.\nsrc/controller/development/userInfo.ts(21,14): error TS7006: Parameter 'resData' implicitly has an 'any' type.\nsrc/controller/development/userInfo.ts(24,15): error TS7006: Parameter 'err' implicitly has an 'any' type.\nsrc/controller/development/userInfo.ts(32,14): error TS7006: Parameter 'resData' implicitly has an 'any' type.\nsrc/controller/development/userInfo.ts(49,15): error TS7006: Parameter 'err' implicitly has an 'any' type.\nsrc/controller/development/userInfo.ts(58,24): error TS7006: Parameter 'param' implicitly has an 'any' type.\nsrc/controller/development/userInfo.ts(63,14): error TS7006: Parameter 'resData' implicitly has an 'any' type.\nsrc/controller/development/userInfo.ts(66,15): error TS7006: Parameter 'err' implicitly has an 'any' type.\nsrc/controller/development/userInfo.ts(72,24): error TS7006: Parameter 'param' implicitly has an 'any' type.\nsrc/controller/development/userInfo.ts(72,30): error TS7006: Parameter 'where' implicitly has an 'any' type.\nsrc/controller/development/userInfo.ts(77,14): error TS7006: Parameter 'resData' implicitly has an 'any' type.\nsrc/controller/development/userInfo.ts(81,15): error TS7006: Parameter 'err' implicitly has an 'any' type.\n\n","timestamp":"2024-01-11 16:37 +08:00","type":"err","process_id":0,"app_name":"我的后台"}
{"message":"src/controller/development/userInfo.ts(16,22): error TS7006: Parameter 'param' implicitly has an 'any' type.\nsrc/controller/development/userInfo.ts(21,14): error TS7006: Parameter 'resData' implicitly has an 'any' type.\nsrc/controller/development/userInfo.ts(24,15): error TS7006: Parameter 'err' implicitly has an 'any' type.\nsrc/controller/development/userInfo.ts(32,14): error TS7006: Parameter 'resData' implicitly has an 'any' type.\nsrc/controller/development/userInfo.ts(49,15): error TS7006: Parameter 'err' implicitly has an 'any' type.\nsrc/controller/development/userInfo.ts(58,24): error TS7006: Parameter 'param' implicitly has an 'any' type.\nsrc/controller/development/userInfo.ts(63,14): error TS7006: Parameter 'resData' implicitly has an 'any' type.\nsrc/controller/development/userInfo.ts(66,15): error TS7006: Parameter 'err' implicitly has an 'any' type.\nsrc/controller/development/userInfo.ts(72,24): error TS7006: Parameter 'param' implicitly has an 'any' type.\nsrc/controller/development/userInfo.ts(72,30): error TS7006: Parameter 'where' implicitly has an 'any' type.\nsrc/controller/development/userInfo.ts(77,14): error TS7006: Parameter 'resData' implicitly has an 'any' type.\nsrc/controller/development/userInfo.ts(81,15): error TS7006: Parameter 'err' implicitly has an 'any' type.\n\n","timestamp":"2024-01-11 16:37 +08:00","type":"err","process_id":0,"app_name":"我的后台"}
{"message":"src/controller/development/userInfo.ts(16,22): error TS7006: Parameter 'param' implicitly has an 'any' type.\nsrc/controller/development/userInfo.ts(21,14): error TS7006: Parameter 'resData' implicitly has an 'any' type.\nsrc/controller/development/userInfo.ts(24,15): error TS7006: Parameter 'err' implicitly has an 'any' type.\nsrc/controller/development/userInfo.ts(32,14): error TS7006: Parameter 'resData' implicitly has an 'any' type.\nsrc/controller/development/userInfo.ts(49,15): error TS7006: Parameter 'err' implicitly has an 'any' type.\nsrc/controller/development/userInfo.ts(58,24): error TS7006: Parameter 'param' implicitly has an 'any' type.\nsrc/controller/development/userInfo.ts(63,14): error TS7006: Parameter 'resData' implicitly has an 'any' type.\nsrc/controller/development/userInfo.ts(66,15): error TS7006: Parameter 'err' implicitly has an 'any' type.\nsrc/controller/development/userInfo.ts(72,24): error TS7006: Parameter 'param' implicitly has an 'any' type.\nsrc/controller/development/userInfo.ts(72,30): error TS7006: Parameter 'where' implicitly has an 'any' type.\nsrc/controller/development/userInfo.ts(77,14): error TS7006: Parameter 'resData' implicitly has an 'any' type.\nsrc/controller/development/userInfo.ts(81,15): error TS7006: Parameter 'err' implicitly has an 'any' type.\n\n","timestamp":"2024-01-11 16:38 +08:00","type":"err","process_id":0,"app_name":"我的后台"}
{"message":"src/controller/development/userInfo.ts(16,22): error TS7006: Parameter 'param' implicitly has an 'any' type.\nsrc/controller/development/userInfo.ts(21,14): error TS7006: Parameter 'resData' implicitly has an 'any' type.\nsrc/controller/development/userInfo.ts(24,15): error TS7006: Parameter 'err' implicitly has an 'any' type.\nsrc/controller/development/userInfo.ts(32,14): error TS7006: Parameter 'resData' implicitly has an 'any' type.\nsrc/controller/development/userInfo.ts(49,15): error TS7006: Parameter 'err' implicitly has an 'any' type.\nsrc/controller/development/userInfo.ts(58,24): error TS7006: Parameter 'param' implicitly has an 'any' type.\nsrc/controller/development/userInfo.ts(63,14): error TS7006: Parameter 'resData' implicitly has an 'any' type.\nsrc/controller/development/userInfo.ts(66,15): error TS7006: Parameter 'err' implicitly has an 'any' type.\nsrc/controller/development/userInfo.ts(72,24): error TS7006: Parameter 'param' implicitly has an 'any' type.\nsrc/controller/development/userInfo.ts(72,30): error TS7006: Parameter 'where' implicitly has an 'any' type.\nsrc/controller/development/userInfo.ts(77,14): error TS7006: Parameter 'resData' implicitly has an 'any' type.\nsrc/controller/development/userInfo.ts(81,15): error TS7006: Parameter 'err' implicitly has an 'any' type.\n\n","timestamp":"2024-01-11 16:38 +08:00","type":"err","process_id":0,"app_name":"我的后台"}
{"message":"src/controller/development/userInfo.ts(16,22): error TS7006: Parameter 'param' implicitly has an 'any' type.\nsrc/controller/development/userInfo.ts(21,14): error TS7006: Parameter 'resData' implicitly has an 'any' type.\nsrc/controller/development/userInfo.ts(24,15): error TS7006: Parameter 'err' implicitly has an 'any' type.\nsrc/controller/development/userInfo.ts(32,14): error TS7006: Parameter 'resData' implicitly has an 'any' type.\nsrc/controller/development/userInfo.ts(49,15): error TS7006: Parameter 'err' implicitly has an 'any' type.\nsrc/controller/development/userInfo.ts(58,24): error TS7006: Parameter 'param' implicitly has an 'any' type.\nsrc/controller/development/userInfo.ts(63,14): error TS7006: Parameter 'resData' implicitly has an 'any' type.\nsrc/controller/development/userInfo.ts(66,15): error TS7006: Parameter 'err' implicitly has an 'any' type.\nsrc/controller/development/userInfo.ts(72,24): error TS7006: Parameter 'param' implicitly has an 'any' type.\nsrc/controller/development/userInfo.ts(72,30): error TS7006: Parameter 'where' implicitly has an 'any' type.\nsrc/controller/development/userInfo.ts(77,14): error TS7006: Parameter 'resData' implicitly has an 'any' type.\nsrc/controller/development/userInfo.ts(81,15): error TS7006: Parameter 'err' implicitly has an 'any' type.\n\n","timestamp":"2024-01-11 16:38 +08:00","type":"err","process_id":0,"app_name":"我的后台"}
{"message":"src/controller/development/userInfo.ts(16,22): error TS7006: Parameter 'param' implicitly has an 'any' type.\nsrc/controller/development/userInfo.ts(21,14): error TS7006: Parameter 'resData' implicitly has an 'any' type.\nsrc/controller/development/userInfo.ts(24,15): error TS7006: Parameter 'err' implicitly has an 'any' type.\nsrc/controller/development/userInfo.ts(32,14): error TS7006: Parameter 'resData' implicitly has an 'any' type.\nsrc/controller/development/userInfo.ts(49,15): error TS7006: Parameter 'err' implicitly has an 'any' type.\nsrc/controller/development/userInfo.ts(58,24): error TS7006: Parameter 'param' implicitly has an 'any' type.\nsrc/controller/development/userInfo.ts(63,14): error TS7006: Parameter 'resData' implicitly has an 'any' type.\nsrc/controller/development/userInfo.ts(66,15): error TS7006: Parameter 'err' implicitly has an 'any' type.\nsrc/controller/development/userInfo.ts(72,24): error TS7006: Parameter 'param' implicitly has an 'any' type.\nsrc/controller/development/userInfo.ts(72,30): error TS7006: Parameter 'where' implicitly has an 'any' type.\nsrc/controller/development/userInfo.ts(77,14): error TS7006: Parameter 'resData' implicitly has an 'any' type.\nsrc/controller/development/userInfo.ts(81,15): error TS7006: Parameter 'err' implicitly has an 'any' type.\n\n","timestamp":"2024-01-11 16:38 +08:00","type":"err","process_id":0,"app_name":"我的后台"}
{"message":"src/controller/development/userInfo.ts(16,22): error TS7006: Parameter 'param' implicitly has an 'any' type.\nsrc/controller/development/userInfo.ts(21,14): error TS7006: Parameter 'resData' implicitly has an 'any' type.\nsrc/controller/development/userInfo.ts(24,15): error TS7006: Parameter 'err' implicitly has an 'any' type.\nsrc/controller/development/userInfo.ts(32,14): error TS7006: Parameter 'resData' implicitly has an 'any' type.\nsrc/controller/development/userInfo.ts(49,15): error TS7006: Parameter 'err' implicitly has an 'any' type.\nsrc/controller/development/userInfo.ts(58,24): error TS7006: Parameter 'param' implicitly has an 'any' type.\nsrc/controller/development/userInfo.ts(63,14): error TS7006: Parameter 'resData' implicitly has an 'any' type.\nsrc/controller/development/userInfo.ts(66,15): error TS7006: Parameter 'err' implicitly has an 'any' type.\nsrc/controller/development/userInfo.ts(72,24): error TS7006: Parameter 'param' implicitly has an 'any' type.\nsrc/controller/development/userInfo.ts(72,30): error TS7006: Parameter 'where' implicitly has an 'any' type.\nsrc/controller/development/userInfo.ts(77,14): error TS7006: Parameter 'resData' implicitly has an 'any' type.\nsrc/controller/development/userInfo.ts(81,15): error TS7006: Parameter 'err' implicitly has an 'any' type.\n\n","timestamp":"2024-01-11 16:38 +08:00","type":"err","process_id":0,"app_name":"我的后台"}
{"message":"src/controller/development/userInfo.ts(16,22): error TS7006: Parameter 'param' implicitly has an 'any' type.\nsrc/controller/development/userInfo.ts(21,14): error TS7006: Parameter 'resData' implicitly has an 'any' type.\nsrc/controller/development/userInfo.ts(24,15): error TS7006: Parameter 'err' implicitly has an 'any' type.\nsrc/controller/development/userInfo.ts(32,14): error TS7006: Parameter 'resData' implicitly has an 'any' type.\nsrc/controller/development/userInfo.ts(49,15): error TS7006: Parameter 'err' implicitly has an 'any' type.\nsrc/controller/development/userInfo.ts(58,24): error TS7006: Parameter 'param' implicitly has an 'any' type.\nsrc/controller/development/userInfo.ts(63,14): error TS7006: Parameter 'resData' implicitly has an 'any' type.\nsrc/controller/development/userInfo.ts(66,15): error TS7006: Parameter 'err' implicitly has an 'any' type.\nsrc/controller/development/userInfo.ts(72,24): error TS7006: Parameter 'param' implicitly has an 'any' type.\nsrc/controller/development/userInfo.ts(72,30): error TS7006: Parameter 'where' implicitly has an 'any' type.\nsrc/controller/development/userInfo.ts(77,14): error TS7006: Parameter 'resData' implicitly has an 'any' type.\nsrc/controller/development/userInfo.ts(81,15): error TS7006: Parameter 'err' implicitly has an 'any' type.\n\n","timestamp":"2024-01-11 16:38 +08:00","type":"err","process_id":0,"app_name":"我的后台"}
{"message":"src/controller/development/userInfo.ts(16,22): error TS7006: Parameter 'param' implicitly has an 'any' type.\nsrc/controller/development/userInfo.ts(21,14): error TS7006: Parameter 'resData' implicitly has an 'any' type.\nsrc/controller/development/userInfo.ts(24,15): error TS7006: Parameter 'err' implicitly has an 'any' type.\nsrc/controller/development/userInfo.ts(32,14): error TS7006: Parameter 'resData' implicitly has an 'any' type.\nsrc/controller/development/userInfo.ts(49,15): error TS7006: Parameter 'err' implicitly has an 'any' type.\nsrc/controller/development/userInfo.ts(58,24): error TS7006: Parameter 'param' implicitly has an 'any' type.\nsrc/controller/development/userInfo.ts(63,14): error TS7006: Parameter 'resData' implicitly has an 'any' type.\nsrc/controller/development/userInfo.ts(66,15): error TS7006: Parameter 'err' implicitly has an 'any' type.\nsrc/controller/development/userInfo.ts(72,24): error TS7006: Parameter 'param' implicitly has an 'any' type.\nsrc/controller/development/userInfo.ts(72,30): error TS7006: Parameter 'where' implicitly has an 'any' type.\nsrc/controller/development/userInfo.ts(77,14): error TS7006: Parameter 'resData' implicitly has an 'any' type.\nsrc/controller/development/userInfo.ts(81,15): error TS7006: Parameter 'err' implicitly has an 'any' type.\n\n","timestamp":"2024-01-11 16:38 +08:00","type":"err","process_id":0,"app_name":"我的后台"}
{"message":"src/controller/development/userInfo.ts(16,22): error TS7006: Parameter 'param' implicitly has an 'any' type.\nsrc/controller/development/userInfo.ts(21,14): error TS7006: Parameter 'resData' implicitly has an 'any' type.\nsrc/controller/development/userInfo.ts(24,15): error TS7006: Parameter 'err' implicitly has an 'any' type.\nsrc/controller/development/userInfo.ts(32,14): error TS7006: Parameter 'resData' implicitly has an 'any' type.\nsrc/controller/development/userInfo.ts(49,15): error TS7006: Parameter 'err' implicitly has an 'any' type.\nsrc/controller/development/userInfo.ts(58,24): error TS7006: Parameter 'param' implicitly has an 'any' type.\nsrc/controller/development/userInfo.ts(63,14): error TS7006: Parameter 'resData' implicitly has an 'any' type.\nsrc/controller/development/userInfo.ts(66,15): error TS7006: Parameter 'err' implicitly has an 'any' type.\nsrc/controller/development/userInfo.ts(72,24): error TS7006: Parameter 'param' implicitly has an 'any' type.\nsrc/controller/development/userInfo.ts(72,30): error TS7006: Parameter 'where' implicitly has an 'any' type.\nsrc/controller/development/userInfo.ts(77,14): error TS7006: Parameter 'resData' implicitly has an 'any' type.\nsrc/controller/development/userInfo.ts(81,15): error TS7006: Parameter 'err' implicitly has an 'any' type.\n\n","timestamp":"2024-01-11 16:38 +08:00","type":"err","process_id":0,"app_name":"我的后台"}
{"message":"src/controller/development/userInfo.ts(16,22): error TS7006: Parameter 'param' implicitly has an 'any' type.\nsrc/controller/development/userInfo.ts(21,14): error TS7006: Parameter 'resData' implicitly has an 'any' type.\nsrc/controller/development/userInfo.ts(24,15): error TS7006: Parameter 'err' implicitly has an 'any' type.\nsrc/controller/development/userInfo.ts(32,14): error TS7006: Parameter 'resData' implicitly has an 'any' type.\nsrc/controller/development/userInfo.ts(49,15): error TS7006: Parameter 'err' implicitly has an 'any' type.\nsrc/controller/development/userInfo.ts(58,24): error TS7006: Parameter 'param' implicitly has an 'any' type.\nsrc/controller/development/userInfo.ts(63,14): error TS7006: Parameter 'resData' implicitly has an 'any' type.\nsrc/controller/development/userInfo.ts(66,15): error TS7006: Parameter 'err' implicitly has an 'any' type.\nsrc/controller/development/userInfo.ts(72,24): error TS7006: Parameter 'param' implicitly has an 'any' type.\nsrc/controller/development/userInfo.ts(72,30): error TS7006: Parameter 'where' implicitly has an 'any' type.\nsrc/controller/development/userInfo.ts(77,14): error TS7006: Parameter 'resData' implicitly has an 'any' type.\nsrc/controller/development/userInfo.ts(81,15): error TS7006: Parameter 'err' implicitly has an 'any' type.\n\n","timestamp":"2024-01-11 16:38 +08:00","type":"err","process_id":0,"app_name":"我的后台"}
{"message":"src/controller/development/userInfo.ts(16,22): error TS7006: Parameter 'param' implicitly has an 'any' type.\nsrc/controller/development/userInfo.ts(21,14): error TS7006: Parameter 'resData' implicitly has an 'any' type.\nsrc/controller/development/userInfo.ts(24,15): error TS7006: Parameter 'err' implicitly has an 'any' type.\nsrc/controller/development/userInfo.ts(32,14): error TS7006: Parameter 'resData' implicitly has an 'any' type.\nsrc/controller/development/userInfo.ts(49,15): error TS7006: Parameter 'err' implicitly has an 'any' type.\nsrc/controller/development/userInfo.ts(58,24): error TS7006: Parameter 'param' implicitly has an 'any' type.\nsrc/controller/development/userInfo.ts(63,14): error TS7006: Parameter 'resData' implicitly has an 'any' type.\nsrc/controller/development/userInfo.ts(66,15): error TS7006: Parameter 'err' implicitly has an 'any' type.\nsrc/controller/development/userInfo.ts(72,24): error TS7006: Parameter 'param' implicitly has an 'any' type.\nsrc/controller/development/userInfo.ts(72,30): error TS7006: Parameter 'where' implicitly has an 'any' type.\nsrc/controller/development/userInfo.ts(77,14): error TS7006: Parameter 'resData' implicitly has an 'any' type.\nsrc/controller/development/userInfo.ts(81,15): error TS7006: Parameter 'err' implicitly has an 'any' type.\n\n","timestamp":"2024-01-11 16:38 +08:00","type":"err","process_id":0,"app_name":"我的后台"}
{"message":"src/controller/development/userInfo.ts(16,22): error TS7006: Parameter 'param' implicitly has an 'any' type.\nsrc/controller/development/userInfo.ts(21,14): error TS7006: Parameter 'resData' implicitly has an 'any' type.\nsrc/controller/development/userInfo.ts(24,15): error TS7006: Parameter 'err' implicitly has an 'any' type.\nsrc/controller/development/userInfo.ts(32,14): error TS7006: Parameter 'resData' implicitly has an 'any' type.\nsrc/controller/development/userInfo.ts(49,15): error TS7006: Parameter 'err' implicitly has an 'any' type.\nsrc/controller/development/userInfo.ts(58,24): error TS7006: Parameter 'param' implicitly has an 'any' type.\nsrc/controller/development/userInfo.ts(63,14): error TS7006: Parameter 'resData' implicitly has an 'any' type.\nsrc/controller/development/userInfo.ts(66,15): error TS7006: Parameter 'err' implicitly has an 'any' type.\nsrc/controller/development/userInfo.ts(72,24): error TS7006: Parameter 'param' implicitly has an 'any' type.\nsrc/controller/development/userInfo.ts(72,30): error TS7006: Parameter 'where' implicitly has an 'any' type.\nsrc/controller/development/userInfo.ts(77,14): error TS7006: Parameter 'resData' implicitly has an 'any' type.\nsrc/controller/development/userInfo.ts(81,15): error TS7006: Parameter 'err' implicitly has an 'any' type.\n\n","timestamp":"2024-01-11 16:38 +08:00","type":"err","process_id":0,"app_name":"我的后台"}
{"message":"src/controller/development/userInfo.ts(16,22): error TS7006: Parameter 'param' implicitly has an 'any' type.\nsrc/controller/development/userInfo.ts(21,14): error TS7006: Parameter 'resData' implicitly has an 'any' type.\nsrc/controller/development/userInfo.ts(24,15): error TS7006: Parameter 'err' implicitly has an 'any' type.\nsrc/controller/development/userInfo.ts(32,14): error TS7006: Parameter 'resData' implicitly has an 'any' type.\nsrc/controller/development/userInfo.ts(49,15): error TS7006: Parameter 'err' implicitly has an 'any' type.\nsrc/controller/development/userInfo.ts(58,24): error TS7006: Parameter 'param' implicitly has an 'any' type.\nsrc/controller/development/userInfo.ts(63,14): error TS7006: Parameter 'resData' implicitly has an 'any' type.\nsrc/controller/development/userInfo.ts(66,15): error TS7006: Parameter 'err' implicitly has an 'any' type.\nsrc/controller/development/userInfo.ts(72,24): error TS7006: Parameter 'param' implicitly has an 'any' type.\nsrc/controller/development/userInfo.ts(72,30): error TS7006: Parameter 'where' implicitly has an 'any' type.\nsrc/controller/development/userInfo.ts(77,14): error TS7006: Parameter 'resData' implicitly has an 'any' type.\nsrc/controller/development/userInfo.ts(81,15): error TS7006: Parameter 'err' implicitly has an 'any' type.\n\n","timestamp":"2024-01-11 16:38 +08:00","type":"err","process_id":0,"app_name":"我的后台"}
{"message":"src/controller/development/userInfo.ts(16,22): error TS7006: Parameter 'param' implicitly has an 'any' type.\nsrc/controller/development/userInfo.ts(21,14): error TS7006: Parameter 'resData' implicitly has an 'any' type.\nsrc/controller/development/userInfo.ts(24,15): error TS7006: Parameter 'err' implicitly has an 'any' type.\nsrc/controller/development/userInfo.ts(32,14): error TS7006: Parameter 'resData' implicitly has an 'any' type.\nsrc/controller/development/userInfo.ts(49,15): error TS7006: Parameter 'err' implicitly has an 'any' type.\nsrc/controller/development/userInfo.ts(58,24): error TS7006: Parameter 'param' implicitly has an 'any' type.\nsrc/controller/development/userInfo.ts(63,14): error TS7006: Parameter 'resData' implicitly has an 'any' type.\nsrc/controller/development/userInfo.ts(66,15): error TS7006: Parameter 'err' implicitly has an 'any' type.\nsrc/controller/development/userInfo.ts(72,24): error TS7006: Parameter 'param' implicitly has an 'any' type.\nsrc/controller/development/userInfo.ts(72,30): error TS7006: Parameter 'where' implicitly has an 'any' type.\nsrc/controller/development/userInfo.ts(77,14): error TS7006: Parameter 'resData' implicitly has an 'any' type.\nsrc/controller/development/userInfo.ts(81,15): error TS7006: Parameter 'err' implicitly has an 'any' type.\n\n","timestamp":"2024-01-11 16:38 +08:00","type":"err","process_id":0,"app_name":"我的后台"}
{"message":"src/controller/development/userInfo.ts(16,22): error TS7006: Parameter 'param' implicitly has an 'any' type.\nsrc/controller/development/userInfo.ts(21,14): error TS7006: Parameter 'resData' implicitly has an 'any' type.\nsrc/controller/development/userInfo.ts(24,15): error TS7006: Parameter 'err' implicitly has an 'any' type.\nsrc/controller/development/userInfo.ts(32,14): error TS7006: Parameter 'resData' implicitly has an 'any' type.\nsrc/controller/development/userInfo.ts(49,15): error TS7006: Parameter 'err' implicitly has an 'any' type.\nsrc/controller/development/userInfo.ts(58,24): error TS7006: Parameter 'param' implicitly has an 'any' type.\nsrc/controller/development/userInfo.ts(63,14): error TS7006: Parameter 'resData' implicitly has an 'any' type.\nsrc/controller/development/userInfo.ts(66,15): error TS7006: Parameter 'err' implicitly has an 'any' type.\nsrc/controller/development/userInfo.ts(72,24): error TS7006: Parameter 'param' implicitly has an 'any' type.\nsrc/controller/development/userInfo.ts(72,30): error TS7006: Parameter 'where' implicitly has an 'any' type.\nsrc/controller/development/userInfo.ts(77,14): error TS7006: Parameter 'resData' implicitly has an 'any' type.\nsrc/controller/development/userInfo.ts(81,15): error TS7006: Parameter 'err' implicitly has an 'any' type.\n\n","timestamp":"2024-01-11 16:38 +08:00","type":"err","process_id":0,"app_name":"我的后台"}
{"message":"src/controller/development/userInfo.ts(16,22): error TS7006: Parameter 'param' implicitly has an 'any' type.\nsrc/controller/development/userInfo.ts(21,14): error TS7006: Parameter 'resData' implicitly has an 'any' type.\nsrc/controller/development/userInfo.ts(24,15): error TS7006: Parameter 'err' implicitly has an 'any' type.\nsrc/controller/development/userInfo.ts(32,14): error TS7006: Parameter 'resData' implicitly has an 'any' type.\nsrc/controller/development/userInfo.ts(49,15): error TS7006: Parameter 'err' implicitly has an 'any' type.\nsrc/controller/development/userInfo.ts(58,24): error TS7006: Parameter 'param' implicitly has an 'any' type.\nsrc/controller/development/userInfo.ts(63,14): error TS7006: Parameter 'resData' implicitly has an 'any' type.\nsrc/controller/development/userInfo.ts(66,15): error TS7006: Parameter 'err' implicitly has an 'any' type.\nsrc/controller/development/userInfo.ts(72,24): error TS7006: Parameter 'param' implicitly has an 'any' type.\nsrc/controller/development/userInfo.ts(72,30): error TS7006: Parameter 'where' implicitly has an 'any' type.\nsrc/controller/development/userInfo.ts(77,14): error TS7006: Parameter 'resData' implicitly has an 'any' type.\nsrc/controller/development/userInfo.ts(81,15): error TS7006: Parameter 'err' implicitly has an 'any' type.\n\n","timestamp":"2024-01-11 16:38 +08:00","type":"err","process_id":0,"app_name":"我的后台"}
{"message":"src/controller/development/userInfo.ts(16,22): error TS7006: Parameter 'param' implicitly has an 'any' type.\nsrc/controller/development/userInfo.ts(21,14): error TS7006: Parameter 'resData' implicitly has an 'any' type.\nsrc/controller/development/userInfo.ts(24,15): error TS7006: Parameter 'err' implicitly has an 'any' type.\nsrc/controller/development/userInfo.ts(32,14): error TS7006: Parameter 'resData' implicitly has an 'any' type.\nsrc/controller/development/userInfo.ts(49,15): error TS7006: Parameter 'err' implicitly has an 'any' type.\nsrc/controller/development/userInfo.ts(58,24): error TS7006: Parameter 'param' implicitly has an 'any' type.\nsrc/controller/development/userInfo.ts(63,14): error TS7006: Parameter 'resData' implicitly has an 'any' type.\nsrc/controller/development/userInfo.ts(66,15): error TS7006: Parameter 'err' implicitly has an 'any' type.\nsrc/controller/development/userInfo.ts(72,24): error TS7006: Parameter 'param' implicitly has an 'any' type.\nsrc/controller/development/userInfo.ts(72,30): error TS7006: Parameter 'where' implicitly has an 'any' type.\nsrc/controller/development/userInfo.ts(77,14): error TS7006: Parameter 'resData' implicitly has an 'any' type.\nsrc/controller/development/userInfo.ts(81,15): error TS7006: Parameter 'err' implicitly has an 'any' type.\n\n","timestamp":"2024-01-11 16:38 +08:00","type":"err","process_id":0,"app_name":"我的后台"}
{"message":"src/controller/development/userInfo.ts(16,22): error TS7006: Parameter 'param' implicitly has an 'any' type.\nsrc/controller/development/userInfo.ts(21,14): error TS7006: Parameter 'resData' implicitly has an 'any' type.\nsrc/controller/development/userInfo.ts(24,15): error TS7006: Parameter 'err' implicitly has an 'any' type.\nsrc/controller/development/userInfo.ts(32,14): error TS7006: Parameter 'resData' implicitly has an 'any' type.\nsrc/controller/development/userInfo.ts(49,15): error TS7006: Parameter 'err' implicitly has an 'any' type.\nsrc/controller/development/userInfo.ts(58,24): error TS7006: Parameter 'param' implicitly has an 'any' type.\nsrc/controller/development/userInfo.ts(63,14): error TS7006: Parameter 'resData' implicitly has an 'any' type.\nsrc/controller/development/userInfo.ts(66,15): error TS7006: Parameter 'err' implicitly has an 'any' type.\nsrc/controller/development/userInfo.ts(72,24): error TS7006: Parameter 'param' implicitly has an 'any' type.\nsrc/controller/development/userInfo.ts(72,30): error TS7006: Parameter 'where' implicitly has an 'any' type.\nsrc/controller/development/userInfo.ts(77,14): error TS7006: Parameter 'resData' implicitly has an 'any' type.\nsrc/controller/development/userInfo.ts(81,15): error TS7006: Parameter 'err' implicitly has an 'any' type.\n\n","timestamp":"2024-01-11 16:38 +08:00","type":"err","process_id":0,"app_name":"我的后台"}
{"message":"src/controller/development/userInfo.ts(16,22): error TS7006: Parameter 'param' implicitly has an 'any' type.\nsrc/controller/development/userInfo.ts(21,14): error TS7006: Parameter 'resData' implicitly has an 'any' type.\nsrc/controller/development/userInfo.ts(24,15): error TS7006: Parameter 'err' implicitly has an 'any' type.\nsrc/controller/development/userInfo.ts(32,14): error TS7006: Parameter 'resData' implicitly has an 'any' type.\nsrc/controller/development/userInfo.ts(49,15): error TS7006: Parameter 'err' implicitly has an 'any' type.\nsrc/controller/development/userInfo.ts(58,24): error TS7006: Parameter 'param' implicitly has an 'any' type.\nsrc/controller/development/userInfo.ts(63,14): error TS7006: Parameter 'resData' implicitly has an 'any' type.\nsrc/controller/development/userInfo.ts(66,15): error TS7006: Parameter 'err' implicitly has an 'any' type.\nsrc/controller/development/userInfo.ts(72,24): error TS7006: Parameter 'param' implicitly has an 'any' type.\nsrc/controller/development/userInfo.ts(72,30): error TS7006: Parameter 'where' implicitly has an 'any' type.\nsrc/controller/development/userInfo.ts(77,14): error TS7006: Parameter 'resData' implicitly has an 'any' type.\nsrc/controller/development/userInfo.ts(81,15): error TS7006: Parameter 'err' implicitly has an 'any' type.\n\n","timestamp":"2024-01-11 16:39 +08:00","type":"err","process_id":0,"app_name":"我的后台"}
{"message":"src/controller/development/userInfo.ts(16,22): error TS7006: Parameter 'param' implicitly has an 'any' type.\nsrc/controller/development/userInfo.ts(21,14): error TS7006: Parameter 'resData' implicitly has an 'any' type.\nsrc/controller/development/userInfo.ts(24,15): error TS7006: Parameter 'err' implicitly has an 'any' type.\nsrc/controller/development/userInfo.ts(32,14): error TS7006: Parameter 'resData' implicitly has an 'any' type.\nsrc/controller/development/userInfo.ts(49,15): error TS7006: Parameter 'err' implicitly has an 'any' type.\nsrc/controller/development/userInfo.ts(58,24): error TS7006: Parameter 'param' implicitly has an 'any' type.\nsrc/controller/development/userInfo.ts(63,14): error TS7006: Parameter 'resData' implicitly has an 'any' type.\nsrc/controller/development/userInfo.ts(66,15): error TS7006: Parameter 'err' implicitly has an 'any' type.\nsrc/controller/development/userInfo.ts(72,24): error TS7006: Parameter 'param' implicitly has an 'any' type.\nsrc/controller/development/userInfo.ts(72,30): error TS7006: Parameter 'where' implicitly has an 'any' type.\nsrc/controller/development/userInfo.ts(77,14): error TS7006: Parameter 'resData' implicitly has an 'any' type.\nsrc/controller/development/userInfo.ts(81,15): error TS7006: Parameter 'err' implicitly has an 'any' type.\n\n","timestamp":"2024-01-11 16:39 +08:00","type":"err","process_id":0,"app_name":"我的后台"}
{"message":"src/controller/development/userInfo.ts(16,22): error TS7006: Parameter 'param' implicitly has an 'any' type.\nsrc/controller/development/userInfo.ts(21,14): error TS7006: Parameter 'resData' implicitly has an 'any' type.\nsrc/controller/development/userInfo.ts(24,15): error TS7006: Parameter 'err' implicitly has an 'any' type.\nsrc/controller/development/userInfo.ts(32,14): error TS7006: Parameter 'resData' implicitly has an 'any' type.\nsrc/controller/development/userInfo.ts(49,15): error TS7006: Parameter 'err' implicitly has an 'any' type.\nsrc/controller/development/userInfo.ts(58,24): error TS7006: Parameter 'param' implicitly has an 'any' type.\nsrc/controller/development/userInfo.ts(63,14): error TS7006: Parameter 'resData' implicitly has an 'any' type.\nsrc/controller/development/userInfo.ts(66,15): error TS7006: Parameter 'err' implicitly has an 'any' type.\nsrc/controller/development/userInfo.ts(72,24): error TS7006: Parameter 'param' implicitly has an 'any' type.\nsrc/controller/development/userInfo.ts(72,30): error TS7006: Parameter 'where' implicitly has an 'any' type.\nsrc/controller/development/userInfo.ts(77,14): error TS7006: Parameter 'resData' implicitly has an 'any' type.\nsrc/controller/development/userInfo.ts(81,15): error TS7006: Parameter 'err' implicitly has an 'any' type.\n\n","timestamp":"2024-01-11 16:39 +08:00","type":"err","process_id":0,"app_name":"我的后台"}
{"message":"src/controller/development/userInfo.ts(16,22): error TS7006: Parameter 'param' implicitly has an 'any' type.\nsrc/controller/development/userInfo.ts(21,14): error TS7006: Parameter 'resData' implicitly has an 'any' type.\nsrc/controller/development/userInfo.ts(24,15): error TS7006: Parameter 'err' implicitly has an 'any' type.\nsrc/controller/development/userInfo.ts(32,14): error TS7006: Parameter 'resData' implicitly has an 'any' type.\nsrc/controller/development/userInfo.ts(49,15): error TS7006: Parameter 'err' implicitly has an 'any' type.\nsrc/controller/development/userInfo.ts(58,24): error TS7006: Parameter 'param' implicitly has an 'any' type.\nsrc/controller/development/userInfo.ts(63,14): error TS7006: Parameter 'resData' implicitly has an 'any' type.\nsrc/controller/development/userInfo.ts(66,15): error TS7006: Parameter 'err' implicitly has an 'any' type.\nsrc/controller/development/userInfo.ts(72,24): error TS7006: Parameter 'param' implicitly has an 'any' type.\nsrc/controller/development/userInfo.ts(72,30): error TS7006: Parameter 'where' implicitly has an 'any' type.\nsrc/controller/development/userInfo.ts(77,14): error TS7006: Parameter 'resData' implicitly has an 'any' type.\nsrc/controller/development/userInfo.ts(81,15): error TS7006: Parameter 'err' implicitly has an 'any' type.\n\n","timestamp":"2024-01-11 16:39 +08:00","type":"err","process_id":0,"app_name":"我的后台"}
{"message":"src/controller/development/userInfo.ts(16,22): error TS7006: Parameter 'param' implicitly has an 'any' type.\nsrc/controller/development/userInfo.ts(21,14): error TS7006: Parameter 'resData' implicitly has an 'any' type.\nsrc/controller/development/userInfo.ts(24,15): error TS7006: Parameter 'err' implicitly has an 'any' type.\nsrc/controller/development/userInfo.ts(32,14): error TS7006: Parameter 'resData' implicitly has an 'any' type.\nsrc/controller/development/userInfo.ts(49,15): error TS7006: Parameter 'err' implicitly has an 'any' type.\nsrc/controller/development/userInfo.ts(58,24): error TS7006: Parameter 'param' implicitly has an 'any' type.\nsrc/controller/development/userInfo.ts(63,14): error TS7006: Parameter 'resData' implicitly has an 'any' type.\nsrc/controller/development/userInfo.ts(66,15): error TS7006: Parameter 'err' implicitly has an 'any' type.\nsrc/controller/development/userInfo.ts(72,24): error TS7006: Parameter 'param' implicitly has an 'any' type.\nsrc/controller/development/userInfo.ts(72,30): error TS7006: Parameter 'where' implicitly has an 'any' type.\nsrc/controller/development/userInfo.ts(77,14): error TS7006: Parameter 'resData' implicitly has an 'any' type.\nsrc/controller/development/userInfo.ts(81,15): error TS7006: Parameter 'err' implicitly has an 'any' type.\n\n","timestamp":"2024-01-11 16:39 +08:00","type":"err","process_id":0,"app_name":"我的后台"}
{"message":"src/controller/development/userInfo.ts(16,22): error TS7006: Parameter 'param' implicitly has an 'any' type.\nsrc/controller/development/userInfo.ts(21,14): error TS7006: Parameter 'resData' implicitly has an 'any' type.\nsrc/controller/development/userInfo.ts(24,15): error TS7006: Parameter 'err' implicitly has an 'any' type.\nsrc/controller/development/userInfo.ts(32,14): error TS7006: Parameter 'resData' implicitly has an 'any' type.\nsrc/controller/development/userInfo.ts(49,15): error TS7006: Parameter 'err' implicitly has an 'any' type.\nsrc/controller/development/userInfo.ts(58,24): error TS7006: Parameter 'param' implicitly has an 'any' type.\nsrc/controller/development/userInfo.ts(63,14): error TS7006: Parameter 'resData' implicitly has an 'any' type.\nsrc/controller/development/userInfo.ts(66,15): error TS7006: Parameter 'err' implicitly has an 'any' type.\nsrc/controller/development/userInfo.ts(72,24): error TS7006: Parameter 'param' implicitly has an 'any' type.\nsrc/controller/development/userInfo.ts(72,30): error TS7006: Parameter 'where' implicitly has an 'any' type.\nsrc/controller/development/userInfo.ts(77,14): error TS7006: Parameter 'resData' implicitly has an 'any' type.\nsrc/controller/development/userInfo.ts(81,15): error TS7006: Parameter 'err' implicitly has an 'any' type.\n\n","timestamp":"2024-01-11 16:39 +08:00","type":"err","process_id":0,"app_name":"我的后台"}
{"message":"src/controller/development/userInfo.ts(16,22): error TS7006: Parameter 'param' implicitly has an 'any' type.\nsrc/controller/development/userInfo.ts(21,14): error TS7006: Parameter 'resData' implicitly has an 'any' type.\nsrc/controller/development/userInfo.ts(24,15): error TS7006: Parameter 'err' implicitly has an 'any' type.\nsrc/controller/development/userInfo.ts(32,14): error TS7006: Parameter 'resData' implicitly has an 'any' type.\nsrc/controller/development/userInfo.ts(49,15): error TS7006: Parameter 'err' implicitly has an 'any' type.\nsrc/controller/development/userInfo.ts(58,24): error TS7006: Parameter 'param' implicitly has an 'any' type.\nsrc/controller/development/userInfo.ts(63,14): error TS7006: Parameter 'resData' implicitly has an 'any' type.\nsrc/controller/development/userInfo.ts(66,15): error TS7006: Parameter 'err' implicitly has an 'any' type.\nsrc/controller/development/userInfo.ts(72,24): error TS7006: Parameter 'param' implicitly has an 'any' type.\nsrc/controller/development/userInfo.ts(72,30): error TS7006: Parameter 'where' implicitly has an 'any' type.\nsrc/controller/development/userInfo.ts(77,14): error TS7006: Parameter 'resData' implicitly has an 'any' type.\nsrc/controller/development/userInfo.ts(81,15): error TS7006: Parameter 'err' implicitly has an 'any' type.\n\n","timestamp":"2024-01-11 16:39 +08:00","type":"err","process_id":0,"app_name":"我的后台"}
{"message":"src/controller/development/userInfo.ts(16,22): error TS7006: Parameter 'param' implicitly has an 'any' type.\nsrc/controller/development/userInfo.ts(21,14): error TS7006: Parameter 'resData' implicitly has an 'any' type.\nsrc/controller/development/userInfo.ts(24,15): error TS7006: Parameter 'err' implicitly has an 'any' type.\nsrc/controller/development/userInfo.ts(32,14): error TS7006: Parameter 'resData' implicitly has an 'any' type.\nsrc/controller/development/userInfo.ts(49,15): error TS7006: Parameter 'err' implicitly has an 'any' type.\nsrc/controller/development/userInfo.ts(58,24): error TS7006: Parameter 'param' implicitly has an 'any' type.\nsrc/controller/development/userInfo.ts(63,14): error TS7006: Parameter 'resData' implicitly has an 'any' type.\nsrc/controller/development/userInfo.ts(66,15): error TS7006: Parameter 'err' implicitly has an 'any' type.\nsrc/controller/development/userInfo.ts(72,24): error TS7006: Parameter 'param' implicitly has an 'any' type.\nsrc/controller/development/userInfo.ts(72,30): error TS7006: Parameter 'where' implicitly has an 'any' type.\nsrc/controller/development/userInfo.ts(77,14): error TS7006: Parameter 'resData' implicitly has an 'any' type.\nsrc/controller/development/userInfo.ts(81,15): error TS7006: Parameter 'err' implicitly has an 'any' type.\n\n","timestamp":"2024-01-11 16:39 +08:00","type":"err","process_id":0,"app_name":"我的后台"}
{"message":"src/controller/development/userInfo.ts(16,22): error TS7006: Parameter 'param' implicitly has an 'any' type.\nsrc/controller/development/userInfo.ts(21,14): error TS7006: Parameter 'resData' implicitly has an 'any' type.\nsrc/controller/development/userInfo.ts(24,15): error TS7006: Parameter 'err' implicitly has an 'any' type.\nsrc/controller/development/userInfo.ts(32,14): error TS7006: Parameter 'resData' implicitly has an 'any' type.\nsrc/controller/development/userInfo.ts(49,15): error TS7006: Parameter 'err' implicitly has an 'any' type.\nsrc/controller/development/userInfo.ts(58,24): error TS7006: Parameter 'param' implicitly has an 'any' type.\nsrc/controller/development/userInfo.ts(63,14): error TS7006: Parameter 'resData' implicitly has an 'any' type.\nsrc/controller/development/userInfo.ts(66,15): error TS7006: Parameter 'err' implicitly has an 'any' type.\nsrc/controller/development/userInfo.ts(72,24): error TS7006: Parameter 'param' implicitly has an 'any' type.\nsrc/controller/development/userInfo.ts(72,30): error TS7006: Parameter 'where' implicitly has an 'any' type.\nsrc/controller/development/userInfo.ts(77,14): error TS7006: Parameter 'resData' implicitly has an 'any' type.\nsrc/controller/development/userInfo.ts(81,15): error TS7006: Parameter 'err' implicitly has an 'any' type.\n\n","timestamp":"2024-01-11 16:39 +08:00","type":"err","process_id":0,"app_name":"我的后台"}
{"message":"src/controller/development/userInfo.ts(16,22): error TS7006: Parameter 'param' implicitly has an 'any' type.\nsrc/controller/development/userInfo.ts(21,14): error TS7006: Parameter 'resData' implicitly has an 'any' type.\nsrc/controller/development/userInfo.ts(24,15): error TS7006: Parameter 'err' implicitly has an 'any' type.\nsrc/controller/development/userInfo.ts(32,14): error TS7006: Parameter 'resData' implicitly has an 'any' type.\nsrc/controller/development/userInfo.ts(49,15): error TS7006: Parameter 'err' implicitly has an 'any' type.\nsrc/controller/development/userInfo.ts(58,24): error TS7006: Parameter 'param' implicitly has an 'any' type.\nsrc/controller/development/userInfo.ts(63,14): error TS7006: Parameter 'resData' implicitly has an 'any' type.\nsrc/controller/development/userInfo.ts(66,15): error TS7006: Parameter 'err' implicitly has an 'any' type.\nsrc/controller/development/userInfo.ts(72,24): error TS7006: Parameter 'param' implicitly has an 'any' type.\nsrc/controller/development/userInfo.ts(72,30): error TS7006: Parameter 'where' implicitly has an 'any' type.\nsrc/controller/development/userInfo.ts(77,14): error TS7006: Parameter 'resData' implicitly has an 'any' type.\nsrc/controller/development/userInfo.ts(81,15): error TS7006: Parameter 'err' implicitly has an 'any' type.\n\n","timestamp":"2024-01-11 16:39 +08:00","type":"err","process_id":0,"app_name":"我的后台"}
{"message":"src/controller/development/userInfo.ts(16,22): error TS7006: Parameter 'param' implicitly has an 'any' type.\nsrc/controller/development/userInfo.ts(21,14): error TS7006: Parameter 'resData' implicitly has an 'any' type.\nsrc/controller/development/userInfo.ts(24,15): error TS7006: Parameter 'err' implicitly has an 'any' type.\nsrc/controller/development/userInfo.ts(32,14): error TS7006: Parameter 'resData' implicitly has an 'any' type.\nsrc/controller/development/userInfo.ts(49,15): error TS7006: Parameter 'err' implicitly has an 'any' type.\nsrc/controller/development/userInfo.ts(58,24): error TS7006: Parameter 'param' implicitly has an 'any' type.\nsrc/controller/development/userInfo.ts(63,14): error TS7006: Parameter 'resData' implicitly has an 'any' type.\nsrc/controller/development/userInfo.ts(66,15): error TS7006: Parameter 'err' implicitly has an 'any' type.\nsrc/controller/development/userInfo.ts(72,24): error TS7006: Parameter 'param' implicitly has an 'any' type.\nsrc/controller/development/userInfo.ts(72,30): error TS7006: Parameter 'where' implicitly has an 'any' type.\nsrc/controller/development/userInfo.ts(77,14): error TS7006: Parameter 'resData' implicitly has an 'any' type.\nsrc/controller/development/userInfo.ts(81,15): error TS7006: Parameter 'err' implicitly has an 'any' type.\n\n","timestamp":"2024-01-11 16:39 +08:00","type":"err","process_id":0,"app_name":"我的后台"}
{"message":"src/controller/development/userInfo.ts(16,22): error TS7006: Parameter 'param' implicitly has an 'any' type.\nsrc/controller/development/userInfo.ts(21,14): error TS7006: Parameter 'resData' implicitly has an 'any' type.\nsrc/controller/development/userInfo.ts(24,15): error TS7006: Parameter 'err' implicitly has an 'any' type.\nsrc/controller/development/userInfo.ts(32,14): error TS7006: Parameter 'resData' implicitly has an 'any' type.\nsrc/controller/development/userInfo.ts(49,15): error TS7006: Parameter 'err' implicitly has an 'any' type.\nsrc/controller/development/userInfo.ts(58,24): error TS7006: Parameter 'param' implicitly has an 'any' type.\nsrc/controller/development/userInfo.ts(63,14): error TS7006: Parameter 'resData' implicitly has an 'any' type.\nsrc/controller/development/userInfo.ts(66,15): error TS7006: Parameter 'err' implicitly has an 'any' type.\nsrc/controller/development/userInfo.ts(72,24): error TS7006: Parameter 'param' implicitly has an 'any' type.\nsrc/controller/development/userInfo.ts(72,30): error TS7006: Parameter 'where' implicitly has an 'any' type.\nsrc/controller/development/userInfo.ts(77,14): error TS7006: Parameter 'resData' implicitly has an 'any' type.\nsrc/controller/development/userInfo.ts(81,15): error TS7006: Parameter 'err' implicitly has an 'any' type.\n\n","timestamp":"2024-01-11 16:39 +08:00","type":"err","process_id":0,"app_name":"我的后台"}
{"message":"src/controller/development/userInfo.ts(16,22): error TS7006: Parameter 'param' implicitly has an 'any' type.\nsrc/controller/development/userInfo.ts(21,14): error TS7006: Parameter 'resData' implicitly has an 'any' type.\nsrc/controller/development/userInfo.ts(24,15): error TS7006: Parameter 'err' implicitly has an 'any' type.\nsrc/controller/development/userInfo.ts(32,14): error TS7006: Parameter 'resData' implicitly has an 'any' type.\nsrc/controller/development/userInfo.ts(49,15): error TS7006: Parameter 'err' implicitly has an 'any' type.\nsrc/controller/development/userInfo.ts(58,24): error TS7006: Parameter 'param' implicitly has an 'any' type.\nsrc/controller/development/userInfo.ts(63,14): error TS7006: Parameter 'resData' implicitly has an 'any' type.\nsrc/controller/development/userInfo.ts(66,15): error TS7006: Parameter 'err' implicitly has an 'any' type.\nsrc/controller/development/userInfo.ts(72,24): error TS7006: Parameter 'param' implicitly has an 'any' type.\nsrc/controller/development/userInfo.ts(72,30): error TS7006: Parameter 'where' implicitly has an 'any' type.\nsrc/controller/development/userInfo.ts(77,14): error TS7006: Parameter 'resData' implicitly has an 'any' type.\nsrc/controller/development/userInfo.ts(81,15): error TS7006: Parameter 'err' implicitly has an 'any' type.\n\n","timestamp":"2024-01-11 16:39 +08:00","type":"err","process_id":0,"app_name":"我的后台"}
{"message":"src/controller/development/userInfo.ts(16,22): error TS7006: Parameter 'param' implicitly has an 'any' type.\nsrc/controller/development/userInfo.ts(21,14): error TS7006: Parameter 'resData' implicitly has an 'any' type.\nsrc/controller/development/userInfo.ts(24,15): error TS7006: Parameter 'err' implicitly has an 'any' type.\nsrc/controller/development/userInfo.ts(32,14): error TS7006: Parameter 'resData' implicitly has an 'any' type.\nsrc/controller/development/userInfo.ts(49,15): error TS7006: Parameter 'err' implicitly has an 'any' type.\nsrc/controller/development/userInfo.ts(58,24): error TS7006: Parameter 'param' implicitly has an 'any' type.\nsrc/controller/development/userInfo.ts(63,14): error TS7006: Parameter 'resData' implicitly has an 'any' type.\nsrc/controller/development/userInfo.ts(66,15): error TS7006: Parameter 'err' implicitly has an 'any' type.\nsrc/controller/development/userInfo.ts(72,24): error TS7006: Parameter 'param' implicitly has an 'any' type.\nsrc/controller/development/userInfo.ts(72,30): error TS7006: Parameter 'where' implicitly has an 'any' type.\nsrc/controller/development/userInfo.ts(77,14): error TS7006: Parameter 'resData' implicitly has an 'any' type.\nsrc/controller/development/userInfo.ts(81,15): error TS7006: Parameter 'err' implicitly has an 'any' type.\n\n","timestamp":"2024-01-11 16:39 +08:00","type":"err","process_id":0,"app_name":"我的后台"}
{"message":"src/controller/development/userInfo.ts(16,22): error TS7006: Parameter 'param' implicitly has an 'any' type.\nsrc/controller/development/userInfo.ts(21,14): error TS7006: Parameter 'resData' implicitly has an 'any' type.\nsrc/controller/development/userInfo.ts(24,15): error TS7006: Parameter 'err' implicitly has an 'any' type.\nsrc/controller/development/userInfo.ts(32,14): error TS7006: Parameter 'resData' implicitly has an 'any' type.\nsrc/controller/development/userInfo.ts(49,15): error TS7006: Parameter 'err' implicitly has an 'any' type.\nsrc/controller/development/userInfo.ts(58,24): error TS7006: Parameter 'param' implicitly has an 'any' type.\nsrc/controller/development/userInfo.ts(63,14): error TS7006: Parameter 'resData' implicitly has an 'any' type.\nsrc/controller/development/userInfo.ts(66,15): error TS7006: Parameter 'err' implicitly has an 'any' type.\nsrc/controller/development/userInfo.ts(72,24): error TS7006: Parameter 'param' implicitly has an 'any' type.\nsrc/controller/development/userInfo.ts(72,30): error TS7006: Parameter 'where' implicitly has an 'any' type.\nsrc/controller/development/userInfo.ts(77,14): error TS7006: Parameter 'resData' implicitly has an 'any' type.\nsrc/controller/development/userInfo.ts(81,15): error TS7006: Parameter 'err' implicitly has an 'any' type.\n\n","timestamp":"2024-01-11 16:39 +08:00","type":"err","process_id":0,"app_name":"我的后台"}
{"message":"src/controller/development/userInfo.ts(16,22): error TS7006: Parameter 'param' implicitly has an 'any' type.\nsrc/controller/development/userInfo.ts(21,14): error TS7006: Parameter 'resData' implicitly has an 'any' type.\nsrc/controller/development/userInfo.ts(24,15): error TS7006: Parameter 'err' implicitly has an 'any' type.\nsrc/controller/development/userInfo.ts(32,14): error TS7006: Parameter 'resData' implicitly has an 'any' type.\nsrc/controller/development/userInfo.ts(49,15): error TS7006: Parameter 'err' implicitly has an 'any' type.\nsrc/controller/development/userInfo.ts(58,24): error TS7006: Parameter 'param' implicitly has an 'any' type.\nsrc/controller/development/userInfo.ts(63,14): error TS7006: Parameter 'resData' implicitly has an 'any' type.\nsrc/controller/development/userInfo.ts(66,15): error TS7006: Parameter 'err' implicitly has an 'any' type.\nsrc/controller/development/userInfo.ts(72,24): error TS7006: Parameter 'param' implicitly has an 'any' type.\nsrc/controller/development/userInfo.ts(72,30): error TS7006: Parameter 'where' implicitly has an 'any' type.\nsrc/controller/development/userInfo.ts(77,14): error TS7006: Parameter 'resData' implicitly has an 'any' type.\nsrc/controller/development/userInfo.ts(81,15): error TS7006: Parameter 'err' implicitly has an 'any' type.\n\n","timestamp":"2024-01-11 16:39 +08:00","type":"err","process_id":0,"app_name":"我的后台"}
{"message":"src/controller/development/userInfo.ts(16,22): error TS7006: Parameter 'param' implicitly has an 'any' type.\nsrc/controller/development/userInfo.ts(21,14): error TS7006: Parameter 'resData' implicitly has an 'any' type.\nsrc/controller/development/userInfo.ts(24,15): error TS7006: Parameter 'err' implicitly has an 'any' type.\nsrc/controller/development/userInfo.ts(32,14): error TS7006: Parameter 'resData' implicitly has an 'any' type.\nsrc/controller/development/userInfo.ts(49,15): error TS7006: Parameter 'err' implicitly has an 'any' type.\nsrc/controller/development/userInfo.ts(58,24): error TS7006: Parameter 'param' implicitly has an 'any' type.\nsrc/controller/development/userInfo.ts(63,14): error TS7006: Parameter 'resData' implicitly has an 'any' type.\nsrc/controller/development/userInfo.ts(66,15): error TS7006: Parameter 'err' implicitly has an 'any' type.\nsrc/controller/development/userInfo.ts(72,24): error TS7006: Parameter 'param' implicitly has an 'any' type.\nsrc/controller/development/userInfo.ts(72,30): error TS7006: Parameter 'where' implicitly has an 'any' type.\nsrc/controller/development/userInfo.ts(77,14): error TS7006: Parameter 'resData' implicitly has an 'any' type.\nsrc/controller/development/userInfo.ts(81,15): error TS7006: Parameter 'err' implicitly has an 'any' type.\n\n","timestamp":"2024-01-11 16:39 +08:00","type":"err","process_id":0,"app_name":"我的后台"}
{"message":"src/controller/development/userInfo.ts(16,22): error TS7006: Parameter 'param' implicitly has an 'any' type.\nsrc/controller/development/userInfo.ts(21,14): error TS7006: Parameter 'resData' implicitly has an 'any' type.\nsrc/controller/development/userInfo.ts(24,15): error TS7006: Parameter 'err' implicitly has an 'any' type.\nsrc/controller/development/userInfo.ts(32,14): error TS7006: Parameter 'resData' implicitly has an 'any' type.\nsrc/controller/development/userInfo.ts(49,15): error TS7006: Parameter 'err' implicitly has an 'any' type.\nsrc/controller/development/userInfo.ts(58,24): error TS7006: Parameter 'param' implicitly has an 'any' type.\nsrc/controller/development/userInfo.ts(63,14): error TS7006: Parameter 'resData' implicitly has an 'any' type.\nsrc/controller/development/userInfo.ts(66,15): error TS7006: Parameter 'err' implicitly has an 'any' type.\nsrc/controller/development/userInfo.ts(72,24): error TS7006: Parameter 'param' implicitly has an 'any' type.\nsrc/controller/development/userInfo.ts(72,30): error TS7006: Parameter 'where' implicitly has an 'any' type.\nsrc/controller/development/userInfo.ts(77,14): error TS7006: Parameter 'resData' implicitly has an 'any' type.\nsrc/controller/development/userInfo.ts(81,15): error TS7006: Parameter 'err' implicitly has an 'any' type.\n\n","timestamp":"2024-01-11 16:39 +08:00","type":"err","process_id":0,"app_name":"我的后台"}
{"message":"src/controller/development/userInfo.ts(16,22): error TS7006: Parameter 'param' implicitly has an 'any' type.\nsrc/controller/development/userInfo.ts(21,14): error TS7006: Parameter 'resData' implicitly has an 'any' type.\nsrc/controller/development/userInfo.ts(24,15): error TS7006: Parameter 'err' implicitly has an 'any' type.\nsrc/controller/development/userInfo.ts(32,14): error TS7006: Parameter 'resData' implicitly has an 'any' type.\nsrc/controller/development/userInfo.ts(49,15): error TS7006: Parameter 'err' implicitly has an 'any' type.\nsrc/controller/development/userInfo.ts(58,24): error TS7006: Parameter 'param' implicitly has an 'any' type.\nsrc/controller/development/userInfo.ts(63,14): error TS7006: Parameter 'resData' implicitly has an 'any' type.\nsrc/controller/development/userInfo.ts(66,15): error TS7006: Parameter 'err' implicitly has an 'any' type.\nsrc/controller/development/userInfo.ts(72,24): error TS7006: Parameter 'param' implicitly has an 'any' type.\nsrc/controller/development/userInfo.ts(72,30): error TS7006: Parameter 'where' implicitly has an 'any' type.\nsrc/controller/development/userInfo.ts(77,14): error TS7006: Parameter 'resData' implicitly has an 'any' type.\nsrc/controller/development/userInfo.ts(81,15): error TS7006: Parameter 'err' implicitly has an 'any' type.\n\n","timestamp":"2024-01-11 16:40 +08:00","type":"err","process_id":0,"app_name":"我的后台"}
{"message":"src/controller/development/userInfo.ts(16,22): error TS7006: Parameter 'param' implicitly has an 'any' type.\nsrc/controller/development/userInfo.ts(21,14): error TS7006: Parameter 'resData' implicitly has an 'any' type.\nsrc/controller/development/userInfo.ts(24,15): error TS7006: Parameter 'err' implicitly has an 'any' type.\nsrc/controller/development/userInfo.ts(32,14): error TS7006: Parameter 'resData' implicitly has an 'any' type.\nsrc/controller/development/userInfo.ts(49,15): error TS7006: Parameter 'err' implicitly has an 'any' type.\nsrc/controller/development/userInfo.ts(58,24): error TS7006: Parameter 'param' implicitly has an 'any' type.\nsrc/controller/development/userInfo.ts(63,14): error TS7006: Parameter 'resData' implicitly has an 'any' type.\nsrc/controller/development/userInfo.ts(66,15): error TS7006: Parameter 'err' implicitly has an 'any' type.\nsrc/controller/development/userInfo.ts(72,24): error TS7006: Parameter 'param' implicitly has an 'any' type.\nsrc/controller/development/userInfo.ts(72,30): error TS7006: Parameter 'where' implicitly has an 'any' type.\nsrc/controller/development/userInfo.ts(77,14): error TS7006: Parameter 'resData' implicitly has an 'any' type.\nsrc/controller/development/userInfo.ts(81,15): error TS7006: Parameter 'err' implicitly has an 'any' type.\n\n","timestamp":"2024-01-11 16:40 +08:00","type":"err","process_id":0,"app_name":"我的后台"}
{"message":"src/controller/development/userInfo.ts(16,22): error TS7006: Parameter 'param' implicitly has an 'any' type.\nsrc/controller/development/userInfo.ts(21,14): error TS7006: Parameter 'resData' implicitly has an 'any' type.\nsrc/controller/development/userInfo.ts(24,15): error TS7006: Parameter 'err' implicitly has an 'any' type.\nsrc/controller/development/userInfo.ts(32,14): error TS7006: Parameter 'resData' implicitly has an 'any' type.\nsrc/controller/development/userInfo.ts(49,15): error TS7006: Parameter 'err' implicitly has an 'any' type.\nsrc/controller/development/userInfo.ts(58,24): error TS7006: Parameter 'param' implicitly has an 'any' type.\nsrc/controller/development/userInfo.ts(63,14): error TS7006: Parameter 'resData' implicitly has an 'any' type.\nsrc/controller/development/userInfo.ts(66,15): error TS7006: Parameter 'err' implicitly has an 'any' type.\nsrc/controller/development/userInfo.ts(72,24): error TS7006: Parameter 'param' implicitly has an 'any' type.\nsrc/controller/development/userInfo.ts(72,30): error TS7006: Parameter 'where' implicitly has an 'any' type.\nsrc/controller/development/userInfo.ts(77,14): error TS7006: Parameter 'resData' implicitly has an 'any' type.\nsrc/controller/development/userInfo.ts(81,15): error TS7006: Parameter 'err' implicitly has an 'any' type.\n\n","timestamp":"2024-01-11 16:40 +08:00","type":"err","process_id":0,"app_name":"我的后台"}
{"message":"src/controller/development/userInfo.ts(16,22): error TS7006: Parameter 'param' implicitly has an 'any' type.\nsrc/controller/development/userInfo.ts(21,14): error TS7006: Parameter 'resData' implicitly has an 'any' type.\nsrc/controller/development/userInfo.ts(24,15): error TS7006: Parameter 'err' implicitly has an 'any' type.\nsrc/controller/development/userInfo.ts(32,14): error TS7006: Parameter 'resData' implicitly has an 'any' type.\nsrc/controller/development/userInfo.ts(49,15): error TS7006: Parameter 'err' implicitly has an 'any' type.\nsrc/controller/development/userInfo.ts(58,24): error TS7006: Parameter 'param' implicitly has an 'any' type.\nsrc/controller/development/userInfo.ts(63,14): error TS7006: Parameter 'resData' implicitly has an 'any' type.\nsrc/controller/development/userInfo.ts(66,15): error TS7006: Parameter 'err' implicitly has an 'any' type.\nsrc/controller/development/userInfo.ts(72,24): error TS7006: Parameter 'param' implicitly has an 'any' type.\nsrc/controller/development/userInfo.ts(72,30): error TS7006: Parameter 'where' implicitly has an 'any' type.\nsrc/controller/development/userInfo.ts(77,14): error TS7006: Parameter 'resData' implicitly has an 'any' type.\nsrc/controller/development/userInfo.ts(81,15): error TS7006: Parameter 'err' implicitly has an 'any' type.\n\n","timestamp":"2024-01-11 16:40 +08:00","type":"err","process_id":0,"app_name":"我的后台"}
{"message":"src/controller/development/userInfo.ts(16,22): error TS7006: Parameter 'param' implicitly has an 'any' type.\nsrc/controller/development/userInfo.ts(21,14): error TS7006: Parameter 'resData' implicitly has an 'any' type.\nsrc/controller/development/userInfo.ts(24,15): error TS7006: Parameter 'err' implicitly has an 'any' type.\nsrc/controller/development/userInfo.ts(32,14): error TS7006: Parameter 'resData' implicitly has an 'any' type.\nsrc/controller/development/userInfo.ts(49,15): error TS7006: Parameter 'err' implicitly has an 'any' type.\nsrc/controller/development/userInfo.ts(58,24): error TS7006: Parameter 'param' implicitly has an 'any' type.\nsrc/controller/development/userInfo.ts(63,14): error TS7006: Parameter 'resData' implicitly has an 'any' type.\nsrc/controller/development/userInfo.ts(66,15): error TS7006: Parameter 'err' implicitly has an 'any' type.\nsrc/controller/development/userInfo.ts(72,24): error TS7006: Parameter 'param' implicitly has an 'any' type.\nsrc/controller/development/userInfo.ts(72,30): error TS7006: Parameter 'where' implicitly has an 'any' type.\nsrc/controller/development/userInfo.ts(77,14): error TS7006: Parameter 'resData' implicitly has an 'any' type.\nsrc/controller/development/userInfo.ts(81,15): error TS7006: Parameter 'err' implicitly has an 'any' type.\n\n","timestamp":"2024-01-11 16:40 +08:00","type":"err","process_id":0,"app_name":"我的后台"}
{"message":"src/controller/development/userInfo.ts(16,22): error TS7006: Parameter 'param' implicitly has an 'any' type.\nsrc/controller/development/userInfo.ts(21,14): error TS7006: Parameter 'resData' implicitly has an 'any' type.\nsrc/controller/development/userInfo.ts(24,15): error TS7006: Parameter 'err' implicitly has an 'any' type.\nsrc/controller/development/userInfo.ts(32,14): error TS7006: Parameter 'resData' implicitly has an 'any' type.\nsrc/controller/development/userInfo.ts(49,15): error TS7006: Parameter 'err' implicitly has an 'any' type.\nsrc/controller/development/userInfo.ts(58,24): error TS7006: Parameter 'param' implicitly has an 'any' type.\nsrc/controller/development/userInfo.ts(63,14): error TS7006: Parameter 'resData' implicitly has an 'any' type.\nsrc/controller/development/userInfo.ts(66,15): error TS7006: Parameter 'err' implicitly has an 'any' type.\nsrc/controller/development/userInfo.ts(72,24): error TS7006: Parameter 'param' implicitly has an 'any' type.\nsrc/controller/development/userInfo.ts(72,30): error TS7006: Parameter 'where' implicitly has an 'any' type.\nsrc/controller/development/userInfo.ts(77,14): error TS7006: Parameter 'resData' implicitly has an 'any' type.\nsrc/controller/development/userInfo.ts(81,15): error TS7006: Parameter 'err' implicitly has an 'any' type.\n\n","timestamp":"2024-01-11 16:40 +08:00","type":"err","process_id":0,"app_name":"我的后台"}
{"message":"src/controller/development/userInfo.ts(16,22): error TS7006: Parameter 'param' implicitly has an 'any' type.\nsrc/controller/development/userInfo.ts(21,14): error TS7006: Parameter 'resData' implicitly has an 'any' type.\nsrc/controller/development/userInfo.ts(24,15): error TS7006: Parameter 'err' implicitly has an 'any' type.\nsrc/controller/development/userInfo.ts(32,14): error TS7006: Parameter 'resData' implicitly has an 'any' type.\nsrc/controller/development/userInfo.ts(49,15): error TS7006: Parameter 'err' implicitly has an 'any' type.\nsrc/controller/development/userInfo.ts(58,24): error TS7006: Parameter 'param' implicitly has an 'any' type.\nsrc/controller/development/userInfo.ts(63,14): error TS7006: Parameter 'resData' implicitly has an 'any' type.\nsrc/controller/development/userInfo.ts(66,15): error TS7006: Parameter 'err' implicitly has an 'any' type.\nsrc/controller/development/userInfo.ts(72,24): error TS7006: Parameter 'param' implicitly has an 'any' type.\nsrc/controller/development/userInfo.ts(72,30): error TS7006: Parameter 'where' implicitly has an 'any' type.\nsrc/controller/development/userInfo.ts(77,14): error TS7006: Parameter 'resData' implicitly has an 'any' type.\nsrc/controller/development/userInfo.ts(81,15): error TS7006: Parameter 'err' implicitly has an 'any' type.\n\n","timestamp":"2024-01-11 16:40 +08:00","type":"err","process_id":0,"app_name":"我的后台"}
{"message":"src/controller/development/userInfo.ts(16,22): error TS7006: Parameter 'param' implicitly has an 'any' type.\nsrc/controller/development/userInfo.ts(21,14): error TS7006: Parameter 'resData' implicitly has an 'any' type.\nsrc/controller/development/userInfo.ts(24,15): error TS7006: Parameter 'err' implicitly has an 'any' type.\nsrc/controller/development/userInfo.ts(32,14): error TS7006: Parameter 'resData' implicitly has an 'any' type.\nsrc/controller/development/userInfo.ts(49,15): error TS7006: Parameter 'err' implicitly has an 'any' type.\nsrc/controller/development/userInfo.ts(58,24): error TS7006: Parameter 'param' implicitly has an 'any' type.\nsrc/controller/development/userInfo.ts(63,14): error TS7006: Parameter 'resData' implicitly has an 'any' type.\nsrc/controller/development/userInfo.ts(66,15): error TS7006: Parameter 'err' implicitly has an 'any' type.\nsrc/controller/development/userInfo.ts(72,24): error TS7006: Parameter 'param' implicitly has an 'any' type.\nsrc/controller/development/userInfo.ts(72,30): error TS7006: Parameter 'where' implicitly has an 'any' type.\nsrc/controller/development/userInfo.ts(77,14): error TS7006: Parameter 'resData' implicitly has an 'any' type.\nsrc/controller/development/userInfo.ts(81,15): error TS7006: Parameter 'err' implicitly has an 'any' type.\n\n","timestamp":"2024-01-11 16:40 +08:00","type":"err","process_id":0,"app_name":"我的后台"}
{"message":"src/controller/development/userInfo.ts(16,22): error TS7006: Parameter 'param' implicitly has an 'any' type.\nsrc/controller/development/userInfo.ts(21,14): error TS7006: Parameter 'resData' implicitly has an 'any' type.\nsrc/controller/development/userInfo.ts(24,15): error TS7006: Parameter 'err' implicitly has an 'any' type.\nsrc/controller/development/userInfo.ts(32,14): error TS7006: Parameter 'resData' implicitly has an 'any' type.\nsrc/controller/development/userInfo.ts(49,15): error TS7006: Parameter 'err' implicitly has an 'any' type.\nsrc/controller/development/userInfo.ts(58,24): error TS7006: Parameter 'param' implicitly has an 'any' type.\nsrc/controller/development/userInfo.ts(63,14): error TS7006: Parameter 'resData' implicitly has an 'any' type.\nsrc/controller/development/userInfo.ts(66,15): error TS7006: Parameter 'err' implicitly has an 'any' type.\nsrc/controller/development/userInfo.ts(72,24): error TS7006: Parameter 'param' implicitly has an 'any' type.\nsrc/controller/development/userInfo.ts(72,30): error TS7006: Parameter 'where' implicitly has an 'any' type.\nsrc/controller/development/userInfo.ts(77,14): error TS7006: Parameter 'resData' implicitly has an 'any' type.\nsrc/controller/development/userInfo.ts(81,15): error TS7006: Parameter 'err' implicitly has an 'any' type.\n\n","timestamp":"2024-01-11 16:40 +08:00","type":"err","process_id":0,"app_name":"我的后台"}
{"message":"src/controller/development/userInfo.ts(16,22): error TS7006: Parameter 'param' implicitly has an 'any' type.\nsrc/controller/development/userInfo.ts(21,14): error TS7006: Parameter 'resData' implicitly has an 'any' type.\nsrc/controller/development/userInfo.ts(24,15): error TS7006: Parameter 'err' implicitly has an 'any' type.\nsrc/controller/development/userInfo.ts(32,14): error TS7006: Parameter 'resData' implicitly has an 'any' type.\nsrc/controller/development/userInfo.ts(49,15): error TS7006: Parameter 'err' implicitly has an 'any' type.\nsrc/controller/development/userInfo.ts(58,24): error TS7006: Parameter 'param' implicitly has an 'any' type.\nsrc/controller/development/userInfo.ts(63,14): error TS7006: Parameter 'resData' implicitly has an 'any' type.\nsrc/controller/development/userInfo.ts(66,15): error TS7006: Parameter 'err' implicitly has an 'any' type.\nsrc/controller/development/userInfo.ts(72,24): error TS7006: Parameter 'param' implicitly has an 'any' type.\nsrc/controller/development/userInfo.ts(72,30): error TS7006: Parameter 'where' implicitly has an 'any' type.\nsrc/controller/development/userInfo.ts(77,14): error TS7006: Parameter 'resData' implicitly has an 'any' type.\nsrc/controller/development/userInfo.ts(81,15): error TS7006: Parameter 'err' implicitly has an 'any' type.\n\n","timestamp":"2024-01-11 16:40 +08:00","type":"err","process_id":0,"app_name":"我的后台"}
{"message":"src/controller/development/userInfo.ts(16,22): error TS7006: Parameter 'param' implicitly has an 'any' type.\nsrc/controller/development/userInfo.ts(21,14): error TS7006: Parameter 'resData' implicitly has an 'any' type.\nsrc/controller/development/userInfo.ts(24,15): error TS7006: Parameter 'err' implicitly has an 'any' type.\nsrc/controller/development/userInfo.ts(32,14): error TS7006: Parameter 'resData' implicitly has an 'any' type.\nsrc/controller/development/userInfo.ts(49,15): error TS7006: Parameter 'err' implicitly has an 'any' type.\nsrc/controller/development/userInfo.ts(58,24): error TS7006: Parameter 'param' implicitly has an 'any' type.\nsrc/controller/development/userInfo.ts(63,14): error TS7006: Parameter 'resData' implicitly has an 'any' type.\nsrc/controller/development/userInfo.ts(66,15): error TS7006: Parameter 'err' implicitly has an 'any' type.\nsrc/controller/development/userInfo.ts(72,24): error TS7006: Parameter 'param' implicitly has an 'any' type.\nsrc/controller/development/userInfo.ts(72,30): error TS7006: Parameter 'where' implicitly has an 'any' type.\nsrc/controller/development/userInfo.ts(77,14): error TS7006: Parameter 'resData' implicitly has an 'any' type.\nsrc/controller/development/userInfo.ts(81,15): error TS7006: Parameter 'err' implicitly has an 'any' type.\n\n","timestamp":"2024-01-11 16:40 +08:00","type":"err","process_id":0,"app_name":"我的后台"}
{"message":"src/controller/development/userInfo.ts(16,22): error TS7006: Parameter 'param' implicitly has an 'any' type.\nsrc/controller/development/userInfo.ts(21,14): error TS7006: Parameter 'resData' implicitly has an 'any' type.\nsrc/controller/development/userInfo.ts(24,15): error TS7006: Parameter 'err' implicitly has an 'any' type.\nsrc/controller/development/userInfo.ts(32,14): error TS7006: Parameter 'resData' implicitly has an 'any' type.\nsrc/controller/development/userInfo.ts(49,15): error TS7006: Parameter 'err' implicitly has an 'any' type.\nsrc/controller/development/userInfo.ts(58,24): error TS7006: Parameter 'param' implicitly has an 'any' type.\nsrc/controller/development/userInfo.ts(63,14): error TS7006: Parameter 'resData' implicitly has an 'any' type.\nsrc/controller/development/userInfo.ts(66,15): error TS7006: Parameter 'err' implicitly has an 'any' type.\nsrc/controller/development/userInfo.ts(72,24): error TS7006: Parameter 'param' implicitly has an 'any' type.\nsrc/controller/development/userInfo.ts(72,30): error TS7006: Parameter 'where' implicitly has an 'any' type.\nsrc/controller/development/userInfo.ts(77,14): error TS7006: Parameter 'resData' implicitly has an 'any' type.\nsrc/controller/development/userInfo.ts(81,15): error TS7006: Parameter 'err' implicitly has an 'any' type.\n\n","timestamp":"2024-01-11 16:40 +08:00","type":"err","process_id":0,"app_name":"我的后台"}
{"message":"src/controller/development/userInfo.ts(16,22): error TS7006: Parameter 'param' implicitly has an 'any' type.\nsrc/controller/development/userInfo.ts(21,14): error TS7006: Parameter 'resData' implicitly has an 'any' type.\nsrc/controller/development/userInfo.ts(24,15): error TS7006: Parameter 'err' implicitly has an 'any' type.\nsrc/controller/development/userInfo.ts(32,14): error TS7006: Parameter 'resData' implicitly has an 'any' type.\nsrc/controller/development/userInfo.ts(49,15): error TS7006: Parameter 'err' implicitly has an 'any' type.\nsrc/controller/development/userInfo.ts(58,24): error TS7006: Parameter 'param' implicitly has an 'any' type.\nsrc/controller/development/userInfo.ts(63,14): error TS7006: Parameter 'resData' implicitly has an 'any' type.\nsrc/controller/development/userInfo.ts(66,15): error TS7006: Parameter 'err' implicitly has an 'any' type.\nsrc/controller/development/userInfo.ts(72,24): error TS7006: Parameter 'param' implicitly has an 'any' type.\nsrc/controller/development/userInfo.ts(72,30): error TS7006: Parameter 'where' implicitly has an 'any' type.\nsrc/controller/development/userInfo.ts(77,14): error TS7006: Parameter 'resData' implicitly has an 'any' type.\nsrc/controller/development/userInfo.ts(81,15): error TS7006: Parameter 'err' implicitly has an 'any' type.\n\n","timestamp":"2024-01-11 16:40 +08:00","type":"err","process_id":0,"app_name":"我的后台"}
{"message":"src/controller/development/userInfo.ts(16,22): error TS7006: Parameter 'param' implicitly has an 'any' type.\nsrc/controller/development/userInfo.ts(21,14): error TS7006: Parameter 'resData' implicitly has an 'any' type.\nsrc/controller/development/userInfo.ts(24,15): error TS7006: Parameter 'err' implicitly has an 'any' type.\nsrc/controller/development/userInfo.ts(32,14): error TS7006: Parameter 'resData' implicitly has an 'any' type.\nsrc/controller/development/userInfo.ts(49,15): error TS7006: Parameter 'err' implicitly has an 'any' type.\nsrc/controller/development/userInfo.ts(58,24): error TS7006: Parameter 'param' implicitly has an 'any' type.\nsrc/controller/development/userInfo.ts(63,14): error TS7006: Parameter 'resData' implicitly has an 'any' type.\nsrc/controller/development/userInfo.ts(66,15): error TS7006: Parameter 'err' implicitly has an 'any' type.\nsrc/controller/development/userInfo.ts(72,24): error TS7006: Parameter 'param' implicitly has an 'any' type.\nsrc/controller/development/userInfo.ts(72,30): error TS7006: Parameter 'where' implicitly has an 'any' type.\nsrc/controller/development/userInfo.ts(77,14): error TS7006: Parameter 'resData' implicitly has an 'any' type.\nsrc/controller/development/userInfo.ts(81,15): error TS7006: Parameter 'err' implicitly has an 'any' type.\n\n","timestamp":"2024-01-11 16:40 +08:00","type":"err","process_id":0,"app_name":"我的后台"}
{"message":"src/controller/development/userInfo.ts(16,22): error TS7006: Parameter 'param' implicitly has an 'any' type.\nsrc/controller/development/userInfo.ts(21,14): error TS7006: Parameter 'resData' implicitly has an 'any' type.\nsrc/controller/development/userInfo.ts(24,15): error TS7006: Parameter 'err' implicitly has an 'any' type.\nsrc/controller/development/userInfo.ts(32,14): error TS7006: Parameter 'resData' implicitly has an 'any' type.\nsrc/controller/development/userInfo.ts(49,15): error TS7006: Parameter 'err' implicitly has an 'any' type.\nsrc/controller/development/userInfo.ts(58,24): error TS7006: Parameter 'param' implicitly has an 'any' type.\nsrc/controller/development/userInfo.ts(63,14): error TS7006: Parameter 'resData' implicitly has an 'any' type.\nsrc/controller/development/userInfo.ts(66,15): error TS7006: Parameter 'err' implicitly has an 'any' type.\nsrc/controller/development/userInfo.ts(72,24): error TS7006: Parameter 'param' implicitly has an 'any' type.\nsrc/controller/development/userInfo.ts(72,30): error TS7006: Parameter 'where' implicitly has an 'any' type.\nsrc/controller/development/userInfo.ts(77,14): error TS7006: Parameter 'resData' implicitly has an 'any' type.\nsrc/controller/development/userInfo.ts(81,15): error TS7006: Parameter 'err' implicitly has an 'any' type.\n\n","timestamp":"2024-01-11 16:40 +08:00","type":"err","process_id":0,"app_name":"我的后台"}
{"message":"src/controller/development/userInfo.ts(16,22): error TS7006: Parameter 'param' implicitly has an 'any' type.\nsrc/controller/development/userInfo.ts(21,14): error TS7006: Parameter 'resData' implicitly has an 'any' type.\nsrc/controller/development/userInfo.ts(24,15): error TS7006: Parameter 'err' implicitly has an 'any' type.\nsrc/controller/development/userInfo.ts(32,14): error TS7006: Parameter 'resData' implicitly has an 'any' type.\nsrc/controller/development/userInfo.ts(49,15): error TS7006: Parameter 'err' implicitly has an 'any' type.\nsrc/controller/development/userInfo.ts(58,24): error TS7006: Parameter 'param' implicitly has an 'any' type.\nsrc/controller/development/userInfo.ts(63,14): error TS7006: Parameter 'resData' implicitly has an 'any' type.\nsrc/controller/development/userInfo.ts(66,15): error TS7006: Parameter 'err' implicitly has an 'any' type.\nsrc/controller/development/userInfo.ts(72,24): error TS7006: Parameter 'param' implicitly has an 'any' type.\nsrc/controller/development/userInfo.ts(72,30): error TS7006: Parameter 'where' implicitly has an 'any' type.\nsrc/controller/development/userInfo.ts(77,14): error TS7006: Parameter 'resData' implicitly has an 'any' type.\nsrc/controller/development/userInfo.ts(81,15): error TS7006: Parameter 'err' implicitly has an 'any' type.\n\n","timestamp":"2024-01-11 16:40 +08:00","type":"err","process_id":0,"app_name":"我的后台"}
{"message":"src/controller/development/userInfo.ts(16,22): error TS7006: Parameter 'param' implicitly has an 'any' type.\nsrc/controller/development/userInfo.ts(21,14): error TS7006: Parameter 'resData' implicitly has an 'any' type.\nsrc/controller/development/userInfo.ts(24,15): error TS7006: Parameter 'err' implicitly has an 'any' type.\nsrc/controller/development/userInfo.ts(32,14): error TS7006: Parameter 'resData' implicitly has an 'any' type.\nsrc/controller/development/userInfo.ts(49,15): error TS7006: Parameter 'err' implicitly has an 'any' type.\nsrc/controller/development/userInfo.ts(58,24): error TS7006: Parameter 'param' implicitly has an 'any' type.\nsrc/controller/development/userInfo.ts(63,14): error TS7006: Parameter 'resData' implicitly has an 'any' type.\nsrc/controller/development/userInfo.ts(66,15): error TS7006: Parameter 'err' implicitly has an 'any' type.\nsrc/controller/development/userInfo.ts(72,24): error TS7006: Parameter 'param' implicitly has an 'any' type.\nsrc/controller/development/userInfo.ts(72,30): error TS7006: Parameter 'where' implicitly has an 'any' type.\nsrc/controller/development/userInfo.ts(77,14): error TS7006: Parameter 'resData' implicitly has an 'any' type.\nsrc/controller/development/userInfo.ts(81,15): error TS7006: Parameter 'err' implicitly has an 'any' type.\n\n","timestamp":"2024-01-11 16:40 +08:00","type":"err","process_id":0,"app_name":"我的后台"}
{"message":"src/controller/development/userInfo.ts(16,22): error TS7006: Parameter 'param' implicitly has an 'any' type.\nsrc/controller/development/userInfo.ts(21,14): error TS7006: Parameter 'resData' implicitly has an 'any' type.\nsrc/controller/development/userInfo.ts(24,15): error TS7006: Parameter 'err' implicitly has an 'any' type.\nsrc/controller/development/userInfo.ts(32,14): error TS7006: Parameter 'resData' implicitly has an 'any' type.\nsrc/controller/development/userInfo.ts(49,15): error TS7006: Parameter 'err' implicitly has an 'any' type.\nsrc/controller/development/userInfo.ts(58,24): error TS7006: Parameter 'param' implicitly has an 'any' type.\nsrc/controller/development/userInfo.ts(63,14): error TS7006: Parameter 'resData' implicitly has an 'any' type.\nsrc/controller/development/userInfo.ts(66,15): error TS7006: Parameter 'err' implicitly has an 'any' type.\nsrc/controller/development/userInfo.ts(72,24): error TS7006: Parameter 'param' implicitly has an 'any' type.\nsrc/controller/development/userInfo.ts(72,30): error TS7006: Parameter 'where' implicitly has an 'any' type.\nsrc/controller/development/userInfo.ts(77,14): error TS7006: Parameter 'resData' implicitly has an 'any' type.\nsrc/controller/development/userInfo.ts(81,15): error TS7006: Parameter 'err' implicitly has an 'any' type.\n\n","timestamp":"2024-01-11 16:40 +08:00","type":"err","process_id":0,"app_name":"我的后台"}
{"message":"src/controller/development/userInfo.ts(16,22): error TS7006: Parameter 'param' implicitly has an 'any' type.\nsrc/controller/development/userInfo.ts(21,14): error TS7006: Parameter 'resData' implicitly has an 'any' type.\nsrc/controller/development/userInfo.ts(24,15): error TS7006: Parameter 'err' implicitly has an 'any' type.\nsrc/controller/development/userInfo.ts(32,14): error TS7006: Parameter 'resData' implicitly has an 'any' type.\nsrc/controller/development/userInfo.ts(49,15): error TS7006: Parameter 'err' implicitly has an 'any' type.\nsrc/controller/development/userInfo.ts(58,24): error TS7006: Parameter 'param' implicitly has an 'any' type.\nsrc/controller/development/userInfo.ts(63,14): error TS7006: Parameter 'resData' implicitly has an 'any' type.\nsrc/controller/development/userInfo.ts(66,15): error TS7006: Parameter 'err' implicitly has an 'any' type.\nsrc/controller/development/userInfo.ts(72,24): error TS7006: Parameter 'param' implicitly has an 'any' type.\nsrc/controller/development/userInfo.ts(72,30): error TS7006: Parameter 'where' implicitly has an 'any' type.\nsrc/controller/development/userInfo.ts(77,14): error TS7006: Parameter 'resData' implicitly has an 'any' type.\nsrc/controller/development/userInfo.ts(81,15): error TS7006: Parameter 'err' implicitly has an 'any' type.\n\n","timestamp":"2024-01-11 16:40 +08:00","type":"err","process_id":0,"app_name":"我的后台"}
{"message":"src/controller/development/userInfo.ts(16,22): error TS7006: Parameter 'param' implicitly has an 'any' type.\nsrc/controller/development/userInfo.ts(21,14): error TS7006: Parameter 'resData' implicitly has an 'any' type.\nsrc/controller/development/userInfo.ts(24,15): error TS7006: Parameter 'err' implicitly has an 'any' type.\nsrc/controller/development/userInfo.ts(32,14): error TS7006: Parameter 'resData' implicitly has an 'any' type.\nsrc/controller/development/userInfo.ts(49,15): error TS7006: Parameter 'err' implicitly has an 'any' type.\nsrc/controller/development/userInfo.ts(58,24): error TS7006: Parameter 'param' implicitly has an 'any' type.\nsrc/controller/development/userInfo.ts(63,14): error TS7006: Parameter 'resData' implicitly has an 'any' type.\nsrc/controller/development/userInfo.ts(66,15): error TS7006: Parameter 'err' implicitly has an 'any' type.\nsrc/controller/development/userInfo.ts(72,24): error TS7006: Parameter 'param' implicitly has an 'any' type.\nsrc/controller/development/userInfo.ts(72,30): error TS7006: Parameter 'where' implicitly has an 'any' type.\nsrc/controller/development/userInfo.ts(77,14): error TS7006: Parameter 'resData' implicitly has an 'any' type.\nsrc/controller/development/userInfo.ts(81,15): error TS7006: Parameter 'err' implicitly has an 'any' type.\n\n","timestamp":"2024-01-11 16:41 +08:00","type":"err","process_id":0,"app_name":"我的后台"}
{"message":"src/controller/development/userInfo.ts(16,22): error TS7006: Parameter 'param' implicitly has an 'any' type.\nsrc/controller/development/userInfo.ts(21,14): error TS7006: Parameter 'resData' implicitly has an 'any' type.\nsrc/controller/development/userInfo.ts(24,15): error TS7006: Parameter 'err' implicitly has an 'any' type.\nsrc/controller/development/userInfo.ts(32,14): error TS7006: Parameter 'resData' implicitly has an 'any' type.\nsrc/controller/development/userInfo.ts(49,15): error TS7006: Parameter 'err' implicitly has an 'any' type.\nsrc/controller/development/userInfo.ts(58,24): error TS7006: Parameter 'param' implicitly has an 'any' type.\nsrc/controller/development/userInfo.ts(63,14): error TS7006: Parameter 'resData' implicitly has an 'any' type.\nsrc/controller/development/userInfo.ts(66,15): error TS7006: Parameter 'err' implicitly has an 'any' type.\nsrc/controller/development/userInfo.ts(72,24): error TS7006: Parameter 'param' implicitly has an 'any' type.\nsrc/controller/development/userInfo.ts(72,30): error TS7006: Parameter 'where' implicitly has an 'any' type.\nsrc/controller/development/userInfo.ts(77,14): error TS7006: Parameter 'resData' implicitly has an 'any' type.\nsrc/controller/development/userInfo.ts(81,15): error TS7006: Parameter 'err' implicitly has an 'any' type.\n\n","timestamp":"2024-01-11 16:41 +08:00","type":"err","process_id":0,"app_name":"我的后台"}
{"message":"src/controller/development/userInfo.ts(16,22): error TS7006: Parameter 'param' implicitly has an 'any' type.\nsrc/controller/development/userInfo.ts(21,14): error TS7006: Parameter 'resData' implicitly has an 'any' type.\nsrc/controller/development/userInfo.ts(24,15): error TS7006: Parameter 'err' implicitly has an 'any' type.\nsrc/controller/development/userInfo.ts(32,14): error TS7006: Parameter 'resData' implicitly has an 'any' type.\nsrc/controller/development/userInfo.ts(49,15): error TS7006: Parameter 'err' implicitly has an 'any' type.\nsrc/controller/development/userInfo.ts(58,24): error TS7006: Parameter 'param' implicitly has an 'any' type.\nsrc/controller/development/userInfo.ts(63,14): error TS7006: Parameter 'resData' implicitly has an 'any' type.\nsrc/controller/development/userInfo.ts(66,15): error TS7006: Parameter 'err' implicitly has an 'any' type.\nsrc/controller/development/userInfo.ts(72,24): error TS7006: Parameter 'param' implicitly has an 'any' type.\nsrc/controller/development/userInfo.ts(72,30): error TS7006: Parameter 'where' implicitly has an 'any' type.\nsrc/controller/development/userInfo.ts(77,14): error TS7006: Parameter 'resData' implicitly has an 'any' type.\nsrc/controller/development/userInfo.ts(81,15): error TS7006: Parameter 'err' implicitly has an 'any' type.\n\n","timestamp":"2024-01-11 16:41 +08:00","type":"err","process_id":0,"app_name":"我的后台"}
{"message":"src/controller/development/userInfo.ts(16,22): error TS7006: Parameter 'param' implicitly has an 'any' type.\nsrc/controller/development/userInfo.ts(21,14): error TS7006: Parameter 'resData' implicitly has an 'any' type.\nsrc/controller/development/userInfo.ts(24,15): error TS7006: Parameter 'err' implicitly has an 'any' type.\nsrc/controller/development/userInfo.ts(32,14): error TS7006: Parameter 'resData' implicitly has an 'any' type.\nsrc/controller/development/userInfo.ts(49,15): error TS7006: Parameter 'err' implicitly has an 'any' type.\nsrc/controller/development/userInfo.ts(58,24): error TS7006: Parameter 'param' implicitly has an 'any' type.\nsrc/controller/development/userInfo.ts(63,14): error TS7006: Parameter 'resData' implicitly has an 'any' type.\nsrc/controller/development/userInfo.ts(66,15): error TS7006: Parameter 'err' implicitly has an 'any' type.\nsrc/controller/development/userInfo.ts(72,24): error TS7006: Parameter 'param' implicitly has an 'any' type.\nsrc/controller/development/userInfo.ts(72,30): error TS7006: Parameter 'where' implicitly has an 'any' type.\nsrc/controller/development/userInfo.ts(77,14): error TS7006: Parameter 'resData' implicitly has an 'any' type.\nsrc/controller/development/userInfo.ts(81,15): error TS7006: Parameter 'err' implicitly has an 'any' type.\n\n","timestamp":"2024-01-11 16:41 +08:00","type":"err","process_id":0,"app_name":"我的后台"}
{"message":"src/controller/development/userInfo.ts(16,22): error TS7006: Parameter 'param' implicitly has an 'any' type.\nsrc/controller/development/userInfo.ts(21,14): error TS7006: Parameter 'resData' implicitly has an 'any' type.\nsrc/controller/development/userInfo.ts(24,15): error TS7006: Parameter 'err' implicitly has an 'any' type.\nsrc/controller/development/userInfo.ts(32,14): error TS7006: Parameter 'resData' implicitly has an 'any' type.\nsrc/controller/development/userInfo.ts(49,15): error TS7006: Parameter 'err' implicitly has an 'any' type.\nsrc/controller/development/userInfo.ts(58,24): error TS7006: Parameter 'param' implicitly has an 'any' type.\nsrc/controller/development/userInfo.ts(63,14): error TS7006: Parameter 'resData' implicitly has an 'any' type.\nsrc/controller/development/userInfo.ts(66,15): error TS7006: Parameter 'err' implicitly has an 'any' type.\nsrc/controller/development/userInfo.ts(72,24): error TS7006: Parameter 'param' implicitly has an 'any' type.\nsrc/controller/development/userInfo.ts(72,30): error TS7006: Parameter 'where' implicitly has an 'any' type.\nsrc/controller/development/userInfo.ts(77,14): error TS7006: Parameter 'resData' implicitly has an 'any' type.\nsrc/controller/development/userInfo.ts(81,15): error TS7006: Parameter 'err' implicitly has an 'any' type.\n\n","timestamp":"2024-01-11 16:41 +08:00","type":"err","process_id":0,"app_name":"我的后台"}
{"message":"src/controller/development/userInfo.ts(16,22): error TS7006: Parameter 'param' implicitly has an 'any' type.\nsrc/controller/development/userInfo.ts(21,14): error TS7006: Parameter 'resData' implicitly has an 'any' type.\nsrc/controller/development/userInfo.ts(24,15): error TS7006: Parameter 'err' implicitly has an 'any' type.\nsrc/controller/development/userInfo.ts(32,14): error TS7006: Parameter 'resData' implicitly has an 'any' type.\nsrc/controller/development/userInfo.ts(49,15): error TS7006: Parameter 'err' implicitly has an 'any' type.\nsrc/controller/development/userInfo.ts(58,24): error TS7006: Parameter 'param' implicitly has an 'any' type.\nsrc/controller/development/userInfo.ts(63,14): error TS7006: Parameter 'resData' implicitly has an 'any' type.\nsrc/controller/development/userInfo.ts(66,15): error TS7006: Parameter 'err' implicitly has an 'any' type.\nsrc/controller/development/userInfo.ts(72,24): error TS7006: Parameter 'param' implicitly has an 'any' type.\nsrc/controller/development/userInfo.ts(72,30): error TS7006: Parameter 'where' implicitly has an 'any' type.\nsrc/controller/development/userInfo.ts(77,14): error TS7006: Parameter 'resData' implicitly has an 'any' type.\nsrc/controller/development/userInfo.ts(81,15): error TS7006: Parameter 'err' implicitly has an 'any' type.\n\n","timestamp":"2024-01-11 16:41 +08:00","type":"err","process_id":0,"app_name":"我的后台"}
{"message":"src/controller/development/userInfo.ts(16,22): error TS7006: Parameter 'param' implicitly has an 'any' type.\nsrc/controller/development/userInfo.ts(21,14): error TS7006: Parameter 'resData' implicitly has an 'any' type.\nsrc/controller/development/userInfo.ts(24,15): error TS7006: Parameter 'err' implicitly has an 'any' type.\nsrc/controller/development/userInfo.ts(32,14): error TS7006: Parameter 'resData' implicitly has an 'any' type.\nsrc/controller/development/userInfo.ts(49,15): error TS7006: Parameter 'err' implicitly has an 'any' type.\nsrc/controller/development/userInfo.ts(58,24): error TS7006: Parameter 'param' implicitly has an 'any' type.\nsrc/controller/development/userInfo.ts(63,14): error TS7006: Parameter 'resData' implicitly has an 'any' type.\nsrc/controller/development/userInfo.ts(66,15): error TS7006: Parameter 'err' implicitly has an 'any' type.\nsrc/controller/development/userInfo.ts(72,24): error TS7006: Parameter 'param' implicitly has an 'any' type.\nsrc/controller/development/userInfo.ts(72,30): error TS7006: Parameter 'where' implicitly has an 'any' type.\nsrc/controller/development/userInfo.ts(77,14): error TS7006: Parameter 'resData' implicitly has an 'any' type.\nsrc/controller/development/userInfo.ts(81,15): error TS7006: Parameter 'err' implicitly has an 'any' type.\n\n","timestamp":"2024-01-11 16:41 +08:00","type":"err","process_id":0,"app_name":"我的后台"}
{"message":"src/controller/development/userInfo.ts(16,22): error TS7006: Parameter 'param' implicitly has an 'any' type.\nsrc/controller/development/userInfo.ts(21,14): error TS7006: Parameter 'resData' implicitly has an 'any' type.\nsrc/controller/development/userInfo.ts(24,15): error TS7006: Parameter 'err' implicitly has an 'any' type.\nsrc/controller/development/userInfo.ts(32,14): error TS7006: Parameter 'resData' implicitly has an 'any' type.\nsrc/controller/development/userInfo.ts(49,15): error TS7006: Parameter 'err' implicitly has an 'any' type.\nsrc/controller/development/userInfo.ts(58,24): error TS7006: Parameter 'param' implicitly has an 'any' type.\nsrc/controller/development/userInfo.ts(63,14): error TS7006: Parameter 'resData' implicitly has an 'any' type.\nsrc/controller/development/userInfo.ts(66,15): error TS7006: Parameter 'err' implicitly has an 'any' type.\nsrc/controller/development/userInfo.ts(72,24): error TS7006: Parameter 'param' implicitly has an 'any' type.\nsrc/controller/development/userInfo.ts(72,30): error TS7006: Parameter 'where' implicitly has an 'any' type.\nsrc/controller/development/userInfo.ts(77,14): error TS7006: Parameter 'resData' implicitly has an 'any' type.\nsrc/controller/development/userInfo.ts(81,15): error TS7006: Parameter 'err' implicitly has an 'any' type.\n\n","timestamp":"2024-01-11 16:41 +08:00","type":"err","process_id":0,"app_name":"我的后台"}
{"message":"src/controller/development/userInfo.ts(16,22): error TS7006: Parameter 'param' implicitly has an 'any' type.\nsrc/controller/development/userInfo.ts(21,14): error TS7006: Parameter 'resData' implicitly has an 'any' type.\nsrc/controller/development/userInfo.ts(24,15): error TS7006: Parameter 'err' implicitly has an 'any' type.\nsrc/controller/development/userInfo.ts(32,14): error TS7006: Parameter 'resData' implicitly has an 'any' type.\nsrc/controller/development/userInfo.ts(49,15): error TS7006: Parameter 'err' implicitly has an 'any' type.\nsrc/controller/development/userInfo.ts(58,24): error TS7006: Parameter 'param' implicitly has an 'any' type.\nsrc/controller/development/userInfo.ts(63,14): error TS7006: Parameter 'resData' implicitly has an 'any' type.\nsrc/controller/development/userInfo.ts(66,15): error TS7006: Parameter 'err' implicitly has an 'any' type.\nsrc/controller/development/userInfo.ts(72,24): error TS7006: Parameter 'param' implicitly has an 'any' type.\nsrc/controller/development/userInfo.ts(72,30): error TS7006: Parameter 'where' implicitly has an 'any' type.\nsrc/controller/development/userInfo.ts(77,14): error TS7006: Parameter 'resData' implicitly has an 'any' type.\nsrc/controller/development/userInfo.ts(81,15): error TS7006: Parameter 'err' implicitly has an 'any' type.\n\n","timestamp":"2024-01-11 16:41 +08:00","type":"err","process_id":0,"app_name":"我的后台"}
{"message":"src/controller/development/userInfo.ts(16,22): error TS7006: Parameter 'param' implicitly has an 'any' type.\nsrc/controller/development/userInfo.ts(21,14): error TS7006: Parameter 'resData' implicitly has an 'any' type.\nsrc/controller/development/userInfo.ts(24,15): error TS7006: Parameter 'err' implicitly has an 'any' type.\nsrc/controller/development/userInfo.ts(32,14): error TS7006: Parameter 'resData' implicitly has an 'any' type.\nsrc/controller/development/userInfo.ts(49,15): error TS7006: Parameter 'err' implicitly has an 'any' type.\nsrc/controller/development/userInfo.ts(58,24): error TS7006: Parameter 'param' implicitly has an 'any' type.\nsrc/controller/development/userInfo.ts(63,14): error TS7006: Parameter 'resData' implicitly has an 'any' type.\nsrc/controller/development/userInfo.ts(66,15): error TS7006: Parameter 'err' implicitly has an 'any' type.\nsrc/controller/development/userInfo.ts(72,24): error TS7006: Parameter 'param' implicitly has an 'any' type.\nsrc/controller/development/userInfo.ts(72,30): error TS7006: Parameter 'where' implicitly has an 'any' type.\nsrc/controller/development/userInfo.ts(77,14): error TS7006: Parameter 'resData' implicitly has an 'any' type.\nsrc/controller/development/userInfo.ts(81,15): error TS7006: Parameter 'err' implicitly has an 'any' type.\n\n","timestamp":"2024-01-11 16:41 +08:00","type":"err","process_id":0,"app_name":"我的后台"}
{"message":"src/controller/development/userInfo.ts(16,22): error TS7006: Parameter 'param' implicitly has an 'any' type.\nsrc/controller/development/userInfo.ts(21,14): error TS7006: Parameter 'resData' implicitly has an 'any' type.\nsrc/controller/development/userInfo.ts(24,15): error TS7006: Parameter 'err' implicitly has an 'any' type.\nsrc/controller/development/userInfo.ts(32,14): error TS7006: Parameter 'resData' implicitly has an 'any' type.\nsrc/controller/development/userInfo.ts(49,15): error TS7006: Parameter 'err' implicitly has an 'any' type.\nsrc/controller/development/userInfo.ts(58,24): error TS7006: Parameter 'param' implicitly has an 'any' type.\nsrc/controller/development/userInfo.ts(63,14): error TS7006: Parameter 'resData' implicitly has an 'any' type.\nsrc/controller/development/userInfo.ts(66,15): error TS7006: Parameter 'err' implicitly has an 'any' type.\nsrc/controller/development/userInfo.ts(72,24): error TS7006: Parameter 'param' implicitly has an 'any' type.\nsrc/controller/development/userInfo.ts(72,30): error TS7006: Parameter 'where' implicitly has an 'any' type.\nsrc/controller/development/userInfo.ts(77,14): error TS7006: Parameter 'resData' implicitly has an 'any' type.\nsrc/controller/development/userInfo.ts(81,15): error TS7006: Parameter 'err' implicitly has an 'any' type.\n\n","timestamp":"2024-01-11 16:41 +08:00","type":"err","process_id":0,"app_name":"我的后台"}
{"message":"src/controller/development/userInfo.ts(16,22): error TS7006: Parameter 'param' implicitly has an 'any' type.\nsrc/controller/development/userInfo.ts(21,14): error TS7006: Parameter 'resData' implicitly has an 'any' type.\nsrc/controller/development/userInfo.ts(24,15): error TS7006: Parameter 'err' implicitly has an 'any' type.\nsrc/controller/development/userInfo.ts(32,14): error TS7006: Parameter 'resData' implicitly has an 'any' type.\nsrc/controller/development/userInfo.ts(49,15): error TS7006: Parameter 'err' implicitly has an 'any' type.\nsrc/controller/development/userInfo.ts(58,24): error TS7006: Parameter 'param' implicitly has an 'any' type.\nsrc/controller/development/userInfo.ts(63,14): error TS7006: Parameter 'resData' implicitly has an 'any' type.\nsrc/controller/development/userInfo.ts(66,15): error TS7006: Parameter 'err' implicitly has an 'any' type.\nsrc/controller/development/userInfo.ts(72,24): error TS7006: Parameter 'param' implicitly has an 'any' type.\nsrc/controller/development/userInfo.ts(72,30): error TS7006: Parameter 'where' implicitly has an 'any' type.\nsrc/controller/development/userInfo.ts(77,14): error TS7006: Parameter 'resData' implicitly has an 'any' type.\nsrc/controller/development/userInfo.ts(81,15): error TS7006: Parameter 'err' implicitly has an 'any' type.\n\n","timestamp":"2024-01-11 16:41 +08:00","type":"err","process_id":0,"app_name":"我的后台"}
{"message":"src/controller/development/userInfo.ts(16,22): error TS7006: Parameter 'param' implicitly has an 'any' type.\nsrc/controller/development/userInfo.ts(21,14): error TS7006: Parameter 'resData' implicitly has an 'any' type.\nsrc/controller/development/userInfo.ts(24,15): error TS7006: Parameter 'err' implicitly has an 'any' type.\nsrc/controller/development/userInfo.ts(32,14): error TS7006: Parameter 'resData' implicitly has an 'any' type.\nsrc/controller/development/userInfo.ts(49,15): error TS7006: Parameter 'err' implicitly has an 'any' type.\nsrc/controller/development/userInfo.ts(58,24): error TS7006: Parameter 'param' implicitly has an 'any' type.\nsrc/controller/development/userInfo.ts(63,14): error TS7006: Parameter 'resData' implicitly has an 'any' type.\nsrc/controller/development/userInfo.ts(66,15): error TS7006: Parameter 'err' implicitly has an 'any' type.\nsrc/controller/development/userInfo.ts(72,24): error TS7006: Parameter 'param' implicitly has an 'any' type.\nsrc/controller/development/userInfo.ts(72,30): error TS7006: Parameter 'where' implicitly has an 'any' type.\nsrc/controller/development/userInfo.ts(77,14): error TS7006: Parameter 'resData' implicitly has an 'any' type.\nsrc/controller/development/userInfo.ts(81,15): error TS7006: Parameter 'err' implicitly has an 'any' type.\n\n","timestamp":"2024-01-11 16:41 +08:00","type":"err","process_id":0,"app_name":"我的后台"}
{"message":"src/controller/development/userInfo.ts(16,22): error TS7006: Parameter 'param' implicitly has an 'any' type.\nsrc/controller/development/userInfo.ts(21,14): error TS7006: Parameter 'resData' implicitly has an 'any' type.\nsrc/controller/development/userInfo.ts(24,15): error TS7006: Parameter 'err' implicitly has an 'any' type.\nsrc/controller/development/userInfo.ts(32,14): error TS7006: Parameter 'resData' implicitly has an 'any' type.\nsrc/controller/development/userInfo.ts(49,15): error TS7006: Parameter 'err' implicitly has an 'any' type.\nsrc/controller/development/userInfo.ts(58,24): error TS7006: Parameter 'param' implicitly has an 'any' type.\nsrc/controller/development/userInfo.ts(63,14): error TS7006: Parameter 'resData' implicitly has an 'any' type.\nsrc/controller/development/userInfo.ts(66,15): error TS7006: Parameter 'err' implicitly has an 'any' type.\nsrc/controller/development/userInfo.ts(72,24): error TS7006: Parameter 'param' implicitly has an 'any' type.\nsrc/controller/development/userInfo.ts(72,30): error TS7006: Parameter 'where' implicitly has an 'any' type.\nsrc/controller/development/userInfo.ts(77,14): error TS7006: Parameter 'resData' implicitly has an 'any' type.\nsrc/controller/development/userInfo.ts(81,15): error TS7006: Parameter 'err' implicitly has an 'any' type.\n\n","timestamp":"2024-01-11 16:41 +08:00","type":"err","process_id":0,"app_name":"我的后台"}
{"message":"src/controller/development/userInfo.ts(16,22): error TS7006: Parameter 'param' implicitly has an 'any' type.\nsrc/controller/development/userInfo.ts(21,14): error TS7006: Parameter 'resData' implicitly has an 'any' type.\nsrc/controller/development/userInfo.ts(24,15): error TS7006: Parameter 'err' implicitly has an 'any' type.\nsrc/controller/development/userInfo.ts(32,14): error TS7006: Parameter 'resData' implicitly has an 'any' type.\nsrc/controller/development/userInfo.ts(49,15): error TS7006: Parameter 'err' implicitly has an 'any' type.\nsrc/controller/development/userInfo.ts(58,24): error TS7006: Parameter 'param' implicitly has an 'any' type.\nsrc/controller/development/userInfo.ts(63,14): error TS7006: Parameter 'resData' implicitly has an 'any' type.\nsrc/controller/development/userInfo.ts(66,15): error TS7006: Parameter 'err' implicitly has an 'any' type.\nsrc/controller/development/userInfo.ts(72,24): error TS7006: Parameter 'param' implicitly has an 'any' type.\nsrc/controller/development/userInfo.ts(72,30): error TS7006: Parameter 'where' implicitly has an 'any' type.\nsrc/controller/development/userInfo.ts(77,14): error TS7006: Parameter 'resData' implicitly has an 'any' type.\nsrc/controller/development/userInfo.ts(81,15): error TS7006: Parameter 'err' implicitly has an 'any' type.\n\n","timestamp":"2024-01-11 16:41 +08:00","type":"err","process_id":0,"app_name":"我的后台"}
{"message":"src/controller/development/userInfo.ts(16,22): error TS7006: Parameter 'param' implicitly has an 'any' type.\nsrc/controller/development/userInfo.ts(21,14): error TS7006: Parameter 'resData' implicitly has an 'any' type.\nsrc/controller/development/userInfo.ts(24,15): error TS7006: Parameter 'err' implicitly has an 'any' type.\nsrc/controller/development/userInfo.ts(32,14): error TS7006: Parameter 'resData' implicitly has an 'any' type.\nsrc/controller/development/userInfo.ts(49,15): error TS7006: Parameter 'err' implicitly has an 'any' type.\nsrc/controller/development/userInfo.ts(58,24): error TS7006: Parameter 'param' implicitly has an 'any' type.\nsrc/controller/development/userInfo.ts(63,14): error TS7006: Parameter 'resData' implicitly has an 'any' type.\nsrc/controller/development/userInfo.ts(66,15): error TS7006: Parameter 'err' implicitly has an 'any' type.\nsrc/controller/development/userInfo.ts(72,24): error TS7006: Parameter 'param' implicitly has an 'any' type.\nsrc/controller/development/userInfo.ts(72,30): error TS7006: Parameter 'where' implicitly has an 'any' type.\nsrc/controller/development/userInfo.ts(77,14): error TS7006: Parameter 'resData' implicitly has an 'any' type.\nsrc/controller/development/userInfo.ts(81,15): error TS7006: Parameter 'err' implicitly has an 'any' type.\n\n","timestamp":"2024-01-11 16:41 +08:00","type":"err","process_id":0,"app_name":"我的后台"}
{"message":"src/controller/development/userInfo.ts(16,22): error TS7006: Parameter 'param' implicitly has an 'any' type.\nsrc/controller/development/userInfo.ts(21,14): error TS7006: Parameter 'resData' implicitly has an 'any' type.\nsrc/controller/development/userInfo.ts(24,15): error TS7006: Parameter 'err' implicitly has an 'any' type.\nsrc/controller/development/userInfo.ts(32,14): error TS7006: Parameter 'resData' implicitly has an 'any' type.\nsrc/controller/development/userInfo.ts(49,15): error TS7006: Parameter 'err' implicitly has an 'any' type.\nsrc/controller/development/userInfo.ts(58,24): error TS7006: Parameter 'param' implicitly has an 'any' type.\nsrc/controller/development/userInfo.ts(63,14): error TS7006: Parameter 'resData' implicitly has an 'any' type.\nsrc/controller/development/userInfo.ts(66,15): error TS7006: Parameter 'err' implicitly has an 'any' type.\nsrc/controller/development/userInfo.ts(72,24): error TS7006: Parameter 'param' implicitly has an 'any' type.\nsrc/controller/development/userInfo.ts(72,30): error TS7006: Parameter 'where' implicitly has an 'any' type.\nsrc/controller/development/userInfo.ts(77,14): error TS7006: Parameter 'resData' implicitly has an 'any' type.\nsrc/controller/development/userInfo.ts(81,15): error TS7006: Parameter 'err' implicitly has an 'any' type.\n\n","timestamp":"2024-01-11 16:41 +08:00","type":"err","process_id":0,"app_name":"我的后台"}
{"message":"src/controller/development/userInfo.ts(16,22): error TS7006: Parameter 'param' implicitly has an 'any' type.\nsrc/controller/development/userInfo.ts(21,14): error TS7006: Parameter 'resData' implicitly has an 'any' type.\nsrc/controller/development/userInfo.ts(24,15): error TS7006: Parameter 'err' implicitly has an 'any' type.\nsrc/controller/development/userInfo.ts(32,14): error TS7006: Parameter 'resData' implicitly has an 'any' type.\nsrc/controller/development/userInfo.ts(49,15): error TS7006: Parameter 'err' implicitly has an 'any' type.\nsrc/controller/development/userInfo.ts(58,24): error TS7006: Parameter 'param' implicitly has an 'any' type.\nsrc/controller/development/userInfo.ts(63,14): error TS7006: Parameter 'resData' implicitly has an 'any' type.\nsrc/controller/development/userInfo.ts(66,15): error TS7006: Parameter 'err' implicitly has an 'any' type.\nsrc/controller/development/userInfo.ts(72,24): error TS7006: Parameter 'param' implicitly has an 'any' type.\nsrc/controller/development/userInfo.ts(72,30): error TS7006: Parameter 'where' implicitly has an 'any' type.\nsrc/controller/development/userInfo.ts(77,14): error TS7006: Parameter 'resData' implicitly has an 'any' type.\nsrc/controller/development/userInfo.ts(81,15): error TS7006: Parameter 'err' implicitly has an 'any' type.\n\n","timestamp":"2024-01-11 16:42 +08:00","type":"err","process_id":0,"app_name":"我的后台"}
{"message":"src/controller/development/userInfo.ts(16,22): error TS7006: Parameter 'param' implicitly has an 'any' type.\nsrc/controller/development/userInfo.ts(21,14): error TS7006: Parameter 'resData' implicitly has an 'any' type.\nsrc/controller/development/userInfo.ts(24,15): error TS7006: Parameter 'err' implicitly has an 'any' type.\nsrc/controller/development/userInfo.ts(32,14): error TS7006: Parameter 'resData' implicitly has an 'any' type.\nsrc/controller/development/userInfo.ts(49,15): error TS7006: Parameter 'err' implicitly has an 'any' type.\nsrc/controller/development/userInfo.ts(58,24): error TS7006: Parameter 'param' implicitly has an 'any' type.\nsrc/controller/development/userInfo.ts(63,14): error TS7006: Parameter 'resData' implicitly has an 'any' type.\nsrc/controller/development/userInfo.ts(66,15): error TS7006: Parameter 'err' implicitly has an 'any' type.\nsrc/controller/development/userInfo.ts(72,24): error TS7006: Parameter 'param' implicitly has an 'any' type.\nsrc/controller/development/userInfo.ts(72,30): error TS7006: Parameter 'where' implicitly has an 'any' type.\nsrc/controller/development/userInfo.ts(77,14): error TS7006: Parameter 'resData' implicitly has an 'any' type.\nsrc/controller/development/userInfo.ts(81,15): error TS7006: Parameter 'err' implicitly has an 'any' type.\n\n","timestamp":"2024-01-11 16:42 +08:00","type":"err","process_id":0,"app_name":"我的后台"}
{"message":"src/controller/development/userInfo.ts(16,22): error TS7006: Parameter 'param' implicitly has an 'any' type.\nsrc/controller/development/userInfo.ts(21,14): error TS7006: Parameter 'resData' implicitly has an 'any' type.\nsrc/controller/development/userInfo.ts(24,15): error TS7006: Parameter 'err' implicitly has an 'any' type.\nsrc/controller/development/userInfo.ts(32,14): error TS7006: Parameter 'resData' implicitly has an 'any' type.\nsrc/controller/development/userInfo.ts(49,15): error TS7006: Parameter 'err' implicitly has an 'any' type.\nsrc/controller/development/userInfo.ts(58,24): error TS7006: Parameter 'param' implicitly has an 'any' type.\nsrc/controller/development/userInfo.ts(63,14): error TS7006: Parameter 'resData' implicitly has an 'any' type.\nsrc/controller/development/userInfo.ts(66,15): error TS7006: Parameter 'err' implicitly has an 'any' type.\nsrc/controller/development/userInfo.ts(72,24): error TS7006: Parameter 'param' implicitly has an 'any' type.\nsrc/controller/development/userInfo.ts(72,30): error TS7006: Parameter 'where' implicitly has an 'any' type.\nsrc/controller/development/userInfo.ts(77,14): error TS7006: Parameter 'resData' implicitly has an 'any' type.\nsrc/controller/development/userInfo.ts(81,15): error TS7006: Parameter 'err' implicitly has an 'any' type.\n\n","timestamp":"2024-01-11 16:42 +08:00","type":"err","process_id":0,"app_name":"我的后台"}
{"message":"src/controller/development/userInfo.ts(16,22): error TS7006: Parameter 'param' implicitly has an 'any' type.\nsrc/controller/development/userInfo.ts(21,14): error TS7006: Parameter 'resData' implicitly has an 'any' type.\nsrc/controller/development/userInfo.ts(24,15): error TS7006: Parameter 'err' implicitly has an 'any' type.\nsrc/controller/development/userInfo.ts(32,14): error TS7006: Parameter 'resData' implicitly has an 'any' type.\nsrc/controller/development/userInfo.ts(49,15): error TS7006: Parameter 'err' implicitly has an 'any' type.\nsrc/controller/development/userInfo.ts(58,24): error TS7006: Parameter 'param' implicitly has an 'any' type.\nsrc/controller/development/userInfo.ts(63,14): error TS7006: Parameter 'resData' implicitly has an 'any' type.\nsrc/controller/development/userInfo.ts(66,15): error TS7006: Parameter 'err' implicitly has an 'any' type.\nsrc/controller/development/userInfo.ts(72,24): error TS7006: Parameter 'param' implicitly has an 'any' type.\nsrc/controller/development/userInfo.ts(72,30): error TS7006: Parameter 'where' implicitly has an 'any' type.\nsrc/controller/development/userInfo.ts(77,14): error TS7006: Parameter 'resData' implicitly has an 'any' type.\nsrc/controller/development/userInfo.ts(81,15): error TS7006: Parameter 'err' implicitly has an 'any' type.\n\n","timestamp":"2024-01-11 16:42 +08:00","type":"err","process_id":0,"app_name":"我的后台"}
{"message":"src/controller/development/userInfo.ts(16,22): error TS7006: Parameter 'param' implicitly has an 'any' type.\nsrc/controller/development/userInfo.ts(21,14): error TS7006: Parameter 'resData' implicitly has an 'any' type.\nsrc/controller/development/userInfo.ts(24,15): error TS7006: Parameter 'err' implicitly has an 'any' type.\nsrc/controller/development/userInfo.ts(32,14): error TS7006: Parameter 'resData' implicitly has an 'any' type.\nsrc/controller/development/userInfo.ts(49,15): error TS7006: Parameter 'err' implicitly has an 'any' type.\nsrc/controller/development/userInfo.ts(58,24): error TS7006: Parameter 'param' implicitly has an 'any' type.\nsrc/controller/development/userInfo.ts(63,14): error TS7006: Parameter 'resData' implicitly has an 'any' type.\nsrc/controller/development/userInfo.ts(66,15): error TS7006: Parameter 'err' implicitly has an 'any' type.\nsrc/controller/development/userInfo.ts(72,24): error TS7006: Parameter 'param' implicitly has an 'any' type.\nsrc/controller/development/userInfo.ts(72,30): error TS7006: Parameter 'where' implicitly has an 'any' type.\nsrc/controller/development/userInfo.ts(77,14): error TS7006: Parameter 'resData' implicitly has an 'any' type.\nsrc/controller/development/userInfo.ts(81,15): error TS7006: Parameter 'err' implicitly has an 'any' type.\n\n","timestamp":"2024-01-11 16:42 +08:00","type":"err","process_id":0,"app_name":"我的后台"}
{"message":"src/controller/development/userInfo.ts(16,22): error TS7006: Parameter 'param' implicitly has an 'any' type.\nsrc/controller/development/userInfo.ts(21,14): error TS7006: Parameter 'resData' implicitly has an 'any' type.\nsrc/controller/development/userInfo.ts(24,15): error TS7006: Parameter 'err' implicitly has an 'any' type.\nsrc/controller/development/userInfo.ts(32,14): error TS7006: Parameter 'resData' implicitly has an 'any' type.\nsrc/controller/development/userInfo.ts(49,15): error TS7006: Parameter 'err' implicitly has an 'any' type.\nsrc/controller/development/userInfo.ts(58,24): error TS7006: Parameter 'param' implicitly has an 'any' type.\nsrc/controller/development/userInfo.ts(63,14): error TS7006: Parameter 'resData' implicitly has an 'any' type.\nsrc/controller/development/userInfo.ts(66,15): error TS7006: Parameter 'err' implicitly has an 'any' type.\nsrc/controller/development/userInfo.ts(72,24): error TS7006: Parameter 'param' implicitly has an 'any' type.\nsrc/controller/development/userInfo.ts(72,30): error TS7006: Parameter 'where' implicitly has an 'any' type.\nsrc/controller/development/userInfo.ts(77,14): error TS7006: Parameter 'resData' implicitly has an 'any' type.\nsrc/controller/development/userInfo.ts(81,15): error TS7006: Parameter 'err' implicitly has an 'any' type.\n\n","timestamp":"2024-01-11 16:42 +08:00","type":"err","process_id":0,"app_name":"我的后台"}
{"message":"src/controller/development/userInfo.ts(16,22): error TS7006: Parameter 'param' implicitly has an 'any' type.\nsrc/controller/development/userInfo.ts(21,14): error TS7006: Parameter 'resData' implicitly has an 'any' type.\nsrc/controller/development/userInfo.ts(24,15): error TS7006: Parameter 'err' implicitly has an 'any' type.\nsrc/controller/development/userInfo.ts(32,14): error TS7006: Parameter 'resData' implicitly has an 'any' type.\nsrc/controller/development/userInfo.ts(49,15): error TS7006: Parameter 'err' implicitly has an 'any' type.\nsrc/controller/development/userInfo.ts(58,24): error TS7006: Parameter 'param' implicitly has an 'any' type.\nsrc/controller/development/userInfo.ts(63,14): error TS7006: Parameter 'resData' implicitly has an 'any' type.\nsrc/controller/development/userInfo.ts(66,15): error TS7006: Parameter 'err' implicitly has an 'any' type.\nsrc/controller/development/userInfo.ts(72,24): error TS7006: Parameter 'param' implicitly has an 'any' type.\nsrc/controller/development/userInfo.ts(72,30): error TS7006: Parameter 'where' implicitly has an 'any' type.\nsrc/controller/development/userInfo.ts(77,14): error TS7006: Parameter 'resData' implicitly has an 'any' type.\nsrc/controller/development/userInfo.ts(81,15): error TS7006: Parameter 'err' implicitly has an 'any' type.\n\n","timestamp":"2024-01-11 16:42 +08:00","type":"err","process_id":0,"app_name":"我的后台"}
{"message":"src/controller/development/userInfo.ts(16,22): error TS7006: Parameter 'param' implicitly has an 'any' type.\nsrc/controller/development/userInfo.ts(21,14): error TS7006: Parameter 'resData' implicitly has an 'any' type.\nsrc/controller/development/userInfo.ts(24,15): error TS7006: Parameter 'err' implicitly has an 'any' type.\nsrc/controller/development/userInfo.ts(32,14): error TS7006: Parameter 'resData' implicitly has an 'any' type.\nsrc/controller/development/userInfo.ts(49,15): error TS7006: Parameter 'err' implicitly has an 'any' type.\nsrc/controller/development/userInfo.ts(58,24): error TS7006: Parameter 'param' implicitly has an 'any' type.\nsrc/controller/development/userInfo.ts(63,14): error TS7006: Parameter 'resData' implicitly has an 'any' type.\nsrc/controller/development/userInfo.ts(66,15): error TS7006: Parameter 'err' implicitly has an 'any' type.\nsrc/controller/development/userInfo.ts(72,24): error TS7006: Parameter 'param' implicitly has an 'any' type.\nsrc/controller/development/userInfo.ts(72,30): error TS7006: Parameter 'where' implicitly has an 'any' type.\nsrc/controller/development/userInfo.ts(77,14): error TS7006: Parameter 'resData' implicitly has an 'any' type.\nsrc/controller/development/userInfo.ts(81,15): error TS7006: Parameter 'err' implicitly has an 'any' type.\n\n","timestamp":"2024-01-11 16:42 +08:00","type":"err","process_id":0,"app_name":"我的后台"}
{"message":"src/controller/development/userInfo.ts(16,22): error TS7006: Parameter 'param' implicitly has an 'any' type.\nsrc/controller/development/userInfo.ts(21,14): error TS7006: Parameter 'resData' implicitly has an 'any' type.\nsrc/controller/development/userInfo.ts(24,15): error TS7006: Parameter 'err' implicitly has an 'any' type.\nsrc/controller/development/userInfo.ts(32,14): error TS7006: Parameter 'resData' implicitly has an 'any' type.\nsrc/controller/development/userInfo.ts(49,15): error TS7006: Parameter 'err' implicitly has an 'any' type.\nsrc/controller/development/userInfo.ts(58,24): error TS7006: Parameter 'param' implicitly has an 'any' type.\nsrc/controller/development/userInfo.ts(63,14): error TS7006: Parameter 'resData' implicitly has an 'any' type.\nsrc/controller/development/userInfo.ts(66,15): error TS7006: Parameter 'err' implicitly has an 'any' type.\nsrc/controller/development/userInfo.ts(72,24): error TS7006: Parameter 'param' implicitly has an 'any' type.\nsrc/controller/development/userInfo.ts(72,30): error TS7006: Parameter 'where' implicitly has an 'any' type.\nsrc/controller/development/userInfo.ts(77,14): error TS7006: Parameter 'resData' implicitly has an 'any' type.\nsrc/controller/development/userInfo.ts(81,15): error TS7006: Parameter 'err' implicitly has an 'any' type.\n\n","timestamp":"2024-01-11 16:42 +08:00","type":"err","process_id":0,"app_name":"我的后台"}
{"message":"src/controller/development/userInfo.ts(16,22): error TS7006: Parameter 'param' implicitly has an 'any' type.\nsrc/controller/development/userInfo.ts(21,14): error TS7006: Parameter 'resData' implicitly has an 'any' type.\nsrc/controller/development/userInfo.ts(24,15): error TS7006: Parameter 'err' implicitly has an 'any' type.\nsrc/controller/development/userInfo.ts(32,14): error TS7006: Parameter 'resData' implicitly has an 'any' type.\nsrc/controller/development/userInfo.ts(49,15): error TS7006: Parameter 'err' implicitly has an 'any' type.\nsrc/controller/development/userInfo.ts(58,24): error TS7006: Parameter 'param' implicitly has an 'any' type.\nsrc/controller/development/userInfo.ts(63,14): error TS7006: Parameter 'resData' implicitly has an 'any' type.\nsrc/controller/development/userInfo.ts(66,15): error TS7006: Parameter 'err' implicitly has an 'any' type.\nsrc/controller/development/userInfo.ts(72,24): error TS7006: Parameter 'param' implicitly has an 'any' type.\nsrc/controller/development/userInfo.ts(72,30): error TS7006: Parameter 'where' implicitly has an 'any' type.\nsrc/controller/development/userInfo.ts(77,14): error TS7006: Parameter 'resData' implicitly has an 'any' type.\nsrc/controller/development/userInfo.ts(81,15): error TS7006: Parameter 'err' implicitly has an 'any' type.\n\n","timestamp":"2024-01-11 16:42 +08:00","type":"err","process_id":0,"app_name":"我的后台"}
{"message":"src/controller/development/userInfo.ts(16,22): error TS7006: Parameter 'param' implicitly has an 'any' type.\nsrc/controller/development/userInfo.ts(21,14): error TS7006: Parameter 'resData' implicitly has an 'any' type.\nsrc/controller/development/userInfo.ts(24,15): error TS7006: Parameter 'err' implicitly has an 'any' type.\nsrc/controller/development/userInfo.ts(32,14): error TS7006: Parameter 'resData' implicitly has an 'any' type.\nsrc/controller/development/userInfo.ts(49,15): error TS7006: Parameter 'err' implicitly has an 'any' type.\nsrc/controller/development/userInfo.ts(58,24): error TS7006: Parameter 'param' implicitly has an 'any' type.\nsrc/controller/development/userInfo.ts(63,14): error TS7006: Parameter 'resData' implicitly has an 'any' type.\nsrc/controller/development/userInfo.ts(66,15): error TS7006: Parameter 'err' implicitly has an 'any' type.\nsrc/controller/development/userInfo.ts(72,24): error TS7006: Parameter 'param' implicitly has an 'any' type.\nsrc/controller/development/userInfo.ts(72,30): error TS7006: Parameter 'where' implicitly has an 'any' type.\nsrc/controller/development/userInfo.ts(77,14): error TS7006: Parameter 'resData' implicitly has an 'any' type.\nsrc/controller/development/userInfo.ts(81,15): error TS7006: Parameter 'err' implicitly has an 'any' type.\n\n","timestamp":"2024-01-11 16:43 +08:00","type":"err","process_id":0,"app_name":"我的后台"}
{"message":"src/controller/development/userInfo.ts(16,22): error TS7006: Parameter 'param' implicitly has an 'any' type.\nsrc/controller/development/userInfo.ts(21,14): error TS7006: Parameter 'resData' implicitly has an 'any' type.\nsrc/controller/development/userInfo.ts(24,15): error TS7006: Parameter 'err' implicitly has an 'any' type.\nsrc/controller/development/userInfo.ts(32,14): error TS7006: Parameter 'resData' implicitly has an 'any' type.\nsrc/controller/development/userInfo.ts(49,15): error TS7006: Parameter 'err' implicitly has an 'any' type.\nsrc/controller/development/userInfo.ts(58,24): error TS7006: Parameter 'param' implicitly has an 'any' type.\nsrc/controller/development/userInfo.ts(63,14): error TS7006: Parameter 'resData' implicitly has an 'any' type.\nsrc/controller/development/userInfo.ts(66,15): error TS7006: Parameter 'err' implicitly has an 'any' type.\nsrc/controller/development/userInfo.ts(72,24): error TS7006: Parameter 'param' implicitly has an 'any' type.\nsrc/controller/development/userInfo.ts(72,30): error TS7006: Parameter 'where' implicitly has an 'any' type.\nsrc/controller/development/userInfo.ts(77,14): error TS7006: Parameter 'resData' implicitly has an 'any' type.\nsrc/controller/development/userInfo.ts(81,15): error TS7006: Parameter 'err' implicitly has an 'any' type.\n\n","timestamp":"2024-01-11 16:43 +08:00","type":"err","process_id":0,"app_name":"我的后台"}
{"message":"src/controller/development/userInfo.ts(16,22): error TS7006: Parameter 'param' implicitly has an 'any' type.\nsrc/controller/development/userInfo.ts(21,14): error TS7006: Parameter 'resData' implicitly has an 'any' type.\nsrc/controller/development/userInfo.ts(24,15): error TS7006: Parameter 'err' implicitly has an 'any' type.\nsrc/controller/development/userInfo.ts(32,14): error TS7006: Parameter 'resData' implicitly has an 'any' type.\nsrc/controller/development/userInfo.ts(49,15): error TS7006: Parameter 'err' implicitly has an 'any' type.\nsrc/controller/development/userInfo.ts(58,24): error TS7006: Parameter 'param' implicitly has an 'any' type.\nsrc/controller/development/userInfo.ts(63,14): error TS7006: Parameter 'resData' implicitly has an 'any' type.\nsrc/controller/development/userInfo.ts(66,15): error TS7006: Parameter 'err' implicitly has an 'any' type.\nsrc/controller/development/userInfo.ts(72,24): error TS7006: Parameter 'param' implicitly has an 'any' type.\nsrc/controller/development/userInfo.ts(72,30): error TS7006: Parameter 'where' implicitly has an 'any' type.\nsrc/controller/development/userInfo.ts(77,14): error TS7006: Parameter 'resData' implicitly has an 'any' type.\nsrc/controller/development/userInfo.ts(81,15): error TS7006: Parameter 'err' implicitly has an 'any' type.\n\n","timestamp":"2024-01-11 16:43 +08:00","type":"err","process_id":0,"app_name":"我的后台"}
{"message":"src/controller/development/userInfo.ts(16,22): error TS7006: Parameter 'param' implicitly has an 'any' type.\nsrc/controller/development/userInfo.ts(21,14): error TS7006: Parameter 'resData' implicitly has an 'any' type.\nsrc/controller/development/userInfo.ts(24,15): error TS7006: Parameter 'err' implicitly has an 'any' type.\nsrc/controller/development/userInfo.ts(32,14): error TS7006: Parameter 'resData' implicitly has an 'any' type.\nsrc/controller/development/userInfo.ts(49,15): error TS7006: Parameter 'err' implicitly has an 'any' type.\nsrc/controller/development/userInfo.ts(58,24): error TS7006: Parameter 'param' implicitly has an 'any' type.\nsrc/controller/development/userInfo.ts(63,14): error TS7006: Parameter 'resData' implicitly has an 'any' type.\nsrc/controller/development/userInfo.ts(66,15): error TS7006: Parameter 'err' implicitly has an 'any' type.\nsrc/controller/development/userInfo.ts(72,24): error TS7006: Parameter 'param' implicitly has an 'any' type.\nsrc/controller/development/userInfo.ts(72,30): error TS7006: Parameter 'where' implicitly has an 'any' type.\nsrc/controller/development/userInfo.ts(77,14): error TS7006: Parameter 'resData' implicitly has an 'any' type.\nsrc/controller/development/userInfo.ts(81,15): error TS7006: Parameter 'err' implicitly has an 'any' type.\n\n","timestamp":"2024-01-11 16:43 +08:00","type":"err","process_id":0,"app_name":"我的后台"}
{"message":"src/controller/development/userInfo.ts(16,22): error TS7006: Parameter 'param' implicitly has an 'any' type.\nsrc/controller/development/userInfo.ts(21,14): error TS7006: Parameter 'resData' implicitly has an 'any' type.\nsrc/controller/development/userInfo.ts(24,15): error TS7006: Parameter 'err' implicitly has an 'any' type.\nsrc/controller/development/userInfo.ts(32,14): error TS7006: Parameter 'resData' implicitly has an 'any' type.\nsrc/controller/development/userInfo.ts(49,15): error TS7006: Parameter 'err' implicitly has an 'any' type.\nsrc/controller/development/userInfo.ts(58,24): error TS7006: Parameter 'param' implicitly has an 'any' type.\nsrc/controller/development/userInfo.ts(63,14): error TS7006: Parameter 'resData' implicitly has an 'any' type.\nsrc/controller/development/userInfo.ts(66,15): error TS7006: Parameter 'err' implicitly has an 'any' type.\nsrc/controller/development/userInfo.ts(72,24): error TS7006: Parameter 'param' implicitly has an 'any' type.\nsrc/controller/development/userInfo.ts(72,30): error TS7006: Parameter 'where' implicitly has an 'any' type.\nsrc/controller/development/userInfo.ts(77,14): error TS7006: Parameter 'resData' implicitly has an 'any' type.\nsrc/controller/development/userInfo.ts(81,15): error TS7006: Parameter 'err' implicitly has an 'any' type.\n\n","timestamp":"2024-01-11 16:43 +08:00","type":"err","process_id":0,"app_name":"我的后台"}
{"message":"src/controller/development/userInfo.ts(16,22): error TS7006: Parameter 'param' implicitly has an 'any' type.\nsrc/controller/development/userInfo.ts(21,14): error TS7006: Parameter 'resData' implicitly has an 'any' type.\nsrc/controller/development/userInfo.ts(24,15): error TS7006: Parameter 'err' implicitly has an 'any' type.\nsrc/controller/development/userInfo.ts(32,14): error TS7006: Parameter 'resData' implicitly has an 'any' type.\nsrc/controller/development/userInfo.ts(49,15): error TS7006: Parameter 'err' implicitly has an 'any' type.\nsrc/controller/development/userInfo.ts(58,24): error TS7006: Parameter 'param' implicitly has an 'any' type.\nsrc/controller/development/userInfo.ts(63,14): error TS7006: Parameter 'resData' implicitly has an 'any' type.\nsrc/controller/development/userInfo.ts(66,15): error TS7006: Parameter 'err' implicitly has an 'any' type.\nsrc/controller/development/userInfo.ts(72,24): error TS7006: Parameter 'param' implicitly has an 'any' type.\nsrc/controller/development/userInfo.ts(72,30): error TS7006: Parameter 'where' implicitly has an 'any' type.\nsrc/controller/development/userInfo.ts(77,14): error TS7006: Parameter 'resData' implicitly has an 'any' type.\nsrc/controller/development/userInfo.ts(81,15): error TS7006: Parameter 'err' implicitly has an 'any' type.\n\n","timestamp":"2024-01-11 16:43 +08:00","type":"err","process_id":0,"app_name":"我的后台"}
{"message":"src/controller/development/userInfo.ts(16,22): error TS7006: Parameter 'param' implicitly has an 'any' type.\nsrc/controller/development/userInfo.ts(21,14): error TS7006: Parameter 'resData' implicitly has an 'any' type.\nsrc/controller/development/userInfo.ts(24,15): error TS7006: Parameter 'err' implicitly has an 'any' type.\nsrc/controller/development/userInfo.ts(32,14): error TS7006: Parameter 'resData' implicitly has an 'any' type.\nsrc/controller/development/userInfo.ts(49,15): error TS7006: Parameter 'err' implicitly has an 'any' type.\nsrc/controller/development/userInfo.ts(58,24): error TS7006: Parameter 'param' implicitly has an 'any' type.\nsrc/controller/development/userInfo.ts(63,14): error TS7006: Parameter 'resData' implicitly has an 'any' type.\nsrc/controller/development/userInfo.ts(66,15): error TS7006: Parameter 'err' implicitly has an 'any' type.\nsrc/controller/development/userInfo.ts(72,24): error TS7006: Parameter 'param' implicitly has an 'any' type.\nsrc/controller/development/userInfo.ts(72,30): error TS7006: Parameter 'where' implicitly has an 'any' type.\nsrc/controller/development/userInfo.ts(77,14): error TS7006: Parameter 'resData' implicitly has an 'any' type.\nsrc/controller/development/userInfo.ts(81,15): error TS7006: Parameter 'err' implicitly has an 'any' type.\n\n","timestamp":"2024-01-11 16:43 +08:00","type":"err","process_id":0,"app_name":"我的后台"}
{"message":"src/controller/development/userInfo.ts(16,22): error TS7006: Parameter 'param' implicitly has an 'any' type.\nsrc/controller/development/userInfo.ts(21,14): error TS7006: Parameter 'resData' implicitly has an 'any' type.\nsrc/controller/development/userInfo.ts(24,15): error TS7006: Parameter 'err' implicitly has an 'any' type.\nsrc/controller/development/userInfo.ts(32,14): error TS7006: Parameter 'resData' implicitly has an 'any' type.\nsrc/controller/development/userInfo.ts(49,15): error TS7006: Parameter 'err' implicitly has an 'any' type.\nsrc/controller/development/userInfo.ts(58,24): error TS7006: Parameter 'param' implicitly has an 'any' type.\nsrc/controller/development/userInfo.ts(63,14): error TS7006: Parameter 'resData' implicitly has an 'any' type.\nsrc/controller/development/userInfo.ts(66,15): error TS7006: Parameter 'err' implicitly has an 'any' type.\nsrc/controller/development/userInfo.ts(72,24): error TS7006: Parameter 'param' implicitly has an 'any' type.\nsrc/controller/development/userInfo.ts(72,30): error TS7006: Parameter 'where' implicitly has an 'any' type.\nsrc/controller/development/userInfo.ts(77,14): error TS7006: Parameter 'resData' implicitly has an 'any' type.\nsrc/controller/development/userInfo.ts(81,15): error TS7006: Parameter 'err' implicitly has an 'any' type.\n\n","timestamp":"2024-01-11 16:43 +08:00","type":"err","process_id":0,"app_name":"我的后台"}
{"message":"src/controller/development/userInfo.ts(16,22): error TS7006: Parameter 'param' implicitly has an 'any' type.\nsrc/controller/development/userInfo.ts(21,14): error TS7006: Parameter 'resData' implicitly has an 'any' type.\nsrc/controller/development/userInfo.ts(24,15): error TS7006: Parameter 'err' implicitly has an 'any' type.\nsrc/controller/development/userInfo.ts(32,14): error TS7006: Parameter 'resData' implicitly has an 'any' type.\nsrc/controller/development/userInfo.ts(49,15): error TS7006: Parameter 'err' implicitly has an 'any' type.\nsrc/controller/development/userInfo.ts(58,24): error TS7006: Parameter 'param' implicitly has an 'any' type.\nsrc/controller/development/userInfo.ts(63,14): error TS7006: Parameter 'resData' implicitly has an 'any' type.\nsrc/controller/development/userInfo.ts(66,15): error TS7006: Parameter 'err' implicitly has an 'any' type.\nsrc/controller/development/userInfo.ts(72,24): error TS7006: Parameter 'param' implicitly has an 'any' type.\nsrc/controller/development/userInfo.ts(72,30): error TS7006: Parameter 'where' implicitly has an 'any' type.\nsrc/controller/development/userInfo.ts(77,14): error TS7006: Parameter 'resData' implicitly has an 'any' type.\nsrc/controller/development/userInfo.ts(81,15): error TS7006: Parameter 'err' implicitly has an 'any' type.\n\n","timestamp":"2024-01-11 16:43 +08:00","type":"err","process_id":0,"app_name":"我的后台"}
{"message":"src/controller/development/userInfo.ts(16,22): error TS7006: Parameter 'param' implicitly has an 'any' type.\nsrc/controller/development/userInfo.ts(21,14): error TS7006: Parameter 'resData' implicitly has an 'any' type.\nsrc/controller/development/userInfo.ts(24,15): error TS7006: Parameter 'err' implicitly has an 'any' type.\nsrc/controller/development/userInfo.ts(32,14): error TS7006: Parameter 'resData' implicitly has an 'any' type.\nsrc/controller/development/userInfo.ts(49,15): error TS7006: Parameter 'err' implicitly has an 'any' type.\nsrc/controller/development/userInfo.ts(58,24): error TS7006: Parameter 'param' implicitly has an 'any' type.\nsrc/controller/development/userInfo.ts(63,14): error TS7006: Parameter 'resData' implicitly has an 'any' type.\nsrc/controller/development/userInfo.ts(66,15): error TS7006: Parameter 'err' implicitly has an 'any' type.\nsrc/controller/development/userInfo.ts(72,24): error TS7006: Parameter 'param' implicitly has an 'any' type.\nsrc/controller/development/userInfo.ts(72,30): error TS7006: Parameter 'where' implicitly has an 'any' type.\nsrc/controller/development/userInfo.ts(77,14): error TS7006: Parameter 'resData' implicitly has an 'any' type.\nsrc/controller/development/userInfo.ts(81,15): error TS7006: Parameter 'err' implicitly has an 'any' type.\n\n","timestamp":"2024-01-11 16:43 +08:00","type":"err","process_id":0,"app_name":"我的后台"}
{"message":"src/controller/development/userInfo.ts(16,22): error TS7006: Parameter 'param' implicitly has an 'any' type.\nsrc/controller/development/userInfo.ts(21,14): error TS7006: Parameter 'resData' implicitly has an 'any' type.\nsrc/controller/development/userInfo.ts(24,15): error TS7006: Parameter 'err' implicitly has an 'any' type.\nsrc/controller/development/userInfo.ts(32,14): error TS7006: Parameter 'resData' implicitly has an 'any' type.\nsrc/controller/development/userInfo.ts(49,15): error TS7006: Parameter 'err' implicitly has an 'any' type.\nsrc/controller/development/userInfo.ts(58,24): error TS7006: Parameter 'param' implicitly has an 'any' type.\nsrc/controller/development/userInfo.ts(63,14): error TS7006: Parameter 'resData' implicitly has an 'any' type.\nsrc/controller/development/userInfo.ts(66,15): error TS7006: Parameter 'err' implicitly has an 'any' type.\nsrc/controller/development/userInfo.ts(72,24): error TS7006: Parameter 'param' implicitly has an 'any' type.\nsrc/controller/development/userInfo.ts(72,30): error TS7006: Parameter 'where' implicitly has an 'any' type.\nsrc/controller/development/userInfo.ts(77,14): error TS7006: Parameter 'resData' implicitly has an 'any' type.\nsrc/controller/development/userInfo.ts(81,15): error TS7006: Parameter 'err' implicitly has an 'any' type.\n\n","timestamp":"2024-01-11 16:43 +08:00","type":"err","process_id":0,"app_name":"我的后台"}
{"message":"src/controller/development/userInfo.ts(16,22): error TS7006: Parameter 'param' implicitly has an 'any' type.\nsrc/controller/development/userInfo.ts(21,14): error TS7006: Parameter 'resData' implicitly has an 'any' type.\nsrc/controller/development/userInfo.ts(24,15): error TS7006: Parameter 'err' implicitly has an 'any' type.\nsrc/controller/development/userInfo.ts(32,14): error TS7006: Parameter 'resData' implicitly has an 'any' type.\nsrc/controller/development/userInfo.ts(49,15): error TS7006: Parameter 'err' implicitly has an 'any' type.\nsrc/controller/development/userInfo.ts(58,24): error TS7006: Parameter 'param' implicitly has an 'any' type.\nsrc/controller/development/userInfo.ts(63,14): error TS7006: Parameter 'resData' implicitly has an 'any' type.\nsrc/controller/development/userInfo.ts(66,15): error TS7006: Parameter 'err' implicitly has an 'any' type.\nsrc/controller/development/userInfo.ts(72,24): error TS7006: Parameter 'param' implicitly has an 'any' type.\nsrc/controller/development/userInfo.ts(72,30): error TS7006: Parameter 'where' implicitly has an 'any' type.\nsrc/controller/development/userInfo.ts(77,14): error TS7006: Parameter 'resData' implicitly has an 'any' type.\nsrc/controller/development/userInfo.ts(81,15): error TS7006: Parameter 'err' implicitly has an 'any' type.\n\n","timestamp":"2024-01-11 16:43 +08:00","type":"err","process_id":0,"app_name":"我的后台"}
{"message":"src/controller/development/userInfo.ts(16,22): error TS7006: Parameter 'param' implicitly has an 'any' type.\nsrc/controller/development/userInfo.ts(21,14): error TS7006: Parameter 'resData' implicitly has an 'any' type.\nsrc/controller/development/userInfo.ts(24,15): error TS7006: Parameter 'err' implicitly has an 'any' type.\nsrc/controller/development/userInfo.ts(32,14): error TS7006: Parameter 'resData' implicitly has an 'any' type.\nsrc/controller/development/userInfo.ts(49,15): error TS7006: Parameter 'err' implicitly has an 'any' type.\nsrc/controller/development/userInfo.ts(58,24): error TS7006: Parameter 'param' implicitly has an 'any' type.\nsrc/controller/development/userInfo.ts(63,14): error TS7006: Parameter 'resData' implicitly has an 'any' type.\nsrc/controller/development/userInfo.ts(66,15): error TS7006: Parameter 'err' implicitly has an 'any' type.\nsrc/controller/development/userInfo.ts(72,24): error TS7006: Parameter 'param' implicitly has an 'any' type.\nsrc/controller/development/userInfo.ts(72,30): error TS7006: Parameter 'where' implicitly has an 'any' type.\nsrc/controller/development/userInfo.ts(77,14): error TS7006: Parameter 'resData' implicitly has an 'any' type.\nsrc/controller/development/userInfo.ts(81,15): error TS7006: Parameter 'err' implicitly has an 'any' type.\n\n","timestamp":"2024-01-11 16:43 +08:00","type":"err","process_id":0,"app_name":"我的后台"}
{"message":"src/controller/development/userInfo.ts(16,22): error TS7006: Parameter 'param' implicitly has an 'any' type.\nsrc/controller/development/userInfo.ts(21,14): error TS7006: Parameter 'resData' implicitly has an 'any' type.\nsrc/controller/development/userInfo.ts(24,15): error TS7006: Parameter 'err' implicitly has an 'any' type.\nsrc/controller/development/userInfo.ts(32,14): error TS7006: Parameter 'resData' implicitly has an 'any' type.\nsrc/controller/development/userInfo.ts(49,15): error TS7006: Parameter 'err' implicitly has an 'any' type.\nsrc/controller/development/userInfo.ts(58,24): error TS7006: Parameter 'param' implicitly has an 'any' type.\nsrc/controller/development/userInfo.ts(63,14): error TS7006: Parameter 'resData' implicitly has an 'any' type.\nsrc/controller/development/userInfo.ts(66,15): error TS7006: Parameter 'err' implicitly has an 'any' type.\nsrc/controller/development/userInfo.ts(72,24): error TS7006: Parameter 'param' implicitly has an 'any' type.\nsrc/controller/development/userInfo.ts(72,30): error TS7006: Parameter 'where' implicitly has an 'any' type.\nsrc/controller/development/userInfo.ts(77,14): error TS7006: Parameter 'resData' implicitly has an 'any' type.\nsrc/controller/development/userInfo.ts(81,15): error TS7006: Parameter 'err' implicitly has an 'any' type.\n\n","timestamp":"2024-01-11 16:43 +08:00","type":"err","process_id":0,"app_name":"我的后台"}
{"message":"src/controller/development/userInfo.ts(16,22): error TS7006: Parameter 'param' implicitly has an 'any' type.\nsrc/controller/development/userInfo.ts(21,14): error TS7006: Parameter 'resData' implicitly has an 'any' type.\nsrc/controller/development/userInfo.ts(24,15): error TS7006: Parameter 'err' implicitly has an 'any' type.\nsrc/controller/development/userInfo.ts(32,14): error TS7006: Parameter 'resData' implicitly has an 'any' type.\nsrc/controller/development/userInfo.ts(49,15): error TS7006: Parameter 'err' implicitly has an 'any' type.\nsrc/controller/development/userInfo.ts(58,24): error TS7006: Parameter 'param' implicitly has an 'any' type.\nsrc/controller/development/userInfo.ts(63,14): error TS7006: Parameter 'resData' implicitly has an 'any' type.\nsrc/controller/development/userInfo.ts(66,15): error TS7006: Parameter 'err' implicitly has an 'any' type.\nsrc/controller/development/userInfo.ts(72,24): error TS7006: Parameter 'param' implicitly has an 'any' type.\nsrc/controller/development/userInfo.ts(72,30): error TS7006: Parameter 'where' implicitly has an 'any' type.\nsrc/controller/development/userInfo.ts(77,14): error TS7006: Parameter 'resData' implicitly has an 'any' type.\nsrc/controller/development/userInfo.ts(81,15): error TS7006: Parameter 'err' implicitly has an 'any' type.\n\n","timestamp":"2024-01-11 16:43 +08:00","type":"err","process_id":0,"app_name":"我的后台"}
{"message":"src/controller/development/userInfo.ts(16,22): error TS7006: Parameter 'param' implicitly has an 'any' type.\nsrc/controller/development/userInfo.ts(21,14): error TS7006: Parameter 'resData' implicitly has an 'any' type.\nsrc/controller/development/userInfo.ts(24,15): error TS7006: Parameter 'err' implicitly has an 'any' type.\nsrc/controller/development/userInfo.ts(32,14): error TS7006: Parameter 'resData' implicitly has an 'any' type.\nsrc/controller/development/userInfo.ts(49,15): error TS7006: Parameter 'err' implicitly has an 'any' type.\nsrc/controller/development/userInfo.ts(58,24): error TS7006: Parameter 'param' implicitly has an 'any' type.\nsrc/controller/development/userInfo.ts(63,14): error TS7006: Parameter 'resData' implicitly has an 'any' type.\nsrc/controller/development/userInfo.ts(66,15): error TS7006: Parameter 'err' implicitly has an 'any' type.\nsrc/controller/development/userInfo.ts(72,24): error TS7006: Parameter 'param' implicitly has an 'any' type.\nsrc/controller/development/userInfo.ts(72,30): error TS7006: Parameter 'where' implicitly has an 'any' type.\nsrc/controller/development/userInfo.ts(77,14): error TS7006: Parameter 'resData' implicitly has an 'any' type.\nsrc/controller/development/userInfo.ts(81,15): error TS7006: Parameter 'err' implicitly has an 'any' type.\n\n","timestamp":"2024-01-11 16:43 +08:00","type":"err","process_id":0,"app_name":"我的后台"}
{"message":"src/controller/development/userInfo.ts(16,22): error TS7006: Parameter 'param' implicitly has an 'any' type.\nsrc/controller/development/userInfo.ts(21,14): error TS7006: Parameter 'resData' implicitly has an 'any' type.\nsrc/controller/development/userInfo.ts(24,15): error TS7006: Parameter 'err' implicitly has an 'any' type.\nsrc/controller/development/userInfo.ts(32,14): error TS7006: Parameter 'resData' implicitly has an 'any' type.\nsrc/controller/development/userInfo.ts(49,15): error TS7006: Parameter 'err' implicitly has an 'any' type.\nsrc/controller/development/userInfo.ts(58,24): error TS7006: Parameter 'param' implicitly has an 'any' type.\nsrc/controller/development/userInfo.ts(63,14): error TS7006: Parameter 'resData' implicitly has an 'any' type.\nsrc/controller/development/userInfo.ts(66,15): error TS7006: Parameter 'err' implicitly has an 'any' type.\nsrc/controller/development/userInfo.ts(72,24): error TS7006: Parameter 'param' implicitly has an 'any' type.\nsrc/controller/development/userInfo.ts(72,30): error TS7006: Parameter 'where' implicitly has an 'any' type.\nsrc/controller/development/userInfo.ts(77,14): error TS7006: Parameter 'resData' implicitly has an 'any' type.\nsrc/controller/development/userInfo.ts(81,15): error TS7006: Parameter 'err' implicitly has an 'any' type.\n\n","timestamp":"2024-01-11 16:43 +08:00","type":"err","process_id":0,"app_name":"我的后台"}
{"message":"src/controller/development/userInfo.ts(16,22): error TS7006: Parameter 'param' implicitly has an 'any' type.\nsrc/controller/development/userInfo.ts(21,14): error TS7006: Parameter 'resData' implicitly has an 'any' type.\nsrc/controller/development/userInfo.ts(24,15): error TS7006: Parameter 'err' implicitly has an 'any' type.\nsrc/controller/development/userInfo.ts(32,14): error TS7006: Parameter 'resData' implicitly has an 'any' type.\nsrc/controller/development/userInfo.ts(49,15): error TS7006: Parameter 'err' implicitly has an 'any' type.\nsrc/controller/development/userInfo.ts(58,24): error TS7006: Parameter 'param' implicitly has an 'any' type.\nsrc/controller/development/userInfo.ts(63,14): error TS7006: Parameter 'resData' implicitly has an 'any' type.\nsrc/controller/development/userInfo.ts(66,15): error TS7006: Parameter 'err' implicitly has an 'any' type.\nsrc/controller/development/userInfo.ts(72,24): error TS7006: Parameter 'param' implicitly has an 'any' type.\nsrc/controller/development/userInfo.ts(72,30): error TS7006: Parameter 'where' implicitly has an 'any' type.\nsrc/controller/development/userInfo.ts(77,14): error TS7006: Parameter 'resData' implicitly has an 'any' type.\nsrc/controller/development/userInfo.ts(81,15): error TS7006: Parameter 'err' implicitly has an 'any' type.\n\n","timestamp":"2024-01-11 16:43 +08:00","type":"err","process_id":0,"app_name":"我的后台"}
{"message":"src/controller/development/userInfo.ts(16,22): error TS7006: Parameter 'param' implicitly has an 'any' type.\nsrc/controller/development/userInfo.ts(21,14): error TS7006: Parameter 'resData' implicitly has an 'any' type.\nsrc/controller/development/userInfo.ts(24,15): error TS7006: Parameter 'err' implicitly has an 'any' type.\nsrc/controller/development/userInfo.ts(32,14): error TS7006: Parameter 'resData' implicitly has an 'any' type.\nsrc/controller/development/userInfo.ts(49,15): error TS7006: Parameter 'err' implicitly has an 'any' type.\nsrc/controller/development/userInfo.ts(58,24): error TS7006: Parameter 'param' implicitly has an 'any' type.\nsrc/controller/development/userInfo.ts(63,14): error TS7006: Parameter 'resData' implicitly has an 'any' type.\nsrc/controller/development/userInfo.ts(66,15): error TS7006: Parameter 'err' implicitly has an 'any' type.\nsrc/controller/development/userInfo.ts(72,24): error TS7006: Parameter 'param' implicitly has an 'any' type.\nsrc/controller/development/userInfo.ts(72,30): error TS7006: Parameter 'where' implicitly has an 'any' type.\nsrc/controller/development/userInfo.ts(77,14): error TS7006: Parameter 'resData' implicitly has an 'any' type.\nsrc/controller/development/userInfo.ts(81,15): error TS7006: Parameter 'err' implicitly has an 'any' type.\n\n","timestamp":"2024-01-11 16:44 +08:00","type":"err","process_id":0,"app_name":"我的后台"}
{"message":"src/controller/development/userInfo.ts(16,22): error TS7006: Parameter 'param' implicitly has an 'any' type.\nsrc/controller/development/userInfo.ts(21,14): error TS7006: Parameter 'resData' implicitly has an 'any' type.\nsrc/controller/development/userInfo.ts(24,15): error TS7006: Parameter 'err' implicitly has an 'any' type.\nsrc/controller/development/userInfo.ts(32,14): error TS7006: Parameter 'resData' implicitly has an 'any' type.\nsrc/controller/development/userInfo.ts(49,15): error TS7006: Parameter 'err' implicitly has an 'any' type.\nsrc/controller/development/userInfo.ts(58,24): error TS7006: Parameter 'param' implicitly has an 'any' type.\nsrc/controller/development/userInfo.ts(63,14): error TS7006: Parameter 'resData' implicitly has an 'any' type.\nsrc/controller/development/userInfo.ts(66,15): error TS7006: Parameter 'err' implicitly has an 'any' type.\nsrc/controller/development/userInfo.ts(72,24): error TS7006: Parameter 'param' implicitly has an 'any' type.\nsrc/controller/development/userInfo.ts(72,30): error TS7006: Parameter 'where' implicitly has an 'any' type.\nsrc/controller/development/userInfo.ts(77,14): error TS7006: Parameter 'resData' implicitly has an 'any' type.\nsrc/controller/development/userInfo.ts(81,15): error TS7006: Parameter 'err' implicitly has an 'any' type.\n\n","timestamp":"2024-01-11 16:44 +08:00","type":"err","process_id":0,"app_name":"我的后台"}
{"message":"src/controller/development/userInfo.ts(16,22): error TS7006: Parameter 'param' implicitly has an 'any' type.\nsrc/controller/development/userInfo.ts(21,14): error TS7006: Parameter 'resData' implicitly has an 'any' type.\nsrc/controller/development/userInfo.ts(24,15): error TS7006: Parameter 'err' implicitly has an 'any' type.\nsrc/controller/development/userInfo.ts(32,14): error TS7006: Parameter 'resData' implicitly has an 'any' type.\nsrc/controller/development/userInfo.ts(49,15): error TS7006: Parameter 'err' implicitly has an 'any' type.\nsrc/controller/development/userInfo.ts(58,24): error TS7006: Parameter 'param' implicitly has an 'any' type.\nsrc/controller/development/userInfo.ts(63,14): error TS7006: Parameter 'resData' implicitly has an 'any' type.\nsrc/controller/development/userInfo.ts(66,15): error TS7006: Parameter 'err' implicitly has an 'any' type.\nsrc/controller/development/userInfo.ts(72,24): error TS7006: Parameter 'param' implicitly has an 'any' type.\nsrc/controller/development/userInfo.ts(72,30): error TS7006: Parameter 'where' implicitly has an 'any' type.\nsrc/controller/development/userInfo.ts(77,14): error TS7006: Parameter 'resData' implicitly has an 'any' type.\nsrc/controller/development/userInfo.ts(81,15): error TS7006: Parameter 'err' implicitly has an 'any' type.\n\n","timestamp":"2024-01-11 16:44 +08:00","type":"err","process_id":0,"app_name":"我的后台"}
{"message":"src/controller/development/userInfo.ts(16,22): error TS7006: Parameter 'param' implicitly has an 'any' type.\nsrc/controller/development/userInfo.ts(21,14): error TS7006: Parameter 'resData' implicitly has an 'any' type.\nsrc/controller/development/userInfo.ts(24,15): error TS7006: Parameter 'err' implicitly has an 'any' type.\nsrc/controller/development/userInfo.ts(32,14): error TS7006: Parameter 'resData' implicitly has an 'any' type.\nsrc/controller/development/userInfo.ts(49,15): error TS7006: Parameter 'err' implicitly has an 'any' type.\nsrc/controller/development/userInfo.ts(58,24): error TS7006: Parameter 'param' implicitly has an 'any' type.\nsrc/controller/development/userInfo.ts(63,14): error TS7006: Parameter 'resData' implicitly has an 'any' type.\nsrc/controller/development/userInfo.ts(66,15): error TS7006: Parameter 'err' implicitly has an 'any' type.\nsrc/controller/development/userInfo.ts(72,24): error TS7006: Parameter 'param' implicitly has an 'any' type.\nsrc/controller/development/userInfo.ts(72,30): error TS7006: Parameter 'where' implicitly has an 'any' type.\nsrc/controller/development/userInfo.ts(77,14): error TS7006: Parameter 'resData' implicitly has an 'any' type.\nsrc/controller/development/userInfo.ts(81,15): error TS7006: Parameter 'err' implicitly has an 'any' type.\n\n","timestamp":"2024-01-11 16:44 +08:00","type":"err","process_id":0,"app_name":"我的后台"}
{"message":"src/controller/development/userInfo.ts(16,22): error TS7006: Parameter 'param' implicitly has an 'any' type.\nsrc/controller/development/userInfo.ts(21,14): error TS7006: Parameter 'resData' implicitly has an 'any' type.\nsrc/controller/development/userInfo.ts(24,15): error TS7006: Parameter 'err' implicitly has an 'any' type.\nsrc/controller/development/userInfo.ts(32,14): error TS7006: Parameter 'resData' implicitly has an 'any' type.\nsrc/controller/development/userInfo.ts(49,15): error TS7006: Parameter 'err' implicitly has an 'any' type.\nsrc/controller/development/userInfo.ts(58,24): error TS7006: Parameter 'param' implicitly has an 'any' type.\nsrc/controller/development/userInfo.ts(63,14): error TS7006: Parameter 'resData' implicitly has an 'any' type.\nsrc/controller/development/userInfo.ts(66,15): error TS7006: Parameter 'err' implicitly has an 'any' type.\nsrc/controller/development/userInfo.ts(72,24): error TS7006: Parameter 'param' implicitly has an 'any' type.\nsrc/controller/development/userInfo.ts(72,30): error TS7006: Parameter 'where' implicitly has an 'any' type.\nsrc/controller/development/userInfo.ts(77,14): error TS7006: Parameter 'resData' implicitly has an 'any' type.\nsrc/controller/development/userInfo.ts(81,15): error TS7006: Parameter 'err' implicitly has an 'any' type.\n\n","timestamp":"2024-01-11 16:44 +08:00","type":"err","process_id":0,"app_name":"我的后台"}
{"message":"src/controller/development/userInfo.ts(16,22): error TS7006: Parameter 'param' implicitly has an 'any' type.\nsrc/controller/development/userInfo.ts(21,14): error TS7006: Parameter 'resData' implicitly has an 'any' type.\nsrc/controller/development/userInfo.ts(24,15): error TS7006: Parameter 'err' implicitly has an 'any' type.\nsrc/controller/development/userInfo.ts(32,14): error TS7006: Parameter 'resData' implicitly has an 'any' type.\nsrc/controller/development/userInfo.ts(49,15): error TS7006: Parameter 'err' implicitly has an 'any' type.\nsrc/controller/development/userInfo.ts(58,24): error TS7006: Parameter 'param' implicitly has an 'any' type.\nsrc/controller/development/userInfo.ts(63,14): error TS7006: Parameter 'resData' implicitly has an 'any' type.\nsrc/controller/development/userInfo.ts(66,15): error TS7006: Parameter 'err' implicitly has an 'any' type.\nsrc/controller/development/userInfo.ts(72,24): error TS7006: Parameter 'param' implicitly has an 'any' type.\nsrc/controller/development/userInfo.ts(72,30): error TS7006: Parameter 'where' implicitly has an 'any' type.\nsrc/controller/development/userInfo.ts(77,14): error TS7006: Parameter 'resData' implicitly has an 'any' type.\nsrc/controller/development/userInfo.ts(81,15): error TS7006: Parameter 'err' implicitly has an 'any' type.\n\n","timestamp":"2024-01-11 16:44 +08:00","type":"err","process_id":0,"app_name":"我的后台"}
{"message":"src/controller/development/userInfo.ts(16,22): error TS7006: Parameter 'param' implicitly has an 'any' type.\nsrc/controller/development/userInfo.ts(21,14): error TS7006: Parameter 'resData' implicitly has an 'any' type.\nsrc/controller/development/userInfo.ts(24,15): error TS7006: Parameter 'err' implicitly has an 'any' type.\nsrc/controller/development/userInfo.ts(32,14): error TS7006: Parameter 'resData' implicitly has an 'any' type.\nsrc/controller/development/userInfo.ts(49,15): error TS7006: Parameter 'err' implicitly has an 'any' type.\nsrc/controller/development/userInfo.ts(58,24): error TS7006: Parameter 'param' implicitly has an 'any' type.\nsrc/controller/development/userInfo.ts(63,14): error TS7006: Parameter 'resData' implicitly has an 'any' type.\nsrc/controller/development/userInfo.ts(66,15): error TS7006: Parameter 'err' implicitly has an 'any' type.\nsrc/controller/development/userInfo.ts(72,24): error TS7006: Parameter 'param' implicitly has an 'any' type.\nsrc/controller/development/userInfo.ts(72,30): error TS7006: Parameter 'where' implicitly has an 'any' type.\nsrc/controller/development/userInfo.ts(77,14): error TS7006: Parameter 'resData' implicitly has an 'any' type.\nsrc/controller/development/userInfo.ts(81,15): error TS7006: Parameter 'err' implicitly has an 'any' type.\n\n","timestamp":"2024-01-11 16:44 +08:00","type":"err","process_id":0,"app_name":"我的后台"}
{"message":"src/controller/development/userInfo.ts(16,22): error TS7006: Parameter 'param' implicitly has an 'any' type.\nsrc/controller/development/userInfo.ts(21,14): error TS7006: Parameter 'resData' implicitly has an 'any' type.\nsrc/controller/development/userInfo.ts(24,15): error TS7006: Parameter 'err' implicitly has an 'any' type.\nsrc/controller/development/userInfo.ts(32,14): error TS7006: Parameter 'resData' implicitly has an 'any' type.\nsrc/controller/development/userInfo.ts(49,15): error TS7006: Parameter 'err' implicitly has an 'any' type.\nsrc/controller/development/userInfo.ts(58,24): error TS7006: Parameter 'param' implicitly has an 'any' type.\nsrc/controller/development/userInfo.ts(63,14): error TS7006: Parameter 'resData' implicitly has an 'any' type.\nsrc/controller/development/userInfo.ts(66,15): error TS7006: Parameter 'err' implicitly has an 'any' type.\nsrc/controller/development/userInfo.ts(72,24): error TS7006: Parameter 'param' implicitly has an 'any' type.\nsrc/controller/development/userInfo.ts(72,30): error TS7006: Parameter 'where' implicitly has an 'any' type.\nsrc/controller/development/userInfo.ts(77,14): error TS7006: Parameter 'resData' implicitly has an 'any' type.\nsrc/controller/development/userInfo.ts(81,15): error TS7006: Parameter 'err' implicitly has an 'any' type.\n\n","timestamp":"2024-01-11 16:44 +08:00","type":"err","process_id":0,"app_name":"我的后台"}
{"message":"src/controller/development/userInfo.ts(16,22): error TS7006: Parameter 'param' implicitly has an 'any' type.\nsrc/controller/development/userInfo.ts(21,14): error TS7006: Parameter 'resData' implicitly has an 'any' type.\nsrc/controller/development/userInfo.ts(24,15): error TS7006: Parameter 'err' implicitly has an 'any' type.\nsrc/controller/development/userInfo.ts(32,14): error TS7006: Parameter 'resData' implicitly has an 'any' type.\nsrc/controller/development/userInfo.ts(49,15): error TS7006: Parameter 'err' implicitly has an 'any' type.\nsrc/controller/development/userInfo.ts(58,24): error TS7006: Parameter 'param' implicitly has an 'any' type.\nsrc/controller/development/userInfo.ts(63,14): error TS7006: Parameter 'resData' implicitly has an 'any' type.\nsrc/controller/development/userInfo.ts(66,15): error TS7006: Parameter 'err' implicitly has an 'any' type.\nsrc/controller/development/userInfo.ts(72,24): error TS7006: Parameter 'param' implicitly has an 'any' type.\nsrc/controller/development/userInfo.ts(72,30): error TS7006: Parameter 'where' implicitly has an 'any' type.\nsrc/controller/development/userInfo.ts(77,14): error TS7006: Parameter 'resData' implicitly has an 'any' type.\nsrc/controller/development/userInfo.ts(81,15): error TS7006: Parameter 'err' implicitly has an 'any' type.\n\n","timestamp":"2024-01-11 16:44 +08:00","type":"err","process_id":0,"app_name":"我的后台"}
{"message":"src/controller/development/userInfo.ts(16,22): error TS7006: Parameter 'param' implicitly has an 'any' type.\nsrc/controller/development/userInfo.ts(21,14): error TS7006: Parameter 'resData' implicitly has an 'any' type.\nsrc/controller/development/userInfo.ts(24,15): error TS7006: Parameter 'err' implicitly has an 'any' type.\nsrc/controller/development/userInfo.ts(32,14): error TS7006: Parameter 'resData' implicitly has an 'any' type.\nsrc/controller/development/userInfo.ts(49,15): error TS7006: Parameter 'err' implicitly has an 'any' type.\nsrc/controller/development/userInfo.ts(58,24): error TS7006: Parameter 'param' implicitly has an 'any' type.\nsrc/controller/development/userInfo.ts(63,14): error TS7006: Parameter 'resData' implicitly has an 'any' type.\nsrc/controller/development/userInfo.ts(66,15): error TS7006: Parameter 'err' implicitly has an 'any' type.\nsrc/controller/development/userInfo.ts(72,24): error TS7006: Parameter 'param' implicitly has an 'any' type.\nsrc/controller/development/userInfo.ts(72,30): error TS7006: Parameter 'where' implicitly has an 'any' type.\nsrc/controller/development/userInfo.ts(77,14): error TS7006: Parameter 'resData' implicitly has an 'any' type.\nsrc/controller/development/userInfo.ts(81,15): error TS7006: Parameter 'err' implicitly has an 'any' type.\n\n","timestamp":"2024-01-11 16:44 +08:00","type":"err","process_id":0,"app_name":"我的后台"}
{"message":"src/controller/development/userInfo.ts(16,22): error TS7006: Parameter 'param' implicitly has an 'any' type.\nsrc/controller/development/userInfo.ts(21,14): error TS7006: Parameter 'resData' implicitly has an 'any' type.\nsrc/controller/development/userInfo.ts(24,15): error TS7006: Parameter 'err' implicitly has an 'any' type.\nsrc/controller/development/userInfo.ts(32,14): error TS7006: Parameter 'resData' implicitly has an 'any' type.\nsrc/controller/development/userInfo.ts(49,15): error TS7006: Parameter 'err' implicitly has an 'any' type.\nsrc/controller/development/userInfo.ts(58,24): error TS7006: Parameter 'param' implicitly has an 'any' type.\nsrc/controller/development/userInfo.ts(63,14): error TS7006: Parameter 'resData' implicitly has an 'any' type.\nsrc/controller/development/userInfo.ts(66,15): error TS7006: Parameter 'err' implicitly has an 'any' type.\nsrc/controller/development/userInfo.ts(72,24): error TS7006: Parameter 'param' implicitly has an 'any' type.\nsrc/controller/development/userInfo.ts(72,30): error TS7006: Parameter 'where' implicitly has an 'any' type.\nsrc/controller/development/userInfo.ts(77,14): error TS7006: Parameter 'resData' implicitly has an 'any' type.\nsrc/controller/development/userInfo.ts(81,15): error TS7006: Parameter 'err' implicitly has an 'any' type.\n\n","timestamp":"2024-01-11 16:44 +08:00","type":"err","process_id":0,"app_name":"我的后台"}
{"message":"src/controller/development/userInfo.ts(16,22): error TS7006: Parameter 'param' implicitly has an 'any' type.\nsrc/controller/development/userInfo.ts(21,14): error TS7006: Parameter 'resData' implicitly has an 'any' type.\nsrc/controller/development/userInfo.ts(24,15): error TS7006: Parameter 'err' implicitly has an 'any' type.\nsrc/controller/development/userInfo.ts(32,14): error TS7006: Parameter 'resData' implicitly has an 'any' type.\nsrc/controller/development/userInfo.ts(49,15): error TS7006: Parameter 'err' implicitly has an 'any' type.\nsrc/controller/development/userInfo.ts(58,24): error TS7006: Parameter 'param' implicitly has an 'any' type.\nsrc/controller/development/userInfo.ts(63,14): error TS7006: Parameter 'resData' implicitly has an 'any' type.\nsrc/controller/development/userInfo.ts(66,15): error TS7006: Parameter 'err' implicitly has an 'any' type.\nsrc/controller/development/userInfo.ts(72,24): error TS7006: Parameter 'param' implicitly has an 'any' type.\nsrc/controller/development/userInfo.ts(72,30): error TS7006: Parameter 'where' implicitly has an 'any' type.\nsrc/controller/development/userInfo.ts(77,14): error TS7006: Parameter 'resData' implicitly has an 'any' type.\nsrc/controller/development/userInfo.ts(81,15): error TS7006: Parameter 'err' implicitly has an 'any' type.\n\n","timestamp":"2024-01-11 16:44 +08:00","type":"err","process_id":0,"app_name":"我的后台"}
{"message":"src/controller/development/userInfo.ts(16,22): error TS7006: Parameter 'param' implicitly has an 'any' type.\nsrc/controller/development/userInfo.ts(21,14): error TS7006: Parameter 'resData' implicitly has an 'any' type.\nsrc/controller/development/userInfo.ts(24,15): error TS7006: Parameter 'err' implicitly has an 'any' type.\nsrc/controller/development/userInfo.ts(32,14): error TS7006: Parameter 'resData' implicitly has an 'any' type.\nsrc/controller/development/userInfo.ts(49,15): error TS7006: Parameter 'err' implicitly has an 'any' type.\nsrc/controller/development/userInfo.ts(58,24): error TS7006: Parameter 'param' implicitly has an 'any' type.\nsrc/controller/development/userInfo.ts(63,14): error TS7006: Parameter 'resData' implicitly has an 'any' type.\nsrc/controller/development/userInfo.ts(66,15): error TS7006: Parameter 'err' implicitly has an 'any' type.\nsrc/controller/development/userInfo.ts(72,24): error TS7006: Parameter 'param' implicitly has an 'any' type.\nsrc/controller/development/userInfo.ts(72,30): error TS7006: Parameter 'where' implicitly has an 'any' type.\nsrc/controller/development/userInfo.ts(77,14): error TS7006: Parameter 'resData' implicitly has an 'any' type.\nsrc/controller/development/userInfo.ts(81,15): error TS7006: Parameter 'err' implicitly has an 'any' type.\n\n","timestamp":"2024-01-11 16:44 +08:00","type":"err","process_id":0,"app_name":"我的后台"}
{"message":"src/controller/development/userInfo.ts(16,22): error TS7006: Parameter 'param' implicitly has an 'any' type.\nsrc/controller/development/userInfo.ts(21,14): error TS7006: Parameter 'resData' implicitly has an 'any' type.\nsrc/controller/development/userInfo.ts(24,15): error TS7006: Parameter 'err' implicitly has an 'any' type.\nsrc/controller/development/userInfo.ts(32,14): error TS7006: Parameter 'resData' implicitly has an 'any' type.\nsrc/controller/development/userInfo.ts(49,15): error TS7006: Parameter 'err' implicitly has an 'any' type.\nsrc/controller/development/userInfo.ts(58,24): error TS7006: Parameter 'param' implicitly has an 'any' type.\nsrc/controller/development/userInfo.ts(63,14): error TS7006: Parameter 'resData' implicitly has an 'any' type.\nsrc/controller/development/userInfo.ts(66,15): error TS7006: Parameter 'err' implicitly has an 'any' type.\nsrc/controller/development/userInfo.ts(72,24): error TS7006: Parameter 'param' implicitly has an 'any' type.\nsrc/controller/development/userInfo.ts(72,30): error TS7006: Parameter 'where' implicitly has an 'any' type.\nsrc/controller/development/userInfo.ts(77,14): error TS7006: Parameter 'resData' implicitly has an 'any' type.\nsrc/controller/development/userInfo.ts(81,15): error TS7006: Parameter 'err' implicitly has an 'any' type.\n\n","timestamp":"2024-01-11 16:44 +08:00","type":"err","process_id":0,"app_name":"我的后台"}
{"message":"src/controller/development/userInfo.ts(16,22): error TS7006: Parameter 'param' implicitly has an 'any' type.\nsrc/controller/development/userInfo.ts(21,14): error TS7006: Parameter 'resData' implicitly has an 'any' type.\nsrc/controller/development/userInfo.ts(24,15): error TS7006: Parameter 'err' implicitly has an 'any' type.\nsrc/controller/development/userInfo.ts(32,14): error TS7006: Parameter 'resData' implicitly has an 'any' type.\nsrc/controller/development/userInfo.ts(49,15): error TS7006: Parameter 'err' implicitly has an 'any' type.\nsrc/controller/development/userInfo.ts(58,24): error TS7006: Parameter 'param' implicitly has an 'any' type.\nsrc/controller/development/userInfo.ts(63,14): error TS7006: Parameter 'resData' implicitly has an 'any' type.\nsrc/controller/development/userInfo.ts(66,15): error TS7006: Parameter 'err' implicitly has an 'any' type.\nsrc/controller/development/userInfo.ts(72,24): error TS7006: Parameter 'param' implicitly has an 'any' type.\nsrc/controller/development/userInfo.ts(72,30): error TS7006: Parameter 'where' implicitly has an 'any' type.\nsrc/controller/development/userInfo.ts(77,14): error TS7006: Parameter 'resData' implicitly has an 'any' type.\nsrc/controller/development/userInfo.ts(81,15): error TS7006: Parameter 'err' implicitly has an 'any' type.\n\n","timestamp":"2024-01-11 16:44 +08:00","type":"err","process_id":0,"app_name":"我的后台"}
{"message":"src/controller/development/userInfo.ts(16,22): error TS7006: Parameter 'param' implicitly has an 'any' type.\nsrc/controller/development/userInfo.ts(21,14): error TS7006: Parameter 'resData' implicitly has an 'any' type.\nsrc/controller/development/userInfo.ts(24,15): error TS7006: Parameter 'err' implicitly has an 'any' type.\nsrc/controller/development/userInfo.ts(32,14): error TS7006: Parameter 'resData' implicitly has an 'any' type.\nsrc/controller/development/userInfo.ts(49,15): error TS7006: Parameter 'err' implicitly has an 'any' type.\nsrc/controller/development/userInfo.ts(58,24): error TS7006: Parameter 'param' implicitly has an 'any' type.\nsrc/controller/development/userInfo.ts(63,14): error TS7006: Parameter 'resData' implicitly has an 'any' type.\nsrc/controller/development/userInfo.ts(66,15): error TS7006: Parameter 'err' implicitly has an 'any' type.\nsrc/controller/development/userInfo.ts(72,24): error TS7006: Parameter 'param' implicitly has an 'any' type.\nsrc/controller/development/userInfo.ts(72,30): error TS7006: Parameter 'where' implicitly has an 'any' type.\nsrc/controller/development/userInfo.ts(77,14): error TS7006: Parameter 'resData' implicitly has an 'any' type.\nsrc/controller/development/userInfo.ts(81,15): error TS7006: Parameter 'err' implicitly has an 'any' type.\n\n","timestamp":"2024-01-11 16:44 +08:00","type":"err","process_id":0,"app_name":"我的后台"}
{"message":"src/controller/development/userInfo.ts(16,22): error TS7006: Parameter 'param' implicitly has an 'any' type.\nsrc/controller/development/userInfo.ts(21,14): error TS7006: Parameter 'resData' implicitly has an 'any' type.\nsrc/controller/development/userInfo.ts(24,15): error TS7006: Parameter 'err' implicitly has an 'any' type.\nsrc/controller/development/userInfo.ts(32,14): error TS7006: Parameter 'resData' implicitly has an 'any' type.\nsrc/controller/development/userInfo.ts(49,15): error TS7006: Parameter 'err' implicitly has an 'any' type.\nsrc/controller/development/userInfo.ts(58,24): error TS7006: Parameter 'param' implicitly has an 'any' type.\nsrc/controller/development/userInfo.ts(63,14): error TS7006: Parameter 'resData' implicitly has an 'any' type.\nsrc/controller/development/userInfo.ts(66,15): error TS7006: Parameter 'err' implicitly has an 'any' type.\nsrc/controller/development/userInfo.ts(72,24): error TS7006: Parameter 'param' implicitly has an 'any' type.\nsrc/controller/development/userInfo.ts(72,30): error TS7006: Parameter 'where' implicitly has an 'any' type.\nsrc/controller/development/userInfo.ts(77,14): error TS7006: Parameter 'resData' implicitly has an 'any' type.\nsrc/controller/development/userInfo.ts(81,15): error TS7006: Parameter 'err' implicitly has an 'any' type.\n\n","timestamp":"2024-01-11 16:44 +08:00","type":"err","process_id":0,"app_name":"我的后台"}
{"message":"src/controller/development/userInfo.ts(16,22): error TS7006: Parameter 'param' implicitly has an 'any' type.\nsrc/controller/development/userInfo.ts(21,14): error TS7006: Parameter 'resData' implicitly has an 'any' type.\nsrc/controller/development/userInfo.ts(24,15): error TS7006: Parameter 'err' implicitly has an 'any' type.\nsrc/controller/development/userInfo.ts(32,14): error TS7006: Parameter 'resData' implicitly has an 'any' type.\nsrc/controller/development/userInfo.ts(49,15): error TS7006: Parameter 'err' implicitly has an 'any' type.\nsrc/controller/development/userInfo.ts(58,24): error TS7006: Parameter 'param' implicitly has an 'any' type.\nsrc/controller/development/userInfo.ts(63,14): error TS7006: Parameter 'resData' implicitly has an 'any' type.\nsrc/controller/development/userInfo.ts(66,15): error TS7006: Parameter 'err' implicitly has an 'any' type.\nsrc/controller/development/userInfo.ts(72,24): error TS7006: Parameter 'param' implicitly has an 'any' type.\nsrc/controller/development/userInfo.ts(72,30): error TS7006: Parameter 'where' implicitly has an 'any' type.\nsrc/controller/development/userInfo.ts(77,14): error TS7006: Parameter 'resData' implicitly has an 'any' type.\nsrc/controller/development/userInfo.ts(81,15): error TS7006: Parameter 'err' implicitly has an 'any' type.\n\n","timestamp":"2024-01-11 16:44 +08:00","type":"err","process_id":0,"app_name":"我的后台"}
{"message":"src/controller/development/userInfo.ts(16,22): error TS7006: Parameter 'param' implicitly has an 'any' type.\nsrc/controller/development/userInfo.ts(21,14): error TS7006: Parameter 'resData' implicitly has an 'any' type.\nsrc/controller/development/userInfo.ts(24,15): error TS7006: Parameter 'err' implicitly has an 'any' type.\nsrc/controller/development/userInfo.ts(32,14): error TS7006: Parameter 'resData' implicitly has an 'any' type.\nsrc/controller/development/userInfo.ts(49,15): error TS7006: Parameter 'err' implicitly has an 'any' type.\nsrc/controller/development/userInfo.ts(58,24): error TS7006: Parameter 'param' implicitly has an 'any' type.\nsrc/controller/development/userInfo.ts(63,14): error TS7006: Parameter 'resData' implicitly has an 'any' type.\nsrc/controller/development/userInfo.ts(66,15): error TS7006: Parameter 'err' implicitly has an 'any' type.\nsrc/controller/development/userInfo.ts(72,24): error TS7006: Parameter 'param' implicitly has an 'any' type.\nsrc/controller/development/userInfo.ts(72,30): error TS7006: Parameter 'where' implicitly has an 'any' type.\nsrc/controller/development/userInfo.ts(77,14): error TS7006: Parameter 'resData' implicitly has an 'any' type.\nsrc/controller/development/userInfo.ts(81,15): error TS7006: Parameter 'err' implicitly has an 'any' type.\n\n","timestamp":"2024-01-11 16:44 +08:00","type":"err","process_id":0,"app_name":"我的后台"}
{"message":"src/controller/development/userInfo.ts(16,22): error TS7006: Parameter 'param' implicitly has an 'any' type.\nsrc/controller/development/userInfo.ts(21,14): error TS7006: Parameter 'resData' implicitly has an 'any' type.\nsrc/controller/development/userInfo.ts(24,15): error TS7006: Parameter 'err' implicitly has an 'any' type.\nsrc/controller/development/userInfo.ts(32,14): error TS7006: Parameter 'resData' implicitly has an 'any' type.\nsrc/controller/development/userInfo.ts(49,15): error TS7006: Parameter 'err' implicitly has an 'any' type.\nsrc/controller/development/userInfo.ts(58,24): error TS7006: Parameter 'param' implicitly has an 'any' type.\nsrc/controller/development/userInfo.ts(63,14): error TS7006: Parameter 'resData' implicitly has an 'any' type.\nsrc/controller/development/userInfo.ts(66,15): error TS7006: Parameter 'err' implicitly has an 'any' type.\nsrc/controller/development/userInfo.ts(72,24): error TS7006: Parameter 'param' implicitly has an 'any' type.\nsrc/controller/development/userInfo.ts(72,30): error TS7006: Parameter 'where' implicitly has an 'any' type.\nsrc/controller/development/userInfo.ts(77,14): error TS7006: Parameter 'resData' implicitly has an 'any' type.\nsrc/controller/development/userInfo.ts(81,15): error TS7006: Parameter 'err' implicitly has an 'any' type.\n\n","timestamp":"2024-01-11 16:53 +08:00","type":"err","process_id":0,"app_name":"我的后台"}
{"message":"src/controller/development/userInfo.ts(16,22): error TS7006: Parameter 'param' implicitly has an 'any' type.\nsrc/controller/development/userInfo.ts(21,14): error TS7006: Parameter 'resData' implicitly has an 'any' type.\nsrc/controller/development/userInfo.ts(24,15): error TS7006: Parameter 'err' implicitly has an 'any' type.\nsrc/controller/development/userInfo.ts(32,14): error TS7006: Parameter 'resData' implicitly has an 'any' type.\nsrc/controller/development/userInfo.ts(49,15): error TS7006: Parameter 'err' implicitly has an 'any' type.\nsrc/controller/development/userInfo.ts(58,24): error TS7006: Parameter 'param' implicitly has an 'any' type.\nsrc/controller/development/userInfo.ts(63,14): error TS7006: Parameter 'resData' implicitly has an 'any' type.\nsrc/controller/development/userInfo.ts(66,15): error TS7006: Parameter 'err' implicitly has an 'any' type.\nsrc/controller/development/userInfo.ts(72,24): error TS7006: Parameter 'param' implicitly has an 'any' type.\nsrc/controller/development/userInfo.ts(72,30): error TS7006: Parameter 'where' implicitly has an 'any' type.\nsrc/controller/development/userInfo.ts(77,14): error TS7006: Parameter 'resData' implicitly has an 'any' type.\nsrc/controller/development/userInfo.ts(81,15): error TS7006: Parameter 'err' implicitly has an 'any' type.\n\n","timestamp":"2024-01-11 16:53 +08:00","type":"err","process_id":0,"app_name":"我的后台"}
{"message":"src/controller/development/userInfo.ts(16,22): error TS7006: Parameter 'param' implicitly has an 'any' type.\nsrc/controller/development/userInfo.ts(21,14): error TS7006: Parameter 'resData' implicitly has an 'any' type.\nsrc/controller/development/userInfo.ts(24,15): error TS7006: Parameter 'err' implicitly has an 'any' type.\nsrc/controller/development/userInfo.ts(32,14): error TS7006: Parameter 'resData' implicitly has an 'any' type.\nsrc/controller/development/userInfo.ts(49,15): error TS7006: Parameter 'err' implicitly has an 'any' type.\nsrc/controller/development/userInfo.ts(58,24): error TS7006: Parameter 'param' implicitly has an 'any' type.\nsrc/controller/development/userInfo.ts(63,14): error TS7006: Parameter 'resData' implicitly has an 'any' type.\nsrc/controller/development/userInfo.ts(66,15): error TS7006: Parameter 'err' implicitly has an 'any' type.\nsrc/controller/development/userInfo.ts(72,24): error TS7006: Parameter 'param' implicitly has an 'any' type.\nsrc/controller/development/userInfo.ts(72,30): error TS7006: Parameter 'where' implicitly has an 'any' type.\nsrc/controller/development/userInfo.ts(77,14): error TS7006: Parameter 'resData' implicitly has an 'any' type.\nsrc/controller/development/userInfo.ts(81,15): error TS7006: Parameter 'err' implicitly has an 'any' type.\n\n","timestamp":"2024-01-11 16:53 +08:00","type":"err","process_id":0,"app_name":"我的后台"}
{"message":"src/controller/development/userInfo.ts(16,22): error TS7006: Parameter 'param' implicitly has an 'any' type.\nsrc/controller/development/userInfo.ts(21,14): error TS7006: Parameter 'resData' implicitly has an 'any' type.\nsrc/controller/development/userInfo.ts(24,15): error TS7006: Parameter 'err' implicitly has an 'any' type.\nsrc/controller/development/userInfo.ts(32,14): error TS7006: Parameter 'resData' implicitly has an 'any' type.\nsrc/controller/development/userInfo.ts(49,15): error TS7006: Parameter 'err' implicitly has an 'any' type.\nsrc/controller/development/userInfo.ts(58,24): error TS7006: Parameter 'param' implicitly has an 'any' type.\nsrc/controller/development/userInfo.ts(63,14): error TS7006: Parameter 'resData' implicitly has an 'any' type.\nsrc/controller/development/userInfo.ts(66,15): error TS7006: Parameter 'err' implicitly has an 'any' type.\nsrc/controller/development/userInfo.ts(72,24): error TS7006: Parameter 'param' implicitly has an 'any' type.\nsrc/controller/development/userInfo.ts(72,30): error TS7006: Parameter 'where' implicitly has an 'any' type.\nsrc/controller/development/userInfo.ts(77,14): error TS7006: Parameter 'resData' implicitly has an 'any' type.\nsrc/controller/development/userInfo.ts(81,15): error TS7006: Parameter 'err' implicitly has an 'any' type.\n\n","timestamp":"2024-01-11 16:53 +08:00","type":"err","process_id":0,"app_name":"我的后台"}
{"message":"src/controller/development/userInfo.ts(16,22): error TS7006: Parameter 'param' implicitly has an 'any' type.\nsrc/controller/development/userInfo.ts(21,14): error TS7006: Parameter 'resData' implicitly has an 'any' type.\nsrc/controller/development/userInfo.ts(24,15): error TS7006: Parameter 'err' implicitly has an 'any' type.\nsrc/controller/development/userInfo.ts(32,14): error TS7006: Parameter 'resData' implicitly has an 'any' type.\nsrc/controller/development/userInfo.ts(49,15): error TS7006: Parameter 'err' implicitly has an 'any' type.\nsrc/controller/development/userInfo.ts(58,24): error TS7006: Parameter 'param' implicitly has an 'any' type.\nsrc/controller/development/userInfo.ts(63,14): error TS7006: Parameter 'resData' implicitly has an 'any' type.\nsrc/controller/development/userInfo.ts(66,15): error TS7006: Parameter 'err' implicitly has an 'any' type.\nsrc/controller/development/userInfo.ts(72,24): error TS7006: Parameter 'param' implicitly has an 'any' type.\nsrc/controller/development/userInfo.ts(72,30): error TS7006: Parameter 'where' implicitly has an 'any' type.\nsrc/controller/development/userInfo.ts(77,14): error TS7006: Parameter 'resData' implicitly has an 'any' type.\nsrc/controller/development/userInfo.ts(81,15): error TS7006: Parameter 'err' implicitly has an 'any' type.\n\n","timestamp":"2024-01-11 16:53 +08:00","type":"err","process_id":0,"app_name":"我的后台"}
{"message":"src/controller/development/userInfo.ts(16,22): error TS7006: Parameter 'param' implicitly has an 'any' type.\nsrc/controller/development/userInfo.ts(21,14): error TS7006: Parameter 'resData' implicitly has an 'any' type.\nsrc/controller/development/userInfo.ts(24,15): error TS7006: Parameter 'err' implicitly has an 'any' type.\nsrc/controller/development/userInfo.ts(32,14): error TS7006: Parameter 'resData' implicitly has an 'any' type.\nsrc/controller/development/userInfo.ts(49,15): error TS7006: Parameter 'err' implicitly has an 'any' type.\nsrc/controller/development/userInfo.ts(58,24): error TS7006: Parameter 'param' implicitly has an 'any' type.\nsrc/controller/development/userInfo.ts(63,14): error TS7006: Parameter 'resData' implicitly has an 'any' type.\nsrc/controller/development/userInfo.ts(66,15): error TS7006: Parameter 'err' implicitly has an 'any' type.\nsrc/controller/development/userInfo.ts(72,24): error TS7006: Parameter 'param' implicitly has an 'any' type.\nsrc/controller/development/userInfo.ts(72,30): error TS7006: Parameter 'where' implicitly has an 'any' type.\nsrc/controller/development/userInfo.ts(77,14): error TS7006: Parameter 'resData' implicitly has an 'any' type.\nsrc/controller/development/userInfo.ts(81,15): error TS7006: Parameter 'err' implicitly has an 'any' type.\n\n","timestamp":"2024-01-11 16:56 +08:00","type":"err","process_id":0,"app_name":"我的后台"}
{"message":"src/controller/development/userInfo.ts(16,22): error TS7006: Parameter 'param' implicitly has an 'any' type.\nsrc/controller/development/userInfo.ts(21,14): error TS7006: Parameter 'resData' implicitly has an 'any' type.\nsrc/controller/development/userInfo.ts(24,15): error TS7006: Parameter 'err' implicitly has an 'any' type.\nsrc/controller/development/userInfo.ts(32,14): error TS7006: Parameter 'resData' implicitly has an 'any' type.\nsrc/controller/development/userInfo.ts(49,15): error TS7006: Parameter 'err' implicitly has an 'any' type.\nsrc/controller/development/userInfo.ts(58,24): error TS7006: Parameter 'param' implicitly has an 'any' type.\nsrc/controller/development/userInfo.ts(63,14): error TS7006: Parameter 'resData' implicitly has an 'any' type.\nsrc/controller/development/userInfo.ts(66,15): error TS7006: Parameter 'err' implicitly has an 'any' type.\nsrc/controller/development/userInfo.ts(72,24): error TS7006: Parameter 'param' implicitly has an 'any' type.\nsrc/controller/development/userInfo.ts(72,30): error TS7006: Parameter 'where' implicitly has an 'any' type.\nsrc/controller/development/userInfo.ts(77,14): error TS7006: Parameter 'resData' implicitly has an 'any' type.\nsrc/controller/development/userInfo.ts(81,15): error TS7006: Parameter 'err' implicitly has an 'any' type.\n\n","timestamp":"2024-01-11 16:56 +08:00","type":"err","process_id":0,"app_name":"我的后台"}
{"message":"src/controller/development/userInfo.ts(16,22): error TS7006: Parameter 'param' implicitly has an 'any' type.\nsrc/controller/development/userInfo.ts(21,14): error TS7006: Parameter 'resData' implicitly has an 'any' type.\nsrc/controller/development/userInfo.ts(24,15): error TS7006: Parameter 'err' implicitly has an 'any' type.\nsrc/controller/development/userInfo.ts(32,14): error TS7006: Parameter 'resData' implicitly has an 'any' type.\nsrc/controller/development/userInfo.ts(49,15): error TS7006: Parameter 'err' implicitly has an 'any' type.\nsrc/controller/development/userInfo.ts(58,24): error TS7006: Parameter 'param' implicitly has an 'any' type.\nsrc/controller/development/userInfo.ts(63,14): error TS7006: Parameter 'resData' implicitly has an 'any' type.\nsrc/controller/development/userInfo.ts(66,15): error TS7006: Parameter 'err' implicitly has an 'any' type.\nsrc/controller/development/userInfo.ts(72,24): error TS7006: Parameter 'param' implicitly has an 'any' type.\nsrc/controller/development/userInfo.ts(72,30): error TS7006: Parameter 'where' implicitly has an 'any' type.\nsrc/controller/development/userInfo.ts(77,14): error TS7006: Parameter 'resData' implicitly has an 'any' type.\nsrc/controller/development/userInfo.ts(81,15): error TS7006: Parameter 'err' implicitly has an 'any' type.\n\n","timestamp":"2024-01-11 16:57 +08:00","type":"err","process_id":0,"app_name":"我的后台"}
{"message":"src/controller/development/userInfo.ts(16,22): error TS7006: Parameter 'param' implicitly has an 'any' type.\nsrc/controller/development/userInfo.ts(21,14): error TS7006: Parameter 'resData' implicitly has an 'any' type.\nsrc/controller/development/userInfo.ts(24,15): error TS7006: Parameter 'err' implicitly has an 'any' type.\nsrc/controller/development/userInfo.ts(32,14): error TS7006: Parameter 'resData' implicitly has an 'any' type.\nsrc/controller/development/userInfo.ts(49,15): error TS7006: Parameter 'err' implicitly has an 'any' type.\nsrc/controller/development/userInfo.ts(58,24): error TS7006: Parameter 'param' implicitly has an 'any' type.\nsrc/controller/development/userInfo.ts(63,14): error TS7006: Parameter 'resData' implicitly has an 'any' type.\nsrc/controller/development/userInfo.ts(66,15): error TS7006: Parameter 'err' implicitly has an 'any' type.\nsrc/controller/development/userInfo.ts(72,24): error TS7006: Parameter 'param' implicitly has an 'any' type.\nsrc/controller/development/userInfo.ts(72,30): error TS7006: Parameter 'where' implicitly has an 'any' type.\nsrc/controller/development/userInfo.ts(77,14): error TS7006: Parameter 'resData' implicitly has an 'any' type.\nsrc/controller/development/userInfo.ts(81,15): error TS7006: Parameter 'err' implicitly has an 'any' type.\n\n","timestamp":"2024-01-11 16:57 +08:00","type":"err","process_id":0,"app_name":"我的后台"}
{"message":"src/controller/development/userInfo.ts(16,22): error TS7006: Parameter 'param' implicitly has an 'any' type.\nsrc/controller/development/userInfo.ts(21,14): error TS7006: Parameter 'resData' implicitly has an 'any' type.\nsrc/controller/development/userInfo.ts(24,15): error TS7006: Parameter 'err' implicitly has an 'any' type.\nsrc/controller/development/userInfo.ts(32,14): error TS7006: Parameter 'resData' implicitly has an 'any' type.\nsrc/controller/development/userInfo.ts(49,15): error TS7006: Parameter 'err' implicitly has an 'any' type.\nsrc/controller/development/userInfo.ts(58,24): error TS7006: Parameter 'param' implicitly has an 'any' type.\nsrc/controller/development/userInfo.ts(63,14): error TS7006: Parameter 'resData' implicitly has an 'any' type.\nsrc/controller/development/userInfo.ts(66,15): error TS7006: Parameter 'err' implicitly has an 'any' type.\nsrc/controller/development/userInfo.ts(72,24): error TS7006: Parameter 'param' implicitly has an 'any' type.\nsrc/controller/development/userInfo.ts(72,30): error TS7006: Parameter 'where' implicitly has an 'any' type.\nsrc/controller/development/userInfo.ts(77,14): error TS7006: Parameter 'resData' implicitly has an 'any' type.\nsrc/controller/development/userInfo.ts(81,15): error TS7006: Parameter 'err' implicitly has an 'any' type.\n\n","timestamp":"2024-01-11 16:57 +08:00","type":"err","process_id":0,"app_name":"我的后台"}
{"message":"src/controller/development/userInfo.ts(16,22): error TS7006: Parameter 'param' implicitly has an 'any' type.\nsrc/controller/development/userInfo.ts(21,14): error TS7006: Parameter 'resData' implicitly has an 'any' type.\nsrc/controller/development/userInfo.ts(24,15): error TS7006: Parameter 'err' implicitly has an 'any' type.\nsrc/controller/development/userInfo.ts(32,14): error TS7006: Parameter 'resData' implicitly has an 'any' type.\nsrc/controller/development/userInfo.ts(49,15): error TS7006: Parameter 'err' implicitly has an 'any' type.\nsrc/controller/development/userInfo.ts(58,24): error TS7006: Parameter 'param' implicitly has an 'any' type.\nsrc/controller/development/userInfo.ts(63,14): error TS7006: Parameter 'resData' implicitly has an 'any' type.\nsrc/controller/development/userInfo.ts(66,15): error TS7006: Parameter 'err' implicitly has an 'any' type.\nsrc/controller/development/userInfo.ts(72,24): error TS7006: Parameter 'param' implicitly has an 'any' type.\nsrc/controller/development/userInfo.ts(72,30): error TS7006: Parameter 'where' implicitly has an 'any' type.\nsrc/controller/development/userInfo.ts(77,14): error TS7006: Parameter 'resData' implicitly has an 'any' type.\nsrc/controller/development/userInfo.ts(81,15): error TS7006: Parameter 'err' implicitly has an 'any' type.\n\n","timestamp":"2024-01-11 16:57 +08:00","type":"err","process_id":0,"app_name":"我的后台"}
{"message":"src/controller/development/userInfo.ts(16,22): error TS7006: Parameter 'param' implicitly has an 'any' type.\nsrc/controller/development/userInfo.ts(21,14): error TS7006: Parameter 'resData' implicitly has an 'any' type.\nsrc/controller/development/userInfo.ts(24,15): error TS7006: Parameter 'err' implicitly has an 'any' type.\nsrc/controller/development/userInfo.ts(32,14): error TS7006: Parameter 'resData' implicitly has an 'any' type.\nsrc/controller/development/userInfo.ts(49,15): error TS7006: Parameter 'err' implicitly has an 'any' type.\nsrc/controller/development/userInfo.ts(58,24): error TS7006: Parameter 'param' implicitly has an 'any' type.\nsrc/controller/development/userInfo.ts(63,14): error TS7006: Parameter 'resData' implicitly has an 'any' type.\nsrc/controller/development/userInfo.ts(66,15): error TS7006: Parameter 'err' implicitly has an 'any' type.\nsrc/controller/development/userInfo.ts(72,24): error TS7006: Parameter 'param' implicitly has an 'any' type.\nsrc/controller/development/userInfo.ts(72,30): error TS7006: Parameter 'where' implicitly has an 'any' type.\nsrc/controller/development/userInfo.ts(77,14): error TS7006: Parameter 'resData' implicitly has an 'any' type.\nsrc/controller/development/userInfo.ts(81,15): error TS7006: Parameter 'err' implicitly has an 'any' type.\n\n","timestamp":"2024-01-11 16:57 +08:00","type":"err","process_id":0,"app_name":"我的后台"}
{"message":"src/controller/development/userInfo.ts(16,22): error TS7006: Parameter 'param' implicitly has an 'any' type.\nsrc/controller/development/userInfo.ts(21,14): error TS7006: Parameter 'resData' implicitly has an 'any' type.\nsrc/controller/development/userInfo.ts(24,15): error TS7006: Parameter 'err' implicitly has an 'any' type.\nsrc/controller/development/userInfo.ts(32,14): error TS7006: Parameter 'resData' implicitly has an 'any' type.\nsrc/controller/development/userInfo.ts(49,15): error TS7006: Parameter 'err' implicitly has an 'any' type.\nsrc/controller/development/userInfo.ts(58,24): error TS7006: Parameter 'param' implicitly has an 'any' type.\nsrc/controller/development/userInfo.ts(63,14): error TS7006: Parameter 'resData' implicitly has an 'any' type.\nsrc/controller/development/userInfo.ts(66,15): error TS7006: Parameter 'err' implicitly has an 'any' type.\nsrc/controller/development/userInfo.ts(72,24): error TS7006: Parameter 'param' implicitly has an 'any' type.\nsrc/controller/development/userInfo.ts(72,30): error TS7006: Parameter 'where' implicitly has an 'any' type.\nsrc/controller/development/userInfo.ts(77,14): error TS7006: Parameter 'resData' implicitly has an 'any' type.\nsrc/controller/development/userInfo.ts(81,15): error TS7006: Parameter 'err' implicitly has an 'any' type.\n\n","timestamp":"2024-01-11 16:57 +08:00","type":"err","process_id":0,"app_name":"我的后台"}
{"message":"src/controller/development/userInfo.ts(16,22): error TS7006: Parameter 'param' implicitly has an 'any' type.\nsrc/controller/development/userInfo.ts(21,14): error TS7006: Parameter 'resData' implicitly has an 'any' type.\nsrc/controller/development/userInfo.ts(24,15): error TS7006: Parameter 'err' implicitly has an 'any' type.\nsrc/controller/development/userInfo.ts(32,14): error TS7006: Parameter 'resData' implicitly has an 'any' type.\nsrc/controller/development/userInfo.ts(49,15): error TS7006: Parameter 'err' implicitly has an 'any' type.\nsrc/controller/development/userInfo.ts(58,24): error TS7006: Parameter 'param' implicitly has an 'any' type.\nsrc/controller/development/userInfo.ts(63,14): error TS7006: Parameter 'resData' implicitly has an 'any' type.\nsrc/controller/development/userInfo.ts(66,15): error TS7006: Parameter 'err' implicitly has an 'any' type.\nsrc/controller/development/userInfo.ts(72,24): error TS7006: Parameter 'param' implicitly has an 'any' type.\nsrc/controller/development/userInfo.ts(72,30): error TS7006: Parameter 'where' implicitly has an 'any' type.\nsrc/controller/development/userInfo.ts(77,14): error TS7006: Parameter 'resData' implicitly has an 'any' type.\nsrc/controller/development/userInfo.ts(81,15): error TS7006: Parameter 'err' implicitly has an 'any' type.\n\n","timestamp":"2024-01-11 16:57 +08:00","type":"err","process_id":0,"app_name":"我的后台"}
{"message":"src/controller/development/userInfo.ts(16,22): error TS7006: Parameter 'param' implicitly has an 'any' type.\nsrc/controller/development/userInfo.ts(21,14): error TS7006: Parameter 'resData' implicitly has an 'any' type.\nsrc/controller/development/userInfo.ts(24,15): error TS7006: Parameter 'err' implicitly has an 'any' type.\nsrc/controller/development/userInfo.ts(32,14): error TS7006: Parameter 'resData' implicitly has an 'any' type.\nsrc/controller/development/userInfo.ts(49,15): error TS7006: Parameter 'err' implicitly has an 'any' type.\nsrc/controller/development/userInfo.ts(58,24): error TS7006: Parameter 'param' implicitly has an 'any' type.\nsrc/controller/development/userInfo.ts(63,14): error TS7006: Parameter 'resData' implicitly has an 'any' type.\nsrc/controller/development/userInfo.ts(66,15): error TS7006: Parameter 'err' implicitly has an 'any' type.\nsrc/controller/development/userInfo.ts(72,24): error TS7006: Parameter 'param' implicitly has an 'any' type.\nsrc/controller/development/userInfo.ts(72,30): error TS7006: Parameter 'where' implicitly has an 'any' type.\nsrc/controller/development/userInfo.ts(77,14): error TS7006: Parameter 'resData' implicitly has an 'any' type.\nsrc/controller/development/userInfo.ts(81,15): error TS7006: Parameter 'err' implicitly has an 'any' type.\n\n","timestamp":"2024-01-11 16:57 +08:00","type":"err","process_id":0,"app_name":"我的后台"}
